#
# There is insufficient memory for the Java Runtime Environment to continue.
# Native memory allocation (malloc) failed to allocate 215616 bytes for Chunk::new
# Possible reasons:
#   The system is out of physical RAM or swap space
#   In 32 bit mode, the process size limit was hit
# Possible solutions:
#   Reduce memory load on the system
#   Increase physical memory or swap space
#   Check if swap backing store is full
#   Use 64 bit Java on a 64 bit OS
#   Decrease Java heap size (-Xmx/-Xms)
#   Decrease number of Java threads
#   Decrease Java thread stack sizes (-Xss)
#   Set larger code cache with -XX:ReservedCodeCacheSize=
# This output file may be truncated or incomplete.
#
#  Out of Memory Error (allocation.cpp:390), pid=18000, tid=0x0000000000001fd0
#
# JRE version: Java(TM) SE Runtime Environment (8.0_141-b15) (build 1.8.0_141-b15)
# Java VM: Java HotSpot(TM) 64-Bit Server VM (25.141-b15 mixed mode windows-amd64 compressed oops)
# Failed to write core dump. Minidumps are not enabled by default on client versions of Windows
#

---------------  T H R E A D  ---------------

Current thread (0x000000001b3b8800):  JavaThread "C2 CompilerThread0" daemon [_thread_in_native, id=8144, stack(0x000000001cee0000,0x000000001cfe0000)]

Stack: [0x000000001cee0000,0x000000001cfe0000]
[error occurred during error reporting (printing stack bounds), id 0xc0000005]

Native frames: (J=compiled Java code, j=interpreted, Vv=VM code, C=native code)


Current CompileTask:
C2: 138066 3697 %     4       javax.swing.text.BoxView::layoutMinorAxis @ 9 (102 bytes)


---------------  P R O C E S S  ---------------

Java Threads: ( => current thread )
  0x000000001dfe6800 JavaThread "ProcessMonitor" daemon [_thread_in_native, id=16488, stack(0x0000000022540000,0x0000000022640000)]
  0x000000000420d800 JavaThread "DestroyJavaVM" [_thread_blocked, id=7440, stack(0x0000000004010000,0x0000000004110000)]
  0x000000001dfee000 JavaThread "TimerQueue" daemon [_thread_blocked, id=3840, stack(0x0000000021400000,0x0000000021500000)]
  0x000000001db54000 JavaThread "SwingWorker-pool-1-thread-1" daemon [_thread_blocked, id=11452, stack(0x0000000021300000,0x0000000021400000)]
  0x000000001db52800 JavaThread "AWT-EventQueue-0" [_thread_in_native, id=17232, stack(0x0000000020d00000,0x0000000020e00000)]
  0x000000001e6b5000 JavaThread "AWT-Shutdown" [_thread_blocked, id=7104, stack(0x0000000020c00000,0x0000000020d00000)]
  0x000000001d65a000 JavaThread "AWT-Windows" daemon [_thread_in_native, id=17748, stack(0x000000001f2f0000,0x000000001f3f0000)]
  0x000000001d658800 JavaThread "Java2D Disposer" daemon [_thread_blocked, id=11128, stack(0x000000001f0f0000,0x000000001f1f0000)]
  0x000000001b3fb000 JavaThread "Service Thread" daemon [_thread_blocked, id=17672, stack(0x000000001d1e0000,0x000000001d2e0000)]
  0x000000001b3c2800 JavaThread "C1 CompilerThread2" daemon [_thread_blocked, id=3648, stack(0x000000001d0e0000,0x000000001d1e0000)]
  0x000000001b3bb000 JavaThread "C2 CompilerThread1" daemon [_thread_blocked, id=840, stack(0x000000001cfe0000,0x000000001d0e0000)]
=>0x000000001b3b8800 JavaThread "C2 CompilerThread0" daemon [_thread_in_native, id=8144, stack(0x000000001cee0000,0x000000001cfe0000)]
  0x000000001b3b8000 JavaThread "Attach Listener" daemon [_thread_blocked, id=18004, stack(0x000000001cde0000,0x000000001cee0000)]
  0x000000001c923800 JavaThread "Signal Dispatcher" daemon [_thread_blocked, id=13332, stack(0x000000001cce0000,0x000000001cde0000)]
  0x000000001b38a000 JavaThread "Finalizer" daemon [_thread_blocked, id=960, stack(0x000000001c5f0000,0x000000001c6f0000)]
  0x00000000042ff000 JavaThread "Reference Handler" daemon [_thread_blocked, id=13084, stack(0x000000001c4f0000,0x000000001c5f0000)]

Other Threads:
  0x000000001b368000 VMThread [stack: 0x000000001c3f0000,0x000000001c4f0000] [id=18240]
  0x000000001c97c000 WatcherThread [stack: 0x000000001d2e0000,0x000000001d3e0000] [id=9588]

VM state:not at safepoint (normal execution)

VM Mutex/Monitor currently owned by a thread: None

Heap:
 PSYoungGen      total 106496K, used 26598K [0x0000000780900000, 0x000000078f100000, 0x00000007c0000000)
  eden space 98304K, 27% used [0x0000000780900000,0x00000007822f9950,0x0000000786900000)
  from space 8192K, 0% used [0x0000000786900000,0x0000000786900000,0x0000000787100000)
  to   space 20480K, 0% used [0x000000078dd00000,0x000000078dd00000,0x000000078f100000)
 ParOldGen       total 103424K, used 22417K [0x0000000701a00000, 0x0000000707f00000, 0x0000000780900000)
  object space 103424K, 21% used [0x0000000701a00000,0x0000000702fe4730,0x0000000707f00000)
 Metaspace       used 21443K, capacity 21702K, committed 22144K, reserved 1069056K
  class space    used 2708K, capacity 2824K, committed 2944K, reserved 1048576K

Card table byte_map: [0x00000000136d0000,0x0000000013cd0000] byte_map_base: 0x000000000fec3000

Marking Bits: (ParMarkBitMap*) 0x0000000055b8d850
 Begin Bits: [0x00000000144d0000, 0x0000000017468000)
 End Bits:   [0x0000000017468000, 0x000000001a400000)

Polling page: 0x0000000003fb0000

CodeCache: size=245760Kb used=12004Kb max_used=12006Kb free=233755Kb
 bounds [0x0000000004310000, 0x0000000004ee0000, 0x0000000013310000]
 total_blobs=3941 nmethods=3378 adapters=473
 compilation: enabled

Compilation events (10 events):
Event: 137.861 Thread 0x000000001b3bb000 nmethod 3695 0x0000000004e95750 code [0x0000000004e958a0, 0x0000000004e95958]
Event: 138.030 Thread 0x000000001b3c2800 3696       3       javax.swing.text.AbstractDocument$AbstractElement::isEqual (11 bytes)
Event: 138.030 Thread 0x000000001b3c2800 nmethod 3696 0x0000000004ed6f10 code [0x0000000004ed7080, 0x0000000004ed72a8]
Event: 138.030 Thread 0x000000001b3b8800 3697 %     4       javax.swing.text.BoxView::layoutMinorAxis @ 9 (102 bytes)
Event: 138.041 Thread 0x000000001b3c2800 3698   !   3       java.io.PrintStream::println (24 bytes)
Event: 138.041 Thread 0x000000001b3c2800 nmethod 3698 0x0000000004ed6810 code [0x0000000004ed69a0, 0x0000000004ed6d98]
Event: 138.041 Thread 0x000000001b3c2800 3699   !   3       java.io.PrintStream::newLine (73 bytes)
Event: 138.042 Thread 0x000000001b3c2800 nmethod 3699 0x0000000004ec7090 code [0x0000000004ec72a0, 0x0000000004ec7cb8]
Event: 138.042 Thread 0x000000001b3c2800 3700       3       java.io.BufferedWriter::newLine (9 bytes)
Event: 138.042 Thread 0x000000001b3c2800 nmethod 3700 0x0000000004ed61d0 code [0x0000000004ed6340, 0x0000000004ed66a8]

GC Heap History (10 events):
Event: 4.829 GC heap before
{Heap before GC invocations=2 (full 0):
 PSYoungGen      total 57344K, used 57318K [0x0000000780900000, 0x0000000784900000, 0x00000007c0000000)
  eden space 49152K, 100% used [0x0000000780900000,0x0000000783900000,0x0000000783900000)
  from space 8192K, 99% used [0x0000000783900000,0x00000007840f9a50,0x0000000784100000)
  to   space 8192K, 0% used [0x0000000784100000,0x0000000784100000,0x0000000784900000)
 ParOldGen       total 131072K, used 2069K [0x0000000701a00000, 0x0000000709a00000, 0x0000000780900000)
  object space 131072K, 1% used [0x0000000701a00000,0x0000000701c055a8,0x0000000709a00000)
 Metaspace       used 19513K, capacity 19824K, committed 20224K, reserved 1067008K
  class space    used 2596K, capacity 2693K, committed 2816K, reserved 1048576K
Event: 4.843 GC heap after
Heap after GC invocations=2 (full 0):
 PSYoungGen      total 57344K, used 8184K [0x0000000780900000, 0x0000000787900000, 0x00000007c0000000)
  eden space 49152K, 0% used [0x0000000780900000,0x0000000780900000,0x0000000783900000)
  from space 8192K, 99% used [0x0000000784100000,0x00000007848fe258,0x0000000784900000)
  to   space 8192K, 0% used [0x0000000783900000,0x0000000783900000,0x0000000784100000)
 ParOldGen       total 131072K, used 12311K [0x0000000701a00000, 0x0000000709a00000, 0x0000000780900000)
  object space 131072K, 9% used [0x0000000701a00000,0x0000000702605cf0,0x0000000709a00000)
 Metaspace       used 19513K, capacity 19824K, committed 20224K, reserved 1067008K
  class space    used 2596K, capacity 2693K, committed 2816K, reserved 1048576K
}
Event: 5.452 GC heap before
{Heap before GC invocations=3 (full 0):
 PSYoungGen      total 57344K, used 57020K [0x0000000780900000, 0x0000000787900000, 0x00000007c0000000)
  eden space 49152K, 99% used [0x0000000780900000,0x00000007838b10f0,0x0000000783900000)
  from space 8192K, 99% used [0x0000000784100000,0x00000007848fe258,0x0000000784900000)
  to   space 8192K, 0% used [0x0000000783900000,0x0000000783900000,0x0000000784100000)
 ParOldGen       total 131072K, used 12311K [0x0000000701a00000, 0x0000000709a00000, 0x0000000780900000)
  object space 131072K, 9% used [0x0000000701a00000,0x0000000702605cf0,0x0000000709a00000)
 Metaspace       used 20021K, capacity 20326K, committed 20736K, reserved 1067008K
  class space    used 2633K, capacity 2728K, committed 2816K, reserved 1048576K
Event: 5.466 GC heap after
Heap after GC invocations=3 (full 0):
 PSYoungGen      total 57344K, used 8179K [0x0000000780900000, 0x0000000787900000, 0x00000007c0000000)
  eden space 49152K, 0% used [0x0000000780900000,0x0000000780900000,0x0000000783900000)
  from space 8192K, 99% used [0x0000000783900000,0x00000007840fcf78,0x0000000784100000)
  to   space 8192K, 0% used [0x0000000787100000,0x0000000787100000,0x0000000787900000)
 ParOldGen       total 131072K, used 16327K [0x0000000701a00000, 0x0000000709a00000, 0x0000000780900000)
  object space 131072K, 12% used [0x0000000701a00000,0x00000007029f1e40,0x0000000709a00000)
 Metaspace       used 20021K, capacity 20326K, committed 20736K, reserved 1067008K
  class space    used 2633K, capacity 2728K, committed 2816K, reserved 1048576K
}
Event: 8.101 GC heap before
{Heap before GC invocations=4 (full 0):
 PSYoungGen      total 57344K, used 56593K [0x0000000780900000, 0x0000000787900000, 0x00000007c0000000)
  eden space 49152K, 98% used [0x0000000780900000,0x00000007838474e8,0x0000000783900000)
  from space 8192K, 99% used [0x0000000783900000,0x00000007840fcf78,0x0000000784100000)
  to   space 8192K, 0% used [0x0000000787100000,0x0000000787100000,0x0000000787900000)
 ParOldGen       total 131072K, used 16327K [0x0000000701a00000, 0x0000000709a00000, 0x0000000780900000)
  object space 131072K, 12% used [0x0000000701a00000,0x00000007029f1e40,0x0000000709a00000)
 Metaspace       used 20274K, capacity 20550K, committed 20992K, reserved 1067008K
  class space    used 2645K, capacity 2760K, committed 2816K, reserved 1048576K
Event: 8.115 GC heap after
Heap after GC invocations=4 (full 0):
 PSYoungGen      total 106496K, used 8181K [0x0000000780900000, 0x0000000787900000, 0x00000007c0000000)
  eden space 98304K, 0% used [0x0000000780900000,0x0000000780900000,0x0000000786900000)
  from space 8192K, 99% used [0x0000000787100000,0x00000007878fd518,0x0000000787900000)
  to   space 8192K, 0% used [0x0000000786900000,0x0000000786900000,0x0000000787100000)
 ParOldGen       total 131072K, used 17957K [0x0000000701a00000, 0x0000000709a00000, 0x0000000780900000)
  object space 131072K, 13% used [0x0000000701a00000,0x0000000702b89540,0x0000000709a00000)
 Metaspace       used 20274K, capacity 20550K, committed 20992K, reserved 1067008K
  class space    used 2645K, capacity 2760K, committed 2816K, reserved 1048576K
}
Event: 9.902 GC heap before
{Heap before GC invocations=5 (full 0):
 PSYoungGen      total 106496K, used 87582K [0x0000000780900000, 0x0000000787900000, 0x00000007c0000000)
  eden space 98304K, 80% used [0x0000000780900000,0x000000078568a338,0x0000000786900000)
  from space 8192K, 99% used [0x0000000787100000,0x00000007878fd518,0x0000000787900000)
  to   space 8192K, 0% used [0x0000000786900000,0x0000000786900000,0x0000000787100000)
 ParOldGen       total 131072K, used 17957K [0x0000000701a00000, 0x0000000709a00000, 0x0000000780900000)
  object space 131072K, 13% used [0x0000000701a00000,0x0000000702b89540,0x0000000709a00000)
 Metaspace       used 20790K, capacity 21030K, committed 21248K, reserved 1067008K
  class space    used 2688K, capacity 2792K, committed 2816K, reserved 1048576K
Event: 9.912 GC heap after
Heap after GC invocations=5 (full 0):
 PSYoungGen      total 106496K, used 8181K [0x0000000780900000, 0x000000078f100000, 0x00000007c0000000)
  eden space 98304K, 0% used [0x0000000780900000,0x0000000780900000,0x0000000786900000)
  from space 8192K, 99% used [0x0000000786900000,0x00000007870fd518,0x0000000787100000)
  to   space 20480K, 0% used [0x000000078dd00000,0x000000078dd00000,0x000000078f100000)
 ParOldGen       total 131072K, used 26103K [0x0000000701a00000, 0x0000000709a00000, 0x0000000780900000)
  object space 131072K, 19% used [0x0000000701a00000,0x000000070337ddc8,0x0000000709a00000)
 Metaspace       used 20790K, capacity 21030K, committed 21248K, reserved 1067008K
  class space    used 2688K, capacity 2792K, committed 2816K, reserved 1048576K
}
Event: 9.912 GC heap before
{Heap before GC invocations=6 (full 1):
 PSYoungGen      total 106496K, used 8181K [0x0000000780900000, 0x000000078f100000, 0x00000007c0000000)
  eden space 98304K, 0% used [0x0000000780900000,0x0000000780900000,0x0000000786900000)
  from space 8192K, 99% used [0x0000000786900000,0x00000007870fd518,0x0000000787100000)
  to   space 20480K, 0% used [0x000000078dd00000,0x000000078dd00000,0x000000078f100000)
 ParOldGen       total 131072K, used 26103K [0x0000000701a00000, 0x0000000709a00000, 0x0000000780900000)
  object space 131072K, 19% used [0x0000000701a00000,0x000000070337ddc8,0x0000000709a00000)
 Metaspace       used 20790K, capacity 21030K, committed 21248K, reserved 1067008K
  class space    used 2688K, capacity 2792K, committed 2816K, reserved 1048576K
Event: 9.975 GC heap after
Heap after GC invocations=6 (full 1):
 PSYoungGen      total 106496K, used 0K [0x0000000780900000, 0x000000078f100000, 0x00000007c0000000)
  eden space 98304K, 0% used [0x0000000780900000,0x0000000780900000,0x0000000786900000)
  from space 8192K, 0% used [0x0000000786900000,0x0000000786900000,0x0000000787100000)
  to   space 20480K, 0% used [0x000000078dd00000,0x000000078dd00000,0x000000078f100000)
 ParOldGen       total 103424K, used 22417K [0x0000000701a00000, 0x0000000707f00000, 0x0000000780900000)
  object space 103424K, 21% used [0x0000000701a00000,0x0000000702fe4730,0x0000000707f00000)
 Metaspace       used 20790K, capacity 21030K, committed 21248K, reserved 1067008K
  class space    used 2688K, capacity 2792K, committed 2816K, reserved 1048576K
}

Deoptimization events (10 events):
Event: 13.698 Thread 0x000000001db52800 Uncommon trap: reason=predicate action=maybe_recompile pc=0x0000000004bbb1b0 method=java.util.regex.Pattern$Slice.match(Ljava/util/regex/Matcher;ILjava/lang/CharSequence;)Z @ 21
Event: 13.699 Thread 0x000000001db52800 Uncommon trap: reason=unstable_if action=reinterpret pc=0x0000000004a81598 method=sun.font.CMap.getControlCodeGlyph(IZ)I @ 3
Event: 13.924 Thread 0x000000001db52800 Uncommon trap: reason=unstable_if action=reinterpret pc=0x0000000004a83e50 method=sun.font.FileFontStrike.getCachedGlyphPtrInternal(I)J @ 99
Event: 19.185 Thread 0x000000001db52800 Uncommon trap: reason=unstable_if action=reinterpret pc=0x0000000004cb8278 method=java.util.Arrays.binarySearch0([IIII)I @ 12
Event: 47.579 Thread 0x000000001db52800 Uncommon trap: reason=bimorphic action=maybe_recompile pc=0x0000000004db4910 method=javax.swing.text.View.getContainer()Ljava/awt/Container; @ 10
Event: 47.584 Thread 0x000000001db52800 Uncommon trap: reason=unstable_if action=reinterpret pc=0x0000000004900d88 method=java.util.ArrayList.remove(I)Ljava/lang/Object; @ 31
Event: 47.604 Thread 0x000000001db52800 Uncommon trap: reason=unstable_if action=reinterpret pc=0x0000000004bc4150 method=sun.font.FontDesignMetrics.charsWidth([CII)I @ 113
Event: 47.604 Thread 0x000000001db52800 Uncommon trap: reason=unstable_if action=reinterpret pc=0x0000000004a1b79c method=sun.font.CMap.getControlCodeGlyph(IZ)I @ 50
Event: 47.609 Thread 0x000000001db52800 Uncommon trap: reason=unstable_if action=reinterpret pc=0x0000000004bbc300 method=sun.font.FontDesignMetrics.charsWidth([CII)I @ 113
Event: 48.150 Thread 0x000000001dfe6800 Uncommon trap: reason=unstable_if action=reinterpret pc=0x000000000456af38 method=sun.nio.cs.ext.DoubleByte$Decoder.decode([BII[C)I @ 49

Internal exceptions (10 events):
Event: 138.028 Thread 0x000000001dfe6800 Exception <a 'java/io/IOException'> (0x000000078215ecd0) thrown at [C:\re\workspace\8-2-build-windows-amd64-cygwin\jdk8u141\9370\hotspot\src\share\vm\prims\jni.cpp, line 709]
Event: 138.028 Thread 0x000000001dfe6800 Exception <a 'java/io/IOException'> (0x000000078215ef58) thrown at [C:\re\workspace\8-2-build-windows-amd64-cygwin\jdk8u141\9370\hotspot\src\share\vm\prims\jni.cpp, line 709]
Event: 138.028 Thread 0x000000001dfe6800 Exception <a 'java/io/IOException'> (0x000000078215f620) thrown at [C:\re\workspace\8-2-build-windows-amd64-cygwin\jdk8u141\9370\hotspot\src\share\vm\prims\jni.cpp, line 709]
Event: 138.028 Thread 0x000000001dfe6800 Exception <a 'java/io/IOException'> (0x000000078215f8a8) thrown at [C:\re\workspace\8-2-build-windows-amd64-cygwin\jdk8u141\9370\hotspot\src\share\vm\prims\jni.cpp, line 709]
Event: 138.028 Thread 0x000000001dfe6800 Exception <a 'java/io/IOException'> (0x000000078215fc40) thrown at [C:\re\workspace\8-2-build-windows-amd64-cygwin\jdk8u141\9370\hotspot\src\share\vm\prims\jni.cpp, line 709]
Event: 138.028 Thread 0x000000001dfe6800 Exception <a 'java/io/IOException'> (0x000000078215fec8) thrown at [C:\re\workspace\8-2-build-windows-amd64-cygwin\jdk8u141\9370\hotspot\src\share\vm\prims\jni.cpp, line 709]
Event: 138.041 Thread 0x000000001dfe6800 Exception <a 'java/io/IOException'> (0x0000000782160500) thrown at [C:\re\workspace\8-2-build-windows-amd64-cygwin\jdk8u141\9370\hotspot\src\share\vm\prims\jni.cpp, line 709]
Event: 138.041 Thread 0x000000001dfe6800 Exception <a 'java/io/IOException'> (0x0000000782160788) thrown at [C:\re\workspace\8-2-build-windows-amd64-cygwin\jdk8u141\9370\hotspot\src\share\vm\prims\jni.cpp, line 709]
Event: 138.041 Thread 0x000000001dfe6800 Exception <a 'java/io/IOException'> (0x0000000782160b20) thrown at [C:\re\workspace\8-2-build-windows-amd64-cygwin\jdk8u141\9370\hotspot\src\share\vm\prims\jni.cpp, line 709]
Event: 138.041 Thread 0x000000001dfe6800 Exception <a 'java/io/IOException'> (0x0000000782160da8) thrown at [C:\re\workspace\8-2-build-windows-amd64-cygwin\jdk8u141\9370\hotspot\src\share\vm\prims\jni.cpp, line 709]

Events (10 events):
Event: 47.609 Thread 0x000000001db52800 Uncommon trap: trap_request=0xffffff65 fr.pc=0x0000000004bbc300
Event: 47.609 Thread 0x000000001db52800 DEOPT PACKING pc=0x0000000004bbc300 sp=0x0000000020dfd6f0
Event: 47.609 Thread 0x000000001db52800 DEOPT UNPACKING pc=0x000000000435582a sp=0x0000000020dfd698 mode 2
Event: 48.150 Thread 0x000000001dfe6800 Uncommon trap: trap_request=0xffffff65 fr.pc=0x000000000456af38
Event: 48.150 Thread 0x000000001dfe6800 DEOPT PACKING pc=0x000000000456af38 sp=0x000000002263ebf0
Event: 48.150 Thread 0x000000001dfe6800 DEOPT UNPACKING pc=0x000000000435582a sp=0x000000002263eb58 mode 2
Event: 48.472 Thread 0x000000001dfe6800 DEOPT PACKING pc=0x000000000499efc1 sp=0x000000002263c3a0
Event: 48.472 Thread 0x000000001dfe6800 DEOPT UNPACKING pc=0x000000000435787f sp=0x000000002263c0c8 mode 0
Event: 135.077 Thread 0x000000001dfe6800 DEOPT PACKING pc=0x000000000499efc1 sp=0x000000002263c3a0
Event: 135.077 Thread 0x000000001dfe6800 DEOPT UNPACKING pc=0x000000000435787f sp=0x000000002263c0c8 mode 0


Dynamic libraries:
0x00007ff6d5440000 - 0x00007ff6d5477000 	C:\Program Files\Java\jre1.8.0_141\bin\javaw.exe
0x00007ffa1e940000 - 0x00007ffa1eb1f000 	C:\WINDOWS\SYSTEM32\ntdll.dll
0x00007ffa1dc60000 - 0x00007ffa1dd0f000 	C:\WINDOWS\System32\KERNEL32.DLL
0x00007ffa1af00000 - 0x00007ffa1b16a000 	C:\WINDOWS\System32\KERNELBASE.dll
0x00007ffa1dbb0000 - 0x00007ffa1dc51000 	C:\WINDOWS\System32\ADVAPI32.dll
0x00007ffa1c270000 - 0x00007ffa1c30e000 	C:\WINDOWS\System32\msvcrt.dll
0x00007ffa1e060000 - 0x00007ffa1e0bb000 	C:\WINDOWS\System32\sechost.dll
0x00007ffa1df30000 - 0x00007ffa1e051000 	C:\WINDOWS\System32\RPCRT4.dll
0x00007ffa1e0c0000 - 0x00007ffa1e24e000 	C:\WINDOWS\System32\USER32.dll
0x00007ffa1b900000 - 0x00007ffa1b920000 	C:\WINDOWS\System32\win32u.dll
0x00007ffa1e250000 - 0x00007ffa1e278000 	C:\WINDOWS\System32\GDI32.dll
0x00007ffa1ad60000 - 0x00007ffa1aef3000 	C:\WINDOWS\System32\gdi32full.dll
0x00007ffa1bb60000 - 0x00007ffa1bbf9000 	C:\WINDOWS\System32\msvcp_win.dll
0x00007ffa1bc00000 - 0x00007ffa1bcf8000 	C:\WINDOWS\System32\ucrtbase.dll
0x00007ffa0e250000 - 0x00007ffa0e4b9000 	C:\WINDOWS\WinSxS\amd64_microsoft.windows.common-controls_6595b64144ccf1df_6.0.17063.1000_none_d1209d4467422544\COMCTL32.dll
0x00007ffa1d820000 - 0x00007ffa1db28000 	C:\WINDOWS\System32\combase.dll
0x00007ffa1b170000 - 0x00007ffa1b1ea000 	C:\WINDOWS\System32\bcryptPrimitives.dll
0x00007ffa1e440000 - 0x00007ffa1e46d000 	C:\WINDOWS\System32\IMM32.DLL
0x00007ffa00640000 - 0x00007ffa007c3000 	C:\Program Files (x86)\Steam\gameoverlayrenderer64.dll
0x00007ffa1e280000 - 0x00007ffa1e3ce000 	C:\WINDOWS\System32\ole32.dll
0x00007ffa1dba0000 - 0x00007ffa1dba8000 	C:\WINDOWS\System32\PSAPI.DLL
0x00007ffa166b0000 - 0x00007ffa166d3000 	C:\WINDOWS\SYSTEM32\WINMM.dll
0x00007ffa16610000 - 0x00007ffa1663a000 	C:\WINDOWS\SYSTEM32\WINMMBASE.dll
0x00007ffa1bd00000 - 0x00007ffa1bd49000 	C:\WINDOWS\System32\cfgmgr32.dll
0x00000000563e0000 - 0x00000000564b2000 	C:\Program Files\Java\jre1.8.0_141\bin\msvcr100.dll
0x0000000055370000 - 0x0000000055c0d000 	C:\Program Files\Java\jre1.8.0_141\bin\server\jvm.dll
0x00007ffa13380000 - 0x00007ffa1338a000 	C:\WINDOWS\SYSTEM32\VERSION.dll
0x00007ffa07360000 - 0x00007ffa07369000 	C:\WINDOWS\SYSTEM32\WSOCK32.dll
0x00007ffa1e3d0000 - 0x00007ffa1e43c000 	C:\WINDOWS\System32\WS2_32.dll
0x00000000563d0000 - 0x00000000563df000 	C:\Program Files\Java\jre1.8.0_141\bin\verify.dll
0x00000000563a0000 - 0x00000000563c9000 	C:\Program Files\Java\jre1.8.0_141\bin\java.dll
0x0000000056380000 - 0x0000000056396000 	C:\Program Files\Java\jre1.8.0_141\bin\zip.dll
0x00007ffa1c3e0000 - 0x00007ffa1d81b000 	C:\WINDOWS\System32\SHELL32.dll
0x00007ffa1dd10000 - 0x00007ffa1ddb5000 	C:\WINDOWS\System32\shcore.dll
0x00007ffa1b1f0000 - 0x00007ffa1b8fb000 	C:\WINDOWS\System32\windows.storage.dll
0x00007ffa1e8b0000 - 0x00007ffa1e901000 	C:\WINDOWS\System32\shlwapi.dll
0x00007ffa1acf0000 - 0x00007ffa1ad01000 	C:\WINDOWS\System32\kernel.appcore.dll
0x0000000004150000 - 0x000000000419c000 	C:\WINDOWS\System32\powrprof.dll
0x00007ffa1acd0000 - 0x00007ffa1aceb000 	C:\WINDOWS\System32\profapi.dll
0x0000000056350000 - 0x0000000056374000 	C:\Program Files\Java\jre1.8.0_141\bin\sunec.dll
0x0000000056330000 - 0x000000005634a000 	C:\Program Files\Java\jre1.8.0_141\bin\net.dll
0x00007ffa1a540000 - 0x00007ffa1a5a7000 	C:\WINDOWS\system32\mswsock.dll
0x00007ffa1a2c0000 - 0x00007ffa1a2f8000 	C:\WINDOWS\SYSTEM32\IPHLPAPI.DLL
0x00007ffa1e4e0000 - 0x00007ffa1e4e8000 	C:\WINDOWS\System32\NSI.dll
0x00007ffa14a90000 - 0x00007ffa14aa6000 	C:\WINDOWS\SYSTEM32\dhcpcsvc6.DLL
0x00007ffa14a70000 - 0x00007ffa14a8a000 	C:\WINDOWS\SYSTEM32\dhcpcsvc.DLL
0x0000000056310000 - 0x0000000056321000 	C:\Program Files\Java\jre1.8.0_141\bin\nio.dll
0x00007ffa1a700000 - 0x00007ffa1a717000 	C:\WINDOWS\SYSTEM32\CRYPTSP.dll
0x00007ffa1a120000 - 0x00007ffa1a153000 	C:\WINDOWS\system32\rsaenh.dll
0x00007ffa1a810000 - 0x00007ffa1a835000 	C:\WINDOWS\SYSTEM32\bcrypt.dll
0x00007ffa1abb0000 - 0x00007ffa1abd8000 	C:\WINDOWS\SYSTEM32\USERENV.dll
0x00007ffa1a720000 - 0x00007ffa1a72b000 	C:\WINDOWS\SYSTEM32\CRYPTBASE.dll
0x0000000056170000 - 0x0000000056308000 	C:\Program Files\Java\jre1.8.0_141\bin\awt.dll
0x00007ffa1c310000 - 0x00007ffa1c3d6000 	C:\WINDOWS\System32\OLEAUT32.dll
0x00007ffa18f80000 - 0x00007ffa1900a000 	C:\WINDOWS\SYSTEM32\apphelp.dll
0x00007ffa19100000 - 0x00007ffa19197000 	C:\WINDOWS\system32\uxtheme.dll
0x00007ffa1ddc0000 - 0x00007ffa1df29000 	C:\WINDOWS\System32\MSCTF.dll
0x00007ffa19380000 - 0x00007ffa193a9000 	C:\WINDOWS\system32\dwmapi.dll
0x00007ff9f8040000 - 0x00007ff9f8160000 	C:\WINDOWS\system32\opengl32.dll
0x00007ff9f7fd0000 - 0x00007ff9f7ffc000 	C:\WINDOWS\SYSTEM32\GLU32.dll
0x0000000056120000 - 0x0000000056167000 	C:\Program Files\Java\jre1.8.0_141\bin\fontmanager.dll
0x00000000560d0000 - 0x0000000056112000 	C:\Program Files\Java\jre1.8.0_141\bin\t2k.dll
0x00007ffa1e4f0000 - 0x00007ffa1e591000 	C:\WINDOWS\System32\clbcatq.dll
0x00007ffa15250000 - 0x00007ffa153fe000 	C:\WINDOWS\SYSTEM32\WindowsCodecs.dll
0x00007ff9f6ea0000 - 0x00007ff9f6ef4000 	C:\WINDOWS\system32\dataexchange.dll
0x00007ffa18040000 - 0x00007ffa18338000 	C:\WINDOWS\system32\d3d11.dll
0x00007ffa18900000 - 0x00007ffa18a7d000 	C:\WINDOWS\system32\dcomp.dll
0x00007ffa19ab0000 - 0x00007ffa19b68000 	C:\WINDOWS\system32\dxgi.dll
0x00007ffa19470000 - 0x00007ffa19631000 	C:\WINDOWS\system32\twinapi.appcore.dll
0x00007ffa19690000 - 0x00007ffa196b0000 	C:\WINDOWS\system32\RMCLIENT.dll
0x00007ffa1a300000 - 0x00007ffa1a3b9000 	C:\WINDOWS\SYSTEM32\DNSAPI.dll
0x00007ffa0e4e0000 - 0x00007ffa0e4ea000 	C:\Windows\System32\rasadhlp.dll
0x0000000056090000 - 0x00000000560c1000 	C:\Program Files\Java\jre1.8.0_141\bin\jpeg.dll
0x00007ffa0d2e0000 - 0x00007ffa0d371000 	C:\WINDOWS\System32\TextInputFramework.dll
0x00007ffa14ab0000 - 0x00007ffa14dc5000 	C:\WINDOWS\System32\CoreUIComponents.dll
0x00007ffa18a80000 - 0x00007ffa18b58000 	C:\WINDOWS\System32\CoreMessaging.dll
0x00007ffa19da0000 - 0x00007ffa19dd1000 	C:\WINDOWS\SYSTEM32\ntmarta.dll
0x00007ffa17020000 - 0x00007ffa1715f000 	C:\WINDOWS\SYSTEM32\wintypes.dll
0x00007ffa0f0a0000 - 0x00007ffa0f111000 	C:\WINDOWS\System32\fwpuclnt.dll
0x0000000055340000 - 0x000000005536a000 	C:\Program Files\Java\jre1.8.0_141\bin\dcpr.dll
0x0000000055330000 - 0x000000005533d000 	C:\Program Files\Java\jre1.8.0_141\bin\management.dll

VM Arguments:
java_command: C:\Users\Tsai\Desktop\PureMC1.12\1.12\HMCL-2.7.5.15.exe
java_class_path (initial): C:\Users\Tsai\Desktop\PureMC1.12\1.12\HMCL-2.7.5.15.exe
Launcher Type: SUN_STANDARD

Environment Variables:
JAVA_HOME=C:/Program Files/Java/jdk1.8.0_60
CLASSPATH=.;C:/Program Files/Java/jdk1.8.0_60/lib/dt.jar;C:/Program Files/Java/jdk1.8.0_60/lib/tools.jar
PATH=C:\Program Files (x86)\Steam;C:\ProgramData\Oracle\Java\javapath;C:\WINDOWS\system32;C:\WINDOWS;C:\WINDOWS\System32\Wbem;C:\WINDOWS\System32\WindowsPowerShell\v1.0\;C:\Program Files\PuTTY\;C:\Users\Tsai\AppData\Local\Programs\Python\Python36-32\Scripts\;C:\Users\Tsai\AppData\Local\Programs\Python\Python36-32\;C:/Program Files/Java/jdk1.8.0_60/bin;C:\Users\Tsai\AppData\Local\Microsoft\WindowsApps;
USERNAME=Tsai
OS=Windows_NT
PROCESSOR_IDENTIFIER=Intel64 Family 6 Model 60 Stepping 3, GenuineIntel



---------------  S Y S T E M  ---------------

OS: Windows 10.0 , 64 bit Build 17063 (10.0.17063.1000)

CPU:total 4 (initial active 4) (2 cores per cpu, 2 threads per core) family 6 model 60 stepping 3, cmov, cx8, fxsr, mmx, sse, sse2, sse3, ssse3, sse4.1, sse4.2, popcnt, avx, avx2, aes, clmul, erms, lzcnt, ht, tsc, tscinvbit, bmi1, bmi2

Memory: 4k page, physical 12470868k(3002788k free), swap 50219604k(2596k free)

vm_info: Java HotSpot(TM) 64-Bit Server VM (25.141-b15) for windows-amd64 JRE (1.8.0_141-b15), built on Jul 12 2017 04:25:12 by "java_re" with MS VC++ 10.0 (VS2010)

time: Mon Jan 01 14:28:12 2018
elapsed time: 138 seconds (0d 0h 2m 18s)

