[08:53:35] [main/INFO]: Using primary tweak class name optifine.OptiFineTweaker
[08:53:35] [main/INFO]: Calling tweak class optifine.OptiFineTweaker
[08:53:35] [main/INFO]: Launching wrapped minecraft {net.minecraft.client.main.Main}
[08:53:36] [main/INFO]: Setting user: siyue
[08:53:38] [main/INFO]: [OptiFine] *** Reflector Forge ***
[08:53:38] [main/INFO]: [OptiFine] (Reflector) Class not present: net.minecraftforge.client.model.Attributes
[08:53:38] [main/INFO]: [OptiFine] (Reflector) Class not present: mods.betterfoliage.client.BetterFoliageClient
[08:53:38] [main/INFO]: [OptiFine] (Reflector) Class not present: net.minecraftforge.fml.common.asm.transformers.BlamingTransformer
[08:53:38] [main/INFO]: [OptiFine] (Reflector) Class not present: net.minecraftforge.event.world.ChunkWatchEvent$UnWatch
[08:53:38] [main/INFO]: [OptiFine] (Reflector) Class not present: net.minecraftforge.fml.relauncher.CoreModManager
[08:53:38] [main/INFO]: [OptiFine] (Reflector) Class not present: net.minecraftforge.common.DimensionManager
[08:53:38] [main/INFO]: [OptiFine] (Reflector) Class not present: net.minecraftforge.client.event.GuiScreenEvent$DrawScreenEvent$Pre
[08:53:38] [main/INFO]: [OptiFine] (Reflector) Class not present: net.minecraftforge.client.event.GuiScreenEvent$DrawScreenEvent$Post
[08:53:38] [main/INFO]: [OptiFine] (Reflector) Class not present: net.minecraftforge.client.event.EntityViewRenderEvent$CameraSetup
[08:53:38] [main/INFO]: [OptiFine] (Reflector) Class not present: net.minecraftforge.client.event.EntityViewRenderEvent$FogColors
[08:53:38] [main/INFO]: [OptiFine] (Reflector) Class not present: net.minecraftforge.client.event.EntityViewRenderEvent$RenderFogEvent
[08:53:38] [main/INFO]: [OptiFine] (Reflector) Class not present: net.minecraftforge.fml.common.eventhandler.Event
[08:53:38] [main/INFO]: [OptiFine] (Reflector) Class not present: net.minecraftforge.fml.common.eventhandler.EventBus
[08:53:38] [main/INFO]: [OptiFine] (Reflector) Class not present: net.minecraftforge.fml.common.eventhandler.Event$Result
[08:53:38] [main/INFO]: [OptiFine] (Reflector) Class not present: net.minecraftforge.common.property.ExtendedBlockState
[08:53:38] [main/INFO]: [OptiFine] (Reflector) Class not present: net.minecraftforge.fml.client.FMLClientHandler
[08:53:38] [main/INFO]: [OptiFine] (Reflector) Class not present: net.minecraftforge.fml.common.FMLCommonHandler
[08:53:38] [main/INFO]: [OptiFine] (Reflector) Method not present: anf.getWaterColorMultiplier
[08:53:38] [main/INFO]: [OptiFine] (Reflector) Method not present: aou.addDestroyEffects
[08:53:38] [main/INFO]: [OptiFine] (Reflector) Method not present: aou.addHitEffects
[08:53:38] [main/INFO]: [OptiFine] (Reflector) Method not present: aou.canCreatureSpawn
[08:53:38] [main/INFO]: [OptiFine] (Reflector) Method not present: aou.canRenderInLayer
[08:53:38] [main/INFO]: [OptiFine] (Reflector) Method not present: aou.doesSideBlockRendering
[08:53:38] [main/INFO]: [OptiFine] (Reflector) Method not present: aou.getBedDirection
[08:53:38] [main/INFO]: [OptiFine] (Reflector) Method not present: aou.getExtendedState
[08:53:38] [main/INFO]: [OptiFine] (Reflector) Method not present: aou.getLightOpacity
[08:53:38] [main/INFO]: [OptiFine] (Reflector) Method not present: aou.getLightValue
[08:53:38] [main/INFO]: [OptiFine] (Reflector) Method not present: aou.getSoundType
[08:53:38] [main/INFO]: [OptiFine] (Reflector) Method not present: aou.hasTileEntity
[08:53:38] [main/INFO]: [OptiFine] (Reflector) Method not present: aou.isAir
[08:53:38] [main/INFO]: [OptiFine] (Reflector) Method not present: aou.isBed
[08:53:38] [main/INFO]: [OptiFine] (Reflector) Method not present: aou.isBedFoot
[08:53:38] [main/INFO]: [OptiFine] (Reflector) Method not present: aou.isSideSolid
[08:53:38] [main/INFO]: [OptiFine] (Reflector) Method not present: anb.isSideSolid
[08:53:38] [main/INFO]: [OptiFine] (Reflector) Method not present: ve.canRiderInteract
[08:53:38] [main/INFO]: [OptiFine] (Reflector) Field not present: ve.captureDrops
[08:53:38] [main/INFO]: [OptiFine] (Reflector) Field not present: ve.capturedDrops
[08:53:38] [main/INFO]: [OptiFine] (Reflector) Method not present: ve.shouldRenderInPass
[08:53:38] [main/INFO]: [OptiFine] (Reflector) Method not present: ve.shouldRiderSit
[08:53:38] [main/INFO]: [OptiFine] (Reflector) Class not present: net.minecraftforge.event.ForgeEventFactory
[08:53:38] [main/INFO]: [OptiFine] (Reflector) Class not present: net.minecraftforge.common.ForgeHooks
[08:53:38] [main/INFO]: [OptiFine] (Reflector) Class not present: net.minecraftforge.client.ForgeHooksClient
[08:53:38] [main/INFO]: [OptiFine] (Reflector) Field not present: ail.delegate
[08:53:38] [main/INFO]: [OptiFine] (Reflector) Method not present: ail.getDurabilityForDisplay
[08:53:38] [main/INFO]: [OptiFine] (Reflector) Method not present: ail.getRGBDurabilityForDisplay
[08:53:38] [main/INFO]: [OptiFine] (Reflector) Method not present: ail.onEntitySwing
[08:53:38] [main/INFO]: [OptiFine] (Reflector) Method not present: ail.shouldCauseReequipAnimation
[08:53:38] [main/INFO]: [OptiFine] (Reflector) Method not present: ail.showDurabilityBar
[08:53:38] [main/INFO]: [OptiFine] (Reflector) Method not present: bvy.handleItemState
[08:53:38] [main/INFO]: [OptiFine] (Reflector) Method not present: agt.hasOverlay
[08:53:38] [main/INFO]: [OptiFine] (Reflector) Method not present: ajd.getRecordResource
[08:53:38] [main/INFO]: [OptiFine] (Reflector) Method not present: bhw.setKeyConflictContext
[08:53:38] [main/INFO]: [OptiFine] (Reflector) Method not present: bhw.setKeyModifierAndCode
[08:53:38] [main/INFO]: [OptiFine] (Reflector) Method not present: bhw.getKeyModifier
[08:53:38] [main/INFO]: [OptiFine] (Reflector) Class not present: net.minecraftforge.common.ForgeModContainer
[08:53:38] [main/INFO]: [OptiFine] (Reflector) Method not present: ux.shouldRenderHUD
[08:53:38] [main/INFO]: [OptiFine] (Reflector) Method not present: ux.renderHUDEffect
[08:53:38] [main/INFO]: [OptiFine] (Reflector) Method not present: uy.isCurativeItem
[08:53:38] [main/INFO]: [OptiFine] (Reflector) Method not present: avh.canRenderBreaking
[08:53:38] [main/INFO]: [OptiFine] (Reflector) Method not present: avh.getRenderBoundingBox
[08:53:38] [main/INFO]: [OptiFine] (Reflector) Method not present: avh.hasFastRenderer
[08:53:38] [main/INFO]: [OptiFine] (Reflector) Method not present: avh.shouldRenderInPass
[08:53:38] [main/INFO]: [OptiFine] (Reflector) Method not present: cdz$b.preDraw
[08:53:38] [main/INFO]: [OptiFine] (Reflector) Method not present: cdz$b.postDraw
[08:53:38] [main/INFO]: [OptiFine] (Reflector) Method not present: ams.countEntities
[08:53:38] [main/INFO]: [OptiFine] (Reflector) Method not present: ams.getPerWorldStorage
[08:53:38] [main/INFO]: [OptiFine] (Reflector) Method not present: ams.initCapabilities
[08:53:38] [main/INFO]: [OptiFine] (Reflector) Method not present: ayk.getCloudRenderer
[08:53:38] [main/INFO]: [OptiFine] (Reflector) Method not present: ayk.getSkyRenderer
[08:53:38] [main/INFO]: [OptiFine] (Reflector) Method not present: ayk.getWeatherRenderer
[08:53:38] [main/INFO]: [OptiFine] (Reflector) Class not present: net.minecraftforge.fml.client.GuiModList
[08:53:38] [main/INFO]: [OptiFine] (Reflector) Class not present: net.minecraftforge.common.property.IExtendedBlockState
[08:53:38] [main/INFO]: [OptiFine] (Reflector) Class not present: net.minecraftforge.client.model.IModel
[08:53:38] [main/INFO]: [OptiFine] (Reflector) Class not present: net.minecraftforge.client.IRenderHandler
[08:53:38] [main/INFO]: [OptiFine] (Reflector) Class not present: net.minecraftforge.client.ItemModelMesherForge
[08:53:38] [main/INFO]: [OptiFine] (Reflector) Class not present: net.minecraftforge.client.settings.KeyConflictContext
[08:53:38] [main/INFO]: [OptiFine] (Reflector) Class not present: net.minecraftforge.client.settings.KeyModifier
[08:53:38] [main/INFO]: [OptiFine] (Reflector) Class not present: net.minecraftforge.client.model.pipeline.LightUtil
[08:53:38] [main/INFO]: [OptiFine] (Reflector) Class not present: net.minecraftforge.common.MinecraftForge
[08:53:38] [main/INFO]: [OptiFine] (Reflector) Class not present: net.minecraftforge.client.MinecraftForgeClient
[08:53:38] [main/INFO]: [OptiFine] (Reflector) Class not present: net.minecraftforge.client.model.ModelLoader
[08:53:38] [main/INFO]: [OptiFine] (Reflector) Class not present: net.minecraftforge.client.gui.NotificationModUpdateScreen
[08:53:38] [main/INFO]: [OptiFine] (Reflector) Class not present: net.minecraftforge.client.event.RenderBlockOverlayEvent$OverlayType
[08:53:38] [main/INFO]: [OptiFine] (Reflector) Class not present: net.minecraftforge.fml.client.registry.RenderingRegistry
[08:53:38] [main/INFO]: [OptiFine] (Reflector) Class not present: net.minecraftforge.client.event.RenderItemInFrameEvent
[08:53:38] [main/INFO]: [OptiFine] (Reflector) Class not present: net.minecraftforge.client.event.RenderLivingEvent$Pre
[08:53:38] [main/INFO]: [OptiFine] (Reflector) Class not present: net.minecraftforge.client.event.RenderLivingEvent$Post
[08:53:38] [main/INFO]: [OptiFine] (Reflector) Class not present: net.minecraftforge.client.event.RenderLivingEvent$Specials$Pre
[08:53:38] [main/INFO]: [OptiFine] (Reflector) Class not present: net.minecraftforge.client.event.RenderLivingEvent$Specials$Post
[08:53:38] [main/INFO]: [OptiFine] (Reflector) Class not present: net.minecraftforge.client.event.ScreenshotEvent
[08:53:38] [main/INFO]: [OptiFine] (Reflector) Class not present: net.minecraftforge.fml.client.SplashProgress
[08:53:38] [main/INFO]: [OptiFine] (Reflector) Class not present: net.minecraftforge.event.world.WorldEvent$Load
[08:53:38] [main/INFO]: [OptiFine] *** Reflector Vanilla ***
[08:53:38] [main/WARN]: Skipping bad option: lastServer:
[08:53:38] [main/INFO]: LWJGL Version: 2.9.4
[08:53:39] [main/INFO]: [OptiFine] 
[08:53:39] [main/INFO]: [OptiFine] OptiFine_1.12_HD_U_C3
[08:53:39] [main/INFO]: [OptiFine] Build: 20170626-123833
[08:53:39] [main/INFO]: [OptiFine] OS: Windows 10 (amd64) version 10.0
[08:53:39] [main/INFO]: [OptiFine] Java: 1.8.0_201, Oracle Corporation
[08:53:39] [main/INFO]: [OptiFine] VM: Java HotSpot(TM) 64-Bit Server VM (mixed mode), Oracle Corporation
[08:53:39] [main/INFO]: [OptiFine] LWJGL: 2.9.4
[08:53:39] [main/INFO]: [OptiFine] OpenGL: GeForce GTX 1060 6GB/PCIe/SSE2, version 4.6.0 NVIDIA 450.12, NVIDIA Corporation
[08:53:39] [main/INFO]: [OptiFine] OpenGL Version: 4.6.0
[08:53:39] [main/INFO]: [OptiFine] Maximum texture size: 32768x32768
[08:53:39] [Thread-3/INFO]: [OptiFine] Checking for new version
[08:53:39] [main/INFO]: [Shaders] ShadersMod version: 2.4.12
[08:53:39] [main/INFO]: [Shaders] OpenGL Version: 4.6.0 NVIDIA 450.12
[08:53:39] [main/INFO]: [Shaders] Vendor:  NVIDIA Corporation
[08:53:39] [main/INFO]: [Shaders] Renderer: GeForce GTX 1060 6GB/PCIe/SSE2
[08:53:39] [main/INFO]: [Shaders] Capabilities:  2.0  2.1  3.0  3.2  4.0 
[08:53:39] [main/INFO]: [Shaders] GL_MAX_DRAW_BUFFERS: 8
[08:53:39] [main/INFO]: [Shaders] GL_MAX_COLOR_ATTACHMENTS_EXT: 8
[08:53:39] [main/INFO]: [Shaders] GL_MAX_TEXTURE_IMAGE_UNITS: 32
[08:53:39] [main/INFO]: [Shaders] Load ShadersMod configuration.
[08:53:39] [main/INFO]: [Shaders] Loaded shaderpack: SEUS-Renewed-1.0.0.zip
[08:53:39] [main/INFO]: [OptiFine] [Shaders] Worlds: -1, 1
[08:53:39] [main/WARN]: [OptiFine] Ambiguous shader option: GENERAL_GRASS_FIX
[08:53:39] [main/WARN]: [OptiFine]  - in gbuffers_terrain.vsh: true
[08:53:39] [main/WARN]: [OptiFine]  - in gbuffers_damagedblock.vsh: false
[08:53:39] [main/WARN]: [OptiFine] Ambiguous shader option: SHADOW_MAP_BIAS
[08:53:39] [main/WARN]: [OptiFine]  - in composite.fsh: 0.90
[08:53:39] [main/WARN]: [OptiFine]  - in composite2.fsh: 0.9
[08:53:39] [main/WARN]: [OptiFine] Ambiguous shader option: GENERAL_GRASS_FIX
[08:53:39] [main/WARN]: [OptiFine]  - in gbuffers_terrain.vsh, gbuffers_damagedblock.vsh, world-1/gbuffers_terrain.vsh: true
[08:53:39] [main/WARN]: [OptiFine]  - in world-1/gbuffers_damagedblock.vsh: false
[08:53:39] [main/WARN]: [OptiFine] Ambiguous shader option: SHADOW_MAP_BIAS
[08:53:39] [main/WARN]: [OptiFine]  - in composite.fsh, composite2.fsh, shadow.vsh, world-1/composite.fsh: 0.90
[08:53:39] [main/WARN]: [OptiFine]  - in world-1/composite2.fsh: 0.9
[08:53:39] [main/WARN]: [OptiFine] Ambiguous shader option: GENERAL_GRASS_FIX
[08:53:39] [main/WARN]: [OptiFine]  - in gbuffers_terrain.vsh, gbuffers_damagedblock.vsh, world-1/gbuffers_terrain.vsh, world-1/gbuffers_damagedblock.vsh, world1/gbuffers_terrain.vsh: true
[08:53:39] [main/WARN]: [OptiFine]  - in world1/gbuffers_damagedblock.vsh: false
[08:53:39] [main/WARN]: [OptiFine] Ambiguous shader option: SHADOW_MAP_BIAS
[08:53:39] [main/WARN]: [OptiFine]  - in composite.fsh, composite2.fsh, shadow.vsh, world-1/composite.fsh, world-1/composite2.fsh, world-1/shadow.vsh, world1/composite.fsh: 0.90
[08:53:39] [main/WARN]: [OptiFine]  - in world1/composite2.fsh: 0.9
[08:53:39] [main/WARN]: [OptiFine] [Shaders] Option profile can not be used, no profiles defined: <profile>, key: screen
[08:53:39] [main/WARN]: [OptiFine] [Shaders] Invalid option: ATMOSPHERIC_SCATTERING, key: screen.ATMOSPHERICS
[08:53:39] [main/WARN]: [OptiFine] [Shaders] Invalid option: ATMOSPHERIC_HAZE, key: screen.ATMOSPHERICS
[08:53:39] [main/WARN]: [OptiFine] [Shaders] Invalid option: CREPUSCULAR_RAYS, key: screen.ATMOSPHERICS
[08:53:39] [main/WARN]: [OptiFine] [Shaders] Invalid option: VOLUMETRIC_CLOUDS, key: screen.ATMOSPHERICS
[08:53:39] [main/WARN]: [OptiFine] [Shaders] Invalid option: HQ_VOLUMETRIC_CLOUDS, key: screen.ATMOSPHERICS
[08:53:39] [main/WARN]: [OptiFine] [Shaders] Invalid option: SMOOTH_CLOUDS, key: screen.ATMOSPHERICS
[08:53:39] [main/WARN]: [OptiFine] [Shaders] Invalid option: ENABLE_SOFT_SHADOWS, key: screen.LIGHTING
[08:53:39] [main/WARN]: [OptiFine] [Shaders] Invalid option: PIXEL_SHADOWS, key: screen.LIGHTING
[08:53:39] [main/WARN]: [OptiFine] [Shaders] Invalid option: TONEMAP_STRENGTH, key: screen.LIGHTING
[08:53:39] [main/WARN]: [OptiFine] [Shaders] Invalid option: BRIGHTNESS_LEVEL, key: screen.LIGHTING
[08:53:39] [main/WARN]: [OptiFine] [Shaders] Invalid option: WATER_CAUSTICS, key: screen.SURFACE
[08:53:40] [Thread-3/INFO]: [OptiFine] Version found: C7
[08:53:40] [main/INFO]: Reloading ResourceManager: Default, 1.12 oCd_V 2.4-FONT UPDATE.zip
[08:53:40] [main/INFO]: [OptiFine] *** Reloading textures ***
[08:53:40] [main/INFO]: [OptiFine] Resource packs: 1.12 oCd_V 2.4-FONT UPDATE.zip
[08:53:48] [Sound Library Loader/INFO]: Starting up SoundSystem...
[08:53:48] [Thread-4/INFO]: Initializing LWJGL OpenAL
[08:53:48] [Thread-4/INFO]: (The LWJGL binding of OpenAL.  For more information, see http://www.lwjgl.org)
[08:53:48] [Thread-4/INFO]: OpenAL initialized.
[08:53:49] [Sound Library Loader/INFO]: Sound engine started
[08:53:49] [main/INFO]: [OptiFine] Mipmap levels: 4
[08:53:49] [main/INFO]: [OptiFine] Multitexture: false
[08:53:49] [main/INFO]: [OptiFine] ConnectedTextures: mcpatcher/ctm/glass_clear/glass.properties
[08:53:49] [main/INFO]: [OptiFine] Multipass connected textures: false
[08:53:49] [main/INFO]: [OptiFine] Multipass connected textures: false
[08:53:49] [main/INFO]: [OptiFine] BetterGrass: Parsing default configuration optifine/bettergrass.properties
[08:53:49] [main/INFO]: Created: 512x512 textures-atlas
[08:53:49] [main/INFO]: [Shaders] allocateTextureMap 4 512 512 
[08:53:50] [main/INFO]: Narrator library for x64 successfully loaded
[08:53:51] [main/INFO]: [OptiFine] *** Reloading custom textures ***
[08:53:51] [main/INFO]: [OptiFine] Natural Textures: Parsing default configuration "optifine/natural.properties"
[08:53:51] [main/INFO]: [OptiFine] Natural Textures: Valid only for textures from default resource pack
[08:53:52] [Realms Notification Availability checker #1/INFO]: Could not authorize you against Realms server: Invalid session id
[08:53:55] [Server thread/INFO]: Starting integrated minecraft server version 1.12
[08:53:55] [Server thread/INFO]: Generating keypair
[08:53:55] [Server thread/INFO]: Loaded 488 advancements
[08:53:55] [Server thread/INFO]: Preparing start region for level 0
[08:53:56] [Server thread/WARN]: Keeping entity minecraft:cow that already exists with UUID 831d6974-c121-41c2-810e-5eb1e917b5bd
[08:53:56] [Server thread/INFO]: Preparing spawn area: 41%
[08:53:56] [Server thread/WARN]: Keeping entity minecraft:minecart that already exists with UUID c7b228b3-2bb8-4629-9672-aa80f85a3bfb
[08:53:57] [Server thread/WARN]: Keeping entity minecraft:minecart that already exists with UUID 319d840c-d1f5-4072-b774-86ed6ca46eac
[08:53:57] [Server thread/WARN]: Keeping entity minecraft:minecart that already exists with UUID 84041527-a17a-4d02-ba24-b6f44ffe2e74
[08:53:57] [Server thread/INFO]: Changing view distance to 18, from 10
[08:53:59] [Server thread/INFO]: siyue[local:E:4333da5a] logged in with entity id 259 at (388.4072960010639, 162.0, 261.15459904642375)
[08:53:59] [Server thread/INFO]: siyue加入了游戏
[08:53:59] [Server thread/WARN]: Keeping entity minecraft:minecart that already exists with UUID ebf003d9-3d5a-43f2-92cb-0ea2eda6c59d
[08:53:59] [Server thread/WARN]: Keeping entity minecraft:minecart that already exists with UUID bc5d32d3-fa69-4653-9834-4a829fb8727b
[08:53:59] [Server thread/WARN]: Keeping entity minecraft:minecart that already exists with UUID cca5404e-72f5-4fb4-90cc-cfba8a11ee23
[08:53:59] [Server thread/WARN]: Keeping entity minecraft:minecart that already exists with UUID 917571d8-0a80-4913-bdd5-28f7e14f6a13
[08:53:59] [Server thread/WARN]: Keeping entity minecraft:minecart that already exists with UUID fe5c6cb7-f6c0-4212-bc4d-19ec9f12bc3b
[08:53:59] [Server thread/WARN]: Keeping entity minecraft:minecart that already exists with UUID fe5c6cb7-f6c0-4212-bc4d-19ec9f12bc3b
[08:53:59] [Server thread/WARN]: Keeping entity minecraft:minecart that already exists with UUID fe5c6cb7-f6c0-4212-bc4d-19ec9f12bc3b
[08:54:00] [main/INFO]: [CHAT] 新的§eOptiFine§f版本现已可用：§eHD Ultra C7§f
[08:54:00] [main/INFO]: [Shaders] Program loaded: gbuffers_basic
[08:54:00] [main/INFO]: [Shaders] Shader info log: /shaders/gbuffers_textured.fsh
R_INNER(543) : warning C7555: 'varying' is deprecated, use 'in/out' instead
R_INNER(544) : warning C7555: 'varying' is deprecated, use 'in/out' instead
R_INNER(545) : warning C7555: 'varying' is deprecated, use 'in/out' instead
R_INNER(546) : warning C7555: 'varying' is deprecated, use 'in/out' instead
R_INNER(547) : warning C7555: 'varying' is deprecated, use 'in/out' instead
R_INNER(548) : warning C7555: 'varying' is deprecated, use 'in/out' instead
R_INNER(550) : warning C7555: 'varying' is deprecated, use 'in/out' instead
R_INNER(551) : warning C7555: 'varying' is deprecated, use 'in/out' instead
R_INNER(552) : warning C7555: 'varying' is deprecated, use 'in/out' instead
R_INNER(553) : warning C7555: 'varying' is deprecated, use 'in/out' instead
R_INNER(555) : warning C7555: 'varying' is deprecated, use 'in/out' instead
R_INNER(557) : warning C7555: 'varying' is deprecated, use 'in/out' instead
R_INNER(559) : warning C7555: 'varying' is deprecated, use 'in/out' instead
R_INNER(561) : warning C7555: 'varying' is deprecated, use 'in/out' instead
R_INNER(598) : warning C7533: global variable gl_FragData is deprecated after version 120

[08:54:00] [main/INFO]: [Shaders] Info log: /shaders/gbuffers_textured.vsh, /shaders/gbuffers_textured.fsh
Vertex info
-----------
0(28) : warning C7050: "tangent" might be used before being initialized
0(29) : warning C7050: "binormal" might be used before being initialized

Fragment info
-------------
R_INNER(543) : warning C7555: 'varying' is deprecated, use 'in/out' instead
R_INNER(544) : warning C7555: 'varying' is deprecated, use 'in/out' instead
R_INNER(545) : warning C7555: 'varying' is deprecated, use 'in/out' instead
R_INNER(546) : warning C7555: 'varying' is deprecated, use 'in/out' instead
R_INNER(547) : warning C7555: 'varying' is deprecated, use 'in/out' instead
R_INNER(548) : warning C7555: 'varying' is deprecated, use 'in/out' instead
R_INNER(550) : warning C7555: 'varying' is deprecated, use 'in/out' instead
R_INNER(551) : warning C7555: 'varying' is deprecated, use 'in/out' instead
R_INNER(552) : warning C7555: 'varying' is deprecated, use 'in/out' instead
R_INNER(553) : warning C7555: 'varying' is deprecated, use 'in/out' instead
R_INNER(555) : warning C7555: 'varying' is deprecated, use 'in/out' instead
R_INNER(557) : warning C7555: 'varying' is deprecated, use 'in/out' instead
R_INNER(559) : warning C7555: 'varying' is deprecated, use 'in/out' instead
R_INNER(561) : warning C7555: 'varying' is deprecated, use 'in/out' instead
R_INNER(598) : warning C7533: global variable gl_FragData is deprecated after version 120


[08:54:00] [main/INFO]: [Shaders] Program loaded: gbuffers_textured
[08:54:00] [main/INFO]: [Shaders] File: 1 = /shaders/Common.inc
[08:54:00] [main/INFO]: [Shaders] Shader info log: /shaders/gbuffers_textured_lit.fsh
0(50) : warning C7555: 'varying' is deprecated, use 'in/out' instead
0(51) : warning C7555: 'varying' is deprecated, use 'in/out' instead
0(52) : warning C7555: 'varying' is deprecated, use 'in/out' instead
0(53) : warning C7555: 'varying' is deprecated, use 'in/out' instead
0(54) : warning C7555: 'varying' is deprecated, use 'in/out' instead
0(55) : warning C7555: 'varying' is deprecated, use 'in/out' instead
0(57) : warning C7555: 'varying' is deprecated, use 'in/out' instead
0(58) : warning C7555: 'varying' is deprecated, use 'in/out' instead
0(59) : warning C7555: 'varying' is deprecated, use 'in/out' instead
0(60) : warning C7555: 'varying' is deprecated, use 'in/out' instead
0(62) : warning C7555: 'varying' is deprecated, use 'in/out' instead
0(64) : warning C7555: 'varying' is deprecated, use 'in/out' instead
0(66) : warning C7555: 'varying' is deprecated, use 'in/out' instead
0(68) : warning C7555: 'varying' is deprecated, use 'in/out' instead
0(122) : warning C7533: global variable gl_FragData is deprecated after version 120

[08:54:00] [main/INFO]: [Shaders] Info log: /shaders/gbuffers_textured_lit.vsh, /shaders/gbuffers_textured_lit.fsh
Vertex info
-----------
0(28) : warning C7050: "tangent" might be used before being initialized
0(29) : warning C7050: "binormal" might be used before being initialized

Fragment info
-------------
0(50) : warning C7555: 'varying' is deprecated, use 'in/out' instead
0(51) : warning C7555: 'varying' is deprecated, use 'in/out' instead
0(52) : warning C7555: 'varying' is deprecated, use 'in/out' instead
0(53) : warning C7555: 'varying' is deprecated, use 'in/out' instead
0(54) : warning C7555: 'varying' is deprecated, use 'in/out' instead
0(55) : warning C7555: 'varying' is deprecated, use 'in/out' instead
0(57) : warning C7555: 'varying' is deprecated, use 'in/out' instead
0(58) : warning C7555: 'varying' is deprecated, use 'in/out' instead
0(59) : warning C7555: 'varying' is deprecated, use 'in/out' instead
0(60) : warning C7555: 'varying' is deprecated, use 'in/out' instead
0(62) : warning C7555: 'varying' is deprecated, use 'in/out' instead
0(64) : warning C7555: 'varying' is deprecated, use 'in/out' instead
0(66) : warning C7555: 'varying' is deprecated, use 'in/out' instead
0(68) : warning C7555: 'varying' is deprecated, use 'in/out' instead
0(122) : warning C7533: global variable gl_FragData is deprecated after version 120


[08:54:00] [main/INFO]: [Shaders] Program loaded: gbuffers_textured_lit
[08:54:00] [main/INFO]: [Shaders] Program loaded: gbuffers_skybasic
[08:54:00] [main/INFO]: [Shaders] Program loaded: gbuffers_skytextured
[08:54:00] [main/INFO]: [Shaders] File: 1 = /shaders/Common.inc
[08:54:00] [main/INFO]: [Shaders] Shader info log: /shaders/gbuffers_terrain.fsh
0(73) : warning C7555: 'varying' is deprecated, use 'in/out' instead
0(74) : warning C7555: 'varying' is deprecated, use 'in/out' instead
0(75) : warning C7555: 'varying' is deprecated, use 'in/out' instead
0(76) : warning C7555: 'varying' is deprecated, use 'in/out' instead
0(77) : warning C7555: 'varying' is deprecated, use 'in/out' instead
0(78) : warning C7555: 'varying' is deprecated, use 'in/out' instead
0(79) : warning C7555: 'varying' is deprecated, use 'in/out' instead
0(81) : warning C7555: 'varying' is deprecated, use 'in/out' instead
0(82) : warning C7555: 'varying' is deprecated, use 'in/out' instead
0(83) : warning C7555: 'varying' is deprecated, use 'in/out' instead
0(84) : warning C7555: 'varying' is deprecated, use 'in/out' instead
0(86) : warning C7555: 'varying' is deprecated, use 'in/out' instead
0(88) : warning C7555: 'varying' is deprecated, use 'in/out' instead
0(90) : warning C7555: 'varying' is deprecated, use 'in/out' instead
PARALLAX_DEPTH(688) : warning C7533: global variable gl_FragData is deprecated after version 120

[08:54:00] [main/INFO]: [Shaders] Info log: /shaders/gbuffers_terrain.vsh, /shaders/gbuffers_terrain.fsh
Vertex info
-----------
0(34) : warning C7050: "tangent" might be used before being initialized
0(35) : warning C7050: "binormal" might be used before being initialized

Fragment info
-------------
0(73) : warning C7555: 'varying' is deprecated, use 'in/out' instead
0(74) : warning C7555: 'varying' is deprecated, use 'in/out' instead
0(75) : warning C7555: 'varying' is deprecated, use 'in/out' instead
0(76) : warning C7555: 'varying' is deprecated, use 'in/out' instead
0(77) : warning C7555: 'varying' is deprecated, use 'in/out' instead
0(78) : warning C7555: 'varying' is deprecated, use 'in/out' instead
0(79) : warning C7555: 'varying' is deprecated, use 'in/out' instead
0(81) : warning C7555: 'varying' is deprecated, use 'in/out' instead
0(82) : warning C7555: 'varying' is deprecated, use 'in/out' instead
0(83) : warning C7555: 'varying' is deprecated, use 'in/out' instead
0(84) : warning C7555: 'varying' is deprecated, use 'in/out' instead
0(86) : warning C7555: 'varying' is deprecated, use 'in/out' instead
0(88) : warning C7555: 'varying' is deprecated, use 'in/out' instead
0(90) : warning C7555: 'varying' is deprecated, use 'in/out' instead
PARALLAX_DEPTH(688) : warning C7533: global variable gl_FragData is deprecated after version 120


[08:54:00] [main/INFO]: [Shaders] Program loaded: gbuffers_terrain
[08:54:00] [main/INFO]: [Shaders] File: 1 = /shaders/Common.inc
[08:54:00] [main/INFO]: [Shaders] Shader info log: /shaders/gbuffers_damagedblock.fsh
0(50) : warning C7555: 'varying' is deprecated, use 'in/out' instead
0(51) : warning C7555: 'varying' is deprecated, use 'in/out' instead
0(52) : warning C7555: 'varying' is deprecated, use 'in/out' instead
0(53) : warning C7555: 'varying' is deprecated, use 'in/out' instead
0(54) : warning C7555: 'varying' is deprecated, use 'in/out' instead
0(55) : warning C7555: 'varying' is deprecated, use 'in/out' instead
0(57) : warning C7555: 'varying' is deprecated, use 'in/out' instead
0(58) : warning C7555: 'varying' is deprecated, use 'in/out' instead
0(59) : warning C7555: 'varying' is deprecated, use 'in/out' instead
0(60) : warning C7555: 'varying' is deprecated, use 'in/out' instead
0(62) : warning C7555: 'varying' is deprecated, use 'in/out' instead
0(64) : warning C7555: 'varying' is deprecated, use 'in/out' instead
0(66) : warning C7555: 'varying' is deprecated, use 'in/out' instead
0(101) : warning C7533: global variable gl_FragData is deprecated after version 120

[08:54:00] [main/INFO]: [Shaders] Info log: /shaders/gbuffers_damagedblock.vsh, /shaders/gbuffers_damagedblock.fsh
Vertex info
-----------
0(34) : warning C7050: "tangent" might be used before being initialized
0(35) : warning C7050: "binormal" might be used before being initialized

Fragment info
-------------
0(50) : warning C7555: 'varying' is deprecated, use 'in/out' instead
0(51) : warning C7555: 'varying' is deprecated, use 'in/out' instead
0(52) : warning C7555: 'varying' is deprecated, use 'in/out' instead
0(53) : warning C7555: 'varying' is deprecated, use 'in/out' instead
0(54) : warning C7555: 'varying' is deprecated, use 'in/out' instead
0(55) : warning C7555: 'varying' is deprecated, use 'in/out' instead
0(57) : warning C7555: 'varying' is deprecated, use 'in/out' instead
0(58) : warning C7555: 'varying' is deprecated, use 'in/out' instead
0(59) : warning C7555: 'varying' is deprecated, use 'in/out' instead
0(60) : warning C7555: 'varying' is deprecated, use 'in/out' instead
0(62) : warning C7555: 'varying' is deprecated, use 'in/out' instead
0(64) : warning C7555: 'varying' is deprecated, use 'in/out' instead
0(66) : warning C7555: 'varying' is deprecated, use 'in/out' instead
0(101) : warning C7533: global variable gl_FragData is deprecated after version 120


[08:54:00] [main/INFO]: [Shaders] Program loaded: gbuffers_damagedblock
[08:54:00] [main/INFO]: [Shaders] Info log: /shaders/gbuffers_water.vsh, /shaders/gbuffers_water.fsh
Vertex info
-----------
0(21) : warning C7050: "tangent" might be used before being initialized
0(22) : warning C7050: "binormal" might be used before being initialized


[08:54:00] [main/INFO]: [Shaders] Program loaded: gbuffers_water
[08:54:00] [main/INFO]: [Shaders] File: 1 = /shaders/Common.inc
[08:54:00] [main/INFO]: [Shaders] Shader info log: /shaders/gbuffers_entities.fsh
0(51) : warning C7555: 'varying' is deprecated, use 'in/out' instead
0(52) : warning C7555: 'varying' is deprecated, use 'in/out' instead
0(53) : warning C7555: 'varying' is deprecated, use 'in/out' instead
0(54) : warning C7555: 'varying' is deprecated, use 'in/out' instead
0(55) : warning C7555: 'varying' is deprecated, use 'in/out' instead
0(56) : warning C7555: 'varying' is deprecated, use 'in/out' instead
0(58) : warning C7555: 'varying' is deprecated, use 'in/out' instead
0(59) : warning C7555: 'varying' is deprecated, use 'in/out' instead
0(60) : warning C7555: 'varying' is deprecated, use 'in/out' instead
0(61) : warning C7555: 'varying' is deprecated, use 'in/out' instead
0(63) : warning C7555: 'varying' is deprecated, use 'in/out' instead
0(65) : warning C7555: 'varying' is deprecated, use 'in/out' instead
0(67) : warning C7555: 'varying' is deprecated, use 'in/out' instead
0(69) : warning C7555: 'varying' is deprecated, use 'in/out' instead
0(137) : warning C7533: global variable gl_FragData is deprecated after version 120

[08:54:00] [main/INFO]: [Shaders] Info log: /shaders/gbuffers_entities.vsh, /shaders/gbuffers_entities.fsh
Vertex info
-----------
0(28) : warning C7050: "tangent" might be used before being initialized
0(29) : warning C7050: "binormal" might be used before being initialized

Fragment info
-------------
0(51) : warning C7555: 'varying' is deprecated, use 'in/out' instead
0(52) : warning C7555: 'varying' is deprecated, use 'in/out' instead
0(53) : warning C7555: 'varying' is deprecated, use 'in/out' instead
0(54) : warning C7555: 'varying' is deprecated, use 'in/out' instead
0(55) : warning C7555: 'varying' is deprecated, use 'in/out' instead
0(56) : warning C7555: 'varying' is deprecated, use 'in/out' instead
0(58) : warning C7555: 'varying' is deprecated, use 'in/out' instead
0(59) : warning C7555: 'varying' is deprecated, use 'in/out' instead
0(60) : warning C7555: 'varying' is deprecated, use 'in/out' instead
0(61) : warning C7555: 'varying' is deprecated, use 'in/out' instead
0(63) : warning C7555: 'varying' is deprecated, use 'in/out' instead
0(65) : warning C7555: 'varying' is deprecated, use 'in/out' instead
0(67) : warning C7555: 'varying' is deprecated, use 'in/out' instead
0(69) : warning C7555: 'varying' is deprecated, use 'in/out' instead
0(137) : warning C7533: global variable gl_FragData is deprecated after version 120


[08:54:00] [main/INFO]: [Shaders] Program loaded: gbuffers_entities
[08:54:01] [main/INFO]: [Shaders] File: 1 = /shaders/Common.inc
[08:54:01] [main/INFO]: [Shaders] Shader info log: /shaders/gbuffers_armor_glint.fsh
0(50) : warning C7555: 'varying' is deprecated, use 'in/out' instead
0(51) : warning C7555: 'varying' is deprecated, use 'in/out' instead
0(52) : warning C7555: 'varying' is deprecated, use 'in/out' instead
0(53) : warning C7555: 'varying' is deprecated, use 'in/out' instead
0(54) : warning C7555: 'varying' is deprecated, use 'in/out' instead
0(55) : warning C7555: 'varying' is deprecated, use 'in/out' instead
0(57) : warning C7555: 'varying' is deprecated, use 'in/out' instead
0(58) : warning C7555: 'varying' is deprecated, use 'in/out' instead
0(59) : warning C7555: 'varying' is deprecated, use 'in/out' instead
0(60) : warning C7555: 'varying' is deprecated, use 'in/out' instead
0(62) : warning C7555: 'varying' is deprecated, use 'in/out' instead
0(64) : warning C7555: 'varying' is deprecated, use 'in/out' instead
0(66) : warning C7555: 'varying' is deprecated, use 'in/out' instead
0(68) : warning C7555: 'varying' is deprecated, use 'in/out' instead
0(105) : warning C7533: global variable gl_FragData is deprecated after version 120

[08:54:01] [main/INFO]: [Shaders] Info log: /shaders/gbuffers_armor_glint.vsh, /shaders/gbuffers_armor_glint.fsh
Vertex info
-----------
0(28) : warning C7050: "tangent" might be used before being initialized
0(29) : warning C7050: "binormal" might be used before being initialized

Fragment info
-------------
0(50) : warning C7555: 'varying' is deprecated, use 'in/out' instead
0(51) : warning C7555: 'varying' is deprecated, use 'in/out' instead
0(52) : warning C7555: 'varying' is deprecated, use 'in/out' instead
0(53) : warning C7555: 'varying' is deprecated, use 'in/out' instead
0(54) : warning C7555: 'varying' is deprecated, use 'in/out' instead
0(55) : warning C7555: 'varying' is deprecated, use 'in/out' instead
0(57) : warning C7555: 'varying' is deprecated, use 'in/out' instead
0(58) : warning C7555: 'varying' is deprecated, use 'in/out' instead
0(59) : warning C7555: 'varying' is deprecated, use 'in/out' instead
0(60) : warning C7555: 'varying' is deprecated, use 'in/out' instead
0(62) : warning C7555: 'varying' is deprecated, use 'in/out' instead
0(64) : warning C7555: 'varying' is deprecated, use 'in/out' instead
0(66) : warning C7555: 'varying' is deprecated, use 'in/out' instead
0(68) : warning C7555: 'varying' is deprecated, use 'in/out' instead
0(105) : warning C7533: global variable gl_FragData is deprecated after version 120


[08:54:01] [main/INFO]: [Shaders] Program loaded: gbuffers_armor_glint
[08:54:01] [main/INFO]: [Shaders] File: 1 = /shaders/Common.inc
[08:54:01] [main/INFO]: [Shaders] Shader info log: /shaders/gbuffers_hand.fsh
0(50) : warning C7555: 'varying' is deprecated, use 'in/out' instead
0(51) : warning C7555: 'varying' is deprecated, use 'in/out' instead
0(52) : warning C7555: 'varying' is deprecated, use 'in/out' instead
0(53) : warning C7555: 'varying' is deprecated, use 'in/out' instead
0(54) : warning C7555: 'varying' is deprecated, use 'in/out' instead
0(55) : warning C7555: 'varying' is deprecated, use 'in/out' instead
0(57) : warning C7555: 'varying' is deprecated, use 'in/out' instead
0(58) : warning C7555: 'varying' is deprecated, use 'in/out' instead
0(59) : warning C7555: 'varying' is deprecated, use 'in/out' instead
0(60) : warning C7555: 'varying' is deprecated, use 'in/out' instead
0(62) : warning C7555: 'varying' is deprecated, use 'in/out' instead
0(64) : warning C7555: 'varying' is deprecated, use 'in/out' instead
0(66) : warning C7555: 'varying' is deprecated, use 'in/out' instead
0(68) : warning C7555: 'varying' is deprecated, use 'in/out' instead
0(124) : warning C7533: global variable gl_FragData is deprecated after version 120

[08:54:01] [main/INFO]: [Shaders] Info log: /shaders/gbuffers_hand.vsh, /shaders/gbuffers_hand.fsh
Vertex info
-----------
0(28) : warning C7050: "tangent" might be used before being initialized
0(29) : warning C7050: "binormal" might be used before being initialized

Fragment info
-------------
0(50) : warning C7555: 'varying' is deprecated, use 'in/out' instead
0(51) : warning C7555: 'varying' is deprecated, use 'in/out' instead
0(52) : warning C7555: 'varying' is deprecated, use 'in/out' instead
0(53) : warning C7555: 'varying' is deprecated, use 'in/out' instead
0(54) : warning C7555: 'varying' is deprecated, use 'in/out' instead
0(55) : warning C7555: 'varying' is deprecated, use 'in/out' instead
0(57) : warning C7555: 'varying' is deprecated, use 'in/out' instead
0(58) : warning C7555: 'varying' is deprecated, use 'in/out' instead
0(59) : warning C7555: 'varying' is deprecated, use 'in/out' instead
0(60) : warning C7555: 'varying' is deprecated, use 'in/out' instead
0(62) : warning C7555: 'varying' is deprecated, use 'in/out' instead
0(64) : warning C7555: 'varying' is deprecated, use 'in/out' instead
0(66) : warning C7555: 'varying' is deprecated, use 'in/out' instead
0(68) : warning C7555: 'varying' is deprecated, use 'in/out' instead
0(124) : warning C7533: global variable gl_FragData is deprecated after version 120


[08:54:01] [main/INFO]: [Shaders] Program loaded: gbuffers_hand
[08:54:01] [main/INFO]: [Shaders] Program loaded: gbuffers_weather
[08:54:01] [main/INFO]: [Shaders] Shadow map distance: 120.0
[08:54:01] [main/INFO]: [Shaders] shadowHardwareFiltering0
[08:54:01] [main/INFO]: [Shaders] shadowtex1Mipmap
[08:54:01] [main/INFO]: [Shaders] shadowcolor0Mipmap
[08:54:01] [main/INFO]: [Shaders] shadowcolor1Mipmap
[08:54:01] [main/INFO]: [Shaders] Noise texture enabled
[08:54:01] [main/INFO]: [Shaders] Noise texture resolution: 64
[08:54:01] [main/INFO]: [Shaders] Program loaded: composite
[08:54:01] [main/INFO]: [Shaders] Program loaded: composite1
[08:54:01] [main/INFO]: [Shaders] Shadow map resolution: 2048
[08:54:01] [main/INFO]: [Shaders] Shadow map distance: 120.0
[08:54:01] [main/INFO]: [Shaders] Shadow map interval size: 4.0f
[08:54:01] [main/INFO]: [Shaders] shadowHardwareFiltering0
[08:54:01] [main/INFO]: [Shaders] shadowtex1Mipmap
[08:54:01] [main/INFO]: [Shaders] shadowcolor0Mipmap
[08:54:01] [main/INFO]: [Shaders] shadowcolor1Mipmap
[08:54:01] [main/INFO]: [Shaders] Shadow distance render mul: 1.0f
[08:54:01] [main/INFO]: [Shaders] gcolor format: RGB8
[08:54:01] [main/INFO]: [Shaders] gdepth format: RGBA8
[08:54:01] [main/INFO]: [Shaders] gnormal format: RGB16
[08:54:01] [main/INFO]: [Shaders] composite format: RGB8
[08:54:01] [main/INFO]: [Shaders] gaux1 format: RGBA16
[08:54:01] [main/INFO]: [Shaders] gaux2 format: RGBA8
[08:54:01] [main/INFO]: [Shaders] gaux3 format: RGBA16
[08:54:01] [main/INFO]: [Shaders] gaux4 format: RGBA16
[08:54:01] [main/INFO]: [Shaders] Sun path rotation: -40.0f
[08:54:01] [main/INFO]: [Shaders] Noise texture enabled
[08:54:01] [main/INFO]: [Shaders] Noise texture resolution: 64
[08:54:01] [main/INFO]: [Shaders] AO Level: 0.06f
[08:54:01] [main/INFO]: [Shaders] gaux3 mipmap enabled
[08:54:01] [main/INFO]: [Shaders] gaux4 clear disabled
[08:54:01] [main/INFO]: [Shaders] Wetness halflife: 1.0
[08:54:01] [main/INFO]: [Shaders] Dryness halflife: 60.0
[08:54:01] [main/INFO]: [Shaders] Program loaded: composite2
[08:54:01] [Server thread/WARN]: Can't keep up! Did the system time change, or is the server overloaded? Running 2419ms behind, skipping 48 tick(s)
[08:54:01] [Server thread/INFO]: Saving and pausing game...
[08:54:01] [main/INFO]: [Shaders] Noise texture enabled
[08:54:01] [main/INFO]: [Shaders] Noise texture resolution: 64
[08:54:01] [main/INFO]: [Shaders] gaux3 mipmap enabled
[08:54:01] [Server thread/INFO]: Saving chunks for level '1'/overworld
[08:54:01] [main/INFO]: [Shaders] Program loaded: composite3
[08:54:01] [main/INFO]: [Shaders] gaux3 mipmap enabled
[08:54:01] [main/INFO]: [Shaders] Program loaded: composite4
[08:54:01] [Server thread/INFO]: Saving chunks for level '1'/the_nether
[08:54:01] [Server thread/INFO]: Saving chunks for level '1'/the_end
[08:54:01] [main/INFO]: [Shaders] Program loaded: composite5
[08:54:01] [main/INFO]: [Shaders] Program loaded: composite6
[08:54:02] [main/INFO]: [Shaders] Program loaded: final
[08:54:02] [main/INFO]: [Shaders] Program loaded: shadow
[08:54:02] [main/INFO]: [Shaders] usedColorBuffers: 8
[08:54:02] [main/INFO]: [Shaders] usedDepthBuffers: 2
[08:54:02] [main/INFO]: [Shaders] usedShadowColorBuffers: 2
[08:54:02] [main/INFO]: [Shaders] usedShadowDepthBuffers: 2
[08:54:02] [main/INFO]: [Shaders] usedColorAttachs: 8
[08:54:02] [main/INFO]: [Shaders] usedDrawBuffers: 8
[08:54:02] [main/INFO]: [Shaders] Framebuffer created.
[08:54:02] [main/INFO]: [Shaders] Shadow framebuffer created.
[08:54:02] [main/INFO]: [Shaders] Reset world renderers
[08:54:02] [main/INFO]: [Shaders] Reset model renderers
[08:54:03] [main/INFO]: Loaded 230 advancements
[09:15:44] [Server thread/WARN]: Keeping entity minecraft:minecart that already exists with UUID c7b228b3-2bb8-4629-9672-aa80f85a3bfb
[09:16:25] [Server thread/WARN]: Keeping entity minecraft:minecart that already exists with UUID c7b228b3-2bb8-4629-9672-aa80f85a3bfb
[09:16:36] [Server thread/WARN]: Keeping entity minecraft:minecart that already exists with UUID c7b228b3-2bb8-4629-9672-aa80f85a3bfb
[09:19:40] [main/INFO]: Loaded 230 advancements
[09:19:44] [Server thread/WARN]: Keeping entity minecraft:minecart that already exists with UUID 917571d8-0a80-4913-bdd5-28f7e14f6a13
[09:19:44] [Server thread/WARN]: Keeping entity minecraft:minecart that already exists with UUID fe5c6cb7-f6c0-4212-bc4d-19ec9f12bc3b
[09:19:44] [Server thread/WARN]: Keeping entity minecraft:minecart that already exists with UUID fe5c6cb7-f6c0-4212-bc4d-19ec9f12bc3b
[09:19:51] [Server thread/WARN]: Keeping entity minecraft:minecart that already exists with UUID 917571d8-0a80-4913-bdd5-28f7e14f6a13
[09:19:51] [Server thread/WARN]: Keeping entity minecraft:minecart that already exists with UUID fe5c6cb7-f6c0-4212-bc4d-19ec9f12bc3b
[09:19:51] [Server thread/WARN]: Keeping entity minecraft:minecart that already exists with UUID fe5c6cb7-f6c0-4212-bc4d-19ec9f12bc3b
[09:19:53] [Server thread/WARN]: Keeping entity minecraft:minecart that already exists with UUID 319d840c-d1f5-4072-b774-86ed6ca46eac
[09:19:53] [Server thread/WARN]: Keeping entity minecraft:minecart that already exists with UUID fe5c6cb7-f6c0-4212-bc4d-19ec9f12bc3b
[09:19:53] [Server thread/WARN]: Keeping entity minecraft:minecart that already exists with UUID cca5404e-72f5-4fb4-90cc-cfba8a11ee23
[09:19:54] [Server thread/WARN]: Keeping entity minecraft:minecart that already exists with UUID ebf003d9-3d5a-43f2-92cb-0ea2eda6c59d
[09:19:54] [Server thread/WARN]: Keeping entity minecraft:minecart that already exists with UUID bc5d32d3-fa69-4653-9834-4a829fb8727b
[09:20:01] [Server thread/WARN]: Keeping entity minecraft:minecart that already exists with UUID c7b228b3-2bb8-4629-9672-aa80f85a3bfb
[09:21:06] [Server thread/WARN]: Keeping entity minecraft:minecart that already exists with UUID ebf003d9-3d5a-43f2-92cb-0ea2eda6c59d
[09:21:06] [Server thread/WARN]: Keeping entity minecraft:minecart that already exists with UUID bc5d32d3-fa69-4653-9834-4a829fb8727b
[09:21:13] [Server thread/WARN]: Keeping entity minecraft:minecart that already exists with UUID c7b228b3-2bb8-4629-9672-aa80f85a3bfb
[09:26:22] [main/INFO]: Loaded 232 advancements
[09:27:11] [Server thread/INFO]: Saving and pausing game...
[09:27:11] [Server thread/INFO]: Saving chunks for level '1'/overworld
[09:27:11] [Server thread/INFO]: Saving chunks for level '1'/the_nether
[09:27:11] [Server thread/INFO]: Saving chunks for level '1'/the_end
[09:27:12] [Server thread/INFO]: Stopping server
[09:27:12] [Server thread/INFO]: Saving players
[09:27:12] [Server thread/INFO]: siyue lost connection: 连接中止
[09:27:12] [Server thread/INFO]: siyue退出了游戏
[09:27:12] [Server thread/INFO]: Stopping singleplayer server as player logged out
[09:27:12] [Server thread/INFO]: Saving worlds
[09:27:12] [Server thread/INFO]: Saving chunks for level '1'/overworld
[09:27:12] [Server thread/INFO]: Saving chunks for level '1'/the_nether
[09:27:12] [Server thread/INFO]: Saving chunks for level '1'/the_end
[09:27:13] [File IO Thread/INFO]: [STDERR]: java.io.IOException: Stream Closed
[09:27:13] [File IO Thread/INFO]: [STDERR]: 	at java.io.RandomAccessFile.seek0(Native Method)
[09:27:13] [File IO Thread/INFO]: [STDERR]: 	at java.io.RandomAccessFile.seek(Unknown Source)
[09:27:13] [File IO Thread/INFO]: [STDERR]: 	at ayh.a(SourceFile:323)
[09:27:13] [File IO Thread/INFO]: [STDERR]: 	at ayh.a(SourceFile:263)
[09:27:13] [File IO Thread/INFO]: [STDERR]: 	at ayh$a.close(SourceFile:244)
[09:27:13] [File IO Thread/INFO]: [STDERR]: 	at java.util.zip.DeflaterOutputStream.close(Unknown Source)
[09:27:13] [File IO Thread/INFO]: [STDERR]: 	at java.io.FilterOutputStream.close(Unknown Source)
[09:27:13] [File IO Thread/INFO]: [STDERR]: 	at java.io.FilterOutputStream.close(Unknown Source)
[09:27:13] [File IO Thread/INFO]: [STDERR]: 	at ayc.b(SourceFile:160)
[09:27:13] [File IO Thread/INFO]: [STDERR]: 	at ayc.a(SourceFile:145)
[09:27:13] [File IO Thread/INFO]: [STDERR]: 	at bgv.c(SourceFile:37)
[09:27:13] [File IO Thread/INFO]: [STDERR]: 	at bgv.run(SourceFile:30)
[09:27:13] [File IO Thread/INFO]: [STDERR]: 	at java.lang.Thread.run(Unknown Source)
[09:27:14] [main/INFO]: Stopping!
[09:27:14] [main/INFO]: SoundSystem shutting down...
[09:27:14] [main/WARN]: Author: Paul Lamb, www.paulscode.com
