#
# A fatal error has been detected by the Java Runtime Environment:
#
#  EXCEPTION_ACCESS_VIOLATION (0xc0000005) at pc=0x00007ffe1e74442e, pid=1444, tid=0x0000000000001854
#
# JRE version: Java(TM) SE Runtime Environment (8.0_131-b11) (build 1.8.0_131-b11)
# Java VM: Java HotSpot(TM) 64-Bit Server VM (25.131-b11 mixed mode windows-amd64 compressed oops)
# Problematic frame:
# C  [ig75icd64.dll+0x27442e]
#
# Failed to write core dump. Minidumps are not enabled by default on client versions of Windows
#
# If you would like to submit a bug report, please visit:
#   http://bugreport.java.com/bugreport/crash.jsp
# The crash happened outside the Java Virtual Machine in native code.
# See problematic frame for where to report the bug.
#

---------------  T H R E A D  ---------------

Current thread (0x0000000004bbe800):  JavaThread "Client thread" [_thread_in_native, id=6228, stack(0x0000000004bc0000,0x0000000004cc0000)]

siginfo: ExceptionCode=0xc0000005, reading address 0x0000000000000000

Registers:
RAX=0x000000004a587678, RBX=0x0000000000000000, RCX=0x0000000000000000, RDX=0x0000000000000000
RSP=0x0000000004cbc150, RBP=0x0000000004cbc250, RSI=0x000000004a582570, RDI=0x00000000000c0412
R8 =0x0000000000000000, R9 =0x00007ffe1e4d0000, R10=0x0000000000000000, R11=0x0000000004cbc0b0
R12=0x000000004a5e1910, R13=0x000000004a587668, R14=0x000000002ded0e40, R15=0x000000002defff58
RIP=0x00007ffe1e74442e, EFLAGS=0x0000000000010246

Top of Stack: (sp=0x0000000004cbc150)
0x0000000004cbc150:   000000002df57000 000000004a582570
0x0000000004cbc160:   0000000032c9ba60 000000002ded0e40
0x0000000004cbc170:   0000000000000000 000000000000005e
0x0000000004cbc180:   000000002df80e78 0000000000000000
0x0000000004cbc190:   000000002df817f4 0000000000000000
0x0000000004cbc1a0:   0000000000000000 0000000000000000
0x0000000004cbc1b0:   000020007a000003 0000000000000000
0x0000000004cbc1c0:   0000000000000000 000000002e8b6000
0x0000000004cbc1d0:   0000000036b9fb10 0000000000000000
0x0000000004cbc1e0:   000000004a3ea4c0 0000000058973200
0x0000000004cbc1f0:   000000002deffc88 000000004a586e70
0x0000000004cbc200:   000000004a5e1910 0000000000000000
0x0000000004cbc210:   0000000000000000 0000000000000000
0x0000000004cbc220:   0000000000000000 0000000000000000
0x0000000004cbc230:   0000000032abcb90 0000000000000000
0x0000000004cbc240:   0000000000000000 000000002df80d10 

Instructions: (pc=0x00007ffe1e74442e)
0x00007ffe1e74440e:   1d 8b 43 24 83 e8 09 83 f8 01 77 0c 80 7b 34 04
0x00007ffe1e74441e:   75 06 48 8b 5b 10 eb 08 33 c0 8b d8 eb 02 33 db
0x00007ffe1e74442e:   48 8b 3b 49 8b d7 49 8b cc 48 89 7d e0 e8 00 80
0x00007ffe1e74443e:   36 00 8b 43 40 41 89 86 10 f2 02 00 8b 4b 44 41 


Register to memory mapping:

RAX=0x000000004a587678 is an unknown value
RBX=0x0000000000000000 is an unknown value
RCX=0x0000000000000000 is an unknown value
RDX=0x0000000000000000 is an unknown value
RSP=0x0000000004cbc150 is pointing into the stack for thread: 0x0000000004bbe800
RBP=0x0000000004cbc250 is pointing into the stack for thread: 0x0000000004bbe800
RSI=0x000000004a582570 is an unknown value
RDI=0x00000000000c0412 is an unknown value
R8 =0x0000000000000000 is an unknown value
R9 =0x00007ffe1e4d0000 is an unknown value
R10=0x0000000000000000 is an unknown value
R11=0x0000000004cbc0b0 is pointing into the stack for thread: 0x0000000004bbe800
R12=0x000000004a5e1910 is an unknown value
R13=0x000000004a587668 is an unknown value
R14=0x000000002ded0e40 is an unknown value
R15=0x000000002defff58 is an unknown value


Stack: [0x0000000004bc0000,0x0000000004cc0000],  sp=0x0000000004cbc150,  free space=1008k
Native frames: (J=compiled Java code, j=interpreted, Vv=VM code, C=native code)
C  [ig75icd64.dll+0x27442e]
C  [ig75icd64.dll+0x3047bb]
C  [ig75icd64.dll+0x30455e]
C  [ig75icd64.dll+0x2fff45]
C  [ig75icd64.dll+0x1a26f8]
C  [ig75icd64.dll+0x2a4007]
C  0x0000000004dd8014

Java frames: (J=compiled Java code, j=interpreted, Vv=VM code)
j  org.lwjgl.opengl.GL13.nglActiveTexture(IJ)V+0
j  org.lwjgl.opengl.GL13.glActiveTexture(I)V+15
j  cig.k(I)V+14
j  buq.g(I)V+20
j  shadersmod.client.Shaders.renderCompositeFinal()V+509
j  buo.a(IFJ)V+1865
j  buo.b(FJ)V+140
j  buo.a(FJ)V+569
j  bhz.az()V+300
j  bhz.a()V+74
j  net.minecraft.client.main.Main.main([Ljava/lang/String;)V+1094
v  ~StubRoutines::call_stub
j  sun.reflect.NativeMethodAccessorImpl.invoke0(Ljava/lang/reflect/Method;Ljava/lang/Object;[Ljava/lang/Object;)Ljava/lang/Object;+0
j  sun.reflect.NativeMethodAccessorImpl.invoke(Ljava/lang/Object;[Ljava/lang/Object;)Ljava/lang/Object;+100
j  sun.reflect.DelegatingMethodAccessorImpl.invoke(Ljava/lang/Object;[Ljava/lang/Object;)Ljava/lang/Object;+6
j  java.lang.reflect.Method.invoke(Ljava/lang/Object;[Ljava/lang/Object;)Ljava/lang/Object;+56
j  net.minecraft.launchwrapper.Launch.launch([Ljava/lang/String;)V+661
j  net.minecraft.launchwrapper.Launch.main([Ljava/lang/String;)V+8
v  ~StubRoutines::call_stub

---------------  P R O C E S S  ---------------

Java Threads: ( => current thread )
  0x00000000285a9800 JavaThread "pool-3-thread-1" [_thread_in_native, id=10716, stack(0x0000000058550000,0x0000000058650000)]
  0x00000000285a3800 JavaThread "File IO Thread" [_thread_blocked, id=2320, stack(0x0000000058450000,0x0000000058550000)]
  0x00000000285a2000 JavaThread "Chunk Batcher 3" daemon [_thread_blocked, id=1696, stack(0x0000000043ce0000,0x0000000043de0000)]
  0x00000000285a2800 JavaThread "Chunk Batcher 2" daemon [_thread_blocked, id=9340, stack(0x0000000043be0000,0x0000000043ce0000)]
  0x00000000285a7000 JavaThread "Chunk Batcher 1" daemon [_thread_blocked, id=13152, stack(0x0000000043ae0000,0x0000000043be0000)]
  0x00000000285a6800 JavaThread "Chunk Batcher 0" daemon [_thread_blocked, id=6424, stack(0x00000000439e0000,0x0000000043ae0000)]
  0x00000000285a5800 JavaThread "Netty Server IO #1" daemon [_thread_in_native, id=12856, stack(0x00000000438e0000,0x00000000439e0000)]
  0x00000000285a8800 JavaThread "Netty Local Client IO #0" daemon [_thread_blocked, id=11348, stack(0x00000000437e0000,0x00000000438e0000)]
  0x00000000285a5000 JavaThread "Netty Server IO #0" daemon [_thread_in_native, id=6568, stack(0x00000000435e0000,0x00000000436e0000)]
  0x0000000037941000 JavaThread "Server thread" [_thread_blocked, id=13460, stack(0x0000000042ee0000,0x0000000042fe0000)]
  0x000000003793f800 JavaThread "Snooper Timer" daemon [_thread_blocked, id=4860, stack(0x0000000042de0000,0x0000000042ee0000)]
  0x000000003793f000 JavaThread "Keep-Alive-Timer" daemon [_thread_blocked, id=4972, stack(0x0000000042ae0000,0x0000000042be0000)]
  0x000000003793e000 JavaThread "LWJGL Timer" daemon [_thread_blocked, id=4408, stack(0x00000000429e0000,0x0000000042ae0000)]
  0x0000000037940800 JavaThread "Narrator" daemon [_thread_blocked, id=8764, stack(0x000000003b1c0000,0x000000003b2c0000)]
  0x0000000028d70800 JavaThread "Thread-7" [_thread_blocked, id=9468, stack(0x0000000037f50000,0x0000000038050000)]
  0x000000002c4d8800 JavaThread "Thread-6" [_thread_blocked, id=5860, stack(0x0000000035a30000,0x0000000035b30000)]
  0x00000000287b8800 JavaThread "Thread-4" [_thread_blocked, id=11492, stack(0x00000000356a0000,0x00000000357a0000)]
  0x0000000029781800 JavaThread "Java2D Disposer" daemon [_thread_blocked, id=7484, stack(0x000000002bde0000,0x000000002bee0000)]
  0x000000002a91b000 JavaThread "Timer hack thread" daemon [_thread_blocked, id=3624, stack(0x000000002b8c0000,0x000000002b9c0000)]
  0x0000000028f12000 JavaThread "Snooper Timer" daemon [_thread_blocked, id=9840, stack(0x000000002a0e0000,0x000000002a1e0000)]
  0x00000000274a9000 JavaThread "Service Thread" daemon [_thread_blocked, id=8988, stack(0x0000000028110000,0x0000000028210000)]
  0x0000000027417000 JavaThread "C1 CompilerThread2" daemon [_thread_blocked, id=32, stack(0x0000000028010000,0x0000000028110000)]
  0x0000000027416000 JavaThread "C2 CompilerThread1" daemon [_thread_blocked, id=8740, stack(0x0000000027f10000,0x0000000028010000)]
  0x000000002740e000 JavaThread "C2 CompilerThread0" daemon [_thread_blocked, id=4556, stack(0x0000000027e10000,0x0000000027f10000)]
  0x0000000027409800 JavaThread "Attach Listener" daemon [_thread_blocked, id=10208, stack(0x0000000027d10000,0x0000000027e10000)]
  0x00000000273bb800 JavaThread "Signal Dispatcher" daemon [_thread_blocked, id=748, stack(0x0000000027c10000,0x0000000027d10000)]
  0x00000000273bb000 JavaThread "Surrogate Locker Thread (Concurrent GC)" daemon [_thread_blocked, id=12184, stack(0x0000000027b10000,0x0000000027c10000)]
  0x0000000027392800 JavaThread "Finalizer" daemon [_thread_blocked, id=8464, stack(0x0000000027810000,0x0000000027910000)]
  0x0000000027389000 JavaThread "Reference Handler" daemon [_thread_blocked, id=4736, stack(0x0000000027710000,0x0000000027810000)]
=>0x0000000004bbe800 JavaThread "Client thread" [_thread_in_native, id=6228, stack(0x0000000004bc0000,0x0000000004cc0000)]

Other Threads:
  0x0000000027363000 VMThread [stack: 0x0000000027130000,0x0000000027230000] [id=7928]
  0x00000000274d4800 WatcherThread [stack: 0x0000000028210000,0x0000000028310000] [id=12824]

VM state:not at safepoint (normal execution)

VM Mutex/Monitor currently owned by a thread: None

Heap:
 garbage-first heap   total 324608K, used 231448K [0x0000000649000000, 0x00000006491009e8, 0x00000007c0000000)
  region size 1024K, 47 young (48128K), 8 survivors (8192K)
 Metaspace       used 46676K, capacity 47169K, committed 47436K, reserved 1091584K
  class space    used 5850K, capacity 5997K, committed 6016K, reserved 1048576K

Heap Regions: (Y=young(eden), SU=young(survivor), HS=humongous(starts), HC=humongous(continues), CS=collection set, F=free, TS=gc time stamp, PTAMS=previous top-at-mark-start, NTAMS=next top-at-mark-start)
AC   0  O    TS     0 PTAMS 0x00000006490fffa0 NTAMS 0x00000006490fffa0 space 1024K,  99% used [0x0000000649000000, 0x0000000649100000)
AC   0  O    TS     0 PTAMS 0x00000006491ffe88 NTAMS 0x00000006491ffe88 space 1024K,  99% used [0x0000000649100000, 0x0000000649200000)
AC   0  O    TS     0 PTAMS 0x00000006492fffe0 NTAMS 0x00000006492fffe0 space 1024K,  99% used [0x0000000649200000, 0x0000000649300000)
AC   0  O    TS     0 PTAMS 0x00000006493ffff0 NTAMS 0x00000006493ffff0 space 1024K,  99% used [0x0000000649300000, 0x0000000649400000)
AC   0  O    TS     0 PTAMS 0x00000006494ffff8 NTAMS 0x00000006494ffff8 space 1024K,  99% used [0x0000000649400000, 0x0000000649500000)
AC   0  O    TS     0 PTAMS 0x00000006495ffff0 NTAMS 0x00000006495ffff0 space 1024K,  99% used [0x0000000649500000, 0x0000000649600000)
AC   0  O    TS     0 PTAMS 0x00000006496fffe8 NTAMS 0x00000006496fffe8 space 1024K,  99% used [0x0000000649600000, 0x0000000649700000)
AC   0  O    TS     0 PTAMS 0x00000006497ffff0 NTAMS 0x00000006497ffff0 space 1024K,  99% used [0x0000000649700000, 0x0000000649800000)
AC   0  O    TS     0 PTAMS 0x00000006498fffe8 NTAMS 0x00000006498fffe8 space 1024K,  99% used [0x0000000649800000, 0x0000000649900000)
AC   0  O    TS     0 PTAMS 0x00000006499fffc0 NTAMS 0x00000006499fffc0 space 1024K,  99% used [0x0000000649900000, 0x0000000649a00000)
AC   0  O    TS     0 PTAMS 0x0000000649adbe90 NTAMS 0x0000000649adbe90 space 1024K,  85% used [0x0000000649a00000, 0x0000000649b00000)
AC   0  O    TS     0 PTAMS 0x0000000649bffff0 NTAMS 0x0000000649bffff0 space 1024K,  99% used [0x0000000649b00000, 0x0000000649c00000)
AC   0 HS    TS     0 PTAMS 0x000000064a600010 NTAMS 0x000000064a600010 space 11264K,  90% used [0x0000000649c00000, 0x000000064a700000)
AC   0 HC    TS     0 PTAMS 0x0000000649d00000 NTAMS 0x0000000649d00000 space 1024K, 100% used [0x0000000649d00000, 0x0000000649e00000)
AC   0 HC    TS     0 PTAMS 0x0000000649e00000 NTAMS 0x0000000649e00000 space 1024K, 100% used [0x0000000649e00000, 0x0000000649f00000)
AC   0 HC    TS     0 PTAMS 0x0000000649f00000 NTAMS 0x0000000649f00000 space 1024K, 100% used [0x0000000649f00000, 0x000000064a000000)
AC   0 HC    TS     0 PTAMS 0x000000064a000000 NTAMS 0x000000064a000000 space 1024K, 100% used [0x000000064a000000, 0x000000064a100000)
AC   0 HC    TS     0 PTAMS 0x000000064a100000 NTAMS 0x000000064a100000 space 1024K, 100% used [0x000000064a100000, 0x000000064a200000)
AC   0 HC    TS     0 PTAMS 0x000000064a200000 NTAMS 0x000000064a200000 space 1024K, 100% used [0x000000064a200000, 0x000000064a300000)
AC   0 HC    TS     0 PTAMS 0x000000064a300000 NTAMS 0x000000064a300000 space 1024K, 100% used [0x000000064a300000, 0x000000064a400000)
AC   0 HC    TS     0 PTAMS 0x000000064a400000 NTAMS 0x000000064a400000 space 1024K, 100% used [0x000000064a400000, 0x000000064a500000)
AC   0 HC    TS     0 PTAMS 0x000000064a500000 NTAMS 0x000000064a500000 space 1024K, 100% used [0x000000064a500000, 0x000000064a600000)
AC   0 HC    TS     0 PTAMS 0x000000064a600000 NTAMS 0x000000064a600000 space 1024K,   0% used [0x000000064a600000, 0x000000064a700000)
AC   0  O    TS     0 PTAMS 0x000000064a7ffff0 NTAMS 0x000000064a7ffff0 space 1024K,  99% used [0x000000064a700000, 0x000000064a800000)
AC   0  O    TS     0 PTAMS 0x000000064a900000 NTAMS 0x000000064a900000 space 1024K, 100% used [0x000000064a800000, 0x000000064a900000)
AC   0  O    TS     0 PTAMS 0x000000064aa00000 NTAMS 0x000000064aa00000 space 1024K, 100% used [0x000000064a900000, 0x000000064aa00000)
AC   0  O    TS     0 PTAMS 0x000000064aaffff8 NTAMS 0x000000064aaffff8 space 1024K,  99% used [0x000000064aa00000, 0x000000064ab00000)
AC   0  O    TS     0 PTAMS 0x000000064ac00000 NTAMS 0x000000064ac00000 space 1024K, 100% used [0x000000064ab00000, 0x000000064ac00000)
AC   0  O    TS     0 PTAMS 0x000000064acffff0 NTAMS 0x000000064acffff0 space 1024K,  99% used [0x000000064ac00000, 0x000000064ad00000)
AC   0  O    TS     0 PTAMS 0x000000064adfffe8 NTAMS 0x000000064adfffe8 space 1024K,  99% used [0x000000064ad00000, 0x000000064ae00000)
AC   0  O    TS     0 PTAMS 0x000000064aeffff0 NTAMS 0x000000064aeffff0 space 1024K,  99% used [0x000000064ae00000, 0x000000064af00000)
AC   0  O    TS     0 PTAMS 0x000000064afffff0 NTAMS 0x000000064afffff0 space 1024K,  99% used [0x000000064af00000, 0x000000064b000000)
AC   0  O    TS     0 PTAMS 0x000000064b0fff68 NTAMS 0x000000064b0fff68 space 1024K,  99% used [0x000000064b000000, 0x000000064b100000)
AC   0  O    TS     0 PTAMS 0x000000064b1fffb0 NTAMS 0x000000064b1fffb0 space 1024K,  99% used [0x000000064b100000, 0x000000064b200000)
AC   0  O    TS     0 PTAMS 0x000000064b2ffff8 NTAMS 0x000000064b2ffff8 space 1024K,  99% used [0x000000064b200000, 0x000000064b300000)
AC   0  O    TS     0 PTAMS 0x000000064b3ffff8 NTAMS 0x000000064b3ffff8 space 1024K,  99% used [0x000000064b300000, 0x000000064b400000)
AC   0  O    TS     0 PTAMS 0x000000064b4ffff8 NTAMS 0x000000064b4ffff8 space 1024K,  99% used [0x000000064b400000, 0x000000064b500000)
AC   0  O    TS     0 PTAMS 0x000000064b5ffff8 NTAMS 0x000000064b5ffff8 space 1024K,  99% used [0x000000064b500000, 0x000000064b600000)
AC   0 HS    TS     0 PTAMS 0x000000064b6c0010 NTAMS 0x000000064b6c0010 space 1024K,  75% used [0x000000064b600000, 0x000000064b700000)
AC   0  O    TS     0 PTAMS 0x000000064b7fffb8 NTAMS 0x000000064b7fffb8 space 1024K,  99% used [0x000000064b700000, 0x000000064b800000)
AC   0  O    TS     0 PTAMS 0x000000064b8fffd0 NTAMS 0x000000064b8fffd0 space 1024K,  99% used [0x000000064b800000, 0x000000064b900000)
AC   0  O    TS     0 PTAMS 0x000000064b9ffff0 NTAMS 0x000000064b9ffff0 space 1024K,  99% used [0x000000064b900000, 0x000000064ba00000)
AC   0  O    TS     0 PTAMS 0x000000064baff918 NTAMS 0x000000064baff918 space 1024K,  99% used [0x000000064ba00000, 0x000000064bb00000)
AC   0  O    TS     0 PTAMS 0x000000064bbff378 NTAMS 0x000000064bbff378 space 1024K,  99% used [0x000000064bb00000, 0x000000064bc00000)
AC   0  O    TS     0 PTAMS 0x000000064bd00000 NTAMS 0x000000064bd00000 space 1024K, 100% used [0x000000064bc00000, 0x000000064bd00000)
AC   0  O    TS     0 PTAMS 0x000000064bdfffe8 NTAMS 0x000000064bdfffe8 space 1024K,  99% used [0x000000064bd00000, 0x000000064be00000)
AC   0  O    TS     0 PTAMS 0x000000064beffff8 NTAMS 0x000000064beffff8 space 1024K,  99% used [0x000000064be00000, 0x000000064bf00000)
AC   0  O    TS     0 PTAMS 0x000000064bfef0e0 NTAMS 0x000000064bfef0e0 space 1024K,  93% used [0x000000064bf00000, 0x000000064c000000)
AC   0  O    TS     0 PTAMS 0x000000064c0fffe8 NTAMS 0x000000064c0fffe8 space 1024K,  99% used [0x000000064c000000, 0x000000064c100000)
AC   0  O    TS     0 PTAMS 0x000000064c1ffe90 NTAMS 0x000000064c1ffe90 space 1024K,  99% used [0x000000064c100000, 0x000000064c200000)
AC   0  O    TS     0 PTAMS 0x000000064c2fe8f0 NTAMS 0x000000064c2fe8f0 space 1024K,  99% used [0x000000064c200000, 0x000000064c300000)
AC   0 HS    TS     0 PTAMS 0x000000064c3c0010 NTAMS 0x000000064c3c0010 space 1024K,  75% used [0x000000064c300000, 0x000000064c400000)
AC   0  O    TS     0 PTAMS 0x000000064c4fffe8 NTAMS 0x000000064c4fffe8 space 1024K,  99% used [0x000000064c400000, 0x000000064c500000)
AC   0  O    TS     0 PTAMS 0x000000064c5fffa8 NTAMS 0x000000064c5fffa8 space 1024K,  99% used [0x000000064c500000, 0x000000064c600000)
AC   0  O    TS     0 PTAMS 0x000000064c6ffb80 NTAMS 0x000000064c6ffb80 space 1024K,  99% used [0x000000064c600000, 0x000000064c700000)
AC   0  O    TS     0 PTAMS 0x000000064c7fff98 NTAMS 0x000000064c7fff98 space 1024K,  99% used [0x000000064c700000, 0x000000064c800000)
AC   0  O    TS     0 PTAMS 0x000000064c8fffa8 NTAMS 0x000000064c8fffa8 space 1024K,  99% used [0x000000064c800000, 0x000000064c900000)
AC   0  O    TS     0 PTAMS 0x000000064c9fffe0 NTAMS 0x000000064c9fffe0 space 1024K,  99% used [0x000000064c900000, 0x000000064ca00000)
AC   0  O    TS     0 PTAMS 0x000000064caffff8 NTAMS 0x000000064caffff8 space 1024K,  99% used [0x000000064ca00000, 0x000000064cb00000)
AC   0  O    TS     0 PTAMS 0x000000064cc00000 NTAMS 0x000000064cc00000 space 1024K, 100% used [0x000000064cb00000, 0x000000064cc00000)
AC   0  O    TS     0 PTAMS 0x000000064cd00000 NTAMS 0x000000064cd00000 space 1024K, 100% used [0x000000064cc00000, 0x000000064cd00000)
AC   0  O    TS     0 PTAMS 0x000000064cdffff0 NTAMS 0x000000064cdffff0 space 1024K,  99% used [0x000000064cd00000, 0x000000064ce00000)
AC   0  O    TS     0 PTAMS 0x000000064ceff830 NTAMS 0x000000064ceff830 space 1024K,  99% used [0x000000064ce00000, 0x000000064cf00000)
AC   0  O    TS     0 PTAMS 0x000000064cffcf50 NTAMS 0x000000064cffcf50 space 1024K,  98% used [0x000000064cf00000, 0x000000064d000000)
AC   0 HS    TS     0 PTAMS 0x000000064d400010 NTAMS 0x000000064d400010 space 5120K,  80% used [0x000000064d000000, 0x000000064d500000)
AC   0 HC    TS     0 PTAMS 0x000000064d100000 NTAMS 0x000000064d100000 space 1024K, 100% used [0x000000064d100000, 0x000000064d200000)
AC   0 HC    TS     0 PTAMS 0x000000064d200000 NTAMS 0x000000064d200000 space 1024K, 100% used [0x000000064d200000, 0x000000064d300000)
AC   0 HC    TS     0 PTAMS 0x000000064d300000 NTAMS 0x000000064d300000 space 1024K, 100% used [0x000000064d300000, 0x000000064d400000)
AC   0 HC    TS     0 PTAMS 0x000000064d400000 NTAMS 0x000000064d400000 space 1024K,   0% used [0x000000064d400000, 0x000000064d500000)
AC   0  O    TS     0 PTAMS 0x000000064d5ff818 NTAMS 0x000000064d5ff818 space 1024K,  99% used [0x000000064d500000, 0x000000064d600000)
AC   0  O    TS     0 PTAMS 0x000000064d6fff08 NTAMS 0x000000064d6fff08 space 1024K,  99% used [0x000000064d600000, 0x000000064d700000)
AC   0  O    TS     0 PTAMS 0x000000064d7fec98 NTAMS 0x000000064d7fec98 space 1024K,  99% used [0x000000064d700000, 0x000000064d800000)
AC   0  O    TS     0 PTAMS 0x000000064d8ffff8 NTAMS 0x000000064d8ffff8 space 1024K,  99% used [0x000000064d800000, 0x000000064d900000)
AC   0  O    TS     0 PTAMS 0x000000064da00000 NTAMS 0x000000064da00000 space 1024K, 100% used [0x000000064d900000, 0x000000064da00000)
AC   0  O    TS     0 PTAMS 0x000000064dafff38 NTAMS 0x000000064dafff38 space 1024K,  99% used [0x000000064da00000, 0x000000064db00000)
AC   0  O    TS     0 PTAMS 0x000000064dbfff98 NTAMS 0x000000064dbfff98 space 1024K,  99% used [0x000000064db00000, 0x000000064dc00000)
AC   0  O    TS     0 PTAMS 0x000000064dcfe990 NTAMS 0x000000064dcfe990 space 1024K,  99% used [0x000000064dc00000, 0x000000064dd00000)
AC   0  O    TS     0 PTAMS 0x000000064ddfff18 NTAMS 0x000000064ddfff18 space 1024K,  99% used [0x000000064dd00000, 0x000000064de00000)
AC   0  O    TS     0 PTAMS 0x000000064defff80 NTAMS 0x000000064defff80 space 1024K,  99% used [0x000000064de00000, 0x000000064df00000)
AC   0  O    TS     0 PTAMS 0x000000064dffffc8 NTAMS 0x000000064dffffc8 space 1024K,  99% used [0x000000064df00000, 0x000000064e000000)
AC   0  O    TS     0 PTAMS 0x000000064e0fff30 NTAMS 0x000000064e0fff30 space 1024K,  99% used [0x000000064e000000, 0x000000064e100000)
AC   0  O    TS     0 PTAMS 0x000000064e200000 NTAMS 0x000000064e200000 space 1024K, 100% used [0x000000064e100000, 0x000000064e200000)
AC   0  O    TS     0 PTAMS 0x000000064e2fb3f8 NTAMS 0x000000064e2fb3f8 space 1024K,  98% used [0x000000064e200000, 0x000000064e300000)
AC   0  O    TS     0 PTAMS 0x000000064e3ffe48 NTAMS 0x000000064e3ffe48 space 1024K,  99% used [0x000000064e300000, 0x000000064e400000)
AC   0  O    TS     0 PTAMS 0x000000064e4ffe50 NTAMS 0x000000064e4ffe50 space 1024K,  99% used [0x000000064e400000, 0x000000064e500000)
AC   0  O    TS     0 PTAMS 0x000000064e5ffff8 NTAMS 0x000000064e5ffff8 space 1024K,  99% used [0x000000064e500000, 0x000000064e600000)
AC   0  O    TS     0 PTAMS 0x000000064e6fffe8 NTAMS 0x000000064e6fffe8 space 1024K,  99% used [0x000000064e600000, 0x000000064e700000)
AC   0  O    TS     0 PTAMS 0x000000064e800000 NTAMS 0x000000064e800000 space 1024K, 100% used [0x000000064e700000, 0x000000064e800000)
AC   0  O    TS     0 PTAMS 0x000000064e8fe3f8 NTAMS 0x000000064e8fe3f8 space 1024K,  99% used [0x000000064e800000, 0x000000064e900000)
AC   0  O    TS     0 PTAMS 0x000000064e9fffd0 NTAMS 0x000000064e9fffd0 space 1024K,  99% used [0x000000064e900000, 0x000000064ea00000)
AC   0  O    TS     0 PTAMS 0x000000064eaffff8 NTAMS 0x000000064eaffff8 space 1024K,  99% used [0x000000064ea00000, 0x000000064eb00000)
AC   0  O    TS     0 PTAMS 0x000000064ebff890 NTAMS 0x000000064ebff890 space 1024K,  99% used [0x000000064eb00000, 0x000000064ec00000)
AC   0  O    TS     0 PTAMS 0x000000064ecffff0 NTAMS 0x000000064ecffff0 space 1024K,  99% used [0x000000064ec00000, 0x000000064ed00000)
AC   0  O    TS     0 PTAMS 0x000000064edffff0 NTAMS 0x000000064edffff0 space 1024K,  99% used [0x000000064ed00000, 0x000000064ee00000)
AC   0  O    TS     0 PTAMS 0x000000064eeffff0 NTAMS 0x000000064eeffff0 space 1024K,  99% used [0x000000064ee00000, 0x000000064ef00000)
AC   0  O    TS     0 PTAMS 0x000000064efff900 NTAMS 0x000000064efff900 space 1024K,  99% used [0x000000064ef00000, 0x000000064f000000)
AC   0  O    TS     0 PTAMS 0x000000064f0fe640 NTAMS 0x000000064f0fe640 space 1024K,  99% used [0x000000064f000000, 0x000000064f100000)
AC   0  O    TS     0 PTAMS 0x000000064f1fd1b8 NTAMS 0x000000064f1fd1b8 space 1024K,  98% used [0x000000064f100000, 0x000000064f200000)
AC   0  O    TS     0 PTAMS 0x000000064f2fffa8 NTAMS 0x000000064f2fffa8 space 1024K,  99% used [0x000000064f200000, 0x000000064f300000)
AC   0  O    TS     0 PTAMS 0x000000064f3ffff8 NTAMS 0x000000064f3ffff8 space 1024K,  99% used [0x000000064f300000, 0x000000064f400000)
AC   0  O    TS     0 PTAMS 0x000000064f500000 NTAMS 0x000000064f500000 space 1024K, 100% used [0x000000064f400000, 0x000000064f500000)
AC   0  O    TS     0 PTAMS 0x000000064f5ffcd0 NTAMS 0x000000064f5ffcd0 space 1024K,  99% used [0x000000064f500000, 0x000000064f600000)
AC   0  O    TS     0 PTAMS 0x000000064f6fffe8 NTAMS 0x000000064f6fffe8 space 1024K,  99% used [0x000000064f600000, 0x000000064f700000)
AC   0  O    TS     0 PTAMS 0x000000064f7ffb50 NTAMS 0x000000064f7ffb50 space 1024K,  99% used [0x000000064f700000, 0x000000064f800000)
AC   0  O    TS     0 PTAMS 0x000000064f8ffff8 NTAMS 0x000000064f8ffff8 space 1024K,  99% used [0x000000064f800000, 0x000000064f900000)
AC   0  O    TS     0 PTAMS 0x000000064f9fffe0 NTAMS 0x000000064f9fffe0 space 1024K,  99% used [0x000000064f900000, 0x000000064fa00000)
AC   0  O    TS     0 PTAMS 0x000000064faffff0 NTAMS 0x000000064faffff0 space 1024K,  99% used [0x000000064fa00000, 0x000000064fb00000)
AC   0  O    TS     0 PTAMS 0x000000064fc00000 NTAMS 0x000000064fc00000 space 1024K, 100% used [0x000000064fb00000, 0x000000064fc00000)
AC   0  O    TS     0 PTAMS 0x000000064fcfffe8 NTAMS 0x000000064fcfffe8 space 1024K,  99% used [0x000000064fc00000, 0x000000064fd00000)
AC   0  O    TS     0 PTAMS 0x000000064fdfffe8 NTAMS 0x000000064fdfffe8 space 1024K,  99% used [0x000000064fd00000, 0x000000064fe00000)
AC   0  O    TS     0 PTAMS 0x000000064feff9e8 NTAMS 0x000000064feff9e8 space 1024K,  99% used [0x000000064fe00000, 0x000000064ff00000)
AC   0  O    TS     0 PTAMS 0x000000064ffff988 NTAMS 0x000000064ffff988 space 1024K,  99% used [0x000000064ff00000, 0x0000000650000000)
AC   0  O    TS     0 PTAMS 0x00000006500f8bf0 NTAMS 0x00000006500f8bf0 space 1024K,  97% used [0x0000000650000000, 0x0000000650100000)
AC   0  O    TS     0 PTAMS 0x00000006501ffc20 NTAMS 0x00000006501ffc20 space 1024K,  99% used [0x0000000650100000, 0x0000000650200000)
AC   0  O    TS     0 PTAMS 0x00000006502ffb90 NTAMS 0x00000006502ffb90 space 1024K,  99% used [0x0000000650200000, 0x0000000650300000)
AC   0  O    TS     0 PTAMS 0x00000006503ffff0 NTAMS 0x00000006503ffff0 space 1024K,  99% used [0x0000000650300000, 0x0000000650400000)
AC   0  O    TS     0 PTAMS 0x0000000650500000 NTAMS 0x0000000650500000 space 1024K, 100% used [0x0000000650400000, 0x0000000650500000)
AC   0  O    TS     0 PTAMS 0x00000006505ffbd0 NTAMS 0x00000006505ffbd0 space 1024K,  99% used [0x0000000650500000, 0x0000000650600000)
AC   0  O    TS     0 PTAMS 0x00000006506ffd20 NTAMS 0x00000006506ffd20 space 1024K,  99% used [0x0000000650600000, 0x0000000650700000)
AC   0  O    TS     0 PTAMS 0x00000006507ffba8 NTAMS 0x00000006507ffba8 space 1024K,  99% used [0x0000000650700000, 0x0000000650800000)
AC   0  O    TS     0 PTAMS 0x00000006508ffb08 NTAMS 0x00000006508ffb08 space 1024K,  99% used [0x0000000650800000, 0x0000000650900000)
AC   0  O    TS     0 PTAMS 0x00000006509ffc50 NTAMS 0x00000006509ffc50 space 1024K,  99% used [0x0000000650900000, 0x0000000650a00000)
AC   0  O    TS     0 PTAMS 0x0000000650affb28 NTAMS 0x0000000650affb28 space 1024K,  99% used [0x0000000650a00000, 0x0000000650b00000)
AC   0  O    TS     0 PTAMS 0x0000000650bfff00 NTAMS 0x0000000650bfff00 space 1024K,  99% used [0x0000000650b00000, 0x0000000650c00000)
AC   0  O    TS     0 PTAMS 0x0000000650cffde0 NTAMS 0x0000000650cffde0 space 1024K,  99% used [0x0000000650c00000, 0x0000000650d00000)
AC   0  O    TS     0 PTAMS 0x0000000650dffd68 NTAMS 0x0000000650dffd68 space 1024K,  99% used [0x0000000650d00000, 0x0000000650e00000)
AC   0  O    TS     0 PTAMS 0x0000000650effa98 NTAMS 0x0000000650effa98 space 1024K,  99% used [0x0000000650e00000, 0x0000000650f00000)
AC   0  O    TS     0 PTAMS 0x0000000650fffea0 NTAMS 0x0000000650fffea0 space 1024K,  99% used [0x0000000650f00000, 0x0000000651000000)
AC   0  O    TS     0 PTAMS 0x00000006510ffa50 NTAMS 0x00000006510ffa50 space 1024K,  99% used [0x0000000651000000, 0x0000000651100000)
AC   0  O    TS     0 PTAMS 0x00000006511ffa48 NTAMS 0x00000006511ffa48 space 1024K,  99% used [0x0000000651100000, 0x0000000651200000)
AC   0  O    TS     0 PTAMS 0x00000006512ffbf8 NTAMS 0x00000006512ffbf8 space 1024K,  99% used [0x0000000651200000, 0x0000000651300000)
AC   0  O    TS     0 PTAMS 0x00000006513ffd78 NTAMS 0x00000006513ffd78 space 1024K,  99% used [0x0000000651300000, 0x0000000651400000)
AC   0  O    TS     0 PTAMS 0x00000006514ffcc8 NTAMS 0x00000006514ffcc8 space 1024K,  99% used [0x0000000651400000, 0x0000000651500000)
AC   0  O    TS     0 PTAMS 0x00000006515fffe8 NTAMS 0x00000006515fffe8 space 1024K,  99% used [0x0000000651500000, 0x0000000651600000)
AC   0  O    TS     0 PTAMS 0x00000006516ffdc0 NTAMS 0x00000006516ffdc0 space 1024K,  99% used [0x0000000651600000, 0x0000000651700000)
AC   0  O    TS     0 PTAMS 0x00000006517ffff8 NTAMS 0x00000006517ffff8 space 1024K,  99% used [0x0000000651700000, 0x0000000651800000)
AC   0  O    TS     0 PTAMS 0x00000006518ff9e0 NTAMS 0x00000006518ff9e0 space 1024K,  99% used [0x0000000651800000, 0x0000000651900000)
AC   0  O    TS     0 PTAMS 0x00000006519ff828 NTAMS 0x00000006519ff828 space 1024K,  99% used [0x0000000651900000, 0x0000000651a00000)
AC   0  O    TS     0 PTAMS 0x0000000651affff0 NTAMS 0x0000000651affff0 space 1024K,  99% used [0x0000000651a00000, 0x0000000651b00000)
AC   0  O    TS     0 PTAMS 0x0000000651bffed0 NTAMS 0x0000000651bffed0 space 1024K,  99% used [0x0000000651b00000, 0x0000000651c00000)
AC   0  O    TS     0 PTAMS 0x0000000651cffba0 NTAMS 0x0000000651cffba0 space 1024K,  99% used [0x0000000651c00000, 0x0000000651d00000)
AC   0  O    TS     0 PTAMS 0x0000000651dffff8 NTAMS 0x0000000651dffff8 space 1024K,  99% used [0x0000000651d00000, 0x0000000651e00000)
AC   0  O    TS     0 PTAMS 0x0000000651effd18 NTAMS 0x0000000651effd18 space 1024K,  99% used [0x0000000651e00000, 0x0000000651f00000)
AC   0  O    TS     0 PTAMS 0x0000000651fff810 NTAMS 0x0000000651fff810 space 1024K,  99% used [0x0000000651f00000, 0x0000000652000000)
AC   0  O    TS     0 PTAMS 0x00000006520ffc48 NTAMS 0x00000006520ffc48 space 1024K,  99% used [0x0000000652000000, 0x0000000652100000)
AC   0  O    TS     0 PTAMS 0x00000006521ff908 NTAMS 0x00000006521ff908 space 1024K,  99% used [0x0000000652100000, 0x0000000652200000)
AC   0  O    TS     0 PTAMS 0x00000006522fff08 NTAMS 0x00000006522fff08 space 1024K,  99% used [0x0000000652200000, 0x0000000652300000)
AC   0  O    TS     0 PTAMS 0x00000006523ffd58 NTAMS 0x00000006523ffd58 space 1024K,  99% used [0x0000000652300000, 0x0000000652400000)
AC   0  O    TS     0 PTAMS 0x00000006524ffb80 NTAMS 0x00000006524ffb80 space 1024K,  99% used [0x0000000652400000, 0x0000000652500000)
AC   0  O    TS     0 PTAMS 0x00000006525ff960 NTAMS 0x00000006525ff960 space 1024K,  99% used [0x0000000652500000, 0x0000000652600000)
AC   0  O    TS     0 PTAMS 0x00000006526ffc68 NTAMS 0x00000006526ffc68 space 1024K,  99% used [0x0000000652600000, 0x0000000652700000)
AC   0  O    TS     0 PTAMS 0x00000006527ffac0 NTAMS 0x00000006527ffac0 space 1024K,  99% used [0x0000000652700000, 0x0000000652800000)
AC   0  O    TS     0 PTAMS 0x00000006528ff910 NTAMS 0x00000006528ff910 space 1024K,  99% used [0x0000000652800000, 0x0000000652900000)
AC   0  O    TS     0 PTAMS 0x00000006529ff980 NTAMS 0x00000006529ff980 space 1024K,  99% used [0x0000000652900000, 0x0000000652a00000)
AC   0  O    TS     0 PTAMS 0x0000000652affc38 NTAMS 0x0000000652affc38 space 1024K,  99% used [0x0000000652a00000, 0x0000000652b00000)
AC   0  O    TS     0 PTAMS 0x0000000652b63a30 NTAMS 0x0000000652b63a30 space 1024K,  38% used [0x0000000652b00000, 0x0000000652c00000)
AC   0  O    TS     0 PTAMS 0x0000000652d00000 NTAMS 0x0000000652d00000 space 1024K, 100% used [0x0000000652c00000, 0x0000000652d00000)
AC   0  O    TS     0 PTAMS 0x0000000652e00000 NTAMS 0x0000000652e00000 space 1024K, 100% used [0x0000000652d00000, 0x0000000652e00000)
AC   0  O    TS     0 PTAMS 0x0000000652f00000 NTAMS 0x0000000652f00000 space 1024K, 100% used [0x0000000652e00000, 0x0000000652f00000)
AC   0  S CS TS     0 PTAMS 0x0000000652f00000 NTAMS 0x0000000652f00000 space 1024K, 100% used [0x0000000652f00000, 0x0000000653000000)
AC   0  S CS TS     0 PTAMS 0x0000000653000000 NTAMS 0x0000000653000000 space 1024K, 100% used [0x0000000653000000, 0x0000000653100000)
AC   0  S CS TS     0 PTAMS 0x0000000653100000 NTAMS 0x0000000653100000 space 1024K, 100% used [0x0000000653100000, 0x0000000653200000)
AC   0  S CS TS     0 PTAMS 0x0000000653200000 NTAMS 0x0000000653200000 space 1024K, 100% used [0x0000000653200000, 0x0000000653300000)
AC   0  S CS TS     0 PTAMS 0x0000000653300000 NTAMS 0x0000000653300000 space 1024K, 100% used [0x0000000653300000, 0x0000000653400000)
AC   0  S CS TS     0 PTAMS 0x0000000653400000 NTAMS 0x0000000653400000 space 1024K, 100% used [0x0000000653400000, 0x0000000653500000)
AC   0  S CS TS     0 PTAMS 0x0000000653500000 NTAMS 0x0000000653500000 space 1024K, 100% used [0x0000000653500000, 0x0000000653600000)
AC   0  F    TS     0 PTAMS 0x0000000653600000 NTAMS 0x0000000653600000 space 1024K,   0% used [0x0000000653600000, 0x0000000653700000)
AC   0  O    TS     0 PTAMS 0x0000000653800000 NTAMS 0x0000000653800000 space 1024K, 100% used [0x0000000653700000, 0x0000000653800000)
AC   0  O    TS     0 PTAMS 0x0000000653900000 NTAMS 0x0000000653900000 space 1024K, 100% used [0x0000000653800000, 0x0000000653900000)
AC   0  O    TS     0 PTAMS 0x0000000653a00000 NTAMS 0x0000000653a00000 space 1024K, 100% used [0x0000000653900000, 0x0000000653a00000)
AC   0  O    TS     0 PTAMS 0x0000000653b00000 NTAMS 0x0000000653b00000 space 1024K, 100% used [0x0000000653a00000, 0x0000000653b00000)
AC   0  O    TS     0 PTAMS 0x0000000653c00000 NTAMS 0x0000000653c00000 space 1024K, 100% used [0x0000000653b00000, 0x0000000653c00000)
AC   0  O    TS     0 PTAMS 0x0000000653d00000 NTAMS 0x0000000653d00000 space 1024K, 100% used [0x0000000653c00000, 0x0000000653d00000)
AC   0  O    TS     0 PTAMS 0x0000000653e00000 NTAMS 0x0000000653e00000 space 1024K, 100% used [0x0000000653d00000, 0x0000000653e00000)
AC   0  O    TS     0 PTAMS 0x0000000653f00000 NTAMS 0x0000000653f00000 space 1024K, 100% used [0x0000000653e00000, 0x0000000653f00000)
AC   0  O    TS     0 PTAMS 0x0000000654000000 NTAMS 0x0000000654000000 space 1024K, 100% used [0x0000000653f00000, 0x0000000654000000)
AC   0  O    TS     0 PTAMS 0x0000000654100000 NTAMS 0x0000000654100000 space 1024K, 100% used [0x0000000654000000, 0x0000000654100000)
AC   0  O    TS     0 PTAMS 0x0000000654200000 NTAMS 0x0000000654200000 space 1024K, 100% used [0x0000000654100000, 0x0000000654200000)
AC   0  O    TS     0 PTAMS 0x0000000654300000 NTAMS 0x0000000654300000 space 1024K, 100% used [0x0000000654200000, 0x0000000654300000)
AC   0 HS    TS     0 PTAMS 0x0000000654300000 NTAMS 0x0000000654300000 space 4096K,  75% used [0x0000000654300000, 0x0000000654700000)
AC   0 HC    TS     0 PTAMS 0x0000000654400000 NTAMS 0x0000000654400000 space 1024K, 100% used [0x0000000654400000, 0x0000000654500000)
AC   0 HC    TS     0 PTAMS 0x0000000654500000 NTAMS 0x0000000654500000 space 1024K, 100% used [0x0000000654500000, 0x0000000654600000)
AC   0 HC    TS     0 PTAMS 0x0000000654600000 NTAMS 0x0000000654600000 space 1024K,   0% used [0x0000000654600000, 0x0000000654700000)
AC   0  F    TS     0 PTAMS 0x0000000654700000 NTAMS 0x0000000654700000 space 1024K,   0% used [0x0000000654700000, 0x0000000654800000)
AC   0  F    TS     0 PTAMS 0x0000000654800000 NTAMS 0x0000000654800000 space 1024K,   0% used [0x0000000654800000, 0x0000000654900000)
AC   0  F    TS     0 PTAMS 0x0000000654900000 NTAMS 0x0000000654900000 space 1024K,   0% used [0x0000000654900000, 0x0000000654a00000)
AC   0  F    TS     0 PTAMS 0x0000000654a00000 NTAMS 0x0000000654a00000 space 1024K,   0% used [0x0000000654a00000, 0x0000000654b00000)
AC   0  F    TS     0 PTAMS 0x0000000654b00000 NTAMS 0x0000000654b00000 space 1024K,   0% used [0x0000000654b00000, 0x0000000654c00000)
AC   0  F    TS     0 PTAMS 0x0000000654c00000 NTAMS 0x0000000654c00000 space 1024K,   0% used [0x0000000654c00000, 0x0000000654d00000)
AC   0  F    TS     0 PTAMS 0x0000000654d00000 NTAMS 0x0000000654d00000 space 1024K,   0% used [0x0000000654d00000, 0x0000000654e00000)
AC   0  F    TS     0 PTAMS 0x0000000654e00000 NTAMS 0x0000000654e00000 space 1024K,   0% used [0x0000000654e00000, 0x0000000654f00000)
AC   0  F    TS     0 PTAMS 0x0000000654f00000 NTAMS 0x0000000654f00000 space 1024K,   0% used [0x0000000654f00000, 0x0000000655000000)
AC   0  F    TS     0 PTAMS 0x0000000655000000 NTAMS 0x0000000655000000 space 1024K,   0% used [0x0000000655000000, 0x0000000655100000)
AC   0  F    TS     0 PTAMS 0x0000000655100000 NTAMS 0x0000000655100000 space 1024K,   0% used [0x0000000655100000, 0x0000000655200000)
AC   0  F    TS     0 PTAMS 0x0000000655200000 NTAMS 0x0000000655200000 space 1024K,   0% used [0x0000000655200000, 0x0000000655300000)
AC   0  F    TS     0 PTAMS 0x0000000655300000 NTAMS 0x0000000655300000 space 1024K,   0% used [0x0000000655300000, 0x0000000655400000)
AC   0  F    TS     0 PTAMS 0x0000000655400000 NTAMS 0x0000000655400000 space 1024K,   0% used [0x0000000655400000, 0x0000000655500000)
AC   0  F    TS     0 PTAMS 0x0000000655500000 NTAMS 0x0000000655500000 space 1024K,   0% used [0x0000000655500000, 0x0000000655600000)
AC   0  F    TS     0 PTAMS 0x0000000655600000 NTAMS 0x0000000655600000 space 1024K,   0% used [0x0000000655600000, 0x0000000655700000)
AC   0  F    TS     0 PTAMS 0x0000000655700000 NTAMS 0x0000000655700000 space 1024K,   0% used [0x0000000655700000, 0x0000000655800000)
AC   0  F    TS     0 PTAMS 0x0000000655800000 NTAMS 0x0000000655800000 space 1024K,   0% used [0x0000000655800000, 0x0000000655900000)
AC   0  F    TS     0 PTAMS 0x0000000655900000 NTAMS 0x0000000655900000 space 1024K,   0% used [0x0000000655900000, 0x0000000655a00000)
AC   0  F    TS     0 PTAMS 0x0000000655a00000 NTAMS 0x0000000655a00000 space 1024K,   0% used [0x0000000655a00000, 0x0000000655b00000)
AC   0  F    TS     0 PTAMS 0x0000000655b00000 NTAMS 0x0000000655b00000 space 1024K,   0% used [0x0000000655b00000, 0x0000000655c00000)
AC   0  F    TS     0 PTAMS 0x0000000655c00000 NTAMS 0x0000000655c00000 space 1024K,   0% used [0x0000000655c00000, 0x0000000655d00000)
AC   0  F    TS     0 PTAMS 0x0000000655d00000 NTAMS 0x0000000655d00000 space 1024K,   0% used [0x0000000655d00000, 0x0000000655e00000)
AC   0  F    TS     0 PTAMS 0x0000000655e00000 NTAMS 0x0000000655e00000 space 1024K,   0% used [0x0000000655e00000, 0x0000000655f00000)
AC   0  F    TS     0 PTAMS 0x0000000655f00000 NTAMS 0x0000000655f00000 space 1024K,   0% used [0x0000000655f00000, 0x0000000656000000)
AC   0  F    TS     0 PTAMS 0x0000000656000000 NTAMS 0x0000000656000000 space 1024K,   0% used [0x0000000656000000, 0x0000000656100000)
AC   0  F    TS     0 PTAMS 0x0000000656100000 NTAMS 0x0000000656100000 space 1024K,   0% used [0x0000000656100000, 0x0000000656200000)
AC   0  F    TS     0 PTAMS 0x0000000656200000 NTAMS 0x0000000656200000 space 1024K,   0% used [0x0000000656200000, 0x0000000656300000)
AC   0  F    TS     0 PTAMS 0x0000000656300000 NTAMS 0x0000000656300000 space 1024K,   0% used [0x0000000656300000, 0x0000000656400000)
AC   0  F    TS     0 PTAMS 0x0000000656400000 NTAMS 0x0000000656400000 space 1024K,   0% used [0x0000000656400000, 0x0000000656500000)
AC   0  F    TS     0 PTAMS 0x0000000656500000 NTAMS 0x0000000656500000 space 1024K,   0% used [0x0000000656500000, 0x0000000656600000)
AC   0  F    TS     0 PTAMS 0x0000000656600000 NTAMS 0x0000000656600000 space 1024K,   0% used [0x0000000656600000, 0x0000000656700000)
AC   0  F    TS     0 PTAMS 0x0000000656700000 NTAMS 0x0000000656700000 space 1024K,   0% used [0x0000000656700000, 0x0000000656800000)
AC   0  F    TS     0 PTAMS 0x0000000656800000 NTAMS 0x0000000656800000 space 1024K,   0% used [0x0000000656800000, 0x0000000656900000)
AC   0  F    TS     0 PTAMS 0x0000000656900000 NTAMS 0x0000000656900000 space 1024K,   0% used [0x0000000656900000, 0x0000000656a00000)
AC   0  F    TS     0 PTAMS 0x0000000656a00000 NTAMS 0x0000000656a00000 space 1024K,   0% used [0x0000000656a00000, 0x0000000656b00000)
AC   0  F    TS     0 PTAMS 0x0000000656b00000 NTAMS 0x0000000656b00000 space 1024K,   0% used [0x0000000656b00000, 0x0000000656c00000)
AC   0  F    TS     0 PTAMS 0x0000000656c00000 NTAMS 0x0000000656c00000 space 1024K,   0% used [0x0000000656c00000, 0x0000000656d00000)
AC   0  F    TS     0 PTAMS 0x0000000656d00000 NTAMS 0x0000000656d00000 space 1024K,   0% used [0x0000000656d00000, 0x0000000656e00000)
AC   0  F    TS     0 PTAMS 0x0000000656e00000 NTAMS 0x0000000656e00000 space 1024K,   0% used [0x0000000656e00000, 0x0000000656f00000)
AC   0  F    TS     0 PTAMS 0x0000000656f00000 NTAMS 0x0000000656f00000 space 1024K,   0% used [0x0000000656f00000, 0x0000000657000000)
AC   0  F    TS     0 PTAMS 0x0000000657000000 NTAMS 0x0000000657000000 space 1024K,   0% used [0x0000000657000000, 0x0000000657100000)
AC   0  F    TS     0 PTAMS 0x0000000657100000 NTAMS 0x0000000657100000 space 1024K,   0% used [0x0000000657100000, 0x0000000657200000)
AC   0  F    TS     0 PTAMS 0x0000000657200000 NTAMS 0x0000000657200000 space 1024K,   0% used [0x0000000657200000, 0x0000000657300000)
AC   0  F    TS     0 PTAMS 0x0000000657300000 NTAMS 0x0000000657300000 space 1024K,   0% used [0x0000000657300000, 0x0000000657400000)
AC   0  F    TS     0 PTAMS 0x0000000657400000 NTAMS 0x0000000657400000 space 1024K,   0% used [0x0000000657400000, 0x0000000657500000)
AC   0  F    TS     0 PTAMS 0x0000000657500000 NTAMS 0x0000000657500000 space 1024K,   0% used [0x0000000657500000, 0x0000000657600000)
AC   0  F    TS     0 PTAMS 0x0000000657600000 NTAMS 0x0000000657600000 space 1024K,   0% used [0x0000000657600000, 0x0000000657700000)
AC   0  F    TS     0 PTAMS 0x0000000657700000 NTAMS 0x0000000657700000 space 1024K,   0% used [0x0000000657700000, 0x0000000657800000)
AC   0  F    TS     0 PTAMS 0x0000000657800000 NTAMS 0x0000000657800000 space 1024K,   0% used [0x0000000657800000, 0x0000000657900000)
AC   0  F    TS     0 PTAMS 0x0000000657900000 NTAMS 0x0000000657900000 space 1024K,   0% used [0x0000000657900000, 0x0000000657a00000)
AC   0  F    TS     0 PTAMS 0x0000000657a00000 NTAMS 0x0000000657a00000 space 1024K,   0% used [0x0000000657a00000, 0x0000000657b00000)
AC   0  F    TS     0 PTAMS 0x0000000657b00000 NTAMS 0x0000000657b00000 space 1024K,   0% used [0x0000000657b00000, 0x0000000657c00000)
AC   0  F    TS     0 PTAMS 0x0000000657c00000 NTAMS 0x0000000657c00000 space 1024K,   0% used [0x0000000657c00000, 0x0000000657d00000)
AC   0  F    TS     0 PTAMS 0x0000000657d00000 NTAMS 0x0000000657d00000 space 1024K,   0% used [0x0000000657d00000, 0x0000000657e00000)
AC   0  F    TS     0 PTAMS 0x0000000657e00000 NTAMS 0x0000000657e00000 space 1024K,   0% used [0x0000000657e00000, 0x0000000657f00000)
AC   0  F    TS     0 PTAMS 0x0000000657f00000 NTAMS 0x0000000657f00000 space 1024K,   0% used [0x0000000657f00000, 0x0000000658000000)
AC   0  F    TS     0 PTAMS 0x0000000658000000 NTAMS 0x0000000658000000 space 1024K,   0% used [0x0000000658000000, 0x0000000658100000)
AC   0  F    TS     0 PTAMS 0x0000000658100000 NTAMS 0x0000000658100000 space 1024K,   0% used [0x0000000658100000, 0x0000000658200000)
AC   0  F    TS     0 PTAMS 0x0000000658200000 NTAMS 0x0000000658200000 space 1024K,   0% used [0x0000000658200000, 0x0000000658300000)
AC   0  F    TS     0 PTAMS 0x0000000658300000 NTAMS 0x0000000658300000 space 1024K,   0% used [0x0000000658300000, 0x0000000658400000)
AC   0  F    TS     0 PTAMS 0x0000000658400000 NTAMS 0x0000000658400000 space 1024K,   0% used [0x0000000658400000, 0x0000000658500000)
AC   0  F    TS     0 PTAMS 0x0000000658500000 NTAMS 0x0000000658500000 space 1024K,   0% used [0x0000000658500000, 0x0000000658600000)
AC   0  F    TS     0 PTAMS 0x0000000658600000 NTAMS 0x0000000658600000 space 1024K,   0% used [0x0000000658600000, 0x0000000658700000)
AC   0  F    TS     0 PTAMS 0x0000000658700000 NTAMS 0x0000000658700000 space 1024K,   0% used [0x0000000658700000, 0x0000000658800000)
AC   0  F    TS     0 PTAMS 0x0000000658800000 NTAMS 0x0000000658800000 space 1024K,   0% used [0x0000000658800000, 0x0000000658900000)
AC   0  F    TS     0 PTAMS 0x0000000658900000 NTAMS 0x0000000658900000 space 1024K,   0% used [0x0000000658900000, 0x0000000658a00000)
AC   0  F    TS     0 PTAMS 0x0000000658a00000 NTAMS 0x0000000658a00000 space 1024K,   0% used [0x0000000658a00000, 0x0000000658b00000)
AC   0  F    TS     0 PTAMS 0x0000000658b00000 NTAMS 0x0000000658b00000 space 1024K,   0% used [0x0000000658b00000, 0x0000000658c00000)
AC   0  F    TS     0 PTAMS 0x0000000658c00000 NTAMS 0x0000000658c00000 space 1024K,   0% used [0x0000000658c00000, 0x0000000658d00000)
AC   0  F    TS     0 PTAMS 0x0000000658d00000 NTAMS 0x0000000658d00000 space 1024K,   0% used [0x0000000658d00000, 0x0000000658e00000)
AC   0  F    TS     0 PTAMS 0x0000000658e00000 NTAMS 0x0000000658e00000 space 1024K,   0% used [0x0000000658e00000, 0x0000000658f00000)
AC   0  F    TS     0 PTAMS 0x0000000658f00000 NTAMS 0x0000000658f00000 space 1024K,   0% used [0x0000000658f00000, 0x0000000659000000)
AC   0  F    TS     0 PTAMS 0x0000000659000000 NTAMS 0x0000000659000000 space 1024K,   0% used [0x0000000659000000, 0x0000000659100000)
AC   0  F    TS     0 PTAMS 0x0000000659100000 NTAMS 0x0000000659100000 space 1024K,   0% used [0x0000000659100000, 0x0000000659200000)
AC   0  F    TS     0 PTAMS 0x0000000659200000 NTAMS 0x0000000659200000 space 1024K,   0% used [0x0000000659200000, 0x0000000659300000)
AC   0  F    TS     0 PTAMS 0x0000000659300000 NTAMS 0x0000000659300000 space 1024K,   0% used [0x0000000659300000, 0x0000000659400000)
AC   0  F    TS     0 PTAMS 0x0000000659400000 NTAMS 0x0000000659400000 space 1024K,   0% used [0x0000000659400000, 0x0000000659500000)
AC   0  F    TS     0 PTAMS 0x0000000659500000 NTAMS 0x0000000659500000 space 1024K,   0% used [0x0000000659500000, 0x0000000659600000)
AC   0  F    TS     0 PTAMS 0x0000000659600000 NTAMS 0x0000000659600000 space 1024K,   0% used [0x0000000659600000, 0x0000000659700000)
AC   0  F    TS     0 PTAMS 0x0000000659700000 NTAMS 0x0000000659700000 space 1024K,   0% used [0x0000000659700000, 0x0000000659800000)
AC   0  F    TS     0 PTAMS 0x0000000659800000 NTAMS 0x0000000659800000 space 1024K,   0% used [0x0000000659800000, 0x0000000659900000)
AC   0  F    TS     0 PTAMS 0x0000000659900000 NTAMS 0x0000000659900000 space 1024K,   0% used [0x0000000659900000, 0x0000000659a00000)
AC   0  F    TS     0 PTAMS 0x0000000659a00000 NTAMS 0x0000000659a00000 space 1024K,   0% used [0x0000000659a00000, 0x0000000659b00000)
AC   0  E    TS     0 PTAMS 0x0000000659b00000 NTAMS 0x0000000659b00000 space 1024K,  50% used [0x0000000659b00000, 0x0000000659c00000)
AC   0  E CS TS     0 PTAMS 0x0000000659c00000 NTAMS 0x0000000659c00000 space 1024K, 100% used [0x0000000659c00000, 0x0000000659d00000)
AC   0  E CS TS     0 PTAMS 0x0000000659d00000 NTAMS 0x0000000659d00000 space 1024K, 100% used [0x0000000659d00000, 0x0000000659e00000)
AC   0  E CS TS     0 PTAMS 0x0000000659e00000 NTAMS 0x0000000659e00000 space 1024K, 100% used [0x0000000659e00000, 0x0000000659f00000)
AC   0  E CS TS     0 PTAMS 0x0000000659f00000 NTAMS 0x0000000659f00000 space 1024K, 100% used [0x0000000659f00000, 0x000000065a000000)
AC   0  E CS TS     0 PTAMS 0x000000065a000000 NTAMS 0x000000065a000000 space 1024K, 100% used [0x000000065a000000, 0x000000065a100000)
AC   0  E CS TS     0 PTAMS 0x000000065a100000 NTAMS 0x000000065a100000 space 1024K, 100% used [0x000000065a100000, 0x000000065a200000)
AC   0  E CS TS     0 PTAMS 0x000000065a200000 NTAMS 0x000000065a200000 space 1024K, 100% used [0x000000065a200000, 0x000000065a300000)
AC   0  E CS TS     0 PTAMS 0x000000065a300000 NTAMS 0x000000065a300000 space 1024K, 100% used [0x000000065a300000, 0x000000065a400000)
AC   0  E CS TS     0 PTAMS 0x000000065a400000 NTAMS 0x000000065a400000 space 1024K, 100% used [0x000000065a400000, 0x000000065a500000)
AC   0  E CS TS     0 PTAMS 0x000000065a500000 NTAMS 0x000000065a500000 space 1024K, 100% used [0x000000065a500000, 0x000000065a600000)
AC   0  E CS TS     0 PTAMS 0x000000065a600000 NTAMS 0x000000065a600000 space 1024K, 100% used [0x000000065a600000, 0x000000065a700000)
AC   0  E CS TS     0 PTAMS 0x000000065a700000 NTAMS 0x000000065a700000 space 1024K, 100% used [0x000000065a700000, 0x000000065a800000)
AC   0  E CS TS     0 PTAMS 0x000000065a800000 NTAMS 0x000000065a800000 space 1024K, 100% used [0x000000065a800000, 0x000000065a900000)
AC   0  E CS TS     0 PTAMS 0x000000065a900000 NTAMS 0x000000065a900000 space 1024K, 100% used [0x000000065a900000, 0x000000065aa00000)
AC   0  E CS TS     0 PTAMS 0x000000065aa00000 NTAMS 0x000000065aa00000 space 1024K, 100% used [0x000000065aa00000, 0x000000065ab00000)
AC   0  E CS TS     0 PTAMS 0x000000065ab00000 NTAMS 0x000000065ab00000 space 1024K, 100% used [0x000000065ab00000, 0x000000065ac00000)
AC   0  E CS TS     0 PTAMS 0x000000065ac00000 NTAMS 0x000000065ac00000 space 1024K, 100% used [0x000000065ac00000, 0x000000065ad00000)
AC   0  E CS TS     0 PTAMS 0x000000065ad00000 NTAMS 0x000000065ad00000 space 1024K, 100% used [0x000000065ad00000, 0x000000065ae00000)
AC   0  E CS TS     0 PTAMS 0x000000065ae00000 NTAMS 0x000000065ae00000 space 1024K, 100% used [0x000000065ae00000, 0x000000065af00000)
AC   0  E CS TS     0 PTAMS 0x000000065af00000 NTAMS 0x000000065af00000 space 1024K, 100% used [0x000000065af00000, 0x000000065b000000)
AC   0  E CS TS     0 PTAMS 0x000000065b000000 NTAMS 0x000000065b000000 space 1024K, 100% used [0x000000065b000000, 0x000000065b100000)
AC   0  E CS TS     0 PTAMS 0x000000065b100000 NTAMS 0x000000065b100000 space 1024K, 100% used [0x000000065b100000, 0x000000065b200000)
AC   0  E CS TS     0 PTAMS 0x000000065b200000 NTAMS 0x000000065b200000 space 1024K, 100% used [0x000000065b200000, 0x000000065b300000)
AC   0  E CS TS     0 PTAMS 0x000000065b300000 NTAMS 0x000000065b300000 space 1024K, 100% used [0x000000065b300000, 0x000000065b400000)
AC   0  E CS TS     0 PTAMS 0x000000065b400000 NTAMS 0x000000065b400000 space 1024K, 100% used [0x000000065b400000, 0x000000065b500000)
AC   0  E CS TS     0 PTAMS 0x000000065b500000 NTAMS 0x000000065b500000 space 1024K, 100% used [0x000000065b500000, 0x000000065b600000)
AC   0  E CS TS     0 PTAMS 0x000000065b600000 NTAMS 0x000000065b600000 space 1024K, 100% used [0x000000065b600000, 0x000000065b700000)
AC   0  E CS TS     0 PTAMS 0x000000065b700000 NTAMS 0x000000065b700000 space 1024K, 100% used [0x000000065b700000, 0x000000065b800000)
AC   0  O    TS     0 PTAMS 0x000000065b900000 NTAMS 0x000000065b900000 space 1024K, 100% used [0x000000065b800000, 0x000000065b900000)
AC   0  E CS TS     0 PTAMS 0x000000065b900000 NTAMS 0x000000065b900000 space 1024K, 100% used [0x000000065b900000, 0x000000065ba00000)
AC   0  E CS TS     0 PTAMS 0x000000065ba00000 NTAMS 0x000000065ba00000 space 1024K, 100% used [0x000000065ba00000, 0x000000065bb00000)
AC   0  E CS TS     0 PTAMS 0x000000065bb00000 NTAMS 0x000000065bb00000 space 1024K, 100% used [0x000000065bb00000, 0x000000065bc00000)
AC   0  E CS TS     0 PTAMS 0x000000065bc00000 NTAMS 0x000000065bc00000 space 1024K, 100% used [0x000000065bc00000, 0x000000065bd00000)
AC   0  O    TS     0 PTAMS 0x000000065be00000 NTAMS 0x000000065be00000 space 1024K, 100% used [0x000000065bd00000, 0x000000065be00000)
AC   0  E CS TS     0 PTAMS 0x000000065be00000 NTAMS 0x000000065be00000 space 1024K, 100% used [0x000000065be00000, 0x000000065bf00000)
AC   0  E CS TS     0 PTAMS 0x000000065bf00000 NTAMS 0x000000065bf00000 space 1024K, 100% used [0x000000065bf00000, 0x000000065c000000)
AC   0  O    TS     0 PTAMS 0x000000065c100000 NTAMS 0x000000065c100000 space 1024K, 100% used [0x000000065c000000, 0x000000065c100000)
AC   0  O    TS     0 PTAMS 0x000000065c200000 NTAMS 0x000000065c200000 space 1024K, 100% used [0x000000065c100000, 0x000000065c200000)
AC   0  E CS TS     0 PTAMS 0x000000065c200000 NTAMS 0x000000065c200000 space 1024K, 100% used [0x000000065c200000, 0x000000065c300000)
AC   0  O    TS     0 PTAMS 0x000000065c400000 NTAMS 0x000000065c400000 space 1024K, 100% used [0x000000065c300000, 0x000000065c400000)
AC   0  O    TS     0 PTAMS 0x000000065c500000 NTAMS 0x000000065c500000 space 1024K, 100% used [0x000000065c400000, 0x000000065c500000)
AC   0  E CS TS     0 PTAMS 0x000000065c500000 NTAMS 0x000000065c500000 space 1024K, 100% used [0x000000065c500000, 0x000000065c600000)
AC   0  O    TS     0 PTAMS 0x000000065c700000 NTAMS 0x000000065c700000 space 1024K, 100% used [0x000000065c600000, 0x000000065c700000)
AC   0  O    TS     0 PTAMS 0x000000065c800000 NTAMS 0x000000065c800000 space 1024K, 100% used [0x000000065c700000, 0x000000065c800000)
AC   0  E CS TS     0 PTAMS 0x000000065c800000 NTAMS 0x000000065c800000 space 1024K, 100% used [0x000000065c800000, 0x000000065c900000)
AC   0  O    TS     0 PTAMS 0x000000065ca00000 NTAMS 0x000000065ca00000 space 1024K, 100% used [0x000000065c900000, 0x000000065ca00000)
AC   0  O    TS     0 PTAMS 0x000000065cb00000 NTAMS 0x000000065cb00000 space 1024K, 100% used [0x000000065ca00000, 0x000000065cb00000)
AC   0  E CS TS     0 PTAMS 0x000000065cb00000 NTAMS 0x000000065cb00000 space 1024K, 100% used [0x000000065cb00000, 0x000000065cc00000)
AC   0  S CS TS     0 PTAMS 0x000000065cc00000 NTAMS 0x000000065cc00000 space 1024K,  49% used [0x000000065cc00000, 0x000000065cd00000)

Card table byte_map: [0x0000000016640000,0x0000000017200000] byte_map_base: 0x00000000133f8000

Marking Bits (Prev, Next): (CMBitMap*) 0x0000000004d2fcc8, (CMBitMap*) 0x0000000004d2fd20
 Prev Bits: [0x0000000017dc0000, 0x000000001db80000)
 Next Bits: [0x000000001db80000, 0x0000000023940000)

Polling page: 0x0000000004ad0000

CodeCache: size=245760Kb used=19158Kb max_used=19164Kb free=226601Kb
 bounds [0x0000000004dc0000, 0x00000000060a0000, 0x0000000013dc0000]
 total_blobs=6681 nmethods=5789 adapters=802
 compilation: enabled

Compilation events (10 events):
Event: 34.349 Thread 0x0000000027417000 nmethod 7481 0x0000000005eb5590 code [0x0000000005eb5720, 0x0000000005eb5b68]
Event: 34.349 Thread 0x0000000027417000 7482       3       bui::k (59 bytes)
Event: 34.350 Thread 0x0000000027416000 7484       4       org.lwjgl.MemoryUtil::getAddress (9 bytes)
Event: 34.350 Thread 0x0000000027417000 nmethod 7482 0x0000000005eb4b10 code [0x0000000005eb4cc0, 0x0000000005eb5328]
Event: 34.350 Thread 0x0000000027417000 7483       3       buj::a (530 bytes)
Event: 34.351 Thread 0x0000000027416000 nmethod 7484 0x0000000005de9c90 code [0x0000000005de9dc0, 0x0000000005de9e38]
Event: 34.364 Thread 0x000000002740e000 nmethod 7480 0x0000000005d741d0 code [0x0000000005d74340, 0x0000000005d74e18]
Event: 34.364 Thread 0x000000002740e000 7485       4       shadersmod.client.ShadersTex::bindTexture (64 bytes)
Event: 34.365 Thread 0x0000000027416000 7486       4       org.lwjgl.opengl.GL11::glLoadIdentity (18 bytes)
Event: 34.366 Thread 0x0000000027416000 nmethod 7486 0x0000000005d75bd0 code [0x0000000005d75d20, 0x0000000005d75e08]

GC Heap History (10 events):
Event: 33.011 GC heap before
{Heap before GC invocations=18 (full 3):
 garbage-first heap   total 283648K, used 280088K [0x0000000649000000, 0x00000006491008a8, 0x00000007c0000000)
  region size 1024K, 121 young (123904K), 0 survivors (0K)
 Metaspace       used 46247K, capacity 46785K, committed 47180K, reserved 1091584K
  class space    used 5807K, capacity 5933K, committed 6016K, reserved 1048576K
Event: 33.018 GC heap after
Heap after GC invocations=19 (full 3):
 garbage-first heap   total 290816K, used 162840K [0x0000000649000000, 0x00000006491008e0, 0x00000007c0000000)
  region size 1024K, 7 young (7168K), 7 survivors (7168K)
 Metaspace       used 46247K, capacity 46785K, committed 47180K, reserved 1091584K
  class space    used 5807K, capacity 5933K, committed 6016K, reserved 1048576K
}
Event: 33.156 GC heap before
{Heap before GC invocations=19 (full 3):
 garbage-first heap   total 290816K, used 286744K [0x0000000649000000, 0x00000006491008e0, 0x00000007c0000000)
  region size 1024K, 128 young (131072K), 7 survivors (7168K)
 Metaspace       used 46277K, capacity 46817K, committed 47180K, reserved 1091584K
  class space    used 5809K, capacity 5965K, committed 6016K, reserved 1048576K
Event: 33.163 GC heap after
Heap after GC invocations=20 (full 3):
 garbage-first heap   total 302080K, used 166936K [0x0000000649000000, 0x0000000649100938, 0x00000007c0000000)
  region size 1024K, 11 young (11264K), 11 survivors (11264K)
 Metaspace       used 46277K, capacity 46817K, committed 47180K, reserved 1091584K
  class space    used 5809K, capacity 5965K, committed 6016K, reserved 1048576K
}
Event: 33.550 GC heap before
{Heap before GC invocations=21 (full 3):
 garbage-first heap   total 302080K, used 286744K [0x0000000649000000, 0x0000000649100938, 0x00000007c0000000)
  region size 1024K, 128 young (131072K), 11 survivors (11264K)
 Metaspace       used 46288K, capacity 46817K, committed 47180K, reserved 1091584K
  class space    used 5809K, capacity 5965K, committed 6016K, reserved 1048576K
Event: 33.560 GC heap after
Heap after GC invocations=22 (full 3):
 garbage-first heap   total 316416K, used 181589K [0x0000000649000000, 0x00000006491009a8, 0x00000007c0000000)
  region size 1024K, 16 young (16384K), 16 survivors (16384K)
 Metaspace       used 46288K, capacity 46817K, committed 47180K, reserved 1091584K
  class space    used 5809K, capacity 5965K, committed 6016K, reserved 1048576K
}
Event: 33.751 GC heap before
{Heap before GC invocations=22 (full 3):
 garbage-first heap   total 316416K, used 296277K [0x0000000649000000, 0x00000006491009a8, 0x00000007c0000000)
  region size 1024K, 128 young (131072K), 16 survivors (16384K)
 Metaspace       used 46310K, capacity 46817K, committed 47180K, reserved 1091584K
  class space    used 5811K, capacity 5965K, committed 6016K, reserved 1048576K
Event: 33.761 GC heap after
Heap after GC invocations=23 (full 3):
 garbage-first heap   total 323584K, used 188440K [0x0000000649000000, 0x00000006491009e0, 0x00000007c0000000)
  region size 1024K, 7 young (7168K), 7 survivors (7168K)
 Metaspace       used 46310K, capacity 46817K, committed 47180K, reserved 1091584K
  class space    used 5811K, capacity 5965K, committed 6016K, reserved 1048576K
}
Event: 33.905 GC heap before
{Heap before GC invocations=23 (full 3):
 garbage-first heap   total 323584K, used 312344K [0x0000000649000000, 0x00000006491009e0, 0x00000007c0000000)
  region size 1024K, 128 young (131072K), 7 survivors (7168K)
 Metaspace       used 46335K, capacity 46881K, committed 47180K, reserved 1091584K
  class space    used 5813K, capacity 5965K, committed 6016K, reserved 1048576K
Event: 33.912 GC heap after
Heap after GC invocations=24 (full 3):
 garbage-first heap   total 324608K, used 189464K [0x0000000649000000, 0x00000006491009e8, 0x00000007c0000000)
  region size 1024K, 8 young (8192K), 8 survivors (8192K)
 Metaspace       used 46335K, capacity 46881K, committed 47180K, reserved 1091584K
  class space    used 5813K, capacity 5965K, committed 6016K, reserved 1048576K
}

Deoptimization events (10 events):
Event: 34.291 Thread 0x00000000285a6800 Uncommon trap: reason=class_check action=maybe_recompile pc=0x0000000005f4b838 method=et.a(III)Let; @ 19
Event: 34.348 Thread 0x0000000004bbe800 Uncommon trap: reason=unstable_if action=reinterpret pc=0x000000000526fd0c method=cdy.b()Z @ 4
Event: 34.348 Thread 0x0000000004bbe800 Uncommon trap: reason=unstable_if action=reinterpret pc=0x00000000050cfae4 method=cdy.b()Z @ 4
Event: 34.348 Thread 0x0000000004bbe800 Uncommon trap: reason=unstable_if action=reinterpret pc=0x0000000005b98688 method=bui.k()V @ 51
Event: 34.348 Thread 0x0000000004bbe800 Uncommon trap: reason=unstable_if action=reinterpret pc=0x0000000005288674 method=bui.k()V @ 51
Event: 34.348 Thread 0x0000000004bbe800 Uncommon trap: reason=unstable_if action=reinterpret pc=0x0000000004ee00c8 method=shadersmod.client.SVertexBuilder.endAddVertex(Lbui;)V @ 11
Event: 34.348 Thread 0x0000000004bbe800 Uncommon trap: reason=unstable_if action=reinterpret pc=0x0000000005515abc method=shadersmod.client.SVertexBuilder.endAddVertex(Lbui;)V @ 11
Event: 34.348 Thread 0x0000000004bbe800 Uncommon trap: reason=unstable_if action=reinterpret pc=0x0000000005851c70 method=shadersmod.client.SVertexBuilder.drawArrays(IIILbui;)V @ 21
Event: 34.349 Thread 0x00000000285a9800 Uncommon trap: reason=bimorphic action=maybe_recompile pc=0x0000000005d4ca48 method=java.util.concurrent.locks.AbstractQueuedSynchronizer.release(I)Z @ 2
Event: 34.349 Thread 0x0000000004bbe800 Uncommon trap: reason=unstable_if action=reinterpret pc=0x0000000004f5e618 method=cdy.b()Z @ 4

Internal exceptions (10 events):
Event: 33.743 Thread 0x0000000004bbe800 Exception <a 'java/io/FileNotFoundException'> (0x0000000655ce3b30) thrown at [C:\re\workspace\8-2-build-windows-amd64-cygwin\jdk8u131\8869\hotspot\src\share\vm\prims\jni.cpp, line 709]
Event: 33.963 Thread 0x0000000004bbe800 Exception <a 'java/io/FileNotFoundException'> (0x000000065bcdb9e0) thrown at [C:\re\workspace\8-2-build-windows-amd64-cygwin\jdk8u131\8869\hotspot\src\share\vm\prims\jni.cpp, line 709]
Event: 33.963 Thread 0x0000000004bbe800 Exception <a 'java/io/FileNotFoundException'> (0x000000065bcdc398) thrown at [C:\re\workspace\8-2-build-windows-amd64-cygwin\jdk8u131\8869\hotspot\src\share\vm\prims\jni.cpp, line 709]
Event: 33.964 Thread 0x0000000004bbe800 Exception <a 'java/io/FileNotFoundException'> (0x000000065bcdd0f8) thrown at [C:\re\workspace\8-2-build-windows-amd64-cygwin\jdk8u131\8869\hotspot\src\share\vm\prims\jni.cpp, line 709]
Event: 33.964 Thread 0x0000000004bbe800 Exception <a 'java/io/FileNotFoundException'> (0x000000065bcddad0) thrown at [C:\re\workspace\8-2-build-windows-amd64-cygwin\jdk8u131\8869\hotspot\src\share\vm\prims\jni.cpp, line 709]
Event: 34.015 Thread 0x0000000037941000 Exception <a 'java/lang/ArrayIndexOutOfBoundsException': 139> (0x000000065b9e5f48) thrown at [C:\re\workspace\8-2-build-windows-amd64-cygwin\jdk8u131\8869\hotspot\src\share\vm\interpreter\interpreterRuntime.cpp, line 366]
Event: 34.028 Thread 0x0000000037941000 Implicit null exception at 0x00000000056c2417 to 0x00000000056c2611
Event: 34.199 Thread 0x0000000004bbe800 Implicit null exception at 0x0000000005e37f50 to 0x0000000005e37fc9
Event: 34.250 Thread 0x00000000285ad000 Exception <a 'java/lang/InterruptedException'> (0x000000065a2002c8) thrown at [C:\re\workspace\8-2-build-windows-amd64-cygwin\jdk8u131\8869\hotspot\src\share\vm\runtime\objectMonitor.cpp, line 1495]
Event: 34.250 Thread 0x00000000285a8000 Exception <a 'java/lang/InterruptedException'> (0x000000065a200800) thrown at [C:\re\workspace\8-2-build-windows-amd64-cygwin\jdk8u131\8869\hotspot\src\share\vm\runtime\objectMonitor.cpp, line 1684]

Events (10 events):
Event: 34.349 Thread 0x00000000285a9800 Uncommon trap: trap_request=0xffffffc6 fr.pc=0x0000000005d4ca48
Event: 34.349 Thread 0x0000000004bbe800 Uncommon trap: trap_request=0xffffff65 fr.pc=0x0000000004f5e618
Event: 34.349 Thread 0x00000000285a9800 DEOPT PACKING pc=0x0000000005d4ca48 sp=0x000000005864eef0
Event: 34.349 Thread 0x0000000004bbe800 DEOPT PACKING pc=0x0000000004f5e618 sp=0x0000000004cbdf20
Event: 34.349 Thread 0x00000000285a9800 DEOPT UNPACKING pc=0x0000000004e0582a sp=0x000000005864eeb8 mode 2
Event: 34.349 Thread 0x0000000004bbe800 DEOPT UNPACKING pc=0x0000000004e0582a sp=0x0000000004cbde68 mode 2
Event: 34.352 Executing VM operation: CGC_Operation
Event: 34.364 Executing VM operation: CGC_Operation done
Event: 34.367 loading class com/google/common/collect/LinkedHashMultimap$ValueSet
Event: 34.367 loading class com/google/common/collect/LinkedHashMultimap$ValueSet done


Dynamic libraries:
0x00007ff643e60000 - 0x00007ff643e97000 	C:\Program Files\Java\jre1.8.0_131\bin\javaw.exe
0x00007ffe72b20000 - 0x00007ffe72d00000 	C:\WINDOWS\SYSTEM32\ntdll.dll
0x00007ffe72820000 - 0x00007ffe728cc000 	C:\WINDOWS\System32\KERNEL32.DLL
0x00007ffe6f6f0000 - 0x00007ffe6f955000 	C:\WINDOWS\System32\KERNELBASE.dll
0x00007ffe71b70000 - 0x00007ffe71c11000 	C:\WINDOWS\System32\ADVAPI32.dll
0x00007ffe721c0000 - 0x00007ffe7225d000 	C:\WINDOWS\System32\msvcrt.dll
0x00007ffe72660000 - 0x00007ffe726ba000 	C:\WINDOWS\System32\sechost.dll
0x00007ffe72510000 - 0x00007ffe72631000 	C:\WINDOWS\System32\RPCRT4.dll
0x00007ffe704b0000 - 0x00007ffe7063d000 	C:\WINDOWS\System32\USER32.dll
0x00007ffe6ef20000 - 0x00007ffe6ef40000 	C:\WINDOWS\System32\win32u.dll
0x00007ffe70170000 - 0x00007ffe70199000 	C:\WINDOWS\System32\GDI32.dll
0x00007ffe6f960000 - 0x00007ffe6faef000 	C:\WINDOWS\System32\gdi32full.dll
0x00007ffe6ff50000 - 0x00007ffe6ffec000 	C:\WINDOWS\System32\msvcp_win.dll
0x00007ffe6fbd0000 - 0x00007ffe6fcca000 	C:\WINDOWS\System32\ucrtbase.dll
0x00007ffe612e0000 - 0x00007ffe61549000 	C:\WINDOWS\WinSxS\amd64_microsoft.windows.common-controls_6595b64144ccf1df_6.0.16241.1001_none_0bf495b98fe4de46\COMCTL32.dll
0x00007ffe701a0000 - 0x00007ffe704a4000 	C:\WINDOWS\System32\combase.dll
0x00007ffe6faf0000 - 0x00007ffe6fb62000 	C:\WINDOWS\System32\bcryptPrimitives.dll
0x00007ffe723d0000 - 0x00007ffe723fd000 	C:\WINDOWS\System32\IMM32.DLL
0x0000000059650000 - 0x0000000059722000 	C:\Program Files\Java\jre1.8.0_131\bin\msvcr100.dll
0x0000000058770000 - 0x000000005900c000 	C:\Program Files\Java\jre1.8.0_131\bin\server\jvm.dll
0x00007ffe706a0000 - 0x00007ffe706a8000 	C:\WINDOWS\System32\PSAPI.DLL
0x00007ffe68e00000 - 0x00007ffe68e09000 	C:\WINDOWS\SYSTEM32\WSOCK32.dll
0x00007ffe706c0000 - 0x00007ffe7072c000 	C:\WINDOWS\System32\WS2_32.dll
0x00007ffe6b7b0000 - 0x00007ffe6b7d3000 	C:\WINDOWS\SYSTEM32\WINMM.dll
0x00007ffe68830000 - 0x00007ffe6883a000 	C:\WINDOWS\SYSTEM32\VERSION.dll
0x00007ffe6b780000 - 0x00007ffe6b7aa000 	C:\WINDOWS\SYSTEM32\WINMMBASE.dll
0x00007ffe6ef40000 - 0x00007ffe6ef88000 	C:\WINDOWS\System32\cfgmgr32.dll
0x0000000059640000 - 0x000000005964f000 	C:\Program Files\Java\jre1.8.0_131\bin\verify.dll
0x0000000059610000 - 0x0000000059639000 	C:\Program Files\Java\jre1.8.0_131\bin\java.dll
0x00000000595f0000 - 0x0000000059606000 	C:\Program Files\Java\jre1.8.0_131\bin\zip.dll
0x00007ffe70730000 - 0x00007ffe71b63000 	C:\WINDOWS\System32\SHELL32.dll
0x00007ffe700c0000 - 0x00007ffe70166000 	C:\WINDOWS\System32\shcore.dll
0x00007ffe6ef90000 - 0x00007ffe6f6e5000 	C:\WINDOWS\System32\windows.storage.dll
0x00007ffe726c0000 - 0x00007ffe72711000 	C:\WINDOWS\System32\shlwapi.dll
0x00007ffe6eee0000 - 0x00007ffe6eef1000 	C:\WINDOWS\System32\kernel.appcore.dll
0x00007ffe6ee90000 - 0x00007ffe6eedc000 	C:\WINDOWS\System32\powrprof.dll
0x00007ffe6ee70000 - 0x00007ffe6ee8b000 	C:\WINDOWS\System32\profapi.dll
0x0000000059330000 - 0x000000005933d000 	C:\Program Files\Java\jre1.8.0_131\bin\management.dll
0x00000000595a0000 - 0x00000000595ba000 	C:\Program Files\Java\jre1.8.0_131\bin\net.dll
0x00007ffe6e700000 - 0x00007ffe6e766000 	C:\WINDOWS\system32\mswsock.dll
0x00007ffe55b30000 - 0x00007ffe55b46000 	C:\WINDOWS\system32\napinsp.dll
0x00007ffe55b10000 - 0x00007ffe55b2a000 	C:\WINDOWS\system32\pnrpnsp.dll
0x00007ffe6bbc0000 - 0x00007ffe6bbd8000 	C:\WINDOWS\system32\NLAapi.dll
0x00007ffe6e4d0000 - 0x00007ffe6e583000 	C:\WINDOWS\SYSTEM32\DNSAPI.dll
0x00007ffe706b0000 - 0x00007ffe706b8000 	C:\WINDOWS\System32\NSI.dll
0x00007ffe6e490000 - 0x00007ffe6e4c9000 	C:\WINDOWS\SYSTEM32\IPHLPAPI.DLL
0x00007ffe55b00000 - 0x00007ffe55b0e000 	C:\WINDOWS\System32\winrnr.dll
0x00007ffe55ae0000 - 0x00007ffe55af5000 	C:\WINDOWS\System32\wshbth.dll
0x00007ffe610e0000 - 0x00007ffe610ea000 	C:\Windows\System32\rasadhlp.dll
0x00007ffe61eb0000 - 0x00007ffe61f20000 	C:\WINDOWS\System32\fwpuclnt.dll
0x00007ffe6e9d0000 - 0x00007ffe6e9f5000 	C:\WINDOWS\SYSTEM32\bcrypt.dll
0x0000000059580000 - 0x0000000059591000 	C:\Program Files\Java\jre1.8.0_131\bin\nio.dll
0x0000000180000000 - 0x0000000180053000 	D:\PureMC1.12\1.12\.minecraft\versions\1.12-OptiFine_HD_U_C3\1.12-OptiFine_HD_U_C3-natives\lwjgl64.dll
0x00007ffe5a1f0000 - 0x00007ffe5a30e000 	C:\WINDOWS\SYSTEM32\OPENGL32.dll
0x00007ffe5f500000 - 0x00007ffe5f52c000 	C:\WINDOWS\SYSTEM32\GLU32.dll
0x00007ffe6e8c0000 - 0x00007ffe6e8d7000 	C:\WINDOWS\SYSTEM32\CRYPTSP.dll
0x00007ffe6e310000 - 0x00007ffe6e343000 	C:\WINDOWS\system32\rsaenh.dll
0x00007ffe6ed70000 - 0x00007ffe6ed99000 	C:\WINDOWS\SYSTEM32\USERENV.dll
0x00007ffe6e8e0000 - 0x00007ffe6e8eb000 	C:\WINDOWS\SYSTEM32\CRYPTBASE.dll
0x00007ffe69500000 - 0x00007ffe69516000 	C:\WINDOWS\SYSTEM32\dhcpcsvc6.DLL
0x00007ffe69750000 - 0x00007ffe6976a000 	C:\WINDOWS\SYSTEM32\dhcpcsvc.DLL
0x00000000593e0000 - 0x0000000059578000 	C:\Program Files\Java\jre1.8.0_131\bin\awt.dll
0x00007ffe6fff0000 - 0x00007ffe700b0000 	C:\WINDOWS\System32\OLEAUT32.dll
0x00007ffe6d140000 - 0x00007ffe6d1c1000 	C:\WINDOWS\SYSTEM32\apphelp.dll
0x00007ffe6d270000 - 0x00007ffe6d305000 	C:\WINDOWS\system32\uxtheme.dll
0x00007ffe72260000 - 0x00007ffe723ca000 	C:\WINDOWS\System32\MSCTF.dll
0x00007ffe6d520000 - 0x00007ffe6d54a000 	C:\WINDOWS\system32\dwmapi.dll
0x00007ffe69110000 - 0x00007ffe691a2000 	C:\WINDOWS\System32\TextInputFramework.dll
0x00007ffe6cb30000 - 0x00007ffe6cc0f000 	C:\WINDOWS\System32\CoreMessaging.dll
0x00007ffe683a0000 - 0x00007ffe68689000 	C:\WINDOWS\System32\CoreUIComponents.dll
0x00007ffe6e150000 - 0x00007ffe6e181000 	C:\WINDOWS\SYSTEM32\ntmarta.dll
0x00007ffe6b360000 - 0x00007ffe6b496000 	C:\WINDOWS\SYSTEM32\wintypes.dll
0x00007ffe1e4d0000 - 0x00007ffe1f018000 	C:\WINDOWS\SYSTEM32\ig75icd64.dll
0x00007ffe672c0000 - 0x00007ffe67d00000 	C:\WINDOWS\SYSTEM32\igdusc64.dll
0x00007ffe6a970000 - 0x00007ffe6a983000 	C:\WINDOWS\SYSTEM32\WTSAPI32.dll
0x00007ffe69d60000 - 0x00007ffe69df5000 	C:\WINDOWS\SYSTEM32\mscms.dll
0x00007ffe58de0000 - 0x00007ffe58e21000 	C:\WINDOWS\SYSTEM32\icm32.dll
0x00007ffe6dc10000 - 0x00007ffe6dcbc000 	C:\WINDOWS\SYSTEM32\dxgi.dll
0x00007ffe6c290000 - 0x00007ffe6c56a000 	C:\WINDOWS\SYSTEM32\d3d11.dll
0x00007ffe402e0000 - 0x00007ffe40322000 	C:\Users\Tsai\AppData\Local\Temp\jna-2616071\jna1270666846694452435.dll
0x000000002dde0000 - 0x000000002de44000 	D:\PureMC1.12\1.12\.minecraft\versions\1.12-OptiFine_HD_U_C3\1.12-OptiFine_HD_U_C3-natives\OpenAL64.dll
0x00007ffe71c20000 - 0x00007ffe71d68000 	C:\WINDOWS\System32\ole32.dll
0x00007ffe72720000 - 0x00007ffe727be000 	C:\WINDOWS\System32\clbcatq.dll
0x00007ffe6aa70000 - 0x00007ffe6ac21000 	C:\WINDOWS\System32\PROPSYS.dll
0x00007ffe34e30000 - 0x00007ffe34ebf000 	C:\WINDOWS\SYSTEM32\dsound.dll
0x00007ffe48c30000 - 0x00007ffe48c4a000 	D:\PureMC1.12\1.12\.minecraft\versions\1.12-OptiFine_HD_U_C3\1.12-OptiFine_HD_U_C3-natives\SAPIWrapper_x64.dll
0x00000000595c0000 - 0x00000000595e4000 	C:\Program Files\Java\jre1.8.0_131\bin\sunec.dll
0x0000000059320000 - 0x000000005932b000 	C:\Program Files\Java\jre1.8.0_131\bin\sunmscapi.dll
0x00007ffe6fcd0000 - 0x00007ffe6fe9e000 	C:\WINDOWS\System32\CRYPT32.dll
0x00007ffe6ef00000 - 0x00007ffe6ef12000 	C:\WINDOWS\System32\MSASN1.dll
0x00007ffe69940000 - 0x00007ffe69b0a000 	C:\WINDOWS\SYSTEM32\dbghelp.dll

VM Arguments:
jvm_args: -XX:HeapDumpPath=MojangTricksIntelDriversForPerformance_javaw.exe_minecraft.exe.heapdump -XX:+UseG1GC -XX:-UseAdaptiveSizePolicy -XX:-OmitStackTraceInFastThrow -Xmn128m -Xmx6000m -Djava.library.path=D:\PureMC1.12\1.12\.minecraft\versions\1.12-OptiFine_HD_U_C3\1.12-OptiFine_HD_U_C3-natives -Dfml.ignoreInvalidMinecraftCertificates=true -Dfml.ignorePatchDiscrepancies=true 
java_command: net.minecraft.launchwrapper.Launch --username siyue --version HMCL 2.7.5.15 --gameDir D:\PureMC1.12\1.12\.minecraft --assetsDir D:\PureMC1.12\1.12\.minecraft\assets --assetIndex 1.12 --uuid 2b151270da8fb44860cee1f58075acce --accessToken 2b151270da8fb44860cee1f58075acce --userType Legacy --versionType HMCL 2.7.5.15 --tweakClass optifine.OptiFineTweaker --height 480 --width 854
java_class_path (initial): D:\PureMC1.12\1.12\.minecraft\libraries\net\minecraft\launchwrapper\1.12\launchwrapper-1.12.jar;D:\PureMC1.12\1.12\.minecraft\libraries\com\mojang\patchy\1.1\patchy-1.1.jar;D:\PureMC1.12\1.12\.minecraft\libraries\oshi-project\oshi-core\1.1\oshi-core-1.1.jar;D:\PureMC1.12\1.12\.minecraft\libraries\net\java\dev\jna\jna\4.4.0\jna-4.4.0.jar;D:\PureMC1.12\1.12\.minecraft\libraries\net\java\dev\jna\platform\3.4.0\platform-3.4.0.jar;D:\PureMC1.12\1.12\.minecraft\libraries\com\ibm\icu\icu4j-core-mojang\51.2\icu4j-core-mojang-51.2.jar;D:\PureMC1.12\1.12\.minecraft\libraries\net\sf\jopt-simple\jopt-simple\5.0.3\jopt-simple-5.0.3.jar;D:\PureMC1.12\1.12\.minecraft\libraries\com\paulscode\codecjorbis\20101023\codecjorbis-20101023.jar;D:\PureMC1.12\1.12\.minecraft\libraries\com\paulscode\codecwav\20101023\codecwav-20101023.jar;D:\PureMC1.12\1.12\.minecraft\libraries\com\paulscode\libraryjavasound\20101123\libraryjavasound-20101123.jar;D:\PureMC1.12\1.12\.minecraft\libraries\com\paulscode\librarylwjglopenal\20100824\librarylwjglopenal-20100824.jar;D:\PureMC1.12\1.12\.minecraft\libraries\com\paulscode\soundsystem\20120107\soundsystem-20120107.jar;D:\PureMC1.12\1.12\.minecraft\libraries\io\netty\netty-all\4.1.9.Final\netty-all-4.1.9.Final.jar;D:\PureMC1.12\1.12\.minecraft\libraries\com\google\guava\guava\21.0\guava-21.0.jar;D:\PureMC1.12\1.12\.minecraft\libraries\org\apache\commons\commons-lang3\3.5\commons-lang3-3.5.jar;D:\PureMC1.12\1.12\.minecraft\libraries\commons-io\commons-io\2.5\commons-io-2.5.jar;D:\PureMC1.12\1.12\.minecraft\libraries\commons-codec\commons-codec\1.10\commons-codec-1.10.jar;D:\PureMC1.12\1.12\.minecraft\libraries\net\java\jinput\jinput\2.0.5\jinput-2.0.5.jar;D:\PureMC1.12\1.12\.minecraft\libraries\net\java\jutils\jutils\1.0.0\jutils-1.0.0.jar;D:\PureMC1.12\1.12\.minecraft\libraries\com\google\code\gson\gson\2.8.0\gson-2.8.0.jar;D:\PureMC1.12\1.12\.minecraft\libraries\com\mojang\authlib\1.5.25\authlib-1.5.25.jar;D:\PureMC1.12\1.12
Launcher Type: SUN_STANDARD

Environment Variables:
JAVA_HOME=C:/Program Files/Java/jdk1.8.0_60
CLASSPATH=.;C:/Program Files/Java/jdk1.8.0_60/lib/dt.jar;C:/Program Files/Java/jdk1.8.0_60/lib/tools.jar
PATH=C:\ProgramData\Oracle\Java\javapath;C:\WINDOWS\system32;C:\WINDOWS;C:\WINDOWS\System32\Wbem;C:\WINDOWS\System32\WindowsPowerShell\v1.0\;C:/Program Files/Java/jdk1.8.0_60/bin;C:\Users\Tsai\AppData\Local\Microsoft\WindowsApps;
USERNAME=Tsai
OS=Windows_NT
PROCESSOR_IDENTIFIER=Intel64 Family 6 Model 60 Stepping 3, GenuineIntel



---------------  S Y S T E M  ---------------

OS: Windows 10.0 , 64 bit Build 16241 (10.0.16241.1001)

CPU:total 4 (initial active 4) (2 cores per cpu, 2 threads per core) family 6 model 60 stepping 3, cmov, cx8, fxsr, mmx, sse, sse2, sse3, ssse3, sse4.1, sse4.2, popcnt, avx, avx2, aes, clmul, erms, lzcnt, ht, tsc, tscinvbit, bmi1, bmi2

Memory: 4k page, physical 12470868k(6151624k free), swap 14371412k(7238820k free)

vm_info: Java HotSpot(TM) 64-Bit Server VM (25.131-b11) for windows-amd64 JRE (1.8.0_131-b11), built on Mar 15 2017 01:23:53 by "java_re" with MS VC++ 10.0 (VS2010)

time: Sat Jul 22 11:24:49 2017
elapsed time: 34 seconds (0d 0h 0m 34s)

