#
# A fatal error has been detected by the Java Runtime Environment:
#
#  EXCEPTION_ACCESS_VIOLATION (0xc0000005) at pc=0x00007ffe1e74442e, pid=6680, tid=0x00000000000012dc
#
# JRE version: Java(TM) SE Runtime Environment (8.0_131-b11) (build 1.8.0_131-b11)
# Java VM: Java HotSpot(TM) 64-Bit Server VM (25.131-b11 mixed mode windows-amd64 compressed oops)
# Problematic frame:
# C  [ig75icd64.dll+0x27442e]
#
# Failed to write core dump. Minidumps are not enabled by default on client versions of Windows
#
# If you would like to submit a bug report, please visit:
#   http://bugreport.java.com/bugreport/crash.jsp
# The crash happened outside the Java Virtual Machine in native code.
# See problematic frame for where to report the bug.
#

---------------  T H R E A D  ---------------

Current thread (0x0000000004c4e800):  JavaThread "Client thread" [_thread_in_native, id=4828, stack(0x0000000004fd0000,0x00000000050d0000)]

siginfo: ExceptionCode=0xc0000005, reading address 0x0000000000000000

Registers:
RAX=0x000000004cf3dbc8, RBX=0x0000000000000000, RCX=0x0000000000000000, RDX=0x0000000000000000
RSP=0x00000000050cc000, RBP=0x00000000050cc100, RSI=0x000000004d03b120, RDI=0x00000000000c0412
R8 =0x0000000000000000, R9 =0x00007ffe1e4d0000, R10=0x0000000000000000, R11=0x00000000050cbf60
R12=0x000000004d13c300, R13=0x000000004cf3dbb8, R14=0x000000002e8ad740, R15=0x000000002e8dc858
RIP=0x00007ffe1e74442e, EFLAGS=0x0000000000010246

Top of Stack: (sp=0x00000000050cc000)
0x00000000050cc000:   000000002e95ca70 000000004d03b120
0x00000000050cc010:   00000000331bac10 000000002e8ad740
0x00000000050cc020:   0000000000000000 000000000000005e
0x00000000050cc030:   000000002e97ff58 0000000000000000
0x00000000050cc040:   000000002e9808d4 0000000000000000
0x00000000050cc050:   0000000000000000 0000000000000000
0x00000000050cc060:   000020007a000003 0000000000000000
0x00000000050cc070:   0000000000000000 000000002ee13000
0x00000000050cc080:   000000003b3b3088 0000000000000000
0x00000000050cc090:   000000004cc2e270 0000000058973200
0x00000000050cc0a0:   000000002e8dc588 000000004cf3d8c0
0x00000000050cc0b0:   000000004d13c300 0000000000000000
0x00000000050cc0c0:   0000000000000000 0000000000000000
0x00000000050cc0d0:   0000000000000000 0000000000000000
0x00000000050cc0e0:   000000003301eed0 0000000000000000
0x00000000050cc0f0:   0000000000000000 000000002e97fdf0 

Instructions: (pc=0x00007ffe1e74442e)
0x00007ffe1e74440e:   1d 8b 43 24 83 e8 09 83 f8 01 77 0c 80 7b 34 04
0x00007ffe1e74441e:   75 06 48 8b 5b 10 eb 08 33 c0 8b d8 eb 02 33 db
0x00007ffe1e74442e:   48 8b 3b 49 8b d7 49 8b cc 48 89 7d e0 e8 00 80
0x00007ffe1e74443e:   36 00 8b 43 40 41 89 86 10 f2 02 00 8b 4b 44 41 


Register to memory mapping:

RAX=0x000000004cf3dbc8 is an unknown value
RBX=0x0000000000000000 is an unknown value
RCX=0x0000000000000000 is an unknown value
RDX=0x0000000000000000 is an unknown value
RSP=0x00000000050cc000 is pointing into the stack for thread: 0x0000000004c4e800
RBP=0x00000000050cc100 is pointing into the stack for thread: 0x0000000004c4e800
RSI=0x000000004d03b120 is an unknown value
RDI=0x00000000000c0412 is an unknown value
R8 =0x0000000000000000 is an unknown value
R9 =0x00007ffe1e4d0000 is an unknown value
R10=0x0000000000000000 is an unknown value
R11=0x00000000050cbf60 is pointing into the stack for thread: 0x0000000004c4e800
R12=0x000000004d13c300 is an unknown value
R13=0x000000004cf3dbb8 is an unknown value
R14=0x000000002e8ad740 is an unknown value
R15=0x000000002e8dc858 is an unknown value


Stack: [0x0000000004fd0000,0x00000000050d0000],  sp=0x00000000050cc000,  free space=1008k
Native frames: (J=compiled Java code, j=interpreted, Vv=VM code, C=native code)
C  [ig75icd64.dll+0x27442e]
C  [ig75icd64.dll+0x3047bb]
C  [ig75icd64.dll+0x30455e]
C  [ig75icd64.dll+0x2fff45]
C  [ig75icd64.dll+0x1a26f8]
C  [ig75icd64.dll+0x2a4007]
C  0x00000000052e8014

Java frames: (J=compiled Java code, j=interpreted, Vv=VM code)
j  org.lwjgl.opengl.GL13.nglActiveTexture(IJ)V+0
j  org.lwjgl.opengl.GL13.glActiveTexture(I)V+15
j  cig.k(I)V+14
j  buq.g(I)V+20
j  shadersmod.client.Shaders.renderCompositeFinal()V+509
j  buo.a(IFJ)V+1865
j  buo.b(FJ)V+140
j  buo.a(FJ)V+569
j  bhz.az()V+300
j  bhz.a()V+74
j  net.minecraft.client.main.Main.main([Ljava/lang/String;)V+1094
v  ~StubRoutines::call_stub
j  sun.reflect.NativeMethodAccessorImpl.invoke0(Ljava/lang/reflect/Method;Ljava/lang/Object;[Ljava/lang/Object;)Ljava/lang/Object;+0
j  sun.reflect.NativeMethodAccessorImpl.invoke(Ljava/lang/Object;[Ljava/lang/Object;)Ljava/lang/Object;+100
j  sun.reflect.DelegatingMethodAccessorImpl.invoke(Ljava/lang/Object;[Ljava/lang/Object;)Ljava/lang/Object;+6
j  java.lang.reflect.Method.invoke(Ljava/lang/Object;[Ljava/lang/Object;)Ljava/lang/Object;+56
j  net.minecraft.launchwrapper.Launch.launch([Ljava/lang/String;)V+661
j  net.minecraft.launchwrapper.Launch.main([Ljava/lang/String;)V+8
v  ~StubRoutines::call_stub

---------------  P R O C E S S  ---------------

Java Threads: ( => current thread )
  0x000000002b272000 JavaThread "pool-3-thread-1" [_thread_in_native, id=6340, stack(0x00000000575a0000,0x00000000576a0000)]
  0x000000002b271000 JavaThread "File IO Thread" [_thread_blocked, id=10744, stack(0x00000000574a0000,0x00000000575a0000)]
  0x000000002b273000 JavaThread "HttpPipelineReceiver" daemon [_thread_blocked, id=9760, stack(0x000000004c840000,0x000000004c940000)]
  0x000000002b26b000 JavaThread "HttpPipelineSender" daemon [_thread_blocked, id=6208, stack(0x000000004c740000,0x000000004c840000)]
  0x000000002b26c800 JavaThread "Chunk Batcher 3" daemon [_thread_blocked, id=12920, stack(0x0000000046420000,0x0000000046520000)]
  0x000000002b270800 JavaThread "Chunk Batcher 2" daemon [_thread_blocked, id=1388, stack(0x0000000046320000,0x0000000046420000)]
  0x000000002b26f800 JavaThread "Chunk Batcher 1" daemon [_thread_blocked, id=8620, stack(0x0000000046220000,0x0000000046320000)]
  0x000000002b26f000 JavaThread "Chunk Batcher 0" daemon [_thread_blocked, id=8228, stack(0x0000000046120000,0x0000000046220000)]
  0x000000002b26d800 JavaThread "Netty Server IO #1" daemon [_thread_in_native, id=7504, stack(0x0000000046020000,0x0000000046120000)]
  0x000000002b26e000 JavaThread "Netty Local Client IO #0" daemon [_thread_blocked, id=12172, stack(0x0000000045f20000,0x0000000046020000)]
  0x0000000029579000 JavaThread "Netty Server IO #0" daemon [_thread_in_native, id=9456, stack(0x0000000045a40000,0x0000000045b40000)]
  0x0000000029576000 JavaThread "Server thread" [_thread_in_Java, id=12648, stack(0x0000000045340000,0x0000000045440000)]
  0x0000000029579800 JavaThread "Snooper Timer" daemon [_thread_blocked, id=3880, stack(0x0000000045240000,0x0000000045340000)]
  0x000000002957c800 JavaThread "Keep-Alive-Timer" daemon [_thread_blocked, id=4444, stack(0x0000000042d40000,0x0000000042e40000)]
  0x000000002957a800 JavaThread "LWJGL Timer" daemon [_thread_blocked, id=1440, stack(0x000000003ba30000,0x000000003bb30000)]
  0x000000002957c000 JavaThread "Narrator" daemon [_thread_blocked, id=10784, stack(0x000000003b520000,0x000000003b620000)]
  0x0000000029576800 JavaThread "Thread-5" [_thread_blocked, id=8500, stack(0x0000000035d20000,0x0000000035e20000)]
  0x0000000029578000 JavaThread "Thread-4" [_thread_blocked, id=12712, stack(0x0000000035c20000,0x0000000035d20000)]
  0x000000002b160800 JavaThread "Java2D Disposer" daemon [_thread_blocked, id=5980, stack(0x000000002d610000,0x000000002d710000)]
  0x000000002b15d800 JavaThread "Timer hack thread" daemon [_thread_blocked, id=14308, stack(0x000000002d510000,0x000000002d610000)]
  0x0000000029256000 JavaThread "Snooper Timer" daemon [_thread_blocked, id=7136, stack(0x000000002a630000,0x000000002a730000)]
  0x00000000279c3000 JavaThread "Service Thread" daemon [_thread_blocked, id=384, stack(0x0000000028520000,0x0000000028620000)]
  0x000000002797d000 JavaThread "C1 CompilerThread2" daemon [_thread_blocked, id=3580, stack(0x0000000028420000,0x0000000028520000)]
  0x0000000027973000 JavaThread "C2 CompilerThread1" daemon [_thread_blocked, id=10332, stack(0x0000000028320000,0x0000000028420000)]
  0x000000002791c800 JavaThread "C2 CompilerThread0" daemon [_thread_in_native, id=1356, stack(0x0000000028220000,0x0000000028320000)]
  0x0000000027916000 JavaThread "Attach Listener" daemon [_thread_blocked, id=13156, stack(0x0000000028120000,0x0000000028220000)]
  0x0000000027914000 JavaThread "Signal Dispatcher" daemon [_thread_blocked, id=10276, stack(0x0000000028020000,0x0000000028120000)]
  0x0000000027913000 JavaThread "Surrogate Locker Thread (Concurrent GC)" daemon [_thread_blocked, id=9152, stack(0x0000000027f20000,0x0000000028020000)]
  0x000000002789f000 JavaThread "Finalizer" daemon [_thread_blocked, id=11332, stack(0x0000000027d20000,0x0000000027e20000)]
  0x0000000027898000 JavaThread "Reference Handler" daemon [_thread_blocked, id=7656, stack(0x0000000027c20000,0x0000000027d20000)]
=>0x0000000004c4e800 JavaThread "Client thread" [_thread_in_native, id=4828, stack(0x0000000004fd0000,0x00000000050d0000)]

Other Threads:
  0x0000000027873800 VMThread [stack: 0x0000000027640000,0x0000000027740000] [id=7624]
  0x00000000279e1000 WatcherThread [stack: 0x0000000028620000,0x0000000028720000] [id=4524]

VM state:not at safepoint (normal execution)

VM Mutex/Monitor currently owned by a thread: None

Heap:
 garbage-first heap   total 340992K, used 266728K [0x0000000649000000, 0x0000000649100a68, 0x00000007c0000000)
  region size 1024K, 72 young (73728K), 12 survivors (12288K)
 Metaspace       used 46681K, capacity 47163K, committed 47488K, reserved 1091584K
  class space    used 5867K, capacity 5996K, committed 6016K, reserved 1048576K

Heap Regions: (Y=young(eden), SU=young(survivor), HS=humongous(starts), HC=humongous(continues), CS=collection set, F=free, TS=gc time stamp, PTAMS=previous top-at-mark-start, NTAMS=next top-at-mark-start)
AC   0  O    TS     0 PTAMS 0x00000006490ffb28 NTAMS 0x00000006490ffb28 space 1024K,  99% used [0x0000000649000000, 0x0000000649100000)
AC   0  O    TS     0 PTAMS 0x00000006491ffff0 NTAMS 0x00000006491ffff0 space 1024K,  99% used [0x0000000649100000, 0x0000000649200000)
AC   0  O    TS     0 PTAMS 0x00000006492fff80 NTAMS 0x00000006492fff80 space 1024K,  99% used [0x0000000649200000, 0x0000000649300000)
AC   0  O    TS     0 PTAMS 0x00000006493fffb0 NTAMS 0x00000006493fffb0 space 1024K,  99% used [0x0000000649300000, 0x0000000649400000)
AC   0  O    TS     0 PTAMS 0x00000006494ff818 NTAMS 0x00000006494ff818 space 1024K,  99% used [0x0000000649400000, 0x0000000649500000)
AC   0  O    TS     0 PTAMS 0x00000006495fff20 NTAMS 0x00000006495fff20 space 1024K,  99% used [0x0000000649500000, 0x0000000649600000)
AC   0  O    TS     0 PTAMS 0x0000000649700000 NTAMS 0x0000000649700000 space 1024K, 100% used [0x0000000649600000, 0x0000000649700000)
AC   0  O    TS     0 PTAMS 0x00000006497ff458 NTAMS 0x00000006497ff458 space 1024K,  99% used [0x0000000649700000, 0x0000000649800000)
AC   0  O    TS     0 PTAMS 0x0000000649900000 NTAMS 0x0000000649900000 space 1024K, 100% used [0x0000000649800000, 0x0000000649900000)
AC   0  O    TS     0 PTAMS 0x00000006499f3fb0 NTAMS 0x00000006499f3fb0 space 1024K,  95% used [0x0000000649900000, 0x0000000649a00000)
AC   0  O    TS     0 PTAMS 0x0000000649afffb8 NTAMS 0x0000000649afffb8 space 1024K,  99% used [0x0000000649a00000, 0x0000000649b00000)
AC   0  O    TS     0 PTAMS 0x0000000649bffff0 NTAMS 0x0000000649bffff0 space 1024K,  99% used [0x0000000649b00000, 0x0000000649c00000)
AC   0 HS    TS     0 PTAMS 0x000000064a600010 NTAMS 0x000000064a600010 space 11264K,  90% used [0x0000000649c00000, 0x000000064a700000)
AC   0 HC    TS     0 PTAMS 0x0000000649d00000 NTAMS 0x0000000649d00000 space 1024K, 100% used [0x0000000649d00000, 0x0000000649e00000)
AC   0 HC    TS     0 PTAMS 0x0000000649e00000 NTAMS 0x0000000649e00000 space 1024K, 100% used [0x0000000649e00000, 0x0000000649f00000)
AC   0 HC    TS     0 PTAMS 0x0000000649f00000 NTAMS 0x0000000649f00000 space 1024K, 100% used [0x0000000649f00000, 0x000000064a000000)
AC   0 HC    TS     0 PTAMS 0x000000064a000000 NTAMS 0x000000064a000000 space 1024K, 100% used [0x000000064a000000, 0x000000064a100000)
AC   0 HC    TS     0 PTAMS 0x000000064a100000 NTAMS 0x000000064a100000 space 1024K, 100% used [0x000000064a100000, 0x000000064a200000)
AC   0 HC    TS     0 PTAMS 0x000000064a200000 NTAMS 0x000000064a200000 space 1024K, 100% used [0x000000064a200000, 0x000000064a300000)
AC   0 HC    TS     0 PTAMS 0x000000064a300000 NTAMS 0x000000064a300000 space 1024K, 100% used [0x000000064a300000, 0x000000064a400000)
AC   0 HC    TS     0 PTAMS 0x000000064a400000 NTAMS 0x000000064a400000 space 1024K, 100% used [0x000000064a400000, 0x000000064a500000)
AC   0 HC    TS     0 PTAMS 0x000000064a500000 NTAMS 0x000000064a500000 space 1024K, 100% used [0x000000064a500000, 0x000000064a600000)
AC   0 HC    TS     0 PTAMS 0x000000064a600000 NTAMS 0x000000064a600000 space 1024K,   0% used [0x000000064a600000, 0x000000064a700000)
AC   0  O    TS     0 PTAMS 0x000000064a7fffc0 NTAMS 0x000000064a7fffc0 space 1024K,  99% used [0x000000064a700000, 0x000000064a800000)
AC   0  O    TS     0 PTAMS 0x000000064a8fff70 NTAMS 0x000000064a8fff70 space 1024K,  99% used [0x000000064a800000, 0x000000064a900000)
AC   0  O    TS     0 PTAMS 0x000000064a9ff858 NTAMS 0x000000064a9ff858 space 1024K,  99% used [0x000000064a900000, 0x000000064aa00000)
AC   0  O    TS     0 PTAMS 0x000000064aafffe0 NTAMS 0x000000064aafffe0 space 1024K,  99% used [0x000000064aa00000, 0x000000064ab00000)
AC   0  O    TS     0 PTAMS 0x000000064abffff8 NTAMS 0x000000064abffff8 space 1024K,  99% used [0x000000064ab00000, 0x000000064ac00000)
AC   0  O    TS     0 PTAMS 0x000000064ad00000 NTAMS 0x000000064ad00000 space 1024K, 100% used [0x000000064ac00000, 0x000000064ad00000)
AC   0  O    TS     0 PTAMS 0x000000064adfffe8 NTAMS 0x000000064adfffe8 space 1024K,  99% used [0x000000064ad00000, 0x000000064ae00000)
AC   0  O    TS     0 PTAMS 0x000000064aeffff0 NTAMS 0x000000064aeffff0 space 1024K,  99% used [0x000000064ae00000, 0x000000064af00000)
AC   0  O    TS     0 PTAMS 0x000000064affffd0 NTAMS 0x000000064affffd0 space 1024K,  99% used [0x000000064af00000, 0x000000064b000000)
AC   0  O    TS     0 PTAMS 0x000000064b100000 NTAMS 0x000000064b100000 space 1024K, 100% used [0x000000064b000000, 0x000000064b100000)
AC   0  O    TS     0 PTAMS 0x000000064b1ffff0 NTAMS 0x000000064b1ffff0 space 1024K,  99% used [0x000000064b100000, 0x000000064b200000)
AC   0  O    TS     0 PTAMS 0x000000064b300000 NTAMS 0x000000064b300000 space 1024K, 100% used [0x000000064b200000, 0x000000064b300000)
AC   0  O    TS     0 PTAMS 0x000000064b3fffe0 NTAMS 0x000000064b3fffe0 space 1024K,  99% used [0x000000064b300000, 0x000000064b400000)
AC   0  O    TS     0 PTAMS 0x000000064b4ffff0 NTAMS 0x000000064b4ffff0 space 1024K,  99% used [0x000000064b400000, 0x000000064b500000)
AC   0  O    TS     0 PTAMS 0x000000064b5fffe8 NTAMS 0x000000064b5fffe8 space 1024K,  99% used [0x000000064b500000, 0x000000064b600000)
AC   0  O    TS     0 PTAMS 0x000000064b6fff20 NTAMS 0x000000064b6fff20 space 1024K,  99% used [0x000000064b600000, 0x000000064b700000)
AC   0  O    TS     0 PTAMS 0x000000064b7fffa8 NTAMS 0x000000064b7fffa8 space 1024K,  99% used [0x000000064b700000, 0x000000064b800000)
AC   0  O    TS     0 PTAMS 0x000000064b8fb9d0 NTAMS 0x000000064b8fb9d0 space 1024K,  98% used [0x000000064b800000, 0x000000064b900000)
AC   0  O    TS     0 PTAMS 0x000000064b9fffe8 NTAMS 0x000000064b9fffe8 space 1024K,  99% used [0x000000064b900000, 0x000000064ba00000)
AC   0  O    TS     0 PTAMS 0x000000064baffff8 NTAMS 0x000000064baffff8 space 1024K,  99% used [0x000000064ba00000, 0x000000064bb00000)
AC   0  O    TS     0 PTAMS 0x000000064bbfffe8 NTAMS 0x000000064bbfffe8 space 1024K,  99% used [0x000000064bb00000, 0x000000064bc00000)
AC   0  O    TS     0 PTAMS 0x000000064bcfffe0 NTAMS 0x000000064bcfffe0 space 1024K,  99% used [0x000000064bc00000, 0x000000064bd00000)
AC   0  O    TS     0 PTAMS 0x000000064bdffff8 NTAMS 0x000000064bdffff8 space 1024K,  99% used [0x000000064bd00000, 0x000000064be00000)
AC   0  O    TS     0 PTAMS 0x000000064beffff0 NTAMS 0x000000064beffff0 space 1024K,  99% used [0x000000064be00000, 0x000000064bf00000)
AC   0  O    TS     0 PTAMS 0x000000064c000000 NTAMS 0x000000064c000000 space 1024K, 100% used [0x000000064bf00000, 0x000000064c000000)
AC   0 HS    TS     0 PTAMS 0x000000064c0c0010 NTAMS 0x000000064c0c0010 space 1024K,  75% used [0x000000064c000000, 0x000000064c100000)
AC   0  O    TS     0 PTAMS 0x000000064c1fffd0 NTAMS 0x000000064c1fffd0 space 1024K,  99% used [0x000000064c100000, 0x000000064c200000)
AC   0  O    TS     0 PTAMS 0x000000064c2fffe0 NTAMS 0x000000064c2fffe0 space 1024K,  99% used [0x000000064c200000, 0x000000064c300000)
AC   0 HS    TS     0 PTAMS 0x000000064c3c0010 NTAMS 0x000000064c3c0010 space 1024K,  75% used [0x000000064c300000, 0x000000064c400000)
AC   0  O    TS     0 PTAMS 0x000000064c4fff40 NTAMS 0x000000064c4fff40 space 1024K,  99% used [0x000000064c400000, 0x000000064c500000)
AC   0  O    TS     0 PTAMS 0x000000064c5fff98 NTAMS 0x000000064c5fff98 space 1024K,  99% used [0x000000064c500000, 0x000000064c600000)
AC   0  O    TS     0 PTAMS 0x000000064c6fe450 NTAMS 0x000000064c6fe450 space 1024K,  99% used [0x000000064c600000, 0x000000064c700000)
AC   0  O    TS     0 PTAMS 0x000000064c7fffe8 NTAMS 0x000000064c7fffe8 space 1024K,  99% used [0x000000064c700000, 0x000000064c800000)
AC   0  O    TS     0 PTAMS 0x000000064c8ff2a8 NTAMS 0x000000064c8ff2a8 space 1024K,  99% used [0x000000064c800000, 0x000000064c900000)
AC   0  O    TS     0 PTAMS 0x000000064c9ff7e8 NTAMS 0x000000064c9ff7e8 space 1024K,  99% used [0x000000064c900000, 0x000000064ca00000)
AC   0  O    TS     0 PTAMS 0x000000064cafd310 NTAMS 0x000000064cafd310 space 1024K,  98% used [0x000000064ca00000, 0x000000064cb00000)
AC   0  O    TS     0 PTAMS 0x000000064cbfff50 NTAMS 0x000000064cbfff50 space 1024K,  99% used [0x000000064cb00000, 0x000000064cc00000)
AC   0  O    TS     0 PTAMS 0x000000064ccfe868 NTAMS 0x000000064ccfe868 space 1024K,  99% used [0x000000064cc00000, 0x000000064cd00000)
AC   0  O    TS     0 PTAMS 0x000000064cdffff8 NTAMS 0x000000064cdffff8 space 1024K,  99% used [0x000000064cd00000, 0x000000064ce00000)
AC   0  O    TS     0 PTAMS 0x000000064ceffb40 NTAMS 0x000000064ceffb40 space 1024K,  99% used [0x000000064ce00000, 0x000000064cf00000)
AC   0  O    TS     0 PTAMS 0x000000064cfff2d8 NTAMS 0x000000064cfff2d8 space 1024K,  99% used [0x000000064cf00000, 0x000000064d000000)
AC   0 HS    TS     0 PTAMS 0x000000064d400010 NTAMS 0x000000064d400010 space 5120K,  80% used [0x000000064d000000, 0x000000064d500000)
AC   0 HC    TS     0 PTAMS 0x000000064d100000 NTAMS 0x000000064d100000 space 1024K, 100% used [0x000000064d100000, 0x000000064d200000)
AC   0 HC    TS     0 PTAMS 0x000000064d200000 NTAMS 0x000000064d200000 space 1024K, 100% used [0x000000064d200000, 0x000000064d300000)
AC   0 HC    TS     0 PTAMS 0x000000064d300000 NTAMS 0x000000064d300000 space 1024K, 100% used [0x000000064d300000, 0x000000064d400000)
AC   0 HC    TS     0 PTAMS 0x000000064d400000 NTAMS 0x000000064d400000 space 1024K,   0% used [0x000000064d400000, 0x000000064d500000)
AC   0  O    TS     0 PTAMS 0x000000064d5ffb20 NTAMS 0x000000064d5ffb20 space 1024K,  99% used [0x000000064d500000, 0x000000064d600000)
AC   0  O    TS     0 PTAMS 0x000000064d6ffff0 NTAMS 0x000000064d6ffff0 space 1024K,  99% used [0x000000064d600000, 0x000000064d700000)
AC   0  O    TS     0 PTAMS 0x000000064d7ff5f0 NTAMS 0x000000064d7ff5f0 space 1024K,  99% used [0x000000064d700000, 0x000000064d800000)
AC   0  O    TS     0 PTAMS 0x000000064d8ff600 NTAMS 0x000000064d8ff600 space 1024K,  99% used [0x000000064d800000, 0x000000064d900000)
AC   0  O    TS     0 PTAMS 0x000000064d9f63e8 NTAMS 0x000000064d9f63e8 space 1024K,  96% used [0x000000064d900000, 0x000000064da00000)
AC   0  O    TS     0 PTAMS 0x000000064dafffe0 NTAMS 0x000000064dafffe0 space 1024K,  99% used [0x000000064da00000, 0x000000064db00000)
AC   0  O    TS     0 PTAMS 0x000000064dbff0e8 NTAMS 0x000000064dbff0e8 space 1024K,  99% used [0x000000064db00000, 0x000000064dc00000)
AC   0  O    TS     0 PTAMS 0x000000064dcfff50 NTAMS 0x000000064dcfff50 space 1024K,  99% used [0x000000064dc00000, 0x000000064dd00000)
AC   0  O    TS     0 PTAMS 0x000000064ddfff38 NTAMS 0x000000064ddfff38 space 1024K,  99% used [0x000000064dd00000, 0x000000064de00000)
AC   0  O    TS     0 PTAMS 0x000000064defffc8 NTAMS 0x000000064defffc8 space 1024K,  99% used [0x000000064de00000, 0x000000064df00000)
AC   0  O    TS     0 PTAMS 0x000000064dfffff0 NTAMS 0x000000064dfffff0 space 1024K,  99% used [0x000000064df00000, 0x000000064e000000)
AC   0  O    TS     0 PTAMS 0x000000064e0fb748 NTAMS 0x000000064e0fb748 space 1024K,  98% used [0x000000064e000000, 0x000000064e100000)
AC   0  O    TS     0 PTAMS 0x000000064e1fffa0 NTAMS 0x000000064e1fffa0 space 1024K,  99% used [0x000000064e100000, 0x000000064e200000)
AC   0  O    TS     0 PTAMS 0x000000064e2fff78 NTAMS 0x000000064e2fff78 space 1024K,  99% used [0x000000064e200000, 0x000000064e300000)
AC   0  O    TS     0 PTAMS 0x000000064e3fff30 NTAMS 0x000000064e3fff30 space 1024K,  99% used [0x000000064e300000, 0x000000064e400000)
AC   0  O    TS     0 PTAMS 0x000000064e4fffb0 NTAMS 0x000000064e4fffb0 space 1024K,  99% used [0x000000064e400000, 0x000000064e500000)
AC   0  O    TS     0 PTAMS 0x000000064e5ffff0 NTAMS 0x000000064e5ffff0 space 1024K,  99% used [0x000000064e500000, 0x000000064e600000)
AC   0  O    TS     0 PTAMS 0x000000064e6a6840 NTAMS 0x000000064e6a6840 space 1024K,  65% used [0x000000064e600000, 0x000000064e700000)
AC   0  O    TS     0 PTAMS 0x000000064e800000 NTAMS 0x000000064e800000 space 1024K, 100% used [0x000000064e700000, 0x000000064e800000)
AC   0  O    TS     0 PTAMS 0x000000064e900000 NTAMS 0x000000064e900000 space 1024K, 100% used [0x000000064e800000, 0x000000064e900000)
AC   0  O    TS     0 PTAMS 0x000000064ea00000 NTAMS 0x000000064ea00000 space 1024K, 100% used [0x000000064e900000, 0x000000064ea00000)
AC   0  O    TS     0 PTAMS 0x000000064eb00000 NTAMS 0x000000064eb00000 space 1024K, 100% used [0x000000064ea00000, 0x000000064eb00000)
AC   0  O    TS     0 PTAMS 0x000000064ec00000 NTAMS 0x000000064ec00000 space 1024K, 100% used [0x000000064eb00000, 0x000000064ec00000)
AC   0  O    TS     0 PTAMS 0x000000064ed00000 NTAMS 0x000000064ed00000 space 1024K, 100% used [0x000000064ec00000, 0x000000064ed00000)
AC   0  O    TS     0 PTAMS 0x000000064ee00000 NTAMS 0x000000064ee00000 space 1024K, 100% used [0x000000064ed00000, 0x000000064ee00000)
AC   0  O    TS     0 PTAMS 0x000000064ef00000 NTAMS 0x000000064ef00000 space 1024K, 100% used [0x000000064ee00000, 0x000000064ef00000)
AC   0  O    TS     0 PTAMS 0x000000064f000000 NTAMS 0x000000064f000000 space 1024K, 100% used [0x000000064ef00000, 0x000000064f000000)
AC   0  O    TS     0 PTAMS 0x000000064f100000 NTAMS 0x000000064f100000 space 1024K, 100% used [0x000000064f000000, 0x000000064f100000)
AC   0  O    TS     0 PTAMS 0x000000064f200000 NTAMS 0x000000064f200000 space 1024K, 100% used [0x000000064f100000, 0x000000064f200000)
AC   0  O    TS     0 PTAMS 0x000000064f300000 NTAMS 0x000000064f300000 space 1024K, 100% used [0x000000064f200000, 0x000000064f300000)
AC   0  O    TS     0 PTAMS 0x000000064f400000 NTAMS 0x000000064f400000 space 1024K, 100% used [0x000000064f300000, 0x000000064f400000)
AC   0  O    TS     0 PTAMS 0x000000064f500000 NTAMS 0x000000064f500000 space 1024K, 100% used [0x000000064f400000, 0x000000064f500000)
AC   0  O    TS     0 PTAMS 0x000000064f600000 NTAMS 0x000000064f600000 space 1024K, 100% used [0x000000064f500000, 0x000000064f600000)
AC   0  O    TS     0 PTAMS 0x000000064f700000 NTAMS 0x000000064f700000 space 1024K, 100% used [0x000000064f600000, 0x000000064f700000)
AC   0  O    TS     0 PTAMS 0x000000064f800000 NTAMS 0x000000064f800000 space 1024K, 100% used [0x000000064f700000, 0x000000064f800000)
AC   0  O    TS     0 PTAMS 0x000000064f900000 NTAMS 0x000000064f900000 space 1024K, 100% used [0x000000064f800000, 0x000000064f900000)
AC   0  O    TS     0 PTAMS 0x000000064fa00000 NTAMS 0x000000064fa00000 space 1024K, 100% used [0x000000064f900000, 0x000000064fa00000)
AC   0  O    TS     0 PTAMS 0x000000064fb00000 NTAMS 0x000000064fb00000 space 1024K, 100% used [0x000000064fa00000, 0x000000064fb00000)
AC   0  O    TS     0 PTAMS 0x000000064fc00000 NTAMS 0x000000064fc00000 space 1024K, 100% used [0x000000064fb00000, 0x000000064fc00000)
AC   0  O    TS     0 PTAMS 0x000000064fd00000 NTAMS 0x000000064fd00000 space 1024K, 100% used [0x000000064fc00000, 0x000000064fd00000)
AC   0  O    TS     0 PTAMS 0x000000064fe00000 NTAMS 0x000000064fe00000 space 1024K, 100% used [0x000000064fd00000, 0x000000064fe00000)
AC   0  O    TS     0 PTAMS 0x000000064ff00000 NTAMS 0x000000064ff00000 space 1024K, 100% used [0x000000064fe00000, 0x000000064ff00000)
AC   0  O    TS     0 PTAMS 0x0000000650000000 NTAMS 0x0000000650000000 space 1024K, 100% used [0x000000064ff00000, 0x0000000650000000)
AC   0  O    TS     0 PTAMS 0x0000000650100000 NTAMS 0x0000000650100000 space 1024K, 100% used [0x0000000650000000, 0x0000000650100000)
AC   0  O    TS     0 PTAMS 0x0000000650200000 NTAMS 0x0000000650200000 space 1024K, 100% used [0x0000000650100000, 0x0000000650200000)
AC   0  O    TS     0 PTAMS 0x0000000650300000 NTAMS 0x0000000650300000 space 1024K, 100% used [0x0000000650200000, 0x0000000650300000)
AC   0  O    TS     0 PTAMS 0x0000000650400000 NTAMS 0x0000000650400000 space 1024K, 100% used [0x0000000650300000, 0x0000000650400000)
AC   0  O    TS     0 PTAMS 0x0000000650500000 NTAMS 0x0000000650500000 space 1024K, 100% used [0x0000000650400000, 0x0000000650500000)
AC   0  O    TS     0 PTAMS 0x0000000650600000 NTAMS 0x0000000650600000 space 1024K, 100% used [0x0000000650500000, 0x0000000650600000)
AC   0  O    TS     0 PTAMS 0x0000000650700000 NTAMS 0x0000000650700000 space 1024K, 100% used [0x0000000650600000, 0x0000000650700000)
AC   0  O    TS     0 PTAMS 0x0000000650800000 NTAMS 0x0000000650800000 space 1024K, 100% used [0x0000000650700000, 0x0000000650800000)
AC   0  O    TS     0 PTAMS 0x0000000650900000 NTAMS 0x0000000650900000 space 1024K, 100% used [0x0000000650800000, 0x0000000650900000)
AC   0  O    TS     0 PTAMS 0x0000000650a00000 NTAMS 0x0000000650a00000 space 1024K, 100% used [0x0000000650900000, 0x0000000650a00000)
AC   0  O    TS     0 PTAMS 0x0000000650b00000 NTAMS 0x0000000650b00000 space 1024K, 100% used [0x0000000650a00000, 0x0000000650b00000)
AC   0  O    TS     0 PTAMS 0x0000000650c00000 NTAMS 0x0000000650c00000 space 1024K, 100% used [0x0000000650b00000, 0x0000000650c00000)
AC   0  F    TS     0 PTAMS 0x0000000650c00000 NTAMS 0x0000000650c00000 space 1024K,   0% used [0x0000000650c00000, 0x0000000650d00000)
AC   0  O    TS     0 PTAMS 0x0000000650e00000 NTAMS 0x0000000650e00000 space 1024K, 100% used [0x0000000650d00000, 0x0000000650e00000)
AC   0  O    TS     0 PTAMS 0x0000000650f00000 NTAMS 0x0000000650f00000 space 1024K, 100% used [0x0000000650e00000, 0x0000000650f00000)
AC   0  O    TS     0 PTAMS 0x0000000651000000 NTAMS 0x0000000651000000 space 1024K, 100% used [0x0000000650f00000, 0x0000000651000000)
AC   0  O    TS     0 PTAMS 0x0000000651100000 NTAMS 0x0000000651100000 space 1024K, 100% used [0x0000000651000000, 0x0000000651100000)
AC   0  O    TS     0 PTAMS 0x0000000651200000 NTAMS 0x0000000651200000 space 1024K, 100% used [0x0000000651100000, 0x0000000651200000)
AC   0  S CS TS     0 PTAMS 0x0000000651200000 NTAMS 0x0000000651200000 space 1024K, 100% used [0x0000000651200000, 0x0000000651300000)
AC   0  S CS TS     0 PTAMS 0x0000000651300000 NTAMS 0x0000000651300000 space 1024K, 100% used [0x0000000651300000, 0x0000000651400000)
AC   0  S CS TS     0 PTAMS 0x0000000651400000 NTAMS 0x0000000651400000 space 1024K, 100% used [0x0000000651400000, 0x0000000651500000)
AC   0  S CS TS     0 PTAMS 0x0000000651500000 NTAMS 0x0000000651500000 space 1024K, 100% used [0x0000000651500000, 0x0000000651600000)
AC   0  S CS TS     0 PTAMS 0x0000000651600000 NTAMS 0x0000000651600000 space 1024K, 100% used [0x0000000651600000, 0x0000000651700000)
AC   0  S CS TS     0 PTAMS 0x0000000651700000 NTAMS 0x0000000651700000 space 1024K, 100% used [0x0000000651700000, 0x0000000651800000)
AC   0  S CS TS     0 PTAMS 0x0000000651800000 NTAMS 0x0000000651800000 space 1024K, 100% used [0x0000000651800000, 0x0000000651900000)
AC   0  O    TS     0 PTAMS 0x0000000651a00000 NTAMS 0x0000000651a00000 space 1024K, 100% used [0x0000000651900000, 0x0000000651a00000)
AC   0  O    TS     0 PTAMS 0x0000000651b00000 NTAMS 0x0000000651b00000 space 1024K, 100% used [0x0000000651a00000, 0x0000000651b00000)
AC   0  O    TS     0 PTAMS 0x0000000651c00000 NTAMS 0x0000000651c00000 space 1024K, 100% used [0x0000000651b00000, 0x0000000651c00000)
AC   0 HS    TS     0 PTAMS 0x0000000651c00000 NTAMS 0x0000000651c00000 space 4096K,  75% used [0x0000000651c00000, 0x0000000652000000)
AC   0 HC    TS     0 PTAMS 0x0000000651d00000 NTAMS 0x0000000651d00000 space 1024K, 100% used [0x0000000651d00000, 0x0000000651e00000)
AC   0 HC    TS     0 PTAMS 0x0000000651e00000 NTAMS 0x0000000651e00000 space 1024K, 100% used [0x0000000651e00000, 0x0000000651f00000)
AC   0 HC    TS     0 PTAMS 0x0000000651f00000 NTAMS 0x0000000651f00000 space 1024K,   0% used [0x0000000651f00000, 0x0000000652000000)
AC   0  F    TS     0 PTAMS 0x0000000652000000 NTAMS 0x0000000652000000 space 1024K,   0% used [0x0000000652000000, 0x0000000652100000)
AC   0  F    TS     0 PTAMS 0x0000000652100000 NTAMS 0x0000000652100000 space 1024K,   0% used [0x0000000652100000, 0x0000000652200000)
AC   0  S CS TS     0 PTAMS 0x0000000652200000 NTAMS 0x0000000652200000 space 1024K, 100% used [0x0000000652200000, 0x0000000652300000)
AC   0  F    TS     0 PTAMS 0x0000000652300000 NTAMS 0x0000000652300000 space 1024K,   0% used [0x0000000652300000, 0x0000000652400000)
AC   0  F    TS     0 PTAMS 0x0000000652400000 NTAMS 0x0000000652400000 space 1024K,   0% used [0x0000000652400000, 0x0000000652500000)
AC   0  F    TS     0 PTAMS 0x0000000652500000 NTAMS 0x0000000652500000 space 1024K,   0% used [0x0000000652500000, 0x0000000652600000)
AC   0  F    TS     0 PTAMS 0x0000000652600000 NTAMS 0x0000000652600000 space 1024K,   0% used [0x0000000652600000, 0x0000000652700000)
AC   0  F    TS     0 PTAMS 0x0000000652700000 NTAMS 0x0000000652700000 space 1024K,   0% used [0x0000000652700000, 0x0000000652800000)
AC   0  F    TS     0 PTAMS 0x0000000652800000 NTAMS 0x0000000652800000 space 1024K,   0% used [0x0000000652800000, 0x0000000652900000)
AC   0  F    TS     0 PTAMS 0x0000000652900000 NTAMS 0x0000000652900000 space 1024K,   0% used [0x0000000652900000, 0x0000000652a00000)
AC   0  F    TS     0 PTAMS 0x0000000652a00000 NTAMS 0x0000000652a00000 space 1024K,   0% used [0x0000000652a00000, 0x0000000652b00000)
AC   0  F    TS     0 PTAMS 0x0000000652b00000 NTAMS 0x0000000652b00000 space 1024K,   0% used [0x0000000652b00000, 0x0000000652c00000)
AC   0  F    TS     0 PTAMS 0x0000000652c00000 NTAMS 0x0000000652c00000 space 1024K,   0% used [0x0000000652c00000, 0x0000000652d00000)
AC   0  F    TS     0 PTAMS 0x0000000652d00000 NTAMS 0x0000000652d00000 space 1024K,   0% used [0x0000000652d00000, 0x0000000652e00000)
AC   0  F    TS     0 PTAMS 0x0000000652e00000 NTAMS 0x0000000652e00000 space 1024K,   0% used [0x0000000652e00000, 0x0000000652f00000)
AC   0  F    TS     0 PTAMS 0x0000000652f00000 NTAMS 0x0000000652f00000 space 1024K,   0% used [0x0000000652f00000, 0x0000000653000000)
AC   0  F    TS     0 PTAMS 0x0000000653000000 NTAMS 0x0000000653000000 space 1024K,   0% used [0x0000000653000000, 0x0000000653100000)
AC   0  F    TS     0 PTAMS 0x0000000653100000 NTAMS 0x0000000653100000 space 1024K,   0% used [0x0000000653100000, 0x0000000653200000)
AC   0  F    TS     0 PTAMS 0x0000000653200000 NTAMS 0x0000000653200000 space 1024K,   0% used [0x0000000653200000, 0x0000000653300000)
AC   0  F    TS     0 PTAMS 0x0000000653300000 NTAMS 0x0000000653300000 space 1024K,   0% used [0x0000000653300000, 0x0000000653400000)
AC   0  F    TS     0 PTAMS 0x0000000653400000 NTAMS 0x0000000653400000 space 1024K,   0% used [0x0000000653400000, 0x0000000653500000)
AC   0  F    TS     0 PTAMS 0x0000000653500000 NTAMS 0x0000000653500000 space 1024K,   0% used [0x0000000653500000, 0x0000000653600000)
AC   0  F    TS     0 PTAMS 0x0000000653600000 NTAMS 0x0000000653600000 space 1024K,   0% used [0x0000000653600000, 0x0000000653700000)
AC   0  F    TS     0 PTAMS 0x0000000653700000 NTAMS 0x0000000653700000 space 1024K,   0% used [0x0000000653700000, 0x0000000653800000)
AC   0  F    TS     0 PTAMS 0x0000000653800000 NTAMS 0x0000000653800000 space 1024K,   0% used [0x0000000653800000, 0x0000000653900000)
AC   0  F    TS     0 PTAMS 0x0000000653900000 NTAMS 0x0000000653900000 space 1024K,   0% used [0x0000000653900000, 0x0000000653a00000)
AC   0  F    TS     0 PTAMS 0x0000000653a00000 NTAMS 0x0000000653a00000 space 1024K,   0% used [0x0000000653a00000, 0x0000000653b00000)
AC   0  F    TS     0 PTAMS 0x0000000653b00000 NTAMS 0x0000000653b00000 space 1024K,   0% used [0x0000000653b00000, 0x0000000653c00000)
AC   0  F    TS     0 PTAMS 0x0000000653c00000 NTAMS 0x0000000653c00000 space 1024K,   0% used [0x0000000653c00000, 0x0000000653d00000)
AC   0  F    TS     0 PTAMS 0x0000000653d00000 NTAMS 0x0000000653d00000 space 1024K,   0% used [0x0000000653d00000, 0x0000000653e00000)
AC   0  F    TS     0 PTAMS 0x0000000653e00000 NTAMS 0x0000000653e00000 space 1024K,   0% used [0x0000000653e00000, 0x0000000653f00000)
AC   0  F    TS     0 PTAMS 0x0000000653f00000 NTAMS 0x0000000653f00000 space 1024K,   0% used [0x0000000653f00000, 0x0000000654000000)
AC   0  F    TS     0 PTAMS 0x0000000654000000 NTAMS 0x0000000654000000 space 1024K,   0% used [0x0000000654000000, 0x0000000654100000)
AC   0  F    TS     0 PTAMS 0x0000000654100000 NTAMS 0x0000000654100000 space 1024K,   0% used [0x0000000654100000, 0x0000000654200000)
AC   0  F    TS     0 PTAMS 0x0000000654200000 NTAMS 0x0000000654200000 space 1024K,   0% used [0x0000000654200000, 0x0000000654300000)
AC   0  F    TS     0 PTAMS 0x0000000654300000 NTAMS 0x0000000654300000 space 1024K,   0% used [0x0000000654300000, 0x0000000654400000)
AC   0  F    TS     0 PTAMS 0x0000000654400000 NTAMS 0x0000000654400000 space 1024K,   0% used [0x0000000654400000, 0x0000000654500000)
AC   0  F    TS     0 PTAMS 0x0000000654500000 NTAMS 0x0000000654500000 space 1024K,   0% used [0x0000000654500000, 0x0000000654600000)
AC   0  F    TS     0 PTAMS 0x0000000654600000 NTAMS 0x0000000654600000 space 1024K,   0% used [0x0000000654600000, 0x0000000654700000)
AC   0  F    TS     0 PTAMS 0x0000000654700000 NTAMS 0x0000000654700000 space 1024K,   0% used [0x0000000654700000, 0x0000000654800000)
AC   0  F    TS     0 PTAMS 0x0000000654800000 NTAMS 0x0000000654800000 space 1024K,   0% used [0x0000000654800000, 0x0000000654900000)
AC   0  F    TS     0 PTAMS 0x0000000654900000 NTAMS 0x0000000654900000 space 1024K,   0% used [0x0000000654900000, 0x0000000654a00000)
AC   0  F    TS     0 PTAMS 0x0000000654a00000 NTAMS 0x0000000654a00000 space 1024K,   0% used [0x0000000654a00000, 0x0000000654b00000)
AC   0  F    TS     0 PTAMS 0x0000000654b00000 NTAMS 0x0000000654b00000 space 1024K,   0% used [0x0000000654b00000, 0x0000000654c00000)
AC   0  F    TS     0 PTAMS 0x0000000654c00000 NTAMS 0x0000000654c00000 space 1024K,   0% used [0x0000000654c00000, 0x0000000654d00000)
AC   0  F    TS     0 PTAMS 0x0000000654d00000 NTAMS 0x0000000654d00000 space 1024K,   0% used [0x0000000654d00000, 0x0000000654e00000)
AC   0  F    TS     0 PTAMS 0x0000000654e00000 NTAMS 0x0000000654e00000 space 1024K,   0% used [0x0000000654e00000, 0x0000000654f00000)
AC   0  F    TS     0 PTAMS 0x0000000654f00000 NTAMS 0x0000000654f00000 space 1024K,   0% used [0x0000000654f00000, 0x0000000655000000)
AC   0  F    TS     0 PTAMS 0x0000000655000000 NTAMS 0x0000000655000000 space 1024K,   0% used [0x0000000655000000, 0x0000000655100000)
AC   0  F    TS     0 PTAMS 0x0000000655100000 NTAMS 0x0000000655100000 space 1024K,   0% used [0x0000000655100000, 0x0000000655200000)
AC   0  F    TS     0 PTAMS 0x0000000655200000 NTAMS 0x0000000655200000 space 1024K,   0% used [0x0000000655200000, 0x0000000655300000)
AC   0  F    TS     0 PTAMS 0x0000000655300000 NTAMS 0x0000000655300000 space 1024K,   0% used [0x0000000655300000, 0x0000000655400000)
AC   0  F    TS     0 PTAMS 0x0000000655400000 NTAMS 0x0000000655400000 space 1024K,   0% used [0x0000000655400000, 0x0000000655500000)
AC   0  F    TS     0 PTAMS 0x0000000655500000 NTAMS 0x0000000655500000 space 1024K,   0% used [0x0000000655500000, 0x0000000655600000)
AC   0  F    TS     0 PTAMS 0x0000000655600000 NTAMS 0x0000000655600000 space 1024K,   0% used [0x0000000655600000, 0x0000000655700000)
AC   0  F    TS     0 PTAMS 0x0000000655700000 NTAMS 0x0000000655700000 space 1024K,   0% used [0x0000000655700000, 0x0000000655800000)
AC   0  F    TS     0 PTAMS 0x0000000655800000 NTAMS 0x0000000655800000 space 1024K,   0% used [0x0000000655800000, 0x0000000655900000)
AC   0  F    TS     0 PTAMS 0x0000000655900000 NTAMS 0x0000000655900000 space 1024K,   0% used [0x0000000655900000, 0x0000000655a00000)
AC   0  F    TS     0 PTAMS 0x0000000655a00000 NTAMS 0x0000000655a00000 space 1024K,   0% used [0x0000000655a00000, 0x0000000655b00000)
AC   0  F    TS     0 PTAMS 0x0000000655b00000 NTAMS 0x0000000655b00000 space 1024K,   0% used [0x0000000655b00000, 0x0000000655c00000)
AC   0  F    TS     0 PTAMS 0x0000000655c00000 NTAMS 0x0000000655c00000 space 1024K,   0% used [0x0000000655c00000, 0x0000000655d00000)
AC   0  F    TS     0 PTAMS 0x0000000655d00000 NTAMS 0x0000000655d00000 space 1024K,   0% used [0x0000000655d00000, 0x0000000655e00000)
AC   0  F    TS     0 PTAMS 0x0000000655e00000 NTAMS 0x0000000655e00000 space 1024K,   0% used [0x0000000655e00000, 0x0000000655f00000)
AC   0  F    TS     0 PTAMS 0x0000000655f00000 NTAMS 0x0000000655f00000 space 1024K,   0% used [0x0000000655f00000, 0x0000000656000000)
AC   0  F    TS     0 PTAMS 0x0000000656000000 NTAMS 0x0000000656000000 space 1024K,   0% used [0x0000000656000000, 0x0000000656100000)
AC   0  E    TS     0 PTAMS 0x0000000656100000 NTAMS 0x0000000656100000 space 1024K,  47% used [0x0000000656100000, 0x0000000656200000)
AC   0  E CS TS     0 PTAMS 0x0000000656200000 NTAMS 0x0000000656200000 space 1024K, 100% used [0x0000000656200000, 0x0000000656300000)
AC   0  E CS TS     0 PTAMS 0x0000000656300000 NTAMS 0x0000000656300000 space 1024K, 100% used [0x0000000656300000, 0x0000000656400000)
AC   0  E CS TS     0 PTAMS 0x0000000656400000 NTAMS 0x0000000656400000 space 1024K, 100% used [0x0000000656400000, 0x0000000656500000)
AC   0  E CS TS     0 PTAMS 0x0000000656500000 NTAMS 0x0000000656500000 space 1024K, 100% used [0x0000000656500000, 0x0000000656600000)
AC   0  E CS TS     0 PTAMS 0x0000000656600000 NTAMS 0x0000000656600000 space 1024K, 100% used [0x0000000656600000, 0x0000000656700000)
AC   0  E CS TS     0 PTAMS 0x0000000656700000 NTAMS 0x0000000656700000 space 1024K, 100% used [0x0000000656700000, 0x0000000656800000)
AC   0  E CS TS     0 PTAMS 0x0000000656800000 NTAMS 0x0000000656800000 space 1024K, 100% used [0x0000000656800000, 0x0000000656900000)
AC   0  E CS TS     0 PTAMS 0x0000000656900000 NTAMS 0x0000000656900000 space 1024K, 100% used [0x0000000656900000, 0x0000000656a00000)
AC   0  E CS TS     0 PTAMS 0x0000000656a00000 NTAMS 0x0000000656a00000 space 1024K, 100% used [0x0000000656a00000, 0x0000000656b00000)
AC   0  E CS TS     0 PTAMS 0x0000000656b00000 NTAMS 0x0000000656b00000 space 1024K, 100% used [0x0000000656b00000, 0x0000000656c00000)
AC   0  E CS TS     0 PTAMS 0x0000000656c00000 NTAMS 0x0000000656c00000 space 1024K, 100% used [0x0000000656c00000, 0x0000000656d00000)
AC   0  E CS TS     0 PTAMS 0x0000000656d00000 NTAMS 0x0000000656d00000 space 1024K, 100% used [0x0000000656d00000, 0x0000000656e00000)
AC   0  E CS TS     0 PTAMS 0x0000000656e00000 NTAMS 0x0000000656e00000 space 1024K, 100% used [0x0000000656e00000, 0x0000000656f00000)
AC   0  E CS TS     0 PTAMS 0x0000000656f00000 NTAMS 0x0000000656f00000 space 1024K, 100% used [0x0000000656f00000, 0x0000000657000000)
AC   0  E CS TS     0 PTAMS 0x0000000657000000 NTAMS 0x0000000657000000 space 1024K, 100% used [0x0000000657000000, 0x0000000657100000)
AC   0  E CS TS     0 PTAMS 0x0000000657100000 NTAMS 0x0000000657100000 space 1024K, 100% used [0x0000000657100000, 0x0000000657200000)
AC   0  E CS TS     0 PTAMS 0x0000000657200000 NTAMS 0x0000000657200000 space 1024K, 100% used [0x0000000657200000, 0x0000000657300000)
AC   0  E CS TS     0 PTAMS 0x0000000657300000 NTAMS 0x0000000657300000 space 1024K, 100% used [0x0000000657300000, 0x0000000657400000)
AC   0  E CS TS     0 PTAMS 0x0000000657400000 NTAMS 0x0000000657400000 space 1024K, 100% used [0x0000000657400000, 0x0000000657500000)
AC   0  E CS TS     0 PTAMS 0x0000000657500000 NTAMS 0x0000000657500000 space 1024K, 100% used [0x0000000657500000, 0x0000000657600000)
AC   0  E CS TS     0 PTAMS 0x0000000657600000 NTAMS 0x0000000657600000 space 1024K, 100% used [0x0000000657600000, 0x0000000657700000)
AC   0  E CS TS     0 PTAMS 0x0000000657700000 NTAMS 0x0000000657700000 space 1024K, 100% used [0x0000000657700000, 0x0000000657800000)
AC   0  E CS TS     0 PTAMS 0x0000000657800000 NTAMS 0x0000000657800000 space 1024K, 100% used [0x0000000657800000, 0x0000000657900000)
AC   0  E CS TS     0 PTAMS 0x0000000657900000 NTAMS 0x0000000657900000 space 1024K, 100% used [0x0000000657900000, 0x0000000657a00000)
AC   0  E CS TS     0 PTAMS 0x0000000657a00000 NTAMS 0x0000000657a00000 space 1024K, 100% used [0x0000000657a00000, 0x0000000657b00000)
AC   0  O    TS     0 PTAMS 0x0000000657c00000 NTAMS 0x0000000657c00000 space 1024K, 100% used [0x0000000657b00000, 0x0000000657c00000)
AC   0  O    TS     0 PTAMS 0x0000000657d00000 NTAMS 0x0000000657d00000 space 1024K, 100% used [0x0000000657c00000, 0x0000000657d00000)
AC   0  O    TS     0 PTAMS 0x0000000657e00000 NTAMS 0x0000000657e00000 space 1024K, 100% used [0x0000000657d00000, 0x0000000657e00000)
AC   0  O    TS     0 PTAMS 0x0000000657f00000 NTAMS 0x0000000657f00000 space 1024K, 100% used [0x0000000657e00000, 0x0000000657f00000)
AC   0  O    TS     0 PTAMS 0x0000000658000000 NTAMS 0x0000000658000000 space 1024K, 100% used [0x0000000657f00000, 0x0000000658000000)
AC   0  E CS TS     0 PTAMS 0x0000000658000000 NTAMS 0x0000000658000000 space 1024K, 100% used [0x0000000658000000, 0x0000000658100000)
AC   0  E CS TS     0 PTAMS 0x0000000658100000 NTAMS 0x0000000658100000 space 1024K, 100% used [0x0000000658100000, 0x0000000658200000)
AC   0  E CS TS     0 PTAMS 0x0000000658200000 NTAMS 0x0000000658200000 space 1024K, 100% used [0x0000000658200000, 0x0000000658300000)
AC   0  O    TS     0 PTAMS 0x0000000658400000 NTAMS 0x0000000658400000 space 1024K, 100% used [0x0000000658300000, 0x0000000658400000)
AC   0  O    TS     0 PTAMS 0x0000000658500000 NTAMS 0x0000000658500000 space 1024K, 100% used [0x0000000658400000, 0x0000000658500000)
AC   0  O    TS     0 PTAMS 0x0000000658600000 NTAMS 0x0000000658600000 space 1024K, 100% used [0x0000000658500000, 0x0000000658600000)
AC   0  E CS TS     0 PTAMS 0x0000000658600000 NTAMS 0x0000000658600000 space 1024K, 100% used [0x0000000658600000, 0x0000000658700000)
AC   0  E CS TS     0 PTAMS 0x0000000658700000 NTAMS 0x0000000658700000 space 1024K, 100% used [0x0000000658700000, 0x0000000658800000)
AC   0  O    TS     0 PTAMS 0x0000000658900000 NTAMS 0x0000000658900000 space 1024K, 100% used [0x0000000658800000, 0x0000000658900000)
AC   0  E CS TS     0 PTAMS 0x0000000658900000 NTAMS 0x0000000658900000 space 1024K, 100% used [0x0000000658900000, 0x0000000658a00000)
AC   0  E CS TS     0 PTAMS 0x0000000658a00000 NTAMS 0x0000000658a00000 space 1024K, 100% used [0x0000000658a00000, 0x0000000658b00000)
AC   0  O    TS     0 PTAMS 0x0000000658c00000 NTAMS 0x0000000658c00000 space 1024K, 100% used [0x0000000658b00000, 0x0000000658c00000)
AC   0  E CS TS     0 PTAMS 0x0000000658c00000 NTAMS 0x0000000658c00000 space 1024K, 100% used [0x0000000658c00000, 0x0000000658d00000)
AC   0  E CS TS     0 PTAMS 0x0000000658d00000 NTAMS 0x0000000658d00000 space 1024K, 100% used [0x0000000658d00000, 0x0000000658e00000)
AC   0  E CS TS     0 PTAMS 0x0000000658e00000 NTAMS 0x0000000658e00000 space 1024K, 100% used [0x0000000658e00000, 0x0000000658f00000)
AC   0  O    TS     0 PTAMS 0x0000000659000000 NTAMS 0x0000000659000000 space 1024K, 100% used [0x0000000658f00000, 0x0000000659000000)
AC   0  E CS TS     0 PTAMS 0x0000000659000000 NTAMS 0x0000000659000000 space 1024K, 100% used [0x0000000659000000, 0x0000000659100000)
AC   0  E CS TS     0 PTAMS 0x0000000659100000 NTAMS 0x0000000659100000 space 1024K, 100% used [0x0000000659100000, 0x0000000659200000)
AC   0  O    TS     0 PTAMS 0x0000000659300000 NTAMS 0x0000000659300000 space 1024K, 100% used [0x0000000659200000, 0x0000000659300000)
AC   0  E CS TS     0 PTAMS 0x0000000659300000 NTAMS 0x0000000659300000 space 1024K, 100% used [0x0000000659300000, 0x0000000659400000)
AC   0  O    TS     0 PTAMS 0x0000000659500000 NTAMS 0x0000000659500000 space 1024K, 100% used [0x0000000659400000, 0x0000000659500000)
AC   0  O    TS     0 PTAMS 0x0000000659600000 NTAMS 0x0000000659600000 space 1024K, 100% used [0x0000000659500000, 0x0000000659600000)
AC   0  O    TS     0 PTAMS 0x0000000659700000 NTAMS 0x0000000659700000 space 1024K, 100% used [0x0000000659600000, 0x0000000659700000)
AC   0  O    TS     0 PTAMS 0x0000000659800000 NTAMS 0x0000000659800000 space 1024K, 100% used [0x0000000659700000, 0x0000000659800000)
AC   0  O    TS     0 PTAMS 0x0000000659900000 NTAMS 0x0000000659900000 space 1024K, 100% used [0x0000000659800000, 0x0000000659900000)
AC   0  O    TS     0 PTAMS 0x0000000659a00000 NTAMS 0x0000000659a00000 space 1024K, 100% used [0x0000000659900000, 0x0000000659a00000)
AC   0  O    TS     0 PTAMS 0x0000000659b00000 NTAMS 0x0000000659b00000 space 1024K, 100% used [0x0000000659a00000, 0x0000000659b00000)
AC   0  O    TS     0 PTAMS 0x0000000659c00000 NTAMS 0x0000000659c00000 space 1024K, 100% used [0x0000000659b00000, 0x0000000659c00000)
AC   0  O    TS     0 PTAMS 0x0000000659d00000 NTAMS 0x0000000659d00000 space 1024K, 100% used [0x0000000659c00000, 0x0000000659d00000)
AC   0  O    TS     0 PTAMS 0x0000000659e00000 NTAMS 0x0000000659e00000 space 1024K, 100% used [0x0000000659d00000, 0x0000000659e00000)
AC   0  O    TS     0 PTAMS 0x0000000659f00000 NTAMS 0x0000000659f00000 space 1024K, 100% used [0x0000000659e00000, 0x0000000659f00000)
AC   0  O    TS     0 PTAMS 0x000000065a000000 NTAMS 0x000000065a000000 space 1024K, 100% used [0x0000000659f00000, 0x000000065a000000)
AC   0  O    TS     0 PTAMS 0x000000065a100000 NTAMS 0x000000065a100000 space 1024K, 100% used [0x000000065a000000, 0x000000065a100000)
AC   0  O    TS     0 PTAMS 0x000000065a200000 NTAMS 0x000000065a200000 space 1024K, 100% used [0x000000065a100000, 0x000000065a200000)
AC   0  O    TS     0 PTAMS 0x000000065a300000 NTAMS 0x000000065a300000 space 1024K, 100% used [0x000000065a200000, 0x000000065a300000)
AC   0  O    TS     0 PTAMS 0x000000065a400000 NTAMS 0x000000065a400000 space 1024K, 100% used [0x000000065a300000, 0x000000065a400000)
AC   0  O    TS     0 PTAMS 0x000000065a500000 NTAMS 0x000000065a500000 space 1024K, 100% used [0x000000065a400000, 0x000000065a500000)
AC   0  O    TS     0 PTAMS 0x000000065a600000 NTAMS 0x000000065a600000 space 1024K, 100% used [0x000000065a500000, 0x000000065a600000)
AC   0  E CS TS     0 PTAMS 0x000000065a600000 NTAMS 0x000000065a600000 space 1024K, 100% used [0x000000065a600000, 0x000000065a700000)
AC   0  O    TS     0 PTAMS 0x000000065a800000 NTAMS 0x000000065a800000 space 1024K, 100% used [0x000000065a700000, 0x000000065a800000)
AC   0  E CS TS     0 PTAMS 0x000000065a800000 NTAMS 0x000000065a800000 space 1024K, 100% used [0x000000065a800000, 0x000000065a900000)
AC   0  O    TS     0 PTAMS 0x000000065aa00000 NTAMS 0x000000065aa00000 space 1024K, 100% used [0x000000065a900000, 0x000000065aa00000)
AC   0  O    TS     0 PTAMS 0x000000065ab00000 NTAMS 0x000000065ab00000 space 1024K, 100% used [0x000000065aa00000, 0x000000065ab00000)
AC   0  E CS TS     0 PTAMS 0x000000065ab00000 NTAMS 0x000000065ab00000 space 1024K, 100% used [0x000000065ab00000, 0x000000065ac00000)
AC   0  O    TS     0 PTAMS 0x000000065ad00000 NTAMS 0x000000065ad00000 space 1024K, 100% used [0x000000065ac00000, 0x000000065ad00000)
AC   0  O    TS     0 PTAMS 0x000000065ae00000 NTAMS 0x000000065ae00000 space 1024K, 100% used [0x000000065ad00000, 0x000000065ae00000)
AC   0  O    TS     0 PTAMS 0x000000065af00000 NTAMS 0x000000065af00000 space 1024K, 100% used [0x000000065ae00000, 0x000000065af00000)
AC   0  O    TS     0 PTAMS 0x000000065b000000 NTAMS 0x000000065b000000 space 1024K, 100% used [0x000000065af00000, 0x000000065b000000)
AC   0  E CS TS     0 PTAMS 0x000000065b000000 NTAMS 0x000000065b000000 space 1024K, 100% used [0x000000065b000000, 0x000000065b100000)
AC   0  O    TS     0 PTAMS 0x000000065b200000 NTAMS 0x000000065b200000 space 1024K, 100% used [0x000000065b100000, 0x000000065b200000)
AC   0  E CS TS     0 PTAMS 0x000000065b200000 NTAMS 0x000000065b200000 space 1024K, 100% used [0x000000065b200000, 0x000000065b300000)
AC   0  O    TS     0 PTAMS 0x000000065b400000 NTAMS 0x000000065b400000 space 1024K, 100% used [0x000000065b300000, 0x000000065b400000)
AC   0  E CS TS     0 PTAMS 0x000000065b400000 NTAMS 0x000000065b400000 space 1024K, 100% used [0x000000065b400000, 0x000000065b500000)
AC   0  O    TS     0 PTAMS 0x000000065b600000 NTAMS 0x000000065b600000 space 1024K, 100% used [0x000000065b500000, 0x000000065b600000)
AC   0  E CS TS     0 PTAMS 0x000000065b600000 NTAMS 0x000000065b600000 space 1024K, 100% used [0x000000065b600000, 0x000000065b700000)
AC   0  E CS TS     0 PTAMS 0x000000065b700000 NTAMS 0x000000065b700000 space 1024K, 100% used [0x000000065b700000, 0x000000065b800000)
AC   0  E CS TS     0 PTAMS 0x000000065b800000 NTAMS 0x000000065b800000 space 1024K, 100% used [0x000000065b800000, 0x000000065b900000)
AC   0  O    TS     0 PTAMS 0x000000065ba00000 NTAMS 0x000000065ba00000 space 1024K, 100% used [0x000000065b900000, 0x000000065ba00000)
AC   0  O    TS     0 PTAMS 0x000000065bb00000 NTAMS 0x000000065bb00000 space 1024K, 100% used [0x000000065ba00000, 0x000000065bb00000)
AC   0  O    TS     0 PTAMS 0x000000065bc00000 NTAMS 0x000000065bc00000 space 1024K, 100% used [0x000000065bb00000, 0x000000065bc00000)
AC   0  O    TS     0 PTAMS 0x000000065bd00000 NTAMS 0x000000065bd00000 space 1024K, 100% used [0x000000065bc00000, 0x000000065bd00000)
AC   0  O    TS     0 PTAMS 0x000000065be00000 NTAMS 0x000000065be00000 space 1024K, 100% used [0x000000065bd00000, 0x000000065be00000)
AC   0  O    TS     0 PTAMS 0x000000065bf00000 NTAMS 0x000000065bf00000 space 1024K, 100% used [0x000000065be00000, 0x000000065bf00000)
AC   0  O    TS     0 PTAMS 0x000000065c000000 NTAMS 0x000000065c000000 space 1024K, 100% used [0x000000065bf00000, 0x000000065c000000)
AC   0  O    TS     0 PTAMS 0x000000065c100000 NTAMS 0x000000065c100000 space 1024K, 100% used [0x000000065c000000, 0x000000065c100000)
AC   0  F    TS     0 PTAMS 0x000000065c100000 NTAMS 0x000000065c100000 space 1024K,   0% used [0x000000065c100000, 0x000000065c200000)
AC   0  E CS TS     0 PTAMS 0x000000065c200000 NTAMS 0x000000065c200000 space 1024K, 100% used [0x000000065c200000, 0x000000065c300000)
AC   0  E CS TS     0 PTAMS 0x000000065c300000 NTAMS 0x000000065c300000 space 1024K, 100% used [0x000000065c300000, 0x000000065c400000)
AC   0  E CS TS     0 PTAMS 0x000000065c400000 NTAMS 0x000000065c400000 space 1024K, 100% used [0x000000065c400000, 0x000000065c500000)
AC   0  E CS TS     0 PTAMS 0x000000065c500000 NTAMS 0x000000065c500000 space 1024K, 100% used [0x000000065c500000, 0x000000065c600000)
AC   0  E CS TS     0 PTAMS 0x000000065c600000 NTAMS 0x000000065c600000 space 1024K, 100% used [0x000000065c600000, 0x000000065c700000)
AC   0  O    TS     0 PTAMS 0x000000065c800000 NTAMS 0x000000065c800000 space 1024K, 100% used [0x000000065c700000, 0x000000065c800000)
AC   0  E CS TS     0 PTAMS 0x000000065c800000 NTAMS 0x000000065c800000 space 1024K, 100% used [0x000000065c800000, 0x000000065c900000)
AC   0  O    TS     0 PTAMS 0x000000065ca00000 NTAMS 0x000000065ca00000 space 1024K, 100% used [0x000000065c900000, 0x000000065ca00000)
AC   0  E CS TS     0 PTAMS 0x000000065ca00000 NTAMS 0x000000065ca00000 space 1024K, 100% used [0x000000065ca00000, 0x000000065cb00000)
AC   0  E CS TS     0 PTAMS 0x000000065cb00000 NTAMS 0x000000065cb00000 space 1024K, 100% used [0x000000065cb00000, 0x000000065cc00000)
AC   0  E CS TS     0 PTAMS 0x000000065cc00000 NTAMS 0x000000065cc00000 space 1024K, 100% used [0x000000065cc00000, 0x000000065cd00000)
AC   0  E CS TS     0 PTAMS 0x000000065cd00000 NTAMS 0x000000065cd00000 space 1024K, 100% used [0x000000065cd00000, 0x000000065ce00000)
AC   0  F    TS     0 PTAMS 0x000000065ce00000 NTAMS 0x000000065ce00000 space 1024K,   0% used [0x000000065ce00000, 0x000000065cf00000)
AC   0  O    TS     0 PTAMS 0x000000065d000000 NTAMS 0x000000065d000000 space 1024K, 100% used [0x000000065cf00000, 0x000000065d000000)
AC   0  O    TS     0 PTAMS 0x000000065d100000 NTAMS 0x000000065d100000 space 1024K, 100% used [0x000000065d000000, 0x000000065d100000)
AC   0  E CS TS     0 PTAMS 0x000000065d100000 NTAMS 0x000000065d100000 space 1024K, 100% used [0x000000065d100000, 0x000000065d200000)
AC   0  O    TS     0 PTAMS 0x000000065d300000 NTAMS 0x000000065d300000 space 1024K, 100% used [0x000000065d200000, 0x000000065d300000)
AC   0  O    TS     0 PTAMS 0x000000065d400000 NTAMS 0x000000065d400000 space 1024K, 100% used [0x000000065d300000, 0x000000065d400000)
AC   0  O    TS     0 PTAMS 0x000000065d500000 NTAMS 0x000000065d500000 space 1024K, 100% used [0x000000065d400000, 0x000000065d500000)
AC   0  O    TS     0 PTAMS 0x000000065d600000 NTAMS 0x000000065d600000 space 1024K, 100% used [0x000000065d500000, 0x000000065d600000)
AC   0  O    TS     0 PTAMS 0x000000065d700000 NTAMS 0x000000065d700000 space 1024K, 100% used [0x000000065d600000, 0x000000065d700000)
AC   0  O    TS     0 PTAMS 0x000000065d780008 NTAMS 0x000000065d780008 space 1024K,  50% used [0x000000065d700000, 0x000000065d800000)
AC   0  E CS TS     0 PTAMS 0x000000065d800000 NTAMS 0x000000065d800000 space 1024K, 100% used [0x000000065d800000, 0x000000065d900000)
AC   0  S CS TS     0 PTAMS 0x000000065d900000 NTAMS 0x000000065d900000 space 1024K, 100% used [0x000000065d900000, 0x000000065da00000)
AC   0  S CS TS     0 PTAMS 0x000000065da00000 NTAMS 0x000000065da00000 space 1024K, 100% used [0x000000065da00000, 0x000000065db00000)
AC   0  S CS TS     0 PTAMS 0x000000065db00000 NTAMS 0x000000065db00000 space 1024K, 100% used [0x000000065db00000, 0x000000065dc00000)
AC   0  S CS TS     0 PTAMS 0x000000065dc00000 NTAMS 0x000000065dc00000 space 1024K,  99% used [0x000000065dc00000, 0x000000065dd00000)

Card table byte_map: [0x0000000016b60000,0x0000000017720000] byte_map_base: 0x0000000013918000

Marking Bits (Prev, Next): (CMBitMap*) 0x0000000005240df8, (CMBitMap*) 0x0000000005240e50
 Prev Bits: [0x00000000182e0000, 0x000000001e0a0000)
 Next Bits: [0x000000001e0a0000, 0x0000000023e60000)

Polling page: 0x0000000003270000

CodeCache: size=245760Kb used=18768Kb max_used=18797Kb free=226991Kb
 bounds [0x00000000052d0000, 0x0000000006570000, 0x00000000142d0000]
 total_blobs=6532 nmethods=5633 adapters=809
 compilation: enabled

Compilation events (10 events):
Event: 26.959 Thread 0x000000002797d000 7400       3       fy::a (67 bytes)
Event: 26.960 Thread 0x000000002797d000 nmethod 7400 0x0000000006419990 code [0x0000000006419be0, 0x000000000641a8a8]
Event: 26.964 Thread 0x0000000027973000 7401       4       com.sun.crypto.provider.GHASH::blockMult (225 bytes)
Event: 26.964 Thread 0x000000002797d000 7402       3       bui::k (59 bytes)
Event: 26.965 Thread 0x000000002791c800 7403       4       bvc::b (19 bytes)
Event: 26.965 Thread 0x000000002797d000 nmethod 7402 0x0000000006014d50 code [0x0000000006014f00, 0x0000000006015568]
Event: 26.968 Thread 0x000000002791c800 nmethod 7403 0x0000000006013210 code [0x0000000006013380, 0x0000000006013568]
Event: 26.968 Thread 0x000000002797d000 7404       3       ve::a (51 bytes)
Event: 26.969 Thread 0x000000002797d000 nmethod 7404 0x0000000006013c50 code [0x0000000006013e40, 0x0000000006014728]
Event: 26.970 Thread 0x0000000027973000 nmethod 7401 0x00000000055b3bd0 code [0x00000000055b3d00, 0x00000000055b40d8]

GC Heap History (10 events):
Event: 25.563 GC heap before
{Heap before GC invocations=17 (full 2):
 garbage-first heap   total 286720K, used 283222K [0x0000000649000000, 0x00000006491008c0, 0x00000007c0000000)
  region size 1024K, 126 young (129024K), 16 survivors (16384K)
 Metaspace       used 46269K, capacity 46811K, committed 47232K, reserved 1091584K
  class space    used 5824K, capacity 5964K, committed 6016K, reserved 1048576K
Event: 25.590 GC heap after
Heap after GC invocations=18 (full 2):
 garbage-first heap   total 313344K, used 180310K [0x0000000649000000, 0x0000000649100990, 0x00000007c0000000)
  region size 1024K, 8 young (8192K), 8 survivors (8192K)
 Metaspace       used 46269K, capacity 46811K, committed 47232K, reserved 1091584K
  class space    used 5824K, capacity 5964K, committed 6016K, reserved 1048576K
}
Event: 25.824 GC heap before
{Heap before GC invocations=19 (full 2):
 garbage-first heap   total 313344K, used 298472K [0x0000000649000000, 0x0000000649100990, 0x00000007c0000000)
  region size 1024K, 128 young (131072K), 8 survivors (8192K)
 Metaspace       used 46297K, capacity 46811K, committed 47232K, reserved 1091584K
  class space    used 5827K, capacity 5964K, committed 6016K, reserved 1048576K
Event: 25.831 GC heap after
Heap after GC invocations=20 (full 2):
 garbage-first heap   total 314368K, used 179688K [0x0000000649000000, 0x0000000649100998, 0x00000007c0000000)
  region size 1024K, 12 young (12288K), 12 survivors (12288K)
 Metaspace       used 46297K, capacity 46811K, committed 47232K, reserved 1091584K
  class space    used 5827K, capacity 5964K, committed 6016K, reserved 1048576K
}
Event: 26.153 GC heap before
{Heap before GC invocations=20 (full 2):
 garbage-first heap   total 314368K, used 298472K [0x0000000649000000, 0x0000000649100998, 0x00000007c0000000)
  region size 1024K, 128 young (131072K), 12 survivors (12288K)
 Metaspace       used 46306K, capacity 46811K, committed 47232K, reserved 1091584K
  class space    used 5827K, capacity 5964K, committed 6016K, reserved 1048576K
Event: 26.163 GC heap after
Heap after GC invocations=21 (full 2):
 garbage-first heap   total 327680K, used 193000K [0x0000000649000000, 0x0000000649100a00, 0x00000007c0000000)
  region size 1024K, 16 young (16384K), 16 survivors (16384K)
 Metaspace       used 46306K, capacity 46811K, committed 47232K, reserved 1091584K
  class space    used 5827K, capacity 5964K, committed 6016K, reserved 1048576K
}
Event: 26.308 GC heap before
{Heap before GC invocations=21 (full 2):
 garbage-first heap   total 327680K, used 307688K [0x0000000649000000, 0x0000000649100a00, 0x00000007c0000000)
  region size 1024K, 128 young (131072K), 16 survivors (16384K)
 Metaspace       used 46325K, capacity 46811K, committed 47232K, reserved 1091584K
  class space    used 5828K, capacity 5964K, committed 6016K, reserved 1048576K
Event: 26.319 GC heap after
Heap after GC invocations=22 (full 2):
 garbage-first heap   total 336896K, used 201704K [0x0000000649000000, 0x0000000649100a48, 0x00000007c0000000)
  region size 1024K, 8 young (8192K), 8 survivors (8192K)
 Metaspace       used 46325K, capacity 46811K, committed 47232K, reserved 1091584K
  class space    used 5828K, capacity 5964K, committed 6016K, reserved 1048576K
}
Event: 26.467 GC heap before
{Heap before GC invocations=22 (full 2):
 garbage-first heap   total 336896K, used 324584K [0x0000000649000000, 0x0000000649100a48, 0x00000007c0000000)
  region size 1024K, 128 young (131072K), 8 survivors (8192K)
 Metaspace       used 46350K, capacity 46875K, committed 47232K, reserved 1091584K
  class space    used 5830K, capacity 5964K, committed 6016K, reserved 1048576K
Event: 26.474 GC heap after
Heap after GC invocations=23 (full 2):
 garbage-first heap   total 340992K, used 206312K [0x0000000649000000, 0x0000000649100a68, 0x00000007c0000000)
  region size 1024K, 12 young (12288K), 12 survivors (12288K)
 Metaspace       used 46350K, capacity 46875K, committed 47232K, reserved 1091584K
  class space    used 5830K, capacity 5964K, committed 6016K, reserved 1048576K
}

Deoptimization events (10 events):
Event: 26.912 Thread 0x000000002b26c800 Uncommon trap: reason=class_check action=maybe_recompile pc=0x000000000649fb78 method=et.a(III)Let; @ 19
Event: 26.958 Thread 0x000000002b272000 Uncommon trap: reason=bimorphic action=maybe_recompile pc=0x0000000005588448 method=java.util.concurrent.locks.AbstractQueuedSynchronizer.release(I)Z @ 2
Event: 26.960 Thread 0x000000002b272000 Uncommon trap: reason=unstable_if action=reinterpret pc=0x0000000005a1bcfc method=java.util.regex.Pattern$Curly.study(Ljava/util/regex/Pattern$TreeInfo;)Z @ 127
Event: 26.962 Thread 0x0000000004c4e800 Uncommon trap: reason=unstable_if action=reinterpret pc=0x00000000060a3e8c method=cdy.b()Z @ 4
Event: 26.963 Thread 0x0000000004c4e800 Uncommon trap: reason=unstable_if action=reinterpret pc=0x00000000056f63e4 method=cdy.b()Z @ 4
Event: 26.963 Thread 0x0000000004c4e800 Uncommon trap: reason=unstable_if action=reinterpret pc=0x0000000006080048 method=bui.k()V @ 51
Event: 26.963 Thread 0x0000000004c4e800 Uncommon trap: reason=unstable_if action=reinterpret pc=0x000000000575da34 method=bui.k()V @ 51
Event: 26.963 Thread 0x0000000004c4e800 Uncommon trap: reason=unstable_if action=reinterpret pc=0x00000000053f5148 method=shadersmod.client.SVertexBuilder.endAddVertex(Lbui;)V @ 11
Event: 26.964 Thread 0x0000000004c4e800 Uncommon trap: reason=unstable_if action=reinterpret pc=0x00000000060c0ef8 method=shadersmod.client.SVertexBuilder.drawArrays(IIILbui;)V @ 21
Event: 26.964 Thread 0x0000000004c4e800 Uncommon trap: reason=unstable_if action=reinterpret pc=0x000000000575ce18 method=cdy.b()Z @ 4

Internal exceptions (10 events):
Event: 26.371 Thread 0x0000000004c4e800 Exception <a 'java/io/FileNotFoundException'> (0x000000065c645ae8) thrown at [C:\re\workspace\8-2-build-windows-amd64-cygwin\jdk8u131\8869\hotspot\src\share\vm\prims\jni.cpp, line 709]
Event: 26.371 Thread 0x0000000004c4e800 Exception <a 'java/io/FileNotFoundException'> (0x000000065c646490) thrown at [C:\re\workspace\8-2-build-windows-amd64-cygwin\jdk8u131\8869\hotspot\src\share\vm\prims\jni.cpp, line 709]
Event: 26.371 Thread 0x0000000004c4e800 Exception <a 'java/io/FileNotFoundException'> (0x000000065c6471a0) thrown at [C:\re\workspace\8-2-build-windows-amd64-cygwin\jdk8u131\8869\hotspot\src\share\vm\prims\jni.cpp, line 709]
Event: 26.372 Thread 0x0000000004c4e800 Exception <a 'java/io/FileNotFoundException'> (0x000000065c647b48) thrown at [C:\re\workspace\8-2-build-windows-amd64-cygwin\jdk8u131\8869\hotspot\src\share\vm\prims\jni.cpp, line 709]
Event: 26.620 Thread 0x0000000004c4e800 Exception <a 'java/io/FileNotFoundException'> (0x000000065934c9e8) thrown at [C:\re\workspace\8-2-build-windows-amd64-cygwin\jdk8u131\8869\hotspot\src\share\vm\prims\jni.cpp, line 709]
Event: 26.620 Thread 0x0000000004c4e800 Exception <a 'java/io/FileNotFoundException'> (0x000000065934d3a0) thrown at [C:\re\workspace\8-2-build-windows-amd64-cygwin\jdk8u131\8869\hotspot\src\share\vm\prims\jni.cpp, line 709]
Event: 26.620 Thread 0x0000000004c4e800 Exception <a 'java/io/FileNotFoundException'> (0x000000065934e100) thrown at [C:\re\workspace\8-2-build-windows-amd64-cygwin\jdk8u131\8869\hotspot\src\share\vm\prims\jni.cpp, line 709]
Event: 26.620 Thread 0x0000000004c4e800 Exception <a 'java/io/FileNotFoundException'> (0x000000065934ead8) thrown at [C:\re\workspace\8-2-build-windows-amd64-cygwin\jdk8u131\8869\hotspot\src\share\vm\prims\jni.cpp, line 709]
Event: 26.741 Thread 0x0000000029576000 Exception <a 'java/lang/ArrayIndexOutOfBoundsException': 139> (0x000000065798e270) thrown at [C:\re\workspace\8-2-build-windows-amd64-cygwin\jdk8u131\8869\hotspot\src\share\vm\interpreter\interpreterRuntime.cpp, line 366]
Event: 26.759 Thread 0x0000000029576000 Implicit null exception at 0x000000000564c597 to 0x000000000564c78d

Events (10 events):
Event: 26.964 Executing VM operation: RevokeBias
Event: 26.964 Executing VM operation: RevokeBias done
Event: 26.964 Thread 0x0000000004c4e800 Uncommon trap: trap_request=0xffffff65 fr.pc=0x000000000575ce18
Event: 26.964 Thread 0x0000000004c4e800 DEOPT PACKING pc=0x000000000575ce18 sp=0x00000000050cddd0
Event: 26.964 Thread 0x0000000004c4e800 DEOPT UNPACKING pc=0x000000000531582a sp=0x00000000050cdd18 mode 2
Event: 26.964 Executing VM operation: RevokeBias
Event: 26.964 Executing VM operation: RevokeBias done
Event: 26.968 Thread 0x000000002791c800 flushing nmethod 0x0000000005559690
Event: 26.969 Thread 0x000000002797d000 flushing nmethod 0x00000000055b3a10
Event: 26.971 Thread 0x0000000027973000 flushing nmethod 0x00000000056b28d0


Dynamic libraries:
0x00007ff643e60000 - 0x00007ff643e97000 	C:\Program Files\Java\jre1.8.0_131\bin\javaw.exe
0x00007ffe72b20000 - 0x00007ffe72d00000 	C:\WINDOWS\SYSTEM32\ntdll.dll
0x00007ffe72820000 - 0x00007ffe728cc000 	C:\WINDOWS\System32\KERNEL32.DLL
0x00007ffe6f6f0000 - 0x00007ffe6f955000 	C:\WINDOWS\System32\KERNELBASE.dll
0x00007ffe71b70000 - 0x00007ffe71c11000 	C:\WINDOWS\System32\ADVAPI32.dll
0x00007ffe721c0000 - 0x00007ffe7225d000 	C:\WINDOWS\System32\msvcrt.dll
0x00007ffe72660000 - 0x00007ffe726ba000 	C:\WINDOWS\System32\sechost.dll
0x00007ffe72510000 - 0x00007ffe72631000 	C:\WINDOWS\System32\RPCRT4.dll
0x00007ffe704b0000 - 0x00007ffe7063d000 	C:\WINDOWS\System32\USER32.dll
0x00007ffe6ef20000 - 0x00007ffe6ef40000 	C:\WINDOWS\System32\win32u.dll
0x00007ffe70170000 - 0x00007ffe70199000 	C:\WINDOWS\System32\GDI32.dll
0x00007ffe6f960000 - 0x00007ffe6faef000 	C:\WINDOWS\System32\gdi32full.dll
0x00007ffe6ff50000 - 0x00007ffe6ffec000 	C:\WINDOWS\System32\msvcp_win.dll
0x00007ffe6fbd0000 - 0x00007ffe6fcca000 	C:\WINDOWS\System32\ucrtbase.dll
0x00007ffe612e0000 - 0x00007ffe61549000 	C:\WINDOWS\WinSxS\amd64_microsoft.windows.common-controls_6595b64144ccf1df_6.0.16241.1001_none_0bf495b98fe4de46\COMCTL32.dll
0x00007ffe701a0000 - 0x00007ffe704a4000 	C:\WINDOWS\System32\combase.dll
0x00007ffe6faf0000 - 0x00007ffe6fb62000 	C:\WINDOWS\System32\bcryptPrimitives.dll
0x00007ffe723d0000 - 0x00007ffe723fd000 	C:\WINDOWS\System32\IMM32.DLL
0x0000000059650000 - 0x0000000059722000 	C:\Program Files\Java\jre1.8.0_131\bin\msvcr100.dll
0x0000000058770000 - 0x000000005900c000 	C:\Program Files\Java\jre1.8.0_131\bin\server\jvm.dll
0x00007ffe706a0000 - 0x00007ffe706a8000 	C:\WINDOWS\System32\PSAPI.DLL
0x00007ffe68e00000 - 0x00007ffe68e09000 	C:\WINDOWS\SYSTEM32\WSOCK32.dll
0x00007ffe706c0000 - 0x00007ffe7072c000 	C:\WINDOWS\System32\WS2_32.dll
0x00007ffe6b7b0000 - 0x00007ffe6b7d3000 	C:\WINDOWS\SYSTEM32\WINMM.dll
0x00007ffe68830000 - 0x00007ffe6883a000 	C:\WINDOWS\SYSTEM32\VERSION.dll
0x00007ffe6b780000 - 0x00007ffe6b7aa000 	C:\WINDOWS\SYSTEM32\WINMMBASE.dll
0x00007ffe6ef40000 - 0x00007ffe6ef88000 	C:\WINDOWS\System32\cfgmgr32.dll
0x0000000059640000 - 0x000000005964f000 	C:\Program Files\Java\jre1.8.0_131\bin\verify.dll
0x0000000059610000 - 0x0000000059639000 	C:\Program Files\Java\jre1.8.0_131\bin\java.dll
0x00000000595f0000 - 0x0000000059606000 	C:\Program Files\Java\jre1.8.0_131\bin\zip.dll
0x00007ffe70730000 - 0x00007ffe71b63000 	C:\WINDOWS\System32\SHELL32.dll
0x00007ffe700c0000 - 0x00007ffe70166000 	C:\WINDOWS\System32\shcore.dll
0x00007ffe6ef90000 - 0x00007ffe6f6e5000 	C:\WINDOWS\System32\windows.storage.dll
0x00007ffe726c0000 - 0x00007ffe72711000 	C:\WINDOWS\System32\shlwapi.dll
0x00007ffe6eee0000 - 0x00007ffe6eef1000 	C:\WINDOWS\System32\kernel.appcore.dll
0x00007ffe6ee90000 - 0x00007ffe6eedc000 	C:\WINDOWS\System32\powrprof.dll
0x00007ffe6ee70000 - 0x00007ffe6ee8b000 	C:\WINDOWS\System32\profapi.dll
0x0000000059330000 - 0x000000005933d000 	C:\Program Files\Java\jre1.8.0_131\bin\management.dll
0x00000000595a0000 - 0x00000000595ba000 	C:\Program Files\Java\jre1.8.0_131\bin\net.dll
0x00007ffe6e700000 - 0x00007ffe6e766000 	C:\WINDOWS\system32\mswsock.dll
0x00007ffe55b30000 - 0x00007ffe55b46000 	C:\WINDOWS\system32\napinsp.dll
0x00007ffe55b10000 - 0x00007ffe55b2a000 	C:\WINDOWS\system32\pnrpnsp.dll
0x00007ffe6bbc0000 - 0x00007ffe6bbd8000 	C:\WINDOWS\system32\NLAapi.dll
0x00007ffe6e4d0000 - 0x00007ffe6e583000 	C:\WINDOWS\SYSTEM32\DNSAPI.dll
0x00007ffe706b0000 - 0x00007ffe706b8000 	C:\WINDOWS\System32\NSI.dll
0x00007ffe6e490000 - 0x00007ffe6e4c9000 	C:\WINDOWS\SYSTEM32\IPHLPAPI.DLL
0x00007ffe55b00000 - 0x00007ffe55b0e000 	C:\WINDOWS\System32\winrnr.dll
0x00007ffe55ae0000 - 0x00007ffe55af5000 	C:\WINDOWS\System32\wshbth.dll
0x00007ffe610e0000 - 0x00007ffe610ea000 	C:\Windows\System32\rasadhlp.dll
0x00007ffe61eb0000 - 0x00007ffe61f20000 	C:\WINDOWS\System32\fwpuclnt.dll
0x00007ffe6e9d0000 - 0x00007ffe6e9f5000 	C:\WINDOWS\SYSTEM32\bcrypt.dll
0x0000000059580000 - 0x0000000059591000 	C:\Program Files\Java\jre1.8.0_131\bin\nio.dll
0x0000000180000000 - 0x0000000180053000 	D:\PureMC1.12\1.12\.minecraft\versions\1.12-OptiFine_HD_U_C3\1.12-OptiFine_HD_U_C3-natives\lwjgl64.dll
0x00007ffe5a1f0000 - 0x00007ffe5a30e000 	C:\WINDOWS\SYSTEM32\OPENGL32.dll
0x00007ffe5f500000 - 0x00007ffe5f52c000 	C:\WINDOWS\SYSTEM32\GLU32.dll
0x00007ffe6e8c0000 - 0x00007ffe6e8d7000 	C:\WINDOWS\SYSTEM32\CRYPTSP.dll
0x00007ffe6e310000 - 0x00007ffe6e343000 	C:\WINDOWS\system32\rsaenh.dll
0x00007ffe6ed70000 - 0x00007ffe6ed99000 	C:\WINDOWS\SYSTEM32\USERENV.dll
0x00007ffe6e8e0000 - 0x00007ffe6e8eb000 	C:\WINDOWS\SYSTEM32\CRYPTBASE.dll
0x00007ffe69500000 - 0x00007ffe69516000 	C:\WINDOWS\SYSTEM32\dhcpcsvc6.DLL
0x00007ffe69750000 - 0x00007ffe6976a000 	C:\WINDOWS\SYSTEM32\dhcpcsvc.DLL
0x00000000593e0000 - 0x0000000059578000 	C:\Program Files\Java\jre1.8.0_131\bin\awt.dll
0x00007ffe6fff0000 - 0x00007ffe700b0000 	C:\WINDOWS\System32\OLEAUT32.dll
0x00007ffe6d140000 - 0x00007ffe6d1c1000 	C:\WINDOWS\SYSTEM32\apphelp.dll
0x00007ffe6d270000 - 0x00007ffe6d305000 	C:\WINDOWS\system32\uxtheme.dll
0x00007ffe72260000 - 0x00007ffe723ca000 	C:\WINDOWS\System32\MSCTF.dll
0x00007ffe6d520000 - 0x00007ffe6d54a000 	C:\WINDOWS\system32\dwmapi.dll
0x00007ffe69110000 - 0x00007ffe691a2000 	C:\WINDOWS\System32\TextInputFramework.dll
0x00007ffe683a0000 - 0x00007ffe68689000 	C:\WINDOWS\System32\CoreUIComponents.dll
0x00007ffe6cb30000 - 0x00007ffe6cc0f000 	C:\WINDOWS\System32\CoreMessaging.dll
0x00007ffe6e150000 - 0x00007ffe6e181000 	C:\WINDOWS\SYSTEM32\ntmarta.dll
0x00007ffe6b360000 - 0x00007ffe6b496000 	C:\WINDOWS\SYSTEM32\wintypes.dll
0x00007ffe1e4d0000 - 0x00007ffe1f018000 	C:\WINDOWS\SYSTEM32\ig75icd64.dll
0x00007ffe672c0000 - 0x00007ffe67d00000 	C:\WINDOWS\SYSTEM32\igdusc64.dll
0x00007ffe6a970000 - 0x00007ffe6a983000 	C:\WINDOWS\SYSTEM32\WTSAPI32.dll
0x00007ffe69d60000 - 0x00007ffe69df5000 	C:\WINDOWS\SYSTEM32\mscms.dll
0x00007ffe58de0000 - 0x00007ffe58e21000 	C:\WINDOWS\SYSTEM32\icm32.dll
0x00007ffe6dc10000 - 0x00007ffe6dcbc000 	C:\WINDOWS\SYSTEM32\dxgi.dll
0x00007ffe6c290000 - 0x00007ffe6c56a000 	C:\WINDOWS\SYSTEM32\d3d11.dll
0x00007ffe5f720000 - 0x00007ffe5f762000 	C:\Users\Tsai\AppData\Local\Temp\jna-2616071\jna3791843228118961188.dll
0x000000002e380000 - 0x000000002e3e4000 	D:\PureMC1.12\1.12\.minecraft\versions\1.12-OptiFine_HD_U_C3\1.12-OptiFine_HD_U_C3-natives\OpenAL64.dll
0x00007ffe71c20000 - 0x00007ffe71d68000 	C:\WINDOWS\System32\ole32.dll
0x00007ffe72720000 - 0x00007ffe727be000 	C:\WINDOWS\System32\clbcatq.dll
0x00007ffe66dd0000 - 0x00007ffe66e40000 	C:\WINDOWS\System32\MMDevApi.dll
0x00007ffe6aa70000 - 0x00007ffe6ac21000 	C:\WINDOWS\System32\PROPSYS.dll
0x00007ffe6ec80000 - 0x00007ffe6eca7000 	C:\WINDOWS\System32\DEVOBJ.dll
0x00007ffe47f30000 - 0x00007ffe47fbf000 	C:\WINDOWS\SYSTEM32\dsound.dll
0x00007ffe5ca10000 - 0x00007ffe5cb2f000 	C:\WINDOWS\SYSTEM32\AUDIOSES.DLL
0x00007ffe6a830000 - 0x00007ffe6a83a000 	C:\WINDOWS\SYSTEM32\AVRT.dll
0x00007ffe5f9c0000 - 0x00007ffe5f9da000 	D:\PureMC1.12\1.12\.minecraft\versions\1.12-OptiFine_HD_U_C3\1.12-OptiFine_HD_U_C3-natives\SAPIWrapper_x64.dll
0x00000000595c0000 - 0x00000000595e4000 	C:\Program Files\Java\jre1.8.0_131\bin\sunec.dll
0x0000000059320000 - 0x000000005932b000 	C:\Program Files\Java\jre1.8.0_131\bin\sunmscapi.dll
0x00007ffe6fcd0000 - 0x00007ffe6fe9e000 	C:\WINDOWS\System32\CRYPT32.dll
0x00007ffe6ef00000 - 0x00007ffe6ef12000 	C:\WINDOWS\System32\MSASN1.dll
0x00007ffe69940000 - 0x00007ffe69b0a000 	C:\WINDOWS\SYSTEM32\dbghelp.dll

VM Arguments:
jvm_args: -XX:HeapDumpPath=MojangTricksIntelDriversForPerformance_javaw.exe_minecraft.exe.heapdump -XX:+UseG1GC -XX:-UseAdaptiveSizePolicy -XX:-OmitStackTraceInFastThrow -Xmn128m -Xmx6000m -Djava.library.path=D:\PureMC1.12\1.12\.minecraft\versions\1.12-OptiFine_HD_U_C3\1.12-OptiFine_HD_U_C3-natives -Dfml.ignoreInvalidMinecraftCertificates=true -Dfml.ignorePatchDiscrepancies=true 
java_command: net.minecraft.launchwrapper.Launch --username siyue --version HMCL 2.7.5.15 --gameDir D:\PureMC1.12\1.12\.minecraft --assetsDir D:\PureMC1.12\1.12\.minecraft\assets --assetIndex 1.12 --uuid 2b151270da8fb44860cee1f58075acce --accessToken 2b151270da8fb44860cee1f58075acce --userType Legacy --versionType HMCL 2.7.5.15 --tweakClass optifine.OptiFineTweaker --height 480 --width 854
java_class_path (initial): D:\PureMC1.12\1.12\.minecraft\libraries\net\minecraft\launchwrapper\1.12\launchwrapper-1.12.jar;D:\PureMC1.12\1.12\.minecraft\libraries\com\mojang\patchy\1.1\patchy-1.1.jar;D:\PureMC1.12\1.12\.minecraft\libraries\oshi-project\oshi-core\1.1\oshi-core-1.1.jar;D:\PureMC1.12\1.12\.minecraft\libraries\net\java\dev\jna\jna\4.4.0\jna-4.4.0.jar;D:\PureMC1.12\1.12\.minecraft\libraries\net\java\dev\jna\platform\3.4.0\platform-3.4.0.jar;D:\PureMC1.12\1.12\.minecraft\libraries\com\ibm\icu\icu4j-core-mojang\51.2\icu4j-core-mojang-51.2.jar;D:\PureMC1.12\1.12\.minecraft\libraries\net\sf\jopt-simple\jopt-simple\5.0.3\jopt-simple-5.0.3.jar;D:\PureMC1.12\1.12\.minecraft\libraries\com\paulscode\codecjorbis\20101023\codecjorbis-20101023.jar;D:\PureMC1.12\1.12\.minecraft\libraries\com\paulscode\codecwav\20101023\codecwav-20101023.jar;D:\PureMC1.12\1.12\.minecraft\libraries\com\paulscode\libraryjavasound\20101123\libraryjavasound-20101123.jar;D:\PureMC1.12\1.12\.minecraft\libraries\com\paulscode\librarylwjglopenal\20100824\librarylwjglopenal-20100824.jar;D:\PureMC1.12\1.12\.minecraft\libraries\com\paulscode\soundsystem\20120107\soundsystem-20120107.jar;D:\PureMC1.12\1.12\.minecraft\libraries\io\netty\netty-all\4.1.9.Final\netty-all-4.1.9.Final.jar;D:\PureMC1.12\1.12\.minecraft\libraries\com\google\guava\guava\21.0\guava-21.0.jar;D:\PureMC1.12\1.12\.minecraft\libraries\org\apache\commons\commons-lang3\3.5\commons-lang3-3.5.jar;D:\PureMC1.12\1.12\.minecraft\libraries\commons-io\commons-io\2.5\commons-io-2.5.jar;D:\PureMC1.12\1.12\.minecraft\libraries\commons-codec\commons-codec\1.10\commons-codec-1.10.jar;D:\PureMC1.12\1.12\.minecraft\libraries\net\java\jinput\jinput\2.0.5\jinput-2.0.5.jar;D:\PureMC1.12\1.12\.minecraft\libraries\net\java\jutils\jutils\1.0.0\jutils-1.0.0.jar;D:\PureMC1.12\1.12\.minecraft\libraries\com\google\code\gson\gson\2.8.0\gson-2.8.0.jar;D:\PureMC1.12\1.12\.minecraft\libraries\com\mojang\authlib\1.5.25\authlib-1.5.25.jar;D:\PureMC1.12\1.12
Launcher Type: SUN_STANDARD

Environment Variables:
JAVA_HOME=C:/Program Files/Java/jdk1.8.0_60
CLASSPATH=.;C:/Program Files/Java/jdk1.8.0_60/lib/dt.jar;C:/Program Files/Java/jdk1.8.0_60/lib/tools.jar
PATH=C:\ProgramData\Oracle\Java\javapath;C:\WINDOWS\system32;C:\WINDOWS;C:\WINDOWS\System32\Wbem;C:\WINDOWS\System32\WindowsPowerShell\v1.0\;C:/Program Files/Java/jdk1.8.0_60/bin;C:\Users\Tsai\AppData\Local\Microsoft\WindowsApps;
USERNAME=Tsai
OS=Windows_NT
PROCESSOR_IDENTIFIER=Intel64 Family 6 Model 60 Stepping 3, GenuineIntel



---------------  S Y S T E M  ---------------

OS: Windows 10.0 , 64 bit Build 16241 (10.0.16241.1001)

CPU:total 4 (initial active 4) (2 cores per cpu, 2 threads per core) family 6 model 60 stepping 3, cmov, cx8, fxsr, mmx, sse, sse2, sse3, ssse3, sse4.1, sse4.2, popcnt, avx, avx2, aes, clmul, erms, lzcnt, ht, tsc, tscinvbit, bmi1, bmi2

Memory: 4k page, physical 12470868k(6713804k free), swap 14371412k(6824196k free)

vm_info: Java HotSpot(TM) 64-Bit Server VM (25.131-b11) for windows-amd64 JRE (1.8.0_131-b11), built on Mar 15 2017 01:23:53 by "java_re" with MS VC++ 10.0 (VS2010)

time: Sat Jul 22 11:52:59 2017
elapsed time: 27 seconds (0d 0h 0m 27s)

