#
# There is insufficient memory for the Java Runtime Environment to continue.
# Native memory allocation (malloc) failed to allocate 1215536 bytes for Chunk::new
# Possible reasons:
#   The system is out of physical RAM or swap space
#   In 32 bit mode, the process size limit was hit
# Possible solutions:
#   Reduce memory load on the system
#   Increase physical memory or swap space
#   Check if swap backing store is full
#   Use 64 bit Java on a 64 bit OS
#   Decrease Java heap size (-Xmx/-Xms)
#   Decrease number of Java threads
#   Decrease Java thread stack sizes (-Xss)
#   Set larger code cache with -XX:ReservedCodeCacheSize=
# This output file may be truncated or incomplete.
#
#  Out of Memory Error (allocation.cpp:390), pid=12600, tid=0x0000000000000964
#
# JRE version: Java(TM) SE Runtime Environment (8.0_141-b15) (build 1.8.0_141-b15)
# Java VM: Java HotSpot(TM) 64-Bit Server VM (25.141-b15 mixed mode windows-amd64 compressed oops)
# Failed to write core dump. Minidumps are not enabled by default on client versions of Windows
#

---------------  T H R E A D  ---------------

Current thread (0x0000000026aae000):  JavaThread "C2 CompilerThread0" daemon [_thread_in_native, id=2404, stack(0x00000000274a0000,0x00000000275a0000)]

Stack: [0x00000000274a0000,0x00000000275a0000]
[error occurred during error reporting (printing stack bounds), id 0xc0000005]

Native frames: (J=compiled Java code, j=interpreted, Vv=VM code, C=native code)


Current CompileTask:
C2: 127383 12957   !   4       buw::a (2227 bytes)


---------------  P R O C E S S  ---------------

Java Threads: ( => current thread )
  0x0000000037041800 JavaThread "File IO Thread" [_thread_blocked, id=14856, stack(0x0000000054c20000,0x0000000054d20000)]
  0x0000000034642800 JavaThread "Chunk Batcher 3" daemon [_thread_blocked, id=3696, stack(0x00000000494c0000,0x00000000495c0000)]
  0x0000000034641800 JavaThread "Chunk Batcher 2" daemon [_thread_blocked, id=13164, stack(0x00000000493c0000,0x00000000494c0000)]
  0x0000000034641000 JavaThread "Chunk Batcher 1" daemon [_thread_blocked, id=15980, stack(0x00000000492c0000,0x00000000493c0000)]
  0x00000000280f4000 JavaThread "Chunk Batcher 0" daemon [_thread_blocked, id=816, stack(0x00000000491c0000,0x00000000492c0000)]
  0x00000000280f3800 JavaThread "Netty Server IO #1" daemon [_thread_in_native, id=12824, stack(0x00000000490c0000,0x00000000491c0000)]
  0x00000000280f2800 JavaThread "Netty Local Client IO #0" daemon [_thread_blocked, id=716, stack(0x0000000048fc0000,0x00000000490c0000)]
  0x00000000280f7800 JavaThread "Netty Server IO #0" daemon [_thread_in_native, id=13076, stack(0x0000000048cc0000,0x0000000048dc0000)]
  0x00000000280f0800 JavaThread "Server thread" [_thread_blocked, id=920, stack(0x0000000048ac0000,0x0000000048bc0000)]
  0x00000000280f6800 JavaThread "Snooper Timer" daemon [_thread_blocked, id=13220, stack(0x00000000489c0000,0x0000000048ac0000)]
  0x00000000280f1000 JavaThread "LWJGL Timer" daemon [_thread_blocked, id=4784, stack(0x00000000485c0000,0x00000000486c0000)]
  0x0000000033e82800 JavaThread "Narrator" daemon [_thread_blocked, id=9344, stack(0x000000003ad40000,0x000000003ae40000)]
  0x0000000028d65800 JavaThread "Thread-5" [_thread_blocked, id=11740, stack(0x0000000035b30000,0x0000000035c30000)]
  0x000000002807f800 JavaThread "Thread-4" [_thread_blocked, id=18076, stack(0x0000000035a30000,0x0000000035b30000)]
  0x0000000028a2c800 JavaThread "Java2D Disposer" daemon [_thread_blocked, id=7452, stack(0x000000002b8e0000,0x000000002b9e0000)]
  0x0000000029095800 JavaThread "Timer hack thread" daemon [_thread_blocked, id=9324, stack(0x000000002b7e0000,0x000000002b8e0000)]
  0x0000000028714000 JavaThread "Snooper Timer" daemon [_thread_blocked, id=13508, stack(0x0000000029b70000,0x0000000029c70000)]
  0x0000000026b10000 JavaThread "Service Thread" daemon [_thread_blocked, id=17632, stack(0x00000000277a0000,0x00000000278a0000)]
  0x0000000026b0a800 JavaThread "C1 CompilerThread2" daemon [_thread_blocked, id=1088, stack(0x00000000276a0000,0x00000000277a0000)]
  0x0000000026b0a000 JavaThread "C2 CompilerThread1" daemon [_thread_blocked, id=5964, stack(0x00000000275a0000,0x00000000276a0000)]
=>0x0000000026aae000 JavaThread "C2 CompilerThread0" daemon [_thread_in_native, id=2404, stack(0x00000000274a0000,0x00000000275a0000)]
  0x0000000026aa7000 JavaThread "Attach Listener" daemon [_thread_blocked, id=11876, stack(0x00000000273a0000,0x00000000274a0000)]
  0x0000000026aa6000 JavaThread "Signal Dispatcher" daemon [_thread_blocked, id=17616, stack(0x00000000272a0000,0x00000000273a0000)]
  0x0000000026aa5800 JavaThread "Surrogate Locker Thread (Concurrent GC)" daemon [_thread_blocked, id=1768, stack(0x00000000271a0000,0x00000000272a0000)]
  0x0000000026a31000 JavaThread "Finalizer" daemon [_thread_blocked, id=16132, stack(0x0000000026eb0000,0x0000000026fb0000)]
  0x0000000026a27800 JavaThread "Reference Handler" daemon [_thread_blocked, id=17484, stack(0x0000000026db0000,0x0000000026eb0000)]
  0x0000000004353000 JavaThread "Client thread" [_thread_in_Java, id=9168, stack(0x0000000004150000,0x0000000004250000)]

Other Threads:
  0x0000000026a02000 VMThread [stack: 0x00000000267d0000,0x00000000268d0000] [id=17196]
  0x0000000026b77000 WatcherThread [stack: 0x00000000278a0000,0x00000000279a0000] [id=12272]

VM state:not at safepoint (normal execution)

VM Mutex/Monitor currently owned by a thread: None

Heap:
 garbage-first heap   total 455680K, used 346609K [0x0000000649000000, 0x0000000649100de8, 0x00000007c0000000)
  region size 1024K, 75 young (76800K), 2 survivors (2048K)
 Metaspace       used 49737K, capacity 50193K, committed 50688K, reserved 1093632K
  class space    used 5942K, capacity 6073K, committed 6144K, reserved 1048576K

Heap Regions: (Y=young(eden), SU=young(survivor), HS=humongous(starts), HC=humongous(continues), CS=collection set, F=free, TS=gc time stamp, PTAMS=previous top-at-mark-start, NTAMS=next top-at-mark-start)
AC   0  O    TS     0 PTAMS 0x00000006490fffe0 NTAMS 0x00000006490fffe0 space 1024K,  99% used [0x0000000649000000, 0x0000000649100000)
AC   0  O    TS     0 PTAMS 0x00000006491ff5e8 NTAMS 0x00000006491ff5e8 space 1024K,  99% used [0x0000000649100000, 0x0000000649200000)
AC   0  O    TS     0 PTAMS 0x00000006492f8230 NTAMS 0x00000006492f8230 space 1024K,  96% used [0x0000000649200000, 0x0000000649300000)
AC   0  O    TS     0 PTAMS 0x00000006493ffff0 NTAMS 0x00000006493ffff0 space 1024K,  99% used [0x0000000649300000, 0x0000000649400000)
AC   0  O    TS     0 PTAMS 0x00000006494ff868 NTAMS 0x00000006494ff868 space 1024K,  99% used [0x0000000649400000, 0x0000000649500000)
AC   0  O    TS     0 PTAMS 0x0000000649600000 NTAMS 0x0000000649600000 space 1024K, 100% used [0x0000000649500000, 0x0000000649600000)
AC   0  O    TS     0 PTAMS 0x00000006496ff360 NTAMS 0x00000006496ff360 space 1024K,  99% used [0x0000000649600000, 0x0000000649700000)
AC   0  O    TS     0 PTAMS 0x00000006497ffff8 NTAMS 0x00000006497ffff8 space 1024K,  99% used [0x0000000649700000, 0x0000000649800000)
AC   0  O    TS     0 PTAMS 0x0000000649900000 NTAMS 0x0000000649900000 space 1024K, 100% used [0x0000000649800000, 0x0000000649900000)
AC   0  O    TS     0 PTAMS 0x00000006499ffff8 NTAMS 0x00000006499ffff8 space 1024K,  99% used [0x0000000649900000, 0x0000000649a00000)
AC   0  O    TS     0 PTAMS 0x0000000649afffe8 NTAMS 0x0000000649afffe8 space 1024K,  99% used [0x0000000649a00000, 0x0000000649b00000)
AC   0  O    TS     0 PTAMS 0x0000000649c00000 NTAMS 0x0000000649c00000 space 1024K, 100% used [0x0000000649b00000, 0x0000000649c00000)
AC   0 HS    TS     0 PTAMS 0x000000064a600010 NTAMS 0x000000064a600010 space 11264K,  90% used [0x0000000649c00000, 0x000000064a700000)
AC   0 HC    TS     0 PTAMS 0x0000000649d00000 NTAMS 0x0000000649d00000 space 1024K, 100% used [0x0000000649d00000, 0x0000000649e00000)
AC   0 HC    TS     0 PTAMS 0x0000000649e00000 NTAMS 0x0000000649e00000 space 1024K, 100% used [0x0000000649e00000, 0x0000000649f00000)
AC   0 HC    TS     0 PTAMS 0x0000000649f00000 NTAMS 0x0000000649f00000 space 1024K, 100% used [0x0000000649f00000, 0x000000064a000000)
AC   0 HC    TS     0 PTAMS 0x000000064a000000 NTAMS 0x000000064a000000 space 1024K, 100% used [0x000000064a000000, 0x000000064a100000)
AC   0 HC    TS     0 PTAMS 0x000000064a100000 NTAMS 0x000000064a100000 space 1024K, 100% used [0x000000064a100000, 0x000000064a200000)
AC   0 HC    TS     0 PTAMS 0x000000064a200000 NTAMS 0x000000064a200000 space 1024K, 100% used [0x000000064a200000, 0x000000064a300000)
AC   0 HC    TS     0 PTAMS 0x000000064a300000 NTAMS 0x000000064a300000 space 1024K, 100% used [0x000000064a300000, 0x000000064a400000)
AC   0 HC    TS     0 PTAMS 0x000000064a400000 NTAMS 0x000000064a400000 space 1024K, 100% used [0x000000064a400000, 0x000000064a500000)
AC   0 HC    TS     0 PTAMS 0x000000064a500000 NTAMS 0x000000064a500000 space 1024K, 100% used [0x000000064a500000, 0x000000064a600000)
AC   0 HC    TS     0 PTAMS 0x000000064a600000 NTAMS 0x000000064a600000 space 1024K,   0% used [0x000000064a600000, 0x000000064a700000)
AC   0  O    TS     0 PTAMS 0x000000064a7fffc0 NTAMS 0x000000064a7fffc0 space 1024K,  99% used [0x000000064a700000, 0x000000064a800000)
AC   0  O    TS     0 PTAMS 0x000000064a8ffff0 NTAMS 0x000000064a8ffff0 space 1024K,  99% used [0x000000064a800000, 0x000000064a900000)
AC   0  O    TS     0 PTAMS 0x000000064a9fffd0 NTAMS 0x000000064a9fffd0 space 1024K,  99% used [0x000000064a900000, 0x000000064aa00000)
AC   0 HS    TS     0 PTAMS 0x000000064ae00010 NTAMS 0x000000064ae00010 space 5120K,  80% used [0x000000064aa00000, 0x000000064af00000)
AC   0 HC    TS     0 PTAMS 0x000000064ab00000 NTAMS 0x000000064ab00000 space 1024K, 100% used [0x000000064ab00000, 0x000000064ac00000)
AC   0 HC    TS     0 PTAMS 0x000000064ac00000 NTAMS 0x000000064ac00000 space 1024K, 100% used [0x000000064ac00000, 0x000000064ad00000)
AC   0 HC    TS     0 PTAMS 0x000000064ad00000 NTAMS 0x000000064ad00000 space 1024K, 100% used [0x000000064ad00000, 0x000000064ae00000)
AC   0 HC    TS     0 PTAMS 0x000000064ae00000 NTAMS 0x000000064ae00000 space 1024K,   0% used [0x000000064ae00000, 0x000000064af00000)
AC   0  O    TS     0 PTAMS 0x000000064affffc0 NTAMS 0x000000064affffc0 space 1024K,  99% used [0x000000064af00000, 0x000000064b000000)
AC   0  O    TS     0 PTAMS 0x000000064b0fffd0 NTAMS 0x000000064b0fffd0 space 1024K,  99% used [0x000000064b000000, 0x000000064b100000)
AC   0  O    TS     0 PTAMS 0x000000064b1ffff8 NTAMS 0x000000064b1ffff8 space 1024K,  99% used [0x000000064b100000, 0x000000064b200000)
AC   0  O    TS     0 PTAMS 0x000000064b2ffff8 NTAMS 0x000000064b2ffff8 space 1024K,  99% used [0x000000064b200000, 0x000000064b300000)
AC   0  O    TS     0 PTAMS 0x000000064b3ffff8 NTAMS 0x000000064b3ffff8 space 1024K,  99% used [0x000000064b300000, 0x000000064b400000)
AC   0  O    TS     0 PTAMS 0x000000064b500000 NTAMS 0x000000064b500000 space 1024K, 100% used [0x000000064b400000, 0x000000064b500000)
AC   0  O    TS     0 PTAMS 0x000000064b5ffff8 NTAMS 0x000000064b5ffff8 space 1024K,  99% used [0x000000064b500000, 0x000000064b600000)
AC   0  O    TS     0 PTAMS 0x000000064b700000 NTAMS 0x000000064b700000 space 1024K, 100% used [0x000000064b600000, 0x000000064b700000)
AC   0  O    TS     0 PTAMS 0x000000064b800000 NTAMS 0x000000064b800000 space 1024K, 100% used [0x000000064b700000, 0x000000064b800000)
AC   0  O    TS     0 PTAMS 0x000000064b8ffff8 NTAMS 0x000000064b8ffff8 space 1024K,  99% used [0x000000064b800000, 0x000000064b900000)
AC   0  O    TS     0 PTAMS 0x000000064b9fffc8 NTAMS 0x000000064b9fffc8 space 1024K,  99% used [0x000000064b900000, 0x000000064ba00000)
AC   0  O    TS     0 PTAMS 0x000000064bb00000 NTAMS 0x000000064bb00000 space 1024K, 100% used [0x000000064ba00000, 0x000000064bb00000)
AC   0  O    TS     0 PTAMS 0x000000064bbffff8 NTAMS 0x000000064bbffff8 space 1024K,  99% used [0x000000064bb00000, 0x000000064bc00000)
AC   0  O    TS     0 PTAMS 0x000000064bcfffd8 NTAMS 0x000000064bcfffd8 space 1024K,  99% used [0x000000064bc00000, 0x000000064bd00000)
AC   0  O    TS     0 PTAMS 0x000000064bdffff8 NTAMS 0x000000064bdffff8 space 1024K,  99% used [0x000000064bd00000, 0x000000064be00000)
AC   0  O    TS     0 PTAMS 0x000000064beffff0 NTAMS 0x000000064beffff0 space 1024K,  99% used [0x000000064be00000, 0x000000064bf00000)
AC   0  O    TS     0 PTAMS 0x000000064bfff018 NTAMS 0x000000064bfff018 space 1024K,  99% used [0x000000064bf00000, 0x000000064c000000)
AC   0  O    TS     0 PTAMS 0x000000064c0ffb70 NTAMS 0x000000064c0ffb70 space 1024K,  99% used [0x000000064c000000, 0x000000064c100000)
AC   0  O    TS     0 PTAMS 0x000000064c1ffff0 NTAMS 0x000000064c1ffff0 space 1024K,  99% used [0x000000064c100000, 0x000000064c200000)
AC   0  O    TS     0 PTAMS 0x000000064c2ff8c8 NTAMS 0x000000064c2ff8c8 space 1024K,  99% used [0x000000064c200000, 0x000000064c300000)
AC   0 HS    TS     0 PTAMS 0x000000064c3c0010 NTAMS 0x000000064c3c0010 space 1024K,  75% used [0x000000064c300000, 0x000000064c400000)
AC   0 HS    TS     0 PTAMS 0x000000064c4c0010 NTAMS 0x000000064c4c0010 space 1024K,  75% used [0x000000064c400000, 0x000000064c500000)
AC   0  O    TS     0 PTAMS 0x000000064c600000 NTAMS 0x000000064c600000 space 1024K, 100% used [0x000000064c500000, 0x000000064c600000)
AC   0  O    TS     0 PTAMS 0x000000064c700000 NTAMS 0x000000064c700000 space 1024K, 100% used [0x000000064c600000, 0x000000064c700000)
AC   0  O    TS     0 PTAMS 0x000000064c7ffff8 NTAMS 0x000000064c7ffff8 space 1024K,  99% used [0x000000064c700000, 0x000000064c800000)
AC   0  O    TS     0 PTAMS 0x000000064c8fffe0 NTAMS 0x000000064c8fffe0 space 1024K,  99% used [0x000000064c800000, 0x000000064c900000)
AC   0  O    TS     0 PTAMS 0x000000064c9f9480 NTAMS 0x000000064c9f9480 space 1024K,  97% used [0x000000064c900000, 0x000000064ca00000)
AC   0  O    TS     0 PTAMS 0x000000064cafce38 NTAMS 0x000000064cafce38 space 1024K,  98% used [0x000000064ca00000, 0x000000064cb00000)
AC   0  O    TS     0 PTAMS 0x000000064cbfffe8 NTAMS 0x000000064cbfffe8 space 1024K,  99% used [0x000000064cb00000, 0x000000064cc00000)
AC   0  O    TS     0 PTAMS 0x000000064ccfffb0 NTAMS 0x000000064ccfffb0 space 1024K,  99% used [0x000000064cc00000, 0x000000064cd00000)
AC   0  O    TS     0 PTAMS 0x000000064cdfffe8 NTAMS 0x000000064cdfffe8 space 1024K,  99% used [0x000000064cd00000, 0x000000064ce00000)
AC   0  O    TS     0 PTAMS 0x000000064cefffe0 NTAMS 0x000000064cefffe0 space 1024K,  99% used [0x000000064ce00000, 0x000000064cf00000)
AC   0  O    TS     0 PTAMS 0x000000064cfffff0 NTAMS 0x000000064cfffff0 space 1024K,  99% used [0x000000064cf00000, 0x000000064d000000)
AC   0  O    TS     0 PTAMS 0x000000064d0fffe8 NTAMS 0x000000064d0fffe8 space 1024K,  99% used [0x000000064d000000, 0x000000064d100000)
AC   0  O    TS     0 PTAMS 0x000000064d200000 NTAMS 0x000000064d200000 space 1024K, 100% used [0x000000064d100000, 0x000000064d200000)
AC   0  O    TS     0 PTAMS 0x000000064d2fff60 NTAMS 0x000000064d2fff60 space 1024K,  99% used [0x000000064d200000, 0x000000064d300000)
AC   0  O    TS     0 PTAMS 0x000000064d3fff60 NTAMS 0x000000064d3fff60 space 1024K,  99% used [0x000000064d300000, 0x000000064d400000)
AC   0  O    TS     0 PTAMS 0x000000064d4ffff8 NTAMS 0x000000064d4ffff8 space 1024K,  99% used [0x000000064d400000, 0x000000064d500000)
AC   0  O    TS     0 PTAMS 0x000000064d5fffd8 NTAMS 0x000000064d5fffd8 space 1024K,  99% used [0x000000064d500000, 0x000000064d600000)
AC   0  O    TS     0 PTAMS 0x000000064d6ffff0 NTAMS 0x000000064d6ffff0 space 1024K,  99% used [0x000000064d600000, 0x000000064d700000)
AC   0  O    TS     0 PTAMS 0x000000064d7ffaf0 NTAMS 0x000000064d7ffaf0 space 1024K,  99% used [0x000000064d700000, 0x000000064d800000)
AC   0  O    TS     0 PTAMS 0x000000064d8e9dd8 NTAMS 0x000000064d8e9dd8 space 1024K,  91% used [0x000000064d800000, 0x000000064d900000)
AC   0  O    TS     0 PTAMS 0x000000064d9fe330 NTAMS 0x000000064d9fe330 space 1024K,  99% used [0x000000064d900000, 0x000000064da00000)
AC   0  O    TS     0 PTAMS 0x000000064dafff20 NTAMS 0x000000064dafff20 space 1024K,  99% used [0x000000064da00000, 0x000000064db00000)
AC   0  O    TS     0 PTAMS 0x000000064dbfc7d8 NTAMS 0x000000064dbfc7d8 space 1024K,  98% used [0x000000064db00000, 0x000000064dc00000)
AC   0  O    TS     0 PTAMS 0x000000064dcffe58 NTAMS 0x000000064dcffe58 space 1024K,  99% used [0x000000064dc00000, 0x000000064dd00000)
AC   0  O    TS     0 PTAMS 0x000000064ddfffd8 NTAMS 0x000000064ddfffd8 space 1024K,  99% used [0x000000064dd00000, 0x000000064de00000)
AC   0  O    TS     0 PTAMS 0x000000064defffd0 NTAMS 0x000000064defffd0 space 1024K,  99% used [0x000000064de00000, 0x000000064df00000)
AC   0  O    TS     0 PTAMS 0x000000064dfffff0 NTAMS 0x000000064dfffff0 space 1024K,  99% used [0x000000064df00000, 0x000000064e000000)
AC   0  O    TS     0 PTAMS 0x000000064e0fff88 NTAMS 0x000000064e0fff88 space 1024K,  99% used [0x000000064e000000, 0x000000064e100000)
AC   0  O    TS     0 PTAMS 0x000000064e1ffff0 NTAMS 0x000000064e1ffff0 space 1024K,  99% used [0x000000064e100000, 0x000000064e200000)
AC   0  O    TS     0 PTAMS 0x000000064e2ffff0 NTAMS 0x000000064e2ffff0 space 1024K,  99% used [0x000000064e200000, 0x000000064e300000)
AC   0  O    TS     0 PTAMS 0x000000064e3fffe8 NTAMS 0x000000064e3fffe8 space 1024K,  99% used [0x000000064e300000, 0x000000064e400000)
AC   0  O    TS     0 PTAMS 0x000000064e4ffff8 NTAMS 0x000000064e4ffff8 space 1024K,  99% used [0x000000064e400000, 0x000000064e500000)
AC   0  O    TS     0 PTAMS 0x000000064e5ffff8 NTAMS 0x000000064e5ffff8 space 1024K,  99% used [0x000000064e500000, 0x000000064e600000)
AC   0  O    TS     0 PTAMS 0x000000064e6fffc0 NTAMS 0x000000064e6fffc0 space 1024K,  99% used [0x000000064e600000, 0x000000064e700000)
AC   0  O    TS     0 PTAMS 0x000000064e7ffff8 NTAMS 0x000000064e7ffff8 space 1024K,  99% used [0x000000064e700000, 0x000000064e800000)
AC   0  O    TS     0 PTAMS 0x000000064e8fe3c8 NTAMS 0x000000064e8fe3c8 space 1024K,  99% used [0x000000064e800000, 0x000000064e900000)
AC   0  O    TS     0 PTAMS 0x000000064e9ff920 NTAMS 0x000000064e9ff920 space 1024K,  99% used [0x000000064e900000, 0x000000064ea00000)
AC   0  O    TS     0 PTAMS 0x000000064eb00000 NTAMS 0x000000064eb00000 space 1024K, 100% used [0x000000064ea00000, 0x000000064eb00000)
AC   0  O    TS     0 PTAMS 0x000000064ebffff0 NTAMS 0x000000064ebffff0 space 1024K,  99% used [0x000000064eb00000, 0x000000064ec00000)
AC   0  O    TS     0 PTAMS 0x000000064ecffff0 NTAMS 0x000000064ecffff0 space 1024K,  99% used [0x000000064ec00000, 0x000000064ed00000)
AC   0  O    TS     0 PTAMS 0x000000064edfffe0 NTAMS 0x000000064edfffe0 space 1024K,  99% used [0x000000064ed00000, 0x000000064ee00000)
AC   0  O    TS     0 PTAMS 0x000000064ef00000 NTAMS 0x000000064ef00000 space 1024K, 100% used [0x000000064ee00000, 0x000000064ef00000)
AC   0  O    TS     0 PTAMS 0x000000064effdec8 NTAMS 0x000000064effdec8 space 1024K,  99% used [0x000000064ef00000, 0x000000064f000000)
AC   0  O    TS     0 PTAMS 0x000000064f0ff900 NTAMS 0x000000064f0ff900 space 1024K,  99% used [0x000000064f000000, 0x000000064f100000)
AC   0  O    TS     0 PTAMS 0x000000064f1ffff8 NTAMS 0x000000064f1ffff8 space 1024K,  99% used [0x000000064f100000, 0x000000064f200000)
AC   0  O    TS     0 PTAMS 0x000000064f2fffe8 NTAMS 0x000000064f2fffe8 space 1024K,  99% used [0x000000064f200000, 0x000000064f300000)
AC   0  O    TS     0 PTAMS 0x000000064f400000 NTAMS 0x000000064f400000 space 1024K, 100% used [0x000000064f300000, 0x000000064f400000)
AC   0  O    TS     0 PTAMS 0x000000064f500000 NTAMS 0x000000064f500000 space 1024K, 100% used [0x000000064f400000, 0x000000064f500000)
AC   0  O    TS     0 PTAMS 0x000000064f600000 NTAMS 0x000000064f600000 space 1024K, 100% used [0x000000064f500000, 0x000000064f600000)
AC   0  O    TS     0 PTAMS 0x000000064f700000 NTAMS 0x000000064f700000 space 1024K, 100% used [0x000000064f600000, 0x000000064f700000)
AC   0  O    TS     0 PTAMS 0x000000064f800000 NTAMS 0x000000064f800000 space 1024K, 100% used [0x000000064f700000, 0x000000064f800000)
AC   0  O    TS     0 PTAMS 0x000000064f900000 NTAMS 0x000000064f900000 space 1024K, 100% used [0x000000064f800000, 0x000000064f900000)
AC   0  O    TS     0 PTAMS 0x000000064fa00000 NTAMS 0x000000064fa00000 space 1024K, 100% used [0x000000064f900000, 0x000000064fa00000)
AC   0  O    TS     0 PTAMS 0x000000064fb00000 NTAMS 0x000000064fb00000 space 1024K, 100% used [0x000000064fa00000, 0x000000064fb00000)
AC   0  O    TS     0 PTAMS 0x000000064fc00000 NTAMS 0x000000064fc00000 space 1024K, 100% used [0x000000064fb00000, 0x000000064fc00000)
AC   0  O    TS     0 PTAMS 0x000000064fd00000 NTAMS 0x000000064fd00000 space 1024K, 100% used [0x000000064fc00000, 0x000000064fd00000)
AC   0  O    TS     0 PTAMS 0x000000064fe00000 NTAMS 0x000000064fe00000 space 1024K, 100% used [0x000000064fd00000, 0x000000064fe00000)
AC   0  O    TS     0 PTAMS 0x000000064ff00000 NTAMS 0x000000064ff00000 space 1024K, 100% used [0x000000064fe00000, 0x000000064ff00000)
AC   0  O    TS     0 PTAMS 0x0000000650000000 NTAMS 0x0000000650000000 space 1024K, 100% used [0x000000064ff00000, 0x0000000650000000)
AC   0  O    TS     0 PTAMS 0x00000006500fa218 NTAMS 0x00000006500fa218 space 1024K,  97% used [0x0000000650000000, 0x0000000650100000)
AC   0  O    TS     0 PTAMS 0x00000006501ff2e8 NTAMS 0x00000006501ff2e8 space 1024K,  99% used [0x0000000650100000, 0x0000000650200000)
AC   0  O    TS     0 PTAMS 0x00000006502fffe0 NTAMS 0x00000006502fffe0 space 1024K,  99% used [0x0000000650200000, 0x0000000650300000)
AC   0  O    TS     0 PTAMS 0x00000006503fffe8 NTAMS 0x00000006503fffe8 space 1024K,  99% used [0x0000000650300000, 0x0000000650400000)
AC   0  O    TS     0 PTAMS 0x00000006504fff50 NTAMS 0x00000006504fff50 space 1024K,  99% used [0x0000000650400000, 0x0000000650500000)
AC   0  O    TS     0 PTAMS 0x0000000650600000 NTAMS 0x0000000650600000 space 1024K, 100% used [0x0000000650500000, 0x0000000650600000)
AC   0  O    TS     0 PTAMS 0x0000000650700000 NTAMS 0x0000000650700000 space 1024K, 100% used [0x0000000650600000, 0x0000000650700000)
AC   0  O    TS     0 PTAMS 0x0000000650800000 NTAMS 0x0000000650800000 space 1024K, 100% used [0x0000000650700000, 0x0000000650800000)
AC   0  O    TS     0 PTAMS 0x0000000650900000 NTAMS 0x0000000650900000 space 1024K, 100% used [0x0000000650800000, 0x0000000650900000)
AC   0  O    TS     0 PTAMS 0x0000000650a00000 NTAMS 0x0000000650a00000 space 1024K, 100% used [0x0000000650900000, 0x0000000650a00000)
AC   0  O    TS     0 PTAMS 0x0000000650b00000 NTAMS 0x0000000650b00000 space 1024K, 100% used [0x0000000650a00000, 0x0000000650b00000)
AC   0  O    TS     0 PTAMS 0x0000000650bffb68 NTAMS 0x0000000650bffb68 space 1024K,  99% used [0x0000000650b00000, 0x0000000650c00000)
AC   0  O    TS     0 PTAMS 0x0000000650cfffe8 NTAMS 0x0000000650cfffe8 space 1024K,  99% used [0x0000000650c00000, 0x0000000650d00000)
AC   0  O    TS     0 PTAMS 0x0000000650dfff80 NTAMS 0x0000000650dfff80 space 1024K,  99% used [0x0000000650d00000, 0x0000000650e00000)
AC   0  O    TS     0 PTAMS 0x0000000650efffe0 NTAMS 0x0000000650efffe0 space 1024K,  99% used [0x0000000650e00000, 0x0000000650f00000)
AC   0  O    TS     0 PTAMS 0x0000000650fffe08 NTAMS 0x0000000650fffe08 space 1024K,  99% used [0x0000000650f00000, 0x0000000651000000)
AC   0  O    TS     0 PTAMS 0x00000006510ffc08 NTAMS 0x00000006510ffc08 space 1024K,  99% used [0x0000000651000000, 0x0000000651100000)
AC   0  O    TS     0 PTAMS 0x00000006511fffd0 NTAMS 0x00000006511fffd0 space 1024K,  99% used [0x0000000651100000, 0x0000000651200000)
AC   0  O    TS     0 PTAMS 0x0000000651300000 NTAMS 0x0000000651300000 space 1024K, 100% used [0x0000000651200000, 0x0000000651300000)
AC   0  O    TS     0 PTAMS 0x0000000651400000 NTAMS 0x0000000651400000 space 1024K, 100% used [0x0000000651300000, 0x0000000651400000)
AC   0  O    TS     0 PTAMS 0x00000006514ffc88 NTAMS 0x00000006514ffc88 space 1024K,  99% used [0x0000000651400000, 0x0000000651500000)
AC   0  O    TS     0 PTAMS 0x00000006515ffaf0 NTAMS 0x00000006515ffaf0 space 1024K,  99% used [0x0000000651500000, 0x0000000651600000)
AC   0  O    TS     0 PTAMS 0x00000006516fffd0 NTAMS 0x00000006516fffd0 space 1024K,  99% used [0x0000000651600000, 0x0000000651700000)
AC   0  O    TS     0 PTAMS 0x00000006517fff40 NTAMS 0x00000006517fff40 space 1024K,  99% used [0x0000000651700000, 0x0000000651800000)
AC   0  O    TS     0 PTAMS 0x00000006518ffff0 NTAMS 0x00000006518ffff0 space 1024K,  99% used [0x0000000651800000, 0x0000000651900000)
AC   0  O    TS     0 PTAMS 0x00000006519ffed8 NTAMS 0x00000006519ffed8 space 1024K,  99% used [0x0000000651900000, 0x0000000651a00000)
AC   0  O    TS     0 PTAMS 0x0000000651aff860 NTAMS 0x0000000651aff860 space 1024K,  99% used [0x0000000651a00000, 0x0000000651b00000)
AC   0  O    TS     0 PTAMS 0x0000000651bffb70 NTAMS 0x0000000651bffb70 space 1024K,  99% used [0x0000000651b00000, 0x0000000651c00000)
AC   0  O    TS     0 PTAMS 0x0000000651cffc70 NTAMS 0x0000000651cffc70 space 1024K,  99% used [0x0000000651c00000, 0x0000000651d00000)
AC   0  O    TS     0 PTAMS 0x0000000651dff8e8 NTAMS 0x0000000651dff8e8 space 1024K,  99% used [0x0000000651d00000, 0x0000000651e00000)
AC   0  O    TS     0 PTAMS 0x0000000651effc50 NTAMS 0x0000000651effc50 space 1024K,  99% used [0x0000000651e00000, 0x0000000651f00000)
AC   0  O    TS     0 PTAMS 0x0000000651ffffb8 NTAMS 0x0000000651ffffb8 space 1024K,  99% used [0x0000000651f00000, 0x0000000652000000)
AC   0  O    TS     0 PTAMS 0x00000006520ffbd0 NTAMS 0x00000006520ffbd0 space 1024K,  99% used [0x0000000652000000, 0x0000000652100000)
AC   0  O    TS     0 PTAMS 0x00000006521fffc0 NTAMS 0x00000006521fffc0 space 1024K,  99% used [0x0000000652100000, 0x0000000652200000)
AC   0  O    TS     0 PTAMS 0x00000006522fff78 NTAMS 0x00000006522fff78 space 1024K,  99% used [0x0000000652200000, 0x0000000652300000)
AC   0  O    TS     0 PTAMS 0x00000006523ffad8 NTAMS 0x00000006523ffad8 space 1024K,  99% used [0x0000000652300000, 0x0000000652400000)
AC   0  O    TS     0 PTAMS 0x00000006524ffa20 NTAMS 0x00000006524ffa20 space 1024K,  99% used [0x0000000652400000, 0x0000000652500000)
AC   0  O    TS     0 PTAMS 0x00000006525ffc50 NTAMS 0x00000006525ffc50 space 1024K,  99% used [0x0000000652500000, 0x0000000652600000)
AC   0  O    TS     0 PTAMS 0x00000006526ffa58 NTAMS 0x00000006526ffa58 space 1024K,  99% used [0x0000000652600000, 0x0000000652700000)
AC   0  O    TS     0 PTAMS 0x00000006527ffc00 NTAMS 0x00000006527ffc00 space 1024K,  99% used [0x0000000652700000, 0x0000000652800000)
AC   0  O    TS     0 PTAMS 0x00000006528fff10 NTAMS 0x00000006528fff10 space 1024K,  99% used [0x0000000652800000, 0x0000000652900000)
AC   0  O    TS     0 PTAMS 0x00000006529fffb0 NTAMS 0x00000006529fffb0 space 1024K,  99% used [0x0000000652900000, 0x0000000652a00000)
AC   0  O    TS     0 PTAMS 0x0000000652b00000 NTAMS 0x0000000652b00000 space 1024K, 100% used [0x0000000652a00000, 0x0000000652b00000)
AC   0  O    TS     0 PTAMS 0x0000000652be1fc8 NTAMS 0x0000000652be1fc8 space 1024K,  88% used [0x0000000652b00000, 0x0000000652c00000)
AC   0  O    TS     0 PTAMS 0x0000000652d00000 NTAMS 0x0000000652d00000 space 1024K, 100% used [0x0000000652c00000, 0x0000000652d00000)
AC   0  O    TS     0 PTAMS 0x0000000652e00000 NTAMS 0x0000000652e00000 space 1024K, 100% used [0x0000000652d00000, 0x0000000652e00000)
AC   0  O    TS     0 PTAMS 0x0000000652f00000 NTAMS 0x0000000652f00000 space 1024K, 100% used [0x0000000652e00000, 0x0000000652f00000)
AC   0  O    TS     0 PTAMS 0x0000000653000000 NTAMS 0x0000000653000000 space 1024K, 100% used [0x0000000652f00000, 0x0000000653000000)
AC   0  O    TS     0 PTAMS 0x0000000653100000 NTAMS 0x0000000653100000 space 1024K, 100% used [0x0000000653000000, 0x0000000653100000)
AC   0  O    TS     0 PTAMS 0x0000000653200000 NTAMS 0x0000000653200000 space 1024K, 100% used [0x0000000653100000, 0x0000000653200000)
AC   0  O    TS     0 PTAMS 0x0000000653300000 NTAMS 0x0000000653300000 space 1024K, 100% used [0x0000000653200000, 0x0000000653300000)
AC   0  O    TS     0 PTAMS 0x0000000653400000 NTAMS 0x0000000653400000 space 1024K, 100% used [0x0000000653300000, 0x0000000653400000)
AC   0  O    TS     0 PTAMS 0x0000000653500000 NTAMS 0x0000000653500000 space 1024K, 100% used [0x0000000653400000, 0x0000000653500000)
AC   0  O    TS     0 PTAMS 0x0000000653600000 NTAMS 0x0000000653600000 space 1024K, 100% used [0x0000000653500000, 0x0000000653600000)
AC   0  O    TS     0 PTAMS 0x0000000653700000 NTAMS 0x0000000653700000 space 1024K, 100% used [0x0000000653600000, 0x0000000653700000)
AC   0  F    TS     0 PTAMS 0x0000000653700000 NTAMS 0x0000000653700000 space 1024K,   0% used [0x0000000653700000, 0x0000000653800000)
AC   0  O    TS     0 PTAMS 0x0000000653900000 NTAMS 0x0000000653900000 space 1024K, 100% used [0x0000000653800000, 0x0000000653900000)
AC   0  O    TS     0 PTAMS 0x0000000653a00000 NTAMS 0x0000000653a00000 space 1024K, 100% used [0x0000000653900000, 0x0000000653a00000)
AC   0  O    TS     0 PTAMS 0x0000000653b00000 NTAMS 0x0000000653b00000 space 1024K, 100% used [0x0000000653a00000, 0x0000000653b00000)
AC   0  O    TS     0 PTAMS 0x0000000653c00000 NTAMS 0x0000000653c00000 space 1024K, 100% used [0x0000000653b00000, 0x0000000653c00000)
AC   0  O    TS     0 PTAMS 0x0000000653d00000 NTAMS 0x0000000653d00000 space 1024K, 100% used [0x0000000653c00000, 0x0000000653d00000)
AC   0  O    TS     0 PTAMS 0x0000000653e00000 NTAMS 0x0000000653e00000 space 1024K, 100% used [0x0000000653d00000, 0x0000000653e00000)
AC   0  O    TS     0 PTAMS 0x0000000653f00000 NTAMS 0x0000000653f00000 space 1024K, 100% used [0x0000000653e00000, 0x0000000653f00000)
AC   0  O    TS     0 PTAMS 0x0000000654000000 NTAMS 0x0000000654000000 space 1024K, 100% used [0x0000000653f00000, 0x0000000654000000)
AC   0  O    TS     0 PTAMS 0x0000000654100000 NTAMS 0x0000000654100000 space 1024K, 100% used [0x0000000654000000, 0x0000000654100000)
AC   0  F    TS     0 PTAMS 0x0000000654100000 NTAMS 0x0000000654100000 space 1024K,   0% used [0x0000000654100000, 0x0000000654200000)
AC   0  O    TS     0 PTAMS 0x0000000654300000 NTAMS 0x0000000654300000 space 1024K, 100% used [0x0000000654200000, 0x0000000654300000)
AC   0  O    TS     0 PTAMS 0x0000000654400000 NTAMS 0x0000000654400000 space 1024K, 100% used [0x0000000654300000, 0x0000000654400000)
AC   0  O    TS     0 PTAMS 0x0000000654500000 NTAMS 0x0000000654500000 space 1024K, 100% used [0x0000000654400000, 0x0000000654500000)
AC   0  O    TS     0 PTAMS 0x0000000654600000 NTAMS 0x0000000654600000 space 1024K, 100% used [0x0000000654500000, 0x0000000654600000)
AC   0  O    TS     0 PTAMS 0x0000000654700000 NTAMS 0x0000000654700000 space 1024K, 100% used [0x0000000654600000, 0x0000000654700000)
AC   0  O    TS     0 PTAMS 0x0000000654800000 NTAMS 0x0000000654800000 space 1024K, 100% used [0x0000000654700000, 0x0000000654800000)
AC   0  O    TS     0 PTAMS 0x0000000654900000 NTAMS 0x0000000654900000 space 1024K, 100% used [0x0000000654800000, 0x0000000654900000)
AC   0  O    TS     0 PTAMS 0x0000000654a00000 NTAMS 0x0000000654a00000 space 1024K, 100% used [0x0000000654900000, 0x0000000654a00000)
AC   0  O    TS     0 PTAMS 0x0000000654b00000 NTAMS 0x0000000654b00000 space 1024K, 100% used [0x0000000654a00000, 0x0000000654b00000)
AC   0  O    TS     0 PTAMS 0x0000000654c00000 NTAMS 0x0000000654c00000 space 1024K, 100% used [0x0000000654b00000, 0x0000000654c00000)
AC   0  O    TS     0 PTAMS 0x0000000654d00000 NTAMS 0x0000000654d00000 space 1024K, 100% used [0x0000000654c00000, 0x0000000654d00000)
AC   0  O    TS     0 PTAMS 0x0000000654e00000 NTAMS 0x0000000654e00000 space 1024K, 100% used [0x0000000654d00000, 0x0000000654e00000)
AC   0  O    TS     0 PTAMS 0x0000000654f00000 NTAMS 0x0000000654f00000 space 1024K, 100% used [0x0000000654e00000, 0x0000000654f00000)
AC   0  O    TS     0 PTAMS 0x0000000655000000 NTAMS 0x0000000655000000 space 1024K, 100% used [0x0000000654f00000, 0x0000000655000000)
AC   0  O    TS     0 PTAMS 0x0000000655100000 NTAMS 0x0000000655100000 space 1024K, 100% used [0x0000000655000000, 0x0000000655100000)
AC   0  O    TS     0 PTAMS 0x0000000655200000 NTAMS 0x0000000655200000 space 1024K, 100% used [0x0000000655100000, 0x0000000655200000)
AC   0  F    TS     0 PTAMS 0x0000000655200000 NTAMS 0x0000000655200000 space 1024K,   0% used [0x0000000655200000, 0x0000000655300000)
AC   0  O    TS     0 PTAMS 0x0000000655400000 NTAMS 0x0000000655400000 space 1024K, 100% used [0x0000000655300000, 0x0000000655400000)
AC   0  O    TS     0 PTAMS 0x0000000655500000 NTAMS 0x0000000655500000 space 1024K, 100% used [0x0000000655400000, 0x0000000655500000)
AC   0  O    TS     0 PTAMS 0x0000000655600000 NTAMS 0x0000000655600000 space 1024K, 100% used [0x0000000655500000, 0x0000000655600000)
AC   0  O    TS     0 PTAMS 0x0000000655700000 NTAMS 0x0000000655700000 space 1024K, 100% used [0x0000000655600000, 0x0000000655700000)
AC   0  O    TS     0 PTAMS 0x0000000655800000 NTAMS 0x0000000655800000 space 1024K, 100% used [0x0000000655700000, 0x0000000655800000)
AC   0  O    TS     0 PTAMS 0x0000000655900000 NTAMS 0x0000000655900000 space 1024K, 100% used [0x0000000655800000, 0x0000000655900000)
AC   0  O    TS     0 PTAMS 0x0000000655a00000 NTAMS 0x0000000655a00000 space 1024K, 100% used [0x0000000655900000, 0x0000000655a00000)
AC   0  O    TS     0 PTAMS 0x0000000655b00000 NTAMS 0x0000000655b00000 space 1024K, 100% used [0x0000000655a00000, 0x0000000655b00000)
AC   0  O    TS     0 PTAMS 0x0000000655c00000 NTAMS 0x0000000655c00000 space 1024K, 100% used [0x0000000655b00000, 0x0000000655c00000)
AC   0  O    TS     0 PTAMS 0x0000000655d00000 NTAMS 0x0000000655d00000 space 1024K, 100% used [0x0000000655c00000, 0x0000000655d00000)
AC   0  O    TS     0 PTAMS 0x0000000655e00000 NTAMS 0x0000000655e00000 space 1024K, 100% used [0x0000000655d00000, 0x0000000655e00000)
AC   0  O    TS     0 PTAMS 0x0000000655f00000 NTAMS 0x0000000655f00000 space 1024K, 100% used [0x0000000655e00000, 0x0000000655f00000)
AC   0  O    TS     0 PTAMS 0x0000000656000000 NTAMS 0x0000000656000000 space 1024K, 100% used [0x0000000655f00000, 0x0000000656000000)
AC   0  O    TS     0 PTAMS 0x0000000656100000 NTAMS 0x0000000656100000 space 1024K, 100% used [0x0000000656000000, 0x0000000656100000)
AC   0  O    TS     0 PTAMS 0x0000000656200000 NTAMS 0x0000000656200000 space 1024K, 100% used [0x0000000656100000, 0x0000000656200000)
AC   0  O    TS     0 PTAMS 0x0000000656300000 NTAMS 0x0000000656300000 space 1024K, 100% used [0x0000000656200000, 0x0000000656300000)
AC   0  F    TS     0 PTAMS 0x0000000656300000 NTAMS 0x0000000656300000 space 1024K,   0% used [0x0000000656300000, 0x0000000656400000)
AC   0  F    TS     0 PTAMS 0x0000000656400000 NTAMS 0x0000000656400000 space 1024K,   0% used [0x0000000656400000, 0x0000000656500000)
AC   0  F    TS     0 PTAMS 0x0000000656500000 NTAMS 0x0000000656500000 space 1024K,   0% used [0x0000000656500000, 0x0000000656600000)
AC   0  F    TS     0 PTAMS 0x0000000656600000 NTAMS 0x0000000656600000 space 1024K,   0% used [0x0000000656600000, 0x0000000656700000)
AC   0  F    TS     0 PTAMS 0x0000000656700000 NTAMS 0x0000000656700000 space 1024K,   0% used [0x0000000656700000, 0x0000000656800000)
AC   0  F    TS     0 PTAMS 0x0000000656800000 NTAMS 0x0000000656800000 space 1024K,   0% used [0x0000000656800000, 0x0000000656900000)
AC   0  F    TS     0 PTAMS 0x0000000656900000 NTAMS 0x0000000656900000 space 1024K,   0% used [0x0000000656900000, 0x0000000656a00000)
AC   0  F    TS     0 PTAMS 0x0000000656a00000 NTAMS 0x0000000656a00000 space 1024K,   0% used [0x0000000656a00000, 0x0000000656b00000)
AC   0  F    TS     0 PTAMS 0x0000000656b00000 NTAMS 0x0000000656b00000 space 1024K,   0% used [0x0000000656b00000, 0x0000000656c00000)
AC   0  F    TS     0 PTAMS 0x0000000656c00000 NTAMS 0x0000000656c00000 space 1024K,   0% used [0x0000000656c00000, 0x0000000656d00000)
AC   0  F    TS     0 PTAMS 0x0000000656d00000 NTAMS 0x0000000656d00000 space 1024K,   0% used [0x0000000656d00000, 0x0000000656e00000)
AC   0  F    TS     0 PTAMS 0x0000000656e00000 NTAMS 0x0000000656e00000 space 1024K,   0% used [0x0000000656e00000, 0x0000000656f00000)
AC   0  F    TS     0 PTAMS 0x0000000656f00000 NTAMS 0x0000000656f00000 space 1024K,   0% used [0x0000000656f00000, 0x0000000657000000)
AC   0  F    TS     0 PTAMS 0x0000000657000000 NTAMS 0x0000000657000000 space 1024K,   0% used [0x0000000657000000, 0x0000000657100000)
AC   0  F    TS     0 PTAMS 0x0000000657100000 NTAMS 0x0000000657100000 space 1024K,   0% used [0x0000000657100000, 0x0000000657200000)
AC   0  F    TS     0 PTAMS 0x0000000657200000 NTAMS 0x0000000657200000 space 1024K,   0% used [0x0000000657200000, 0x0000000657300000)
AC   0  F    TS     0 PTAMS 0x0000000657300000 NTAMS 0x0000000657300000 space 1024K,   0% used [0x0000000657300000, 0x0000000657400000)
AC   0  F    TS     0 PTAMS 0x0000000657400000 NTAMS 0x0000000657400000 space 1024K,   0% used [0x0000000657400000, 0x0000000657500000)
AC   0  F    TS     0 PTAMS 0x0000000657500000 NTAMS 0x0000000657500000 space 1024K,   0% used [0x0000000657500000, 0x0000000657600000)
AC   0  F    TS     0 PTAMS 0x0000000657600000 NTAMS 0x0000000657600000 space 1024K,   0% used [0x0000000657600000, 0x0000000657700000)
AC   0  F    TS     0 PTAMS 0x0000000657700000 NTAMS 0x0000000657700000 space 1024K,   0% used [0x0000000657700000, 0x0000000657800000)
AC   0  F    TS     0 PTAMS 0x0000000657800000 NTAMS 0x0000000657800000 space 1024K,   0% used [0x0000000657800000, 0x0000000657900000)
AC   0  F    TS     0 PTAMS 0x0000000657900000 NTAMS 0x0000000657900000 space 1024K,   0% used [0x0000000657900000, 0x0000000657a00000)
AC   0  F    TS     0 PTAMS 0x0000000657a00000 NTAMS 0x0000000657a00000 space 1024K,   0% used [0x0000000657a00000, 0x0000000657b00000)
AC   0  F    TS     0 PTAMS 0x0000000657b00000 NTAMS 0x0000000657b00000 space 1024K,   0% used [0x0000000657b00000, 0x0000000657c00000)
AC   0  F    TS     0 PTAMS 0x0000000657c00000 NTAMS 0x0000000657c00000 space 1024K,   0% used [0x0000000657c00000, 0x0000000657d00000)
AC   0  F    TS     0 PTAMS 0x0000000657d00000 NTAMS 0x0000000657d00000 space 1024K,   0% used [0x0000000657d00000, 0x0000000657e00000)
AC   0  F    TS     0 PTAMS 0x0000000657e00000 NTAMS 0x0000000657e00000 space 1024K,   0% used [0x0000000657e00000, 0x0000000657f00000)
AC   0  F    TS     0 PTAMS 0x0000000657f00000 NTAMS 0x0000000657f00000 space 1024K,   0% used [0x0000000657f00000, 0x0000000658000000)
AC   0  F    TS     0 PTAMS 0x0000000658000000 NTAMS 0x0000000658000000 space 1024K,   0% used [0x0000000658000000, 0x0000000658100000)
AC   0  S CS TS     0 PTAMS 0x0000000658100000 NTAMS 0x0000000658100000 space 1024K,  36% used [0x0000000658100000, 0x0000000658200000)
AC   0  S CS TS     0 PTAMS 0x0000000658200000 NTAMS 0x0000000658200000 space 1024K, 100% used [0x0000000658200000, 0x0000000658300000)
AC   0  F    TS     0 PTAMS 0x0000000658300000 NTAMS 0x0000000658300000 space 1024K,   0% used [0x0000000658300000, 0x0000000658400000)
AC   0  F    TS     0 PTAMS 0x0000000658400000 NTAMS 0x0000000658400000 space 1024K,   0% used [0x0000000658400000, 0x0000000658500000)
AC   0  F    TS     0 PTAMS 0x0000000658500000 NTAMS 0x0000000658500000 space 1024K,   0% used [0x0000000658500000, 0x0000000658600000)
AC   0  F    TS     0 PTAMS 0x0000000658600000 NTAMS 0x0000000658600000 space 1024K,   0% used [0x0000000658600000, 0x0000000658700000)
AC   0  F    TS     0 PTAMS 0x0000000658700000 NTAMS 0x0000000658700000 space 1024K,   0% used [0x0000000658700000, 0x0000000658800000)
AC   0  F    TS     0 PTAMS 0x0000000658800000 NTAMS 0x0000000658800000 space 1024K,   0% used [0x0000000658800000, 0x0000000658900000)
AC   0  F    TS     0 PTAMS 0x0000000658900000 NTAMS 0x0000000658900000 space 1024K,   0% used [0x0000000658900000, 0x0000000658a00000)
AC   0  F    TS     0 PTAMS 0x0000000658a00000 NTAMS 0x0000000658a00000 space 1024K,   0% used [0x0000000658a00000, 0x0000000658b00000)
AC   0  F    TS     0 PTAMS 0x0000000658b00000 NTAMS 0x0000000658b00000 space 1024K,   0% used [0x0000000658b00000, 0x0000000658c00000)
AC   0  F    TS     0 PTAMS 0x0000000658c00000 NTAMS 0x0000000658c00000 space 1024K,   0% used [0x0000000658c00000, 0x0000000658d00000)
AC   0  F    TS     0 PTAMS 0x0000000658d00000 NTAMS 0x0000000658d00000 space 1024K,   0% used [0x0000000658d00000, 0x0000000658e00000)
AC   0  F    TS     0 PTAMS 0x0000000658e00000 NTAMS 0x0000000658e00000 space 1024K,   0% used [0x0000000658e00000, 0x0000000658f00000)
AC   0  F    TS     0 PTAMS 0x0000000658f00000 NTAMS 0x0000000658f00000 space 1024K,   0% used [0x0000000658f00000, 0x0000000659000000)
AC   0  F    TS     0 PTAMS 0x0000000659000000 NTAMS 0x0000000659000000 space 1024K,   0% used [0x0000000659000000, 0x0000000659100000)
AC   0  F    TS     0 PTAMS 0x0000000659100000 NTAMS 0x0000000659100000 space 1024K,   0% used [0x0000000659100000, 0x0000000659200000)
AC   0  F    TS     0 PTAMS 0x0000000659200000 NTAMS 0x0000000659200000 space 1024K,   0% used [0x0000000659200000, 0x0000000659300000)
AC   0  F    TS     0 PTAMS 0x0000000659300000 NTAMS 0x0000000659300000 space 1024K,   0% used [0x0000000659300000, 0x0000000659400000)
AC   0  F    TS     0 PTAMS 0x0000000659400000 NTAMS 0x0000000659400000 space 1024K,   0% used [0x0000000659400000, 0x0000000659500000)
AC   0  F    TS     0 PTAMS 0x0000000659500000 NTAMS 0x0000000659500000 space 1024K,   0% used [0x0000000659500000, 0x0000000659600000)
AC   0  F    TS     0 PTAMS 0x0000000659600000 NTAMS 0x0000000659600000 space 1024K,   0% used [0x0000000659600000, 0x0000000659700000)
AC   0  F    TS     0 PTAMS 0x0000000659700000 NTAMS 0x0000000659700000 space 1024K,   0% used [0x0000000659700000, 0x0000000659800000)
AC   0  F    TS     0 PTAMS 0x0000000659800000 NTAMS 0x0000000659800000 space 1024K,   0% used [0x0000000659800000, 0x0000000659900000)
AC   0  F    TS     0 PTAMS 0x0000000659900000 NTAMS 0x0000000659900000 space 1024K,   0% used [0x0000000659900000, 0x0000000659a00000)
AC   0  F    TS     0 PTAMS 0x0000000659a00000 NTAMS 0x0000000659a00000 space 1024K,   0% used [0x0000000659a00000, 0x0000000659b00000)
AC   0  F    TS     0 PTAMS 0x0000000659b00000 NTAMS 0x0000000659b00000 space 1024K,   0% used [0x0000000659b00000, 0x0000000659c00000)
AC   0  F    TS     0 PTAMS 0x0000000659c00000 NTAMS 0x0000000659c00000 space 1024K,   0% used [0x0000000659c00000, 0x0000000659d00000)
AC   0  F    TS     0 PTAMS 0x0000000659d00000 NTAMS 0x0000000659d00000 space 1024K,   0% used [0x0000000659d00000, 0x0000000659e00000)
AC   0  F    TS     0 PTAMS 0x0000000659e00000 NTAMS 0x0000000659e00000 space 1024K,   0% used [0x0000000659e00000, 0x0000000659f00000)
AC   0  F    TS     0 PTAMS 0x0000000659f00000 NTAMS 0x0000000659f00000 space 1024K,   0% used [0x0000000659f00000, 0x000000065a000000)
AC   0  F    TS     0 PTAMS 0x000000065a000000 NTAMS 0x000000065a000000 space 1024K,   0% used [0x000000065a000000, 0x000000065a100000)
AC   0  F    TS     0 PTAMS 0x000000065a100000 NTAMS 0x000000065a100000 space 1024K,   0% used [0x000000065a100000, 0x000000065a200000)
AC   0  F    TS     0 PTAMS 0x000000065a200000 NTAMS 0x000000065a200000 space 1024K,   0% used [0x000000065a200000, 0x000000065a300000)
AC   0  F    TS     0 PTAMS 0x000000065a300000 NTAMS 0x000000065a300000 space 1024K,   0% used [0x000000065a300000, 0x000000065a400000)
AC   0  F    TS     0 PTAMS 0x000000065a400000 NTAMS 0x000000065a400000 space 1024K,   0% used [0x000000065a400000, 0x000000065a500000)
AC   0  F    TS     0 PTAMS 0x000000065a500000 NTAMS 0x000000065a500000 space 1024K,   0% used [0x000000065a500000, 0x000000065a600000)
AC   0  F    TS     0 PTAMS 0x000000065a600000 NTAMS 0x000000065a600000 space 1024K,   0% used [0x000000065a600000, 0x000000065a700000)
AC   0  F    TS     0 PTAMS 0x000000065a700000 NTAMS 0x000000065a700000 space 1024K,   0% used [0x000000065a700000, 0x000000065a800000)
AC   0  F    TS     0 PTAMS 0x000000065a800000 NTAMS 0x000000065a800000 space 1024K,   0% used [0x000000065a800000, 0x000000065a900000)
AC   0  F    TS     0 PTAMS 0x000000065a900000 NTAMS 0x000000065a900000 space 1024K,   0% used [0x000000065a900000, 0x000000065aa00000)
AC   0  F    TS     0 PTAMS 0x000000065aa00000 NTAMS 0x000000065aa00000 space 1024K,   0% used [0x000000065aa00000, 0x000000065ab00000)
AC   0  F    TS     0 PTAMS 0x000000065ab00000 NTAMS 0x000000065ab00000 space 1024K,   0% used [0x000000065ab00000, 0x000000065ac00000)
AC   0  F    TS     0 PTAMS 0x000000065ac00000 NTAMS 0x000000065ac00000 space 1024K,   0% used [0x000000065ac00000, 0x000000065ad00000)
AC   0  F    TS     0 PTAMS 0x000000065ad00000 NTAMS 0x000000065ad00000 space 1024K,   0% used [0x000000065ad00000, 0x000000065ae00000)
AC   0  F    TS     0 PTAMS 0x000000065ae00000 NTAMS 0x000000065ae00000 space 1024K,   0% used [0x000000065ae00000, 0x000000065af00000)
AC   0  F    TS     0 PTAMS 0x000000065af00000 NTAMS 0x000000065af00000 space 1024K,   0% used [0x000000065af00000, 0x000000065b000000)
AC   0  F    TS     0 PTAMS 0x000000065b000000 NTAMS 0x000000065b000000 space 1024K,   0% used [0x000000065b000000, 0x000000065b100000)
AC   0  F    TS     0 PTAMS 0x000000065b100000 NTAMS 0x000000065b100000 space 1024K,   0% used [0x000000065b100000, 0x000000065b200000)
AC   0  F    TS     0 PTAMS 0x000000065b200000 NTAMS 0x000000065b200000 space 1024K,   0% used [0x000000065b200000, 0x000000065b300000)
AC   0  F    TS     0 PTAMS 0x000000065b300000 NTAMS 0x000000065b300000 space 1024K,   0% used [0x000000065b300000, 0x000000065b400000)
AC   0  F    TS     0 PTAMS 0x000000065b400000 NTAMS 0x000000065b400000 space 1024K,   0% used [0x000000065b400000, 0x000000065b500000)
AC   0  F    TS     0 PTAMS 0x000000065b500000 NTAMS 0x000000065b500000 space 1024K,   0% used [0x000000065b500000, 0x000000065b600000)
AC   0  F    TS     0 PTAMS 0x000000065b600000 NTAMS 0x000000065b600000 space 1024K,   0% used [0x000000065b600000, 0x000000065b700000)
AC   0  F    TS     0 PTAMS 0x000000065b700000 NTAMS 0x000000065b700000 space 1024K,   0% used [0x000000065b700000, 0x000000065b800000)
AC   0  F    TS     0 PTAMS 0x000000065b800000 NTAMS 0x000000065b800000 space 1024K,   0% used [0x000000065b800000, 0x000000065b900000)
AC   0  E    TS     0 PTAMS 0x000000065b900000 NTAMS 0x000000065b900000 space 1024K,  50% used [0x000000065b900000, 0x000000065ba00000)
AC   0  E CS TS     0 PTAMS 0x000000065ba00000 NTAMS 0x000000065ba00000 space 1024K, 100% used [0x000000065ba00000, 0x000000065bb00000)
AC   0  E CS TS     0 PTAMS 0x000000065bb00000 NTAMS 0x000000065bb00000 space 1024K, 100% used [0x000000065bb00000, 0x000000065bc00000)
AC   0  O    TS     0 PTAMS 0x000000065bd00000 NTAMS 0x000000065bd00000 space 1024K, 100% used [0x000000065bc00000, 0x000000065bd00000)
AC   0  E CS TS     0 PTAMS 0x000000065bd00000 NTAMS 0x000000065bd00000 space 1024K, 100% used [0x000000065bd00000, 0x000000065be00000)
AC   0  E CS TS     0 PTAMS 0x000000065be00000 NTAMS 0x000000065be00000 space 1024K, 100% used [0x000000065be00000, 0x000000065bf00000)
AC   0  E CS TS     0 PTAMS 0x000000065bf00000 NTAMS 0x000000065bf00000 space 1024K, 100% used [0x000000065bf00000, 0x000000065c000000)
AC   0  O    TS     0 PTAMS 0x000000065c100000 NTAMS 0x000000065c100000 space 1024K, 100% used [0x000000065c000000, 0x000000065c100000)
AC   0  E CS TS     0 PTAMS 0x000000065c100000 NTAMS 0x000000065c100000 space 1024K, 100% used [0x000000065c100000, 0x000000065c200000)
AC   0  E CS TS     0 PTAMS 0x000000065c200000 NTAMS 0x000000065c200000 space 1024K, 100% used [0x000000065c200000, 0x000000065c300000)
AC   0  O    TS     0 PTAMS 0x000000065c400000 NTAMS 0x000000065c400000 space 1024K, 100% used [0x000000065c300000, 0x000000065c400000)
AC   0  O    TS     0 PTAMS 0x000000065c500000 NTAMS 0x000000065c500000 space 1024K, 100% used [0x000000065c400000, 0x000000065c500000)
AC   0  O    TS     0 PTAMS 0x000000065c600000 NTAMS 0x000000065c600000 space 1024K, 100% used [0x000000065c500000, 0x000000065c600000)
AC   0  O    TS     0 PTAMS 0x000000065c700000 NTAMS 0x000000065c700000 space 1024K, 100% used [0x000000065c600000, 0x000000065c700000)
AC   0  O    TS     0 PTAMS 0x000000065c800000 NTAMS 0x000000065c800000 space 1024K, 100% used [0x000000065c700000, 0x000000065c800000)
AC   0  O    TS     0 PTAMS 0x000000065c900000 NTAMS 0x000000065c900000 space 1024K, 100% used [0x000000065c800000, 0x000000065c900000)
AC   0  O    TS     0 PTAMS 0x000000065ca00000 NTAMS 0x000000065ca00000 space 1024K, 100% used [0x000000065c900000, 0x000000065ca00000)
AC   0  E CS TS     0 PTAMS 0x000000065ca00000 NTAMS 0x000000065ca00000 space 1024K, 100% used [0x000000065ca00000, 0x000000065cb00000)
AC   0  O    TS     0 PTAMS 0x000000065cc00000 NTAMS 0x000000065cc00000 space 1024K, 100% used [0x000000065cb00000, 0x000000065cc00000)
AC   0  E CS TS     0 PTAMS 0x000000065cc00000 NTAMS 0x000000065cc00000 space 1024K, 100% used [0x000000065cc00000, 0x000000065cd00000)
AC   0  O    TS     0 PTAMS 0x000000065ce00000 NTAMS 0x000000065ce00000 space 1024K, 100% used [0x000000065cd00000, 0x000000065ce00000)
AC   0  O    TS     0 PTAMS 0x000000065cf00000 NTAMS 0x000000065cf00000 space 1024K, 100% used [0x000000065ce00000, 0x000000065cf00000)
AC   0  E CS TS     0 PTAMS 0x000000065cf00000 NTAMS 0x000000065cf00000 space 1024K, 100% used [0x000000065cf00000, 0x000000065d000000)
AC   0  E CS TS     0 PTAMS 0x000000065d000000 NTAMS 0x000000065d000000 space 1024K, 100% used [0x000000065d000000, 0x000000065d100000)
AC   0  O    TS     0 PTAMS 0x000000065d200000 NTAMS 0x000000065d200000 space 1024K, 100% used [0x000000065d100000, 0x000000065d200000)
AC   0  E CS TS     0 PTAMS 0x000000065d200000 NTAMS 0x000000065d200000 space 1024K, 100% used [0x000000065d200000, 0x000000065d300000)
AC   0  E CS TS     0 PTAMS 0x000000065d300000 NTAMS 0x000000065d300000 space 1024K, 100% used [0x000000065d300000, 0x000000065d400000)
AC   0  E CS TS     0 PTAMS 0x000000065d400000 NTAMS 0x000000065d400000 space 1024K, 100% used [0x000000065d400000, 0x000000065d500000)
AC   0  E CS TS     0 PTAMS 0x000000065d500000 NTAMS 0x000000065d500000 space 1024K, 100% used [0x000000065d500000, 0x000000065d600000)
AC   0  E CS TS     0 PTAMS 0x000000065d600000 NTAMS 0x000000065d600000 space 1024K, 100% used [0x000000065d600000, 0x000000065d700000)
AC   0  E CS TS     0 PTAMS 0x000000065d700000 NTAMS 0x000000065d700000 space 1024K, 100% used [0x000000065d700000, 0x000000065d800000)
AC   0  E CS TS     0 PTAMS 0x000000065d800000 NTAMS 0x000000065d800000 space 1024K, 100% used [0x000000065d800000, 0x000000065d900000)
AC   0  E CS TS     0 PTAMS 0x000000065d900000 NTAMS 0x000000065d900000 space 1024K, 100% used [0x000000065d900000, 0x000000065da00000)
AC   0  E CS TS     0 PTAMS 0x000000065da00000 NTAMS 0x000000065da00000 space 1024K, 100% used [0x000000065da00000, 0x000000065db00000)
AC   0  E CS TS     0 PTAMS 0x000000065db00000 NTAMS 0x000000065db00000 space 1024K, 100% used [0x000000065db00000, 0x000000065dc00000)
AC   0  E CS TS     0 PTAMS 0x000000065dc00000 NTAMS 0x000000065dc00000 space 1024K, 100% used [0x000000065dc00000, 0x000000065dd00000)
AC   0  O    TS     0 PTAMS 0x000000065de00000 NTAMS 0x000000065de00000 space 1024K, 100% used [0x000000065dd00000, 0x000000065de00000)
AC   0  O    TS     0 PTAMS 0x000000065df00000 NTAMS 0x000000065df00000 space 1024K, 100% used [0x000000065de00000, 0x000000065df00000)
AC   0  O    TS     0 PTAMS 0x000000065e000000 NTAMS 0x000000065e000000 space 1024K, 100% used [0x000000065df00000, 0x000000065e000000)
AC   0  O    TS     0 PTAMS 0x000000065e100000 NTAMS 0x000000065e100000 space 1024K, 100% used [0x000000065e000000, 0x000000065e100000)
AC   0  O    TS     0 PTAMS 0x000000065e200000 NTAMS 0x000000065e200000 space 1024K, 100% used [0x000000065e100000, 0x000000065e200000)
AC   0  O    TS     0 PTAMS 0x000000065e300000 NTAMS 0x000000065e300000 space 1024K, 100% used [0x000000065e200000, 0x000000065e300000)
AC   0  O    TS     0 PTAMS 0x000000065e400000 NTAMS 0x000000065e400000 space 1024K, 100% used [0x000000065e300000, 0x000000065e400000)
AC   0  O    TS     0 PTAMS 0x000000065e500000 NTAMS 0x000000065e500000 space 1024K, 100% used [0x000000065e400000, 0x000000065e500000)
AC   0  O    TS     0 PTAMS 0x000000065e600000 NTAMS 0x000000065e600000 space 1024K, 100% used [0x000000065e500000, 0x000000065e600000)
AC   0  O    TS     0 PTAMS 0x000000065e700000 NTAMS 0x000000065e700000 space 1024K, 100% used [0x000000065e600000, 0x000000065e700000)
AC   0  O    TS     0 PTAMS 0x000000065e800000 NTAMS 0x000000065e800000 space 1024K, 100% used [0x000000065e700000, 0x000000065e800000)
AC   0  O    TS     0 PTAMS 0x000000065e900000 NTAMS 0x000000065e900000 space 1024K, 100% used [0x000000065e800000, 0x000000065e900000)
AC   0  O    TS     0 PTAMS 0x000000065ea00000 NTAMS 0x000000065ea00000 space 1024K, 100% used [0x000000065e900000, 0x000000065ea00000)
AC   0  E CS TS     0 PTAMS 0x000000065ea00000 NTAMS 0x000000065ea00000 space 1024K, 100% used [0x000000065ea00000, 0x000000065eb00000)
AC   0  E CS TS     0 PTAMS 0x000000065eb00000 NTAMS 0x000000065eb00000 space 1024K, 100% used [0x000000065eb00000, 0x000000065ec00000)
AC   0  E CS TS     0 PTAMS 0x000000065ec00000 NTAMS 0x000000065ec00000 space 1024K, 100% used [0x000000065ec00000, 0x000000065ed00000)
AC   0  E CS TS     0 PTAMS 0x000000065ed00000 NTAMS 0x000000065ed00000 space 1024K, 100% used [0x000000065ed00000, 0x000000065ee00000)
AC   0  O    TS     0 PTAMS 0x000000065ef00000 NTAMS 0x000000065ef00000 space 1024K, 100% used [0x000000065ee00000, 0x000000065ef00000)
AC   0  O    TS     0 PTAMS 0x000000065f000000 NTAMS 0x000000065f000000 space 1024K, 100% used [0x000000065ef00000, 0x000000065f000000)
AC   0  O    TS     0 PTAMS 0x000000065f100000 NTAMS 0x000000065f100000 space 1024K, 100% used [0x000000065f000000, 0x000000065f100000)
AC   0  O    TS     0 PTAMS 0x000000065f200000 NTAMS 0x000000065f200000 space 1024K, 100% used [0x000000065f100000, 0x000000065f200000)
AC   0  O    TS     0 PTAMS 0x000000065f300000 NTAMS 0x000000065f300000 space 1024K, 100% used [0x000000065f200000, 0x000000065f300000)
AC   0  O    TS     0 PTAMS 0x000000065f400000 NTAMS 0x000000065f400000 space 1024K, 100% used [0x000000065f300000, 0x000000065f400000)
AC   0  O    TS     0 PTAMS 0x000000065f500000 NTAMS 0x000000065f500000 space 1024K, 100% used [0x000000065f400000, 0x000000065f500000)
AC   0  O    TS     0 PTAMS 0x000000065f600000 NTAMS 0x000000065f600000 space 1024K, 100% used [0x000000065f500000, 0x000000065f600000)
AC   0  E CS TS     0 PTAMS 0x000000065f600000 NTAMS 0x000000065f600000 space 1024K, 100% used [0x000000065f600000, 0x000000065f700000)
AC   0  O    TS     0 PTAMS 0x000000065f800000 NTAMS 0x000000065f800000 space 1024K, 100% used [0x000000065f700000, 0x000000065f800000)
AC   0  E CS TS     0 PTAMS 0x000000065f800000 NTAMS 0x000000065f800000 space 1024K, 100% used [0x000000065f800000, 0x000000065f900000)
AC   0  O    TS     0 PTAMS 0x000000065fa00000 NTAMS 0x000000065fa00000 space 1024K, 100% used [0x000000065f900000, 0x000000065fa00000)
AC   0  O    TS     0 PTAMS 0x000000065fb00000 NTAMS 0x000000065fb00000 space 1024K, 100% used [0x000000065fa00000, 0x000000065fb00000)
AC   0  O    TS     0 PTAMS 0x000000065fc00000 NTAMS 0x000000065fc00000 space 1024K, 100% used [0x000000065fb00000, 0x000000065fc00000)
AC   0  O    TS     0 PTAMS 0x000000065fd00000 NTAMS 0x000000065fd00000 space 1024K, 100% used [0x000000065fc00000, 0x000000065fd00000)
AC   0  O    TS     0 PTAMS 0x000000065fe00000 NTAMS 0x000000065fe00000 space 1024K, 100% used [0x000000065fd00000, 0x000000065fe00000)
AC   0  E CS TS     0 PTAMS 0x000000065fe00000 NTAMS 0x000000065fe00000 space 1024K, 100% used [0x000000065fe00000, 0x000000065ff00000)
AC   0  O    TS     0 PTAMS 0x0000000660000000 NTAMS 0x0000000660000000 space 1024K, 100% used [0x000000065ff00000, 0x0000000660000000)
AC   0  O    TS     0 PTAMS 0x0000000660100000 NTAMS 0x0000000660100000 space 1024K, 100% used [0x0000000660000000, 0x0000000660100000)
AC   0  O    TS     0 PTAMS 0x0000000660200000 NTAMS 0x0000000660200000 space 1024K, 100% used [0x0000000660100000, 0x0000000660200000)
AC   0  O    TS     0 PTAMS 0x0000000660300000 NTAMS 0x0000000660300000 space 1024K, 100% used [0x0000000660200000, 0x0000000660300000)
AC   0  O    TS     0 PTAMS 0x0000000660400000 NTAMS 0x0000000660400000 space 1024K, 100% used [0x0000000660300000, 0x0000000660400000)
AC   0  O    TS     0 PTAMS 0x0000000660500000 NTAMS 0x0000000660500000 space 1024K, 100% used [0x0000000660400000, 0x0000000660500000)
AC   0  O    TS     0 PTAMS 0x0000000660600000 NTAMS 0x0000000660600000 space 1024K, 100% used [0x0000000660500000, 0x0000000660600000)
AC   0  O    TS     0 PTAMS 0x0000000660700000 NTAMS 0x0000000660700000 space 1024K, 100% used [0x0000000660600000, 0x0000000660700000)
AC   0  O    TS     0 PTAMS 0x0000000660800000 NTAMS 0x0000000660800000 space 1024K, 100% used [0x0000000660700000, 0x0000000660800000)
AC   0  O    TS     0 PTAMS 0x0000000660900000 NTAMS 0x0000000660900000 space 1024K, 100% used [0x0000000660800000, 0x0000000660900000)
AC   0  O    TS     0 PTAMS 0x0000000660a00000 NTAMS 0x0000000660a00000 space 1024K, 100% used [0x0000000660900000, 0x0000000660a00000)
AC   0  E CS TS     0 PTAMS 0x0000000660a00000 NTAMS 0x0000000660a00000 space 1024K, 100% used [0x0000000660a00000, 0x0000000660b00000)
AC   0  E CS TS     0 PTAMS 0x0000000660b00000 NTAMS 0x0000000660b00000 space 1024K, 100% used [0x0000000660b00000, 0x0000000660c00000)
AC   0  O    TS     0 PTAMS 0x0000000660d00000 NTAMS 0x0000000660d00000 space 1024K, 100% used [0x0000000660c00000, 0x0000000660d00000)
AC   0  O    TS     0 PTAMS 0x0000000660e00000 NTAMS 0x0000000660e00000 space 1024K, 100% used [0x0000000660d00000, 0x0000000660e00000)
AC   0  E CS TS     0 PTAMS 0x0000000660e00000 NTAMS 0x0000000660e00000 space 1024K, 100% used [0x0000000660e00000, 0x0000000660f00000)
AC   0  E CS TS     0 PTAMS 0x0000000660f00000 NTAMS 0x0000000660f00000 space 1024K, 100% used [0x0000000660f00000, 0x0000000661000000)
AC   0  E CS TS     0 PTAMS 0x0000000661000000 NTAMS 0x0000000661000000 space 1024K, 100% used [0x0000000661000000, 0x0000000661100000)
AC   0  E CS TS     0 PTAMS 0x0000000661100000 NTAMS 0x0000000661100000 space 1024K, 100% used [0x0000000661100000, 0x0000000661200000)
AC   0  E CS TS     0 PTAMS 0x0000000661200000 NTAMS 0x0000000661200000 space 1024K, 100% used [0x0000000661200000, 0x0000000661300000)
AC   0  E CS TS     0 PTAMS 0x0000000661300000 NTAMS 0x0000000661300000 space 1024K, 100% used [0x0000000661300000, 0x0000000661400000)
AC   0  E CS TS     0 PTAMS 0x0000000661400000 NTAMS 0x0000000661400000 space 1024K, 100% used [0x0000000661400000, 0x0000000661500000)
AC   0  E CS TS     0 PTAMS 0x0000000661500000 NTAMS 0x0000000661500000 space 1024K, 100% used [0x0000000661500000, 0x0000000661600000)
AC   0  E CS TS     0 PTAMS 0x0000000661600000 NTAMS 0x0000000661600000 space 1024K, 100% used [0x0000000661600000, 0x0000000661700000)
AC   0  E CS TS     0 PTAMS 0x0000000661700000 NTAMS 0x0000000661700000 space 1024K, 100% used [0x0000000661700000, 0x0000000661800000)
AC   0  E CS TS     0 PTAMS 0x0000000661800000 NTAMS 0x0000000661800000 space 1024K, 100% used [0x0000000661800000, 0x0000000661900000)
AC   0  E CS TS     0 PTAMS 0x0000000661900000 NTAMS 0x0000000661900000 space 1024K, 100% used [0x0000000661900000, 0x0000000661a00000)
AC   0  E CS TS     0 PTAMS 0x0000000661a00000 NTAMS 0x0000000661a00000 space 1024K, 100% used [0x0000000661a00000, 0x0000000661b00000)
AC   0  E CS TS     0 PTAMS 0x0000000661b00000 NTAMS 0x0000000661b00000 space 1024K, 100% used [0x0000000661b00000, 0x0000000661c00000)
AC   0  E CS TS     0 PTAMS 0x0000000661c00000 NTAMS 0x0000000661c00000 space 1024K, 100% used [0x0000000661c00000, 0x0000000661d00000)
AC   0  E CS TS     0 PTAMS 0x0000000661d00000 NTAMS 0x0000000661d00000 space 1024K, 100% used [0x0000000661d00000, 0x0000000661e00000)
AC   0  F    TS     0 PTAMS 0x0000000661e00000 NTAMS 0x0000000661e00000 space 1024K,   0% used [0x0000000661e00000, 0x0000000661f00000)
AC   0  F    TS     0 PTAMS 0x0000000661f00000 NTAMS 0x0000000661f00000 space 1024K,   0% used [0x0000000661f00000, 0x0000000662000000)
AC   0  E CS TS     0 PTAMS 0x0000000662000000 NTAMS 0x0000000662000000 space 1024K, 100% used [0x0000000662000000, 0x0000000662100000)
AC   0  E CS TS     0 PTAMS 0x0000000662100000 NTAMS 0x0000000662100000 space 1024K, 100% used [0x0000000662100000, 0x0000000662200000)
AC   0  E CS TS     0 PTAMS 0x0000000662200000 NTAMS 0x0000000662200000 space 1024K, 100% used [0x0000000662200000, 0x0000000662300000)
AC   0  F    TS     0 PTAMS 0x0000000662300000 NTAMS 0x0000000662300000 space 1024K,   0% used [0x0000000662300000, 0x0000000662400000)
AC   0  F    TS     0 PTAMS 0x0000000662400000 NTAMS 0x0000000662400000 space 1024K,   0% used [0x0000000662400000, 0x0000000662500000)
AC   0  E CS TS     0 PTAMS 0x0000000662500000 NTAMS 0x0000000662500000 space 1024K, 100% used [0x0000000662500000, 0x0000000662600000)
AC   0  E CS TS     0 PTAMS 0x0000000662600000 NTAMS 0x0000000662600000 space 1024K, 100% used [0x0000000662600000, 0x0000000662700000)
AC   0  E CS TS     0 PTAMS 0x0000000662700000 NTAMS 0x0000000662700000 space 1024K, 100% used [0x0000000662700000, 0x0000000662800000)
AC   0  E CS TS     0 PTAMS 0x0000000662800000 NTAMS 0x0000000662800000 space 1024K, 100% used [0x0000000662800000, 0x0000000662900000)
AC   0  O    TS     0 PTAMS 0x0000000662a00000 NTAMS 0x0000000662a00000 space 1024K, 100% used [0x0000000662900000, 0x0000000662a00000)
AC   0  E CS TS     0 PTAMS 0x0000000662a00000 NTAMS 0x0000000662a00000 space 1024K, 100% used [0x0000000662a00000, 0x0000000662b00000)
AC   0  E CS TS     0 PTAMS 0x0000000662b00000 NTAMS 0x0000000662b00000 space 1024K, 100% used [0x0000000662b00000, 0x0000000662c00000)
AC   0  E CS TS     0 PTAMS 0x0000000662c00000 NTAMS 0x0000000662c00000 space 1024K, 100% used [0x0000000662c00000, 0x0000000662d00000)
AC   0  E CS TS     0 PTAMS 0x0000000662d00000 NTAMS 0x0000000662d00000 space 1024K, 100% used [0x0000000662d00000, 0x0000000662e00000)
AC   0  E CS TS     0 PTAMS 0x0000000662e00000 NTAMS 0x0000000662e00000 space 1024K, 100% used [0x0000000662e00000, 0x0000000662f00000)
AC   0  O    TS     0 PTAMS 0x0000000663000000 NTAMS 0x0000000663000000 space 1024K, 100% used [0x0000000662f00000, 0x0000000663000000)
AC   0  E CS TS     0 PTAMS 0x0000000663000000 NTAMS 0x0000000663000000 space 1024K, 100% used [0x0000000663000000, 0x0000000663100000)
AC   0  E CS TS     0 PTAMS 0x0000000663100000 NTAMS 0x0000000663100000 space 1024K, 100% used [0x0000000663100000, 0x0000000663200000)
AC   0  F    TS     0 PTAMS 0x0000000663200000 NTAMS 0x0000000663200000 space 1024K,   0% used [0x0000000663200000, 0x0000000663300000)
AC   0  F    TS     0 PTAMS 0x0000000663300000 NTAMS 0x0000000663300000 space 1024K,   0% used [0x0000000663300000, 0x0000000663400000)
AC   0  F    TS     0 PTAMS 0x0000000663400000 NTAMS 0x0000000663400000 space 1024K,   0% used [0x0000000663400000, 0x0000000663500000)
AC   0  F    TS     0 PTAMS 0x0000000663500000 NTAMS 0x0000000663500000 space 1024K,   0% used [0x0000000663500000, 0x0000000663600000)
AC   0  F    TS     0 PTAMS 0x0000000663600000 NTAMS 0x0000000663600000 space 1024K,   0% used [0x0000000663600000, 0x0000000663700000)
AC   0  F    TS     0 PTAMS 0x0000000663700000 NTAMS 0x0000000663700000 space 1024K,   0% used [0x0000000663700000, 0x0000000663800000)
AC   0  F    TS     0 PTAMS 0x0000000663800000 NTAMS 0x0000000663800000 space 1024K,   0% used [0x0000000663800000, 0x0000000663900000)
AC   0  F    TS     0 PTAMS 0x0000000663900000 NTAMS 0x0000000663900000 space 1024K,   0% used [0x0000000663900000, 0x0000000663a00000)
AC   0  F    TS     0 PTAMS 0x0000000663a00000 NTAMS 0x0000000663a00000 space 1024K,   0% used [0x0000000663a00000, 0x0000000663b00000)
AC   0  F    TS     0 PTAMS 0x0000000663b00000 NTAMS 0x0000000663b00000 space 1024K,   0% used [0x0000000663b00000, 0x0000000663c00000)
AC   0  E CS TS     0 PTAMS 0x0000000663c00000 NTAMS 0x0000000663c00000 space 1024K, 100% used [0x0000000663c00000, 0x0000000663d00000)
AC   0  E CS TS     0 PTAMS 0x0000000663d00000 NTAMS 0x0000000663d00000 space 1024K, 100% used [0x0000000663d00000, 0x0000000663e00000)
AC   0  E CS TS     0 PTAMS 0x0000000663e00000 NTAMS 0x0000000663e00000 space 1024K, 100% used [0x0000000663e00000, 0x0000000663f00000)
AC   0  E CS TS     0 PTAMS 0x0000000663f00000 NTAMS 0x0000000663f00000 space 1024K, 100% used [0x0000000663f00000, 0x0000000664000000)
AC   0  E CS TS     0 PTAMS 0x0000000664000000 NTAMS 0x0000000664000000 space 1024K, 100% used [0x0000000664000000, 0x0000000664100000)
AC   0  E CS TS     0 PTAMS 0x0000000664100000 NTAMS 0x0000000664100000 space 1024K, 100% used [0x0000000664100000, 0x0000000664200000)
AC   0  O    TS     0 PTAMS 0x0000000664300000 NTAMS 0x0000000664300000 space 1024K, 100% used [0x0000000664200000, 0x0000000664300000)
AC   0  O    TS     0 PTAMS 0x0000000664400000 NTAMS 0x0000000664400000 space 1024K, 100% used [0x0000000664300000, 0x0000000664400000)
AC   0  O    TS     0 PTAMS 0x0000000664500000 NTAMS 0x0000000664500000 space 1024K, 100% used [0x0000000664400000, 0x0000000664500000)
AC   0  E CS TS     0 PTAMS 0x0000000664500000 NTAMS 0x0000000664500000 space 1024K, 100% used [0x0000000664500000, 0x0000000664600000)
AC   0  O    TS     0 PTAMS 0x0000000664700000 NTAMS 0x0000000664700000 space 1024K, 100% used [0x0000000664600000, 0x0000000664700000)
AC   0  E CS TS     0 PTAMS 0x0000000664700000 NTAMS 0x0000000664700000 space 1024K, 100% used [0x0000000664700000, 0x0000000664800000)
AC   0  E CS TS     0 PTAMS 0x0000000664800000 NTAMS 0x0000000664800000 space 1024K, 100% used [0x0000000664800000, 0x0000000664900000)
AC   0  E CS TS     0 PTAMS 0x0000000664900000 NTAMS 0x0000000664900000 space 1024K, 100% used [0x0000000664900000, 0x0000000664a00000)
AC   0  E CS TS     0 PTAMS 0x0000000664a00000 NTAMS 0x0000000664a00000 space 1024K, 100% used [0x0000000664a00000, 0x0000000664b00000)
AC   0  E CS TS     0 PTAMS 0x0000000664b00000 NTAMS 0x0000000664b00000 space 1024K, 100% used [0x0000000664b00000, 0x0000000664c00000)
AC   0  O    TS     0 PTAMS 0x0000000664d00000 NTAMS 0x0000000664d00000 space 1024K, 100% used [0x0000000664c00000, 0x0000000664d00000)

Card table byte_map: [0x0000000015ce0000,0x00000000168a0000] byte_map_base: 0x0000000012a98000

Marking Bits (Prev, Next): (CMBitMap*) 0x00000000043c0f88, (CMBitMap*) 0x00000000043c0fe0
 Prev Bits: [0x0000000017460000, 0x000000001d220000)
 Next Bits: [0x000000001d220000, 0x0000000022fe0000)

Polling page: 0x00000000040b0000

CodeCache: size=245760Kb used=36921Kb max_used=38384Kb free=208838Kb
 bounds [0x0000000004450000, 0x0000000006a40000, 0x0000000013450000]
 total_blobs=9813 nmethods=8905 adapters=817
 compilation: enabled

Compilation events (10 events):
Event: 126.199 Thread 0x0000000026b0a000 nmethod 12952 0x00000000062cf410 code [0x00000000062cf5e0, 0x00000000062d15b8]
Event: 126.276 Thread 0x0000000026aae000 12954       4       bht::a (116 bytes)
Event: 126.305 Thread 0x0000000026aae000 nmethod 12954 0x0000000005cced90 code [0x0000000005ccef80, 0x0000000005ccf818]
Event: 126.425 Thread 0x0000000026b0a800 12955       1       bli::d (2 bytes)
Event: 126.425 Thread 0x0000000026b0a800 nmethod 12955 0x0000000005b3d5d0 code [0x0000000005b3d720, 0x0000000005b3d830]
Event: 126.650 Thread 0x0000000026b0a000 12956       4       shadersmod.client.Shaders::setProgramUniform3f (43 bytes)
Event: 126.716 Thread 0x0000000026b0a000 nmethod 12956 0x000000000613d1d0 code [0x000000000613d3c0, 0x000000000613e060]
Event: 126.937 Thread 0x0000000026aae000 12957   !   4       buw::a (2227 bytes)
Event: 127.191 Thread 0x0000000026b0a800 12958       3       shadersmod.client.Shaders::nextEntity (16 bytes)
Event: 127.192 Thread 0x0000000026b0a800 nmethod 12958 0x0000000004f3a990 code [0x0000000004f3ab40, 0x0000000004f3b008]

GC Heap History (10 events):
Event: 114.764 GC heap before
{Heap before GC invocations=42 (full 3):
 garbage-first heap   total 454656K, used 418424K [0x0000000649000000, 0x0000000649100de0, 0x00000007c0000000)
  region size 1024K, 128 young (131072K), 14 survivors (14336K)
 Metaspace       used 49557K, capacity 49969K, committed 50432K, reserved 1093632K
  class space    used 5922K, capacity 6041K, committed 6144K, reserved 1048576K
Event: 114.796 GC heap after
Heap after GC invocations=43 (full 3):
 garbage-first heap   total 455680K, used 290484K [0x0000000649000000, 0x0000000649100de8, 0x00000007c0000000)
  region size 1024K, 16 young (16384K), 16 survivors (16384K)
 Metaspace       used 49557K, capacity 49969K, committed 50432K, reserved 1093632K
  class space    used 5922K, capacity 6041K, committed 6144K, reserved 1048576K
}
Event: 124.193 GC heap before
{Heap before GC invocations=43 (full 3):
 garbage-first heap   total 455680K, used 405172K [0x0000000649000000, 0x0000000649100de8, 0x00000007c0000000)
  region size 1024K, 128 young (131072K), 16 survivors (16384K)
 Metaspace       used 49729K, capacity 50193K, committed 50688K, reserved 1093632K
  class space    used 5942K, capacity 6073K, committed 6144K, reserved 1048576K
Event: 124.219 GC heap after
Heap after GC invocations=44 (full 3):
 garbage-first heap   total 455680K, used 288895K [0x0000000649000000, 0x0000000649100de8, 0x00000007c0000000)
  region size 1024K, 3 young (3072K), 3 survivors (3072K)
 Metaspace       used 49729K, capacity 50193K, committed 50688K, reserved 1093632K
  class space    used 5942K, capacity 6073K, committed 6144K, reserved 1048576K
}
Event: 124.530 GC heap before
{Heap before GC invocations=44 (full 3):
 garbage-first heap   total 455680K, used 416895K [0x0000000649000000, 0x0000000649100de8, 0x00000007c0000000)
  region size 1024K, 128 young (131072K), 3 survivors (3072K)
 Metaspace       used 49729K, capacity 50193K, committed 50688K, reserved 1093632K
  class space    used 5942K, capacity 6073K, committed 6144K, reserved 1048576K
Event: 124.539 GC heap after
Heap after GC invocations=45 (full 3):
 garbage-first heap   total 455680K, used 288383K [0x0000000649000000, 0x0000000649100de8, 0x00000007c0000000)
  region size 1024K, 3 young (3072K), 3 survivors (3072K)
 Metaspace       used 49729K, capacity 50193K, committed 50688K, reserved 1093632K
  class space    used 5942K, capacity 6073K, committed 6144K, reserved 1048576K
}
Event: 124.738 GC heap before
{Heap before GC invocations=45 (full 3):
 garbage-first heap   total 455680K, used 416383K [0x0000000649000000, 0x0000000649100de8, 0x00000007c0000000)
  region size 1024K, 128 young (131072K), 3 survivors (3072K)
 Metaspace       used 49735K, capacity 50193K, committed 50688K, reserved 1093632K
  class space    used 5942K, capacity 6073K, committed 6144K, reserved 1048576K
Event: 124.741 GC heap after
Heap after GC invocations=46 (full 3):
 garbage-first heap   total 455680K, used 288620K [0x0000000649000000, 0x0000000649100de8, 0x00000007c0000000)
  region size 1024K, 3 young (3072K), 3 survivors (3072K)
 Metaspace       used 49735K, capacity 50193K, committed 50688K, reserved 1093632K
  class space    used 5942K, capacity 6073K, committed 6144K, reserved 1048576K
}
Event: 124.985 GC heap before
{Heap before GC invocations=46 (full 3):
 garbage-first heap   total 455680K, used 416620K [0x0000000649000000, 0x0000000649100de8, 0x00000007c0000000)
  region size 1024K, 128 young (131072K), 3 survivors (3072K)
 Metaspace       used 49736K, capacity 50193K, committed 50688K, reserved 1093632K
  class space    used 5942K, capacity 6073K, committed 6144K, reserved 1048576K
Event: 124.987 GC heap after
Heap after GC invocations=47 (full 3):
 garbage-first heap   total 455680K, used 287217K [0x0000000649000000, 0x0000000649100de8, 0x00000007c0000000)
  region size 1024K, 2 young (2048K), 2 survivors (2048K)
 Metaspace       used 49736K, capacity 50193K, committed 50688K, reserved 1093632K
  class space    used 5942K, capacity 6073K, committed 6144K, reserved 1048576K
}

Deoptimization events (10 events):
Event: 125.056 Thread 0x0000000004353000 Uncommon trap: reason=null_assert action=make_not_entrant pc=0x00000000054e16b8 method=bxp.b()V @ 11
Event: 125.203 Thread 0x0000000004353000 Uncommon trap: reason=unstable_if action=reinterpret pc=0x0000000005eff764 method=buw.a(Lve;Lbxw;F)V @ 28
Event: 125.661 Thread 0x0000000034641800 Uncommon trap: reason=array_check action=maybe_recompile pc=0x0000000005fe6a94 method=java.util.TimSort.mergeLo(IIII)V @ 245
Event: 125.661 Thread 0x0000000034641800 Uncommon trap: reason=array_check action=maybe_recompile pc=0x0000000005fe6ddc method=java.util.TimSort.mergeLo(IIII)V @ 468
Event: 125.717 Thread 0x0000000034641000 Uncommon trap: reason=array_check action=maybe_recompile pc=0x0000000005fe6a94 method=java.util.TimSort.mergeLo(IIII)V @ 245
Event: 126.001 Thread 0x0000000034642800 Uncommon trap: reason=array_check action=maybe_recompile pc=0x0000000006077884 method=java.util.TimSort.mergeHi(IIII)V @ 101
Event: 126.001 Thread 0x0000000034642800 Uncommon trap: reason=array_check action=maybe_recompile pc=0x0000000006077884 method=java.util.TimSort.mergeHi(IIII)V @ 101
Event: 126.001 Thread 0x0000000034642800 Uncommon trap: reason=array_check action=maybe_recompile pc=0x0000000006077884 method=java.util.TimSort.mergeHi(IIII)V @ 101
Event: 126.001 Thread 0x0000000034642800 Uncommon trap: reason=array_check action=maybe_recompile pc=0x0000000006077884 method=java.util.TimSort.mergeHi(IIII)V @ 101
Event: 126.101 Thread 0x0000000034642800 Uncommon trap: reason=array_check action=maybe_recompile pc=0x0000000005c01c9c method=java.util.TimSort.mergeLo(IIII)V @ 590

Internal exceptions (10 events):
Event: 126.872 Thread 0x000000002807f800 Exception <a 'java/lang/InterruptedException': sleep interrupted> (0x000000065c100468) thrown at [C:\re\workspace\8-2-build-windows-amd64-cygwin\jdk8u141\9370\hotspot\src\share\vm\prims\jvm.cpp, line 3228]
Event: 126.920 Thread 0x000000002807f800 Exception <a 'java/lang/InterruptedException': sleep interrupted> (0x000000065c100710) thrown at [C:\re\workspace\8-2-build-windows-amd64-cygwin\jdk8u141\9370\hotspot\src\share\vm\prims\jvm.cpp, line 3228]
Event: 126.976 Thread 0x000000002807f800 Exception <a 'java/lang/InterruptedException': sleep interrupted> (0x000000065bf00210) thrown at [C:\re\workspace\8-2-build-windows-amd64-cygwin\jdk8u141\9370\hotspot\src\share\vm\prims\jvm.cpp, line 3228]
Event: 127.020 Thread 0x000000002807f800 Exception <a 'java/lang/InterruptedException': sleep interrupted> (0x000000065bf004b8) thrown at [C:\re\workspace\8-2-build-windows-amd64-cygwin\jdk8u141\9370\hotspot\src\share\vm\prims\jvm.cpp, line 3228]
Event: 127.070 Thread 0x000000002807f800 Exception <a 'java/lang/InterruptedException': sleep interrupted> (0x000000065bf00760) thrown at [C:\re\workspace\8-2-build-windows-amd64-cygwin\jdk8u141\9370\hotspot\src\share\vm\prims\jvm.cpp, line 3228]
Event: 127.122 Thread 0x000000002807f800 Exception <a 'java/lang/InterruptedException': sleep interrupted> (0x000000065bd12728) thrown at [C:\re\workspace\8-2-build-windows-amd64-cygwin\jdk8u141\9370\hotspot\src\share\vm\prims\jvm.cpp, line 3228]
Event: 127.170 Thread 0x000000002807f800 Exception <a 'java/lang/InterruptedException': sleep interrupted> (0x000000065bd129d0) thrown at [C:\re\workspace\8-2-build-windows-amd64-cygwin\jdk8u141\9370\hotspot\src\share\vm\prims\jvm.cpp, line 3228]
Event: 127.219 Thread 0x000000002807f800 Exception <a 'java/lang/InterruptedException': sleep interrupted> (0x000000065bd12c78) thrown at [C:\re\workspace\8-2-build-windows-amd64-cygwin\jdk8u141\9370\hotspot\src\share\vm\prims\jvm.cpp, line 3228]
Event: 127.270 Thread 0x000000002807f800 Exception <a 'java/lang/InterruptedException': sleep interrupted> (0x000000065bb80870) thrown at [C:\re\workspace\8-2-build-windows-amd64-cygwin\jdk8u141\9370\hotspot\src\share\vm\prims\jvm.cpp, line 3228]
Event: 127.320 Thread 0x000000002807f800 Exception <a 'java/lang/InterruptedException': sleep interrupted> (0x000000065bb80b18) thrown at [C:\re\workspace\8-2-build-windows-amd64-cygwin\jdk8u141\9370\hotspot\src\share\vm\prims\jvm.cpp, line 3228]

Events (10 events):
Event: 126.445 Thread 0x0000000004353000 DEOPT PACKING pc=0x0000000006a1b6c4 sp=0x000000000424d5b0
Event: 126.445 Thread 0x0000000004353000 DEOPT UNPACKING pc=0x000000000449787f sp=0x000000000424d678 mode 0
Event: 126.690 Thread 0x0000000004353000 DEOPT PACKING pc=0x0000000006a1b6c4 sp=0x000000000424d5b0
Event: 126.690 Thread 0x0000000004353000 DEOPT UNPACKING pc=0x000000000449787f sp=0x000000000424d678 mode 0
Event: 126.937 Thread 0x0000000004353000 DEOPT PACKING pc=0x0000000006a1b6c4 sp=0x000000000424d5b0
Event: 126.937 Thread 0x0000000004353000 DEOPT UNPACKING pc=0x000000000449787f sp=0x000000000424d678 mode 0
Event: 127.187 Thread 0x0000000004353000 DEOPT PACKING pc=0x0000000006a1b6c4 sp=0x000000000424d5b0
Event: 127.187 Thread 0x0000000004353000 DEOPT UNPACKING pc=0x000000000449787f sp=0x000000000424d678 mode 0
Event: 127.192 Thread 0x0000000026b0a800 flushing nmethod 0x0000000004b728d0
Event: 127.192 Thread 0x0000000026b0a800 flushing nmethod 0x0000000004bdbc50


Dynamic libraries:
0x00007ff6d5440000 - 0x00007ff6d5477000 	C:\Program Files\Java\jre1.8.0_141\bin\javaw.exe
0x00007ffa1e940000 - 0x00007ffa1eb1f000 	C:\WINDOWS\SYSTEM32\ntdll.dll
0x00007ffa1dc60000 - 0x00007ffa1dd0f000 	C:\WINDOWS\System32\KERNEL32.DLL
0x00007ffa1af00000 - 0x00007ffa1b16a000 	C:\WINDOWS\System32\KERNELBASE.dll
0x00007ffa1dbb0000 - 0x00007ffa1dc51000 	C:\WINDOWS\System32\ADVAPI32.dll
0x00007ffa1c270000 - 0x00007ffa1c30e000 	C:\WINDOWS\System32\msvcrt.dll
0x00007ffa1e060000 - 0x00007ffa1e0bb000 	C:\WINDOWS\System32\sechost.dll
0x00007ffa1df30000 - 0x00007ffa1e051000 	C:\WINDOWS\System32\RPCRT4.dll
0x00007ffa1e0c0000 - 0x00007ffa1e24e000 	C:\WINDOWS\System32\USER32.dll
0x00007ffa1b900000 - 0x00007ffa1b920000 	C:\WINDOWS\System32\win32u.dll
0x00007ffa1e250000 - 0x00007ffa1e278000 	C:\WINDOWS\System32\GDI32.dll
0x00007ffa1ad60000 - 0x00007ffa1aef3000 	C:\WINDOWS\System32\gdi32full.dll
0x00007ffa1bb60000 - 0x00007ffa1bbf9000 	C:\WINDOWS\System32\msvcp_win.dll
0x00007ffa1bc00000 - 0x00007ffa1bcf8000 	C:\WINDOWS\System32\ucrtbase.dll
0x00007ffa0e250000 - 0x00007ffa0e4b9000 	C:\WINDOWS\WinSxS\amd64_microsoft.windows.common-controls_6595b64144ccf1df_6.0.17063.1000_none_d1209d4467422544\COMCTL32.dll
0x00007ffa1d820000 - 0x00007ffa1db28000 	C:\WINDOWS\System32\combase.dll
0x00007ffa1b170000 - 0x00007ffa1b1ea000 	C:\WINDOWS\System32\bcryptPrimitives.dll
0x00007ffa1e440000 - 0x00007ffa1e46d000 	C:\WINDOWS\System32\IMM32.DLL
0x00007ffa00640000 - 0x00007ffa007c3000 	C:\Program Files (x86)\Steam\gameoverlayrenderer64.dll
0x00007ffa1e280000 - 0x00007ffa1e3ce000 	C:\WINDOWS\System32\ole32.dll
0x00007ffa1dba0000 - 0x00007ffa1dba8000 	C:\WINDOWS\System32\PSAPI.DLL
0x00007ffa166b0000 - 0x00007ffa166d3000 	C:\WINDOWS\SYSTEM32\WINMM.dll
0x00007ffa16610000 - 0x00007ffa1663a000 	C:\WINDOWS\SYSTEM32\WINMMBASE.dll
0x00007ffa1bd00000 - 0x00007ffa1bd49000 	C:\WINDOWS\System32\cfgmgr32.dll
0x00000000563e0000 - 0x00000000564b2000 	C:\Program Files\Java\jre1.8.0_141\bin\msvcr100.dll
0x0000000055370000 - 0x0000000055c0d000 	C:\Program Files\Java\jre1.8.0_141\bin\server\jvm.dll
0x00007ffa07360000 - 0x00007ffa07369000 	C:\WINDOWS\SYSTEM32\WSOCK32.dll
0x00007ffa1e3d0000 - 0x00007ffa1e43c000 	C:\WINDOWS\System32\WS2_32.dll
0x00007ffa13380000 - 0x00007ffa1338a000 	C:\WINDOWS\SYSTEM32\VERSION.dll
0x00000000563d0000 - 0x00000000563df000 	C:\Program Files\Java\jre1.8.0_141\bin\verify.dll
0x00000000563a0000 - 0x00000000563c9000 	C:\Program Files\Java\jre1.8.0_141\bin\java.dll
0x0000000056380000 - 0x0000000056396000 	C:\Program Files\Java\jre1.8.0_141\bin\zip.dll
0x00007ffa1c3e0000 - 0x00007ffa1d81b000 	C:\WINDOWS\System32\SHELL32.dll
0x00007ffa1dd10000 - 0x00007ffa1ddb5000 	C:\WINDOWS\System32\shcore.dll
0x00007ffa1b1f0000 - 0x00007ffa1b8fb000 	C:\WINDOWS\System32\windows.storage.dll
0x00007ffa1e8b0000 - 0x00007ffa1e901000 	C:\WINDOWS\System32\shlwapi.dll
0x00007ffa1acf0000 - 0x00007ffa1ad01000 	C:\WINDOWS\System32\kernel.appcore.dll
0x00000000040f0000 - 0x000000000413c000 	C:\WINDOWS\System32\powrprof.dll
0x00007ffa1acd0000 - 0x00007ffa1aceb000 	C:\WINDOWS\System32\profapi.dll
0x0000000055330000 - 0x000000005533d000 	C:\Program Files\Java\jre1.8.0_141\bin\management.dll
0x0000000056330000 - 0x000000005634a000 	C:\Program Files\Java\jre1.8.0_141\bin\net.dll
0x00007ffa1a540000 - 0x00007ffa1a5a7000 	C:\WINDOWS\system32\mswsock.dll
0x00007ffa0b370000 - 0x00007ffa0b386000 	C:\WINDOWS\system32\napinsp.dll
0x00007ffa0aa50000 - 0x00007ffa0aa6a000 	C:\WINDOWS\system32\pnrpnsp.dll
0x00007ffa17750000 - 0x00007ffa17769000 	C:\WINDOWS\system32\NLAapi.dll
0x00007ffa1a300000 - 0x00007ffa1a3b9000 	C:\WINDOWS\SYSTEM32\DNSAPI.dll
0x00007ffa1e4e0000 - 0x00007ffa1e4e8000 	C:\WINDOWS\System32\NSI.dll
0x00007ffa1a2c0000 - 0x00007ffa1a2f8000 	C:\WINDOWS\SYSTEM32\IPHLPAPI.DLL
0x00007ffa11ad0000 - 0x00007ffa11ade000 	C:\WINDOWS\System32\winrnr.dll
0x00007ffa15750000 - 0x00007ffa15765000 	C:\WINDOWS\System32\wshbth.dll
0x00007ffa0e4e0000 - 0x00007ffa0e4ea000 	C:\Windows\System32\rasadhlp.dll
0x00007ffa0f0a0000 - 0x00007ffa0f111000 	C:\WINDOWS\System32\fwpuclnt.dll
0x00007ffa1a810000 - 0x00007ffa1a835000 	C:\WINDOWS\SYSTEM32\bcrypt.dll
0x0000000056310000 - 0x0000000056321000 	C:\Program Files\Java\jre1.8.0_141\bin\nio.dll
0x0000000180000000 - 0x0000000180053000 	C:\Users\Tsai\Desktop\PureMC1.12\1.12\.minecraft\versions\1.12-OptiFine_HD_U_C3\1.12-OptiFine_HD_U_C3-natives\lwjgl64.dll
0x00007ff9f8040000 - 0x00007ff9f8160000 	C:\WINDOWS\SYSTEM32\OPENGL32.dll
0x00007ff9f7fd0000 - 0x00007ff9f7ffc000 	C:\WINDOWS\SYSTEM32\GLU32.dll
0x00007ffa1a700000 - 0x00007ffa1a717000 	C:\WINDOWS\SYSTEM32\CRYPTSP.dll
0x00007ffa1a120000 - 0x00007ffa1a153000 	C:\WINDOWS\system32\rsaenh.dll
0x00007ffa1abb0000 - 0x00007ffa1abd8000 	C:\WINDOWS\SYSTEM32\USERENV.dll
0x00007ffa1a720000 - 0x00007ffa1a72b000 	C:\WINDOWS\SYSTEM32\CRYPTBASE.dll
0x00007ffa14a90000 - 0x00007ffa14aa6000 	C:\WINDOWS\SYSTEM32\dhcpcsvc6.DLL
0x00007ffa14a70000 - 0x00007ffa14a8a000 	C:\WINDOWS\SYSTEM32\dhcpcsvc.DLL
0x0000000056170000 - 0x0000000056308000 	C:\Program Files\Java\jre1.8.0_141\bin\awt.dll
0x00007ffa1c310000 - 0x00007ffa1c3d6000 	C:\WINDOWS\System32\OLEAUT32.dll
0x00007ffa18f80000 - 0x00007ffa1900a000 	C:\WINDOWS\SYSTEM32\apphelp.dll
0x00007ffa19100000 - 0x00007ffa19197000 	C:\WINDOWS\system32\uxtheme.dll
0x00007ffa1ddc0000 - 0x00007ffa1df29000 	C:\WINDOWS\System32\MSCTF.dll
0x00007ffa19380000 - 0x00007ffa193a9000 	C:\WINDOWS\system32\dwmapi.dll
0x00007ffa0d2e0000 - 0x00007ffa0d371000 	C:\WINDOWS\System32\TextInputFramework.dll
0x00007ffa14ab0000 - 0x00007ffa14dc5000 	C:\WINDOWS\System32\CoreUIComponents.dll
0x00007ffa18a80000 - 0x00007ffa18b58000 	C:\WINDOWS\System32\CoreMessaging.dll
0x00007ffa19da0000 - 0x00007ffa19dd1000 	C:\WINDOWS\SYSTEM32\ntmarta.dll
0x00007ffa17020000 - 0x00007ffa1715f000 	C:\WINDOWS\SYSTEM32\wintypes.dll
0x00007ff9f0a30000 - 0x00007ff9f1577000 	C:\WINDOWS\SYSTEM32\ig75icd64.dll
0x00007ffa10d90000 - 0x00007ffa117cf000 	C:\WINDOWS\SYSTEM32\igdusc64.dll
0x00007ffa171a0000 - 0x00007ffa171b3000 	C:\WINDOWS\SYSTEM32\WTSAPI32.dll
0x00007ffa0e1a0000 - 0x00007ffa0e241000 	C:\WINDOWS\SYSTEM32\mscms.dll
0x00007ffa0e070000 - 0x00007ffa0e080000 	C:\WINDOWS\SYSTEM32\ColorAdapterClient.dll
0x00007ffa00f70000 - 0x00007ffa00fb3000 	C:\WINDOWS\SYSTEM32\icm32.dll
0x00007ffa1e4f0000 - 0x00007ffa1e591000 	C:\WINDOWS\System32\clbcatq.dll
0x00007ffa11b20000 - 0x00007ffa11b8a000 	C:\WINDOWS\System32\MMDevApi.dll
0x00007ffa1aac0000 - 0x00007ffa1aae7000 	C:\WINDOWS\System32\DEVOBJ.dll
0x00007ffa17800000 - 0x00007ffa179b4000 	C:\WINDOWS\System32\PROPSYS.dll
0x00007ffa06630000 - 0x00007ffa0675b000 	C:\WINDOWS\SYSTEM32\AUDIOSES.DLL
0x00007ffa165a0000 - 0x00007ffa165aa000 	C:\WINDOWS\SYSTEM32\AVRT.dll
0x00007ffa0d380000 - 0x00007ffa0d48c000 	C:\Windows\System32\Windows.UI.dll
0x00007ffa14130000 - 0x00007ffa14195000 	C:\Windows\System32\InputHost.dll
0x00007ffa19ab0000 - 0x00007ffa19b68000 	C:\WINDOWS\SYSTEM32\dxgi.dll
0x00007ffa18040000 - 0x00007ffa18338000 	C:\WINDOWS\SYSTEM32\d3d11.dll
0x00007ffa09bd0000 - 0x00007ffa09c12000 	C:\Users\Tsai\AppData\Local\Temp\jna-2616071\jna3475335288783750289.dll
0x000000002c670000 - 0x000000002c6d4000 	C:\Users\Tsai\Desktop\PureMC1.12\1.12\.minecraft\versions\1.12-OptiFine_HD_U_C3\1.12-OptiFine_HD_U_C3-natives\OpenAL64.dll
0x00007ffa01a20000 - 0x00007ffa01aaf000 	C:\WINDOWS\SYSTEM32\dsound.dll
0x00007ffa16160000 - 0x00007ffa1617a000 	C:\Users\Tsai\Desktop\PureMC1.12\1.12\.minecraft\versions\1.12-OptiFine_HD_U_C3\1.12-OptiFine_HD_U_C3-natives\SAPIWrapper_x64.dll
0x0000000056350000 - 0x0000000056374000 	C:\Program Files\Java\jre1.8.0_141\bin\sunec.dll
0x0000000055320000 - 0x000000005532b000 	C:\Program Files\Java\jre1.8.0_141\bin\sunmscapi.dll
0x00007ffa1b980000 - 0x00007ffa1bb51000 	C:\WINDOWS\System32\CRYPT32.dll
0x00007ffa1acb0000 - 0x00007ffa1acc2000 	C:\WINDOWS\System32\MSASN1.dll

VM Arguments:
jvm_args: -XX:HeapDumpPath=MojangTricksIntelDriversForPerformance_javaw.exe_minecraft.exe.heapdump -XX:+UseG1GC -XX:-UseAdaptiveSizePolicy -XX:-OmitStackTraceInFastThrow -Xmn128m -Xmx6000m -Djava.library.path=C:\Users\Tsai\Desktop\PureMC1.12\1.12\.minecraft\versions\1.12-OptiFine_HD_U_C3\1.12-OptiFine_HD_U_C3-natives -Dfml.ignoreInvalidMinecraftCertificates=true -Dfml.ignorePatchDiscrepancies=true 
java_command: net.minecraft.launchwrapper.Launch --username siyue --version HMCL 2.7.5.15 --gameDir C:\Users\Tsai\Desktop\PureMC1.12\1.12\.minecraft --assetsDir C:\Users\Tsai\Desktop\PureMC1.12\1.12\.minecraft\assets --assetIndex 1.12 --uuid 2b151270da8fb44860cee1f58075acce --accessToken 2b151270da8fb44860cee1f58075acce --userType Legacy --versionType HMCL 2.7.5.15 --tweakClass optifine.OptiFineTweaker --height 480 --width 854
java_class_path (initial): C:\Users\Tsai\Desktop\PureMC1.12\1.12\.minecraft\libraries\net\minecraft\launchwrapper\1.12\launchwrapper-1.12.jar;C:\Users\Tsai\Desktop\PureMC1.12\1.12\.minecraft\libraries\com\mojang\patchy\1.1\patchy-1.1.jar;C:\Users\Tsai\Desktop\PureMC1.12\1.12\.minecraft\libraries\oshi-project\oshi-core\1.1\oshi-core-1.1.jar;C:\Users\Tsai\Desktop\PureMC1.12\1.12\.minecraft\libraries\net\java\dev\jna\jna\4.4.0\jna-4.4.0.jar;C:\Users\Tsai\Desktop\PureMC1.12\1.12\.minecraft\libraries\net\java\dev\jna\platform\3.4.0\platform-3.4.0.jar;C:\Users\Tsai\Desktop\PureMC1.12\1.12\.minecraft\libraries\com\ibm\icu\icu4j-core-mojang\51.2\icu4j-core-mojang-51.2.jar;C:\Users\Tsai\Desktop\PureMC1.12\1.12\.minecraft\libraries\net\sf\jopt-simple\jopt-simple\5.0.3\jopt-simple-5.0.3.jar;C:\Users\Tsai\Desktop\PureMC1.12\1.12\.minecraft\libraries\com\paulscode\codecjorbis\20101023\codecjorbis-20101023.jar;C:\Users\Tsai\Desktop\PureMC1.12\1.12\.minecraft\libraries\com\paulscode\codecwav\20101023\codecwav-20101023.jar;C:\Users\Tsai\Desktop\PureMC1.12\1.12\.minecraft\libraries\com\paulscode\libraryjavasound\20101123\libraryjavasound-20101123.jar;C:\Users\Tsai\Desktop\PureMC1.12\1.12\.minecraft\libraries\com\paulscode\librarylwjglopenal\20100824\librarylwjglopenal-20100824.jar;C:\Users\Tsai\Desktop\PureMC1.12\1.12\.minecraft\libraries\com\paulscode\soundsystem\20120107\soundsystem-20120107.jar;C:\Users\Tsai\Desktop\PureMC1.12\1.12\.minecraft\libraries\io\netty\netty-all\4.1.9.Final\netty-all-4.1.9.Final.jar;C:\Users\Tsai\Desktop\PureMC1.12\1.12\.minecraft\libraries\com\google\guava\guava\21.0\guava-21.0.jar;C:\Users\Tsai\Desktop\PureMC1.12\1.12\.minecraft\libraries\org\apache\commons\commons-lang3\3.5\commons-lang3-3.5.jar;C:\Users\Tsai\Desktop\PureMC1.12\1.12\.minecraft\libraries\commons-io\commons-io\2.5\commons-io-2.5.jar;C:\Users\Tsai\Desktop\PureMC1.12\1.12\.minecraft\libraries\commons-codec\commons-codec\1.10\commons-codec-1.10.jar;C:\Users\Tsai\Desktop\PureMC1.12\1.12\.
Launcher Type: SUN_STANDARD

Environment Variables:
JAVA_HOME=C:/Program Files/Java/jdk1.8.0_60
CLASSPATH=.;C:/Program Files/Java/jdk1.8.0_60/lib/dt.jar;C:/Program Files/Java/jdk1.8.0_60/lib/tools.jar
PATH=C:\Program Files (x86)\Steam;C:\ProgramData\Oracle\Java\javapath;C:\WINDOWS\system32;C:\WINDOWS;C:\WINDOWS\System32\Wbem;C:\WINDOWS\System32\WindowsPowerShell\v1.0\;C:\Program Files\PuTTY\;C:\Users\Tsai\AppData\Local\Programs\Python\Python36-32\Scripts\;C:\Users\Tsai\AppData\Local\Programs\Python\Python36-32\;C:/Program Files/Java/jdk1.8.0_60/bin;C:\Users\Tsai\AppData\Local\Microsoft\WindowsApps;
USERNAME=Tsai
OS=Windows_NT
PROCESSOR_IDENTIFIER=Intel64 Family 6 Model 60 Stepping 3, GenuineIntel



---------------  S Y S T E M  ---------------

OS: Windows 10.0 , 64 bit Build 17063 (10.0.17063.1000)

CPU:total 4 (initial active 4) (2 cores per cpu, 2 threads per core) family 6 model 60 stepping 3, cmov, cx8, fxsr, mmx, sse, sse2, sse3, ssse3, sse4.1, sse4.2, popcnt, avx, avx2, aes, clmul, erms, lzcnt, ht, tsc, tscinvbit, bmi1, bmi2

Memory: 4k page, physical 12470868k(3008564k free), swap 50219604k(3360k free)

vm_info: Java HotSpot(TM) 64-Bit Server VM (25.141-b15) for windows-amd64 JRE (1.8.0_141-b15), built on Jul 12 2017 04:25:12 by "java_re" with MS VC++ 10.0 (VS2010)

time: Mon Jan 01 14:28:12 2018
elapsed time: 127 seconds (0d 0h 2m 7s)

